<?xml version="1.0" encoding="UTF-8"?>
<coverage generated="1728117960304" clover="3.2.0">
  <project timestamp="1728117960304" name="All files">
    <metrics statements="1039" coveredstatements="867" conditionals="628" coveredconditionals="436" methods="197" coveredmethods="165" elements="1864" coveredelements="1468" complexity="0" loc="1039" ncloc="1039" packages="6" files="11" classes="11"/>
    <package name="src">
      <metrics statements="746" coveredstatements="575" conditionals="486" coveredconditionals="317" methods="140" coveredmethods="108"/>
      <file name="rng.ts" path="C:\Users\harry\web\htdocs\Ultra Loot Table\src\rng.ts">
        <metrics statements="253" coveredstatements="224" conditionals="178" coveredconditionals="135" methods="48" coveredmethods="43"/>
        <line num="1" count="7" type="stmt"/>
        <line num="2" count="7" type="stmt"/>
        <line num="76" count="7" type="stmt"/>
        <line num="77" count="7" type="stmt"/>
        <line num="78" count="7" type="stmt"/>
        <line num="79" count="7" type="stmt"/>
        <line num="96" count="7" type="stmt"/>
        <line num="97" count="197" type="stmt"/>
        <line num="99" count="197" type="stmt"/>
        <line num="103" count="1836603" type="stmt"/>
        <line num="107" count="0" type="stmt"/>
        <line num="111" count="612577" type="cond" truecount="4" falsecount="0"/>
        <line num="112" count="612397" type="cond" truecount="1" falsecount="0"/>
        <line num="113" count="2" type="stmt"/>
        <line num="115" count="612397" type="stmt"/>
        <line num="117" count="180" type="stmt"/>
        <line num="119" count="612397" type="stmt"/>
        <line num="123" count="2" type="stmt"/>
        <line num="124" count="2" type="stmt"/>
        <line num="128" count="0" type="stmt"/>
        <line num="134" count="0" type="stmt"/>
        <line num="135" count="0" type="stmt"/>
        <line num="136" count="0" type="stmt"/>
        <line num="137" count="0" type="stmt"/>
        <line num="141" count="1" type="stmt"/>
        <line num="142" count="1" type="stmt"/>
        <line num="143" count="1" type="stmt"/>
        <line num="147" count="1" type="stmt"/>
        <line num="151" count="2" type="stmt"/>
        <line num="154" count="2" type="cond" truecount="0" falsecount="1"/>
        <line num="155" count="2" type="stmt"/>
        <line num="156" count="6" type="stmt"/>
        <line num="157" count="6" type="stmt"/>
        <line num="158" count="6" type="stmt"/>
        <line num="160" count="2" type="stmt"/>
        <line num="164" count="2" type="cond" truecount="0" falsecount="1"/>
        <line num="165" count="0" type="stmt"/>
        <line num="167" count="2" type="stmt"/>
        <line num="168" count="2" type="stmt"/>
        <line num="169" count="2" type="stmt"/>
        <line num="173" count="0" type="stmt"/>
        <line num="177" count="11" type="stmt"/>
        <line num="181" count="10464" type="stmt"/>
        <line num="185" count="4" type="stmt"/>
        <line num="186" count="4" type="stmt"/>
        <line num="191" count="4" type="stmt"/>
        <line num="195" count="1013" type="stmt"/>
        <line num="196" count="1013" type="stmt"/>
        <line num="197" count="1013" type="cond" truecount="1" falsecount="1"/>
        <line num="198" count="0" type="stmt"/>
        <line num="200" count="1013" type="stmt"/>
        <line num="202" count="1013" type="stmt"/>
        <line num="207" count="2" type="stmt"/>
        <line num="208" count="2" type="stmt"/>
        <line num="209" count="2" type="cond" truecount="1" falsecount="1"/>
        <line num="214" count="148" type="stmt"/>
        <line num="215" count="148" type="stmt"/>
        <line num="216" count="148" type="stmt"/>
        <line num="217" count="148" type="stmt"/>
        <line num="218" count="888" type="stmt"/>
        <line num="220" count="148" type="stmt"/>
        <line num="224" count="10575" type="stmt"/>
        <line num="225" count="10575" type="stmt"/>
        <line num="226" count="10575" type="cond" truecount="1" falsecount="1"/>
        <line num="227" count="0" type="stmt"/>
        <line num="229" count="10575" type="stmt"/>
        <line num="231" count="10575" type="stmt"/>
        <line num="235" count="302" type="cond" truecount="1" falsecount="0"/>
        <line num="236" count="301" type="cond" truecount="1" falsecount="0"/>
        <line num="238" count="300" type="stmt"/>
        <line num="239" count="300" type="stmt"/>
        <line num="243" count="10910" type="cond" truecount="3" falsecount="0"/>
        <line num="244" count="10908" type="stmt"/>
        <line num="248" count="1" type="stmt"/>
        <line num="253" count="300408" type="cond" truecount="3" falsecount="0"/>
        <line num="254" count="2" type="stmt"/>
        <line num="256" count="300406" type="stmt"/>
        <line num="257" count="300406" type="stmt"/>
        <line num="258" count="300406" type="cond" truecount="2" falsecount="0"/>
        <line num="259" count="2" type="stmt"/>
        <line num="261" count="300404" type="cond" truecount="3" falsecount="0"/>
        <line num="262" count="202" type="stmt"/>
        <line num="266" count="300204" type="cond" truecount="1" falsecount="1"/>
        <line num="267" count="0" type="stmt"/>
        <line num="269" count="300204" type="stmt"/>
        <line num="272" count="300204" type="cond" truecount="2" falsecount="0"/>
        <line num="273" count="200001" type="stmt"/>
        <line num="274" count="200001" type="cond" truecount="4" falsecount="0"/>
        <line num="275" count="200000" type="stmt"/>
        <line num="276" count="200000" type="stmt"/>
        <line num="278" count="1" type="stmt"/>
        <line num="279" count="1" type="stmt"/>
        <line num="282" count="100203" type="stmt"/>
        <line num="283" count="100203" type="stmt"/>
        <line num="284" count="100203" type="stmt"/>
        <line num="287" count="300204" type="cond" truecount="6" falsecount="0"/>
        <line num="288" count="202" type="stmt"/>
        <line num="296" count="300002" type="cond" truecount="1" falsecount="0"/>
        <line num="297" count="200001" type="stmt"/>
        <line num="299" count="300002" type="cond" truecount="1" falsecount="0"/>
        <line num="300" count="200001" type="stmt"/>
        <line num="302" count="300002" type="stmt"/>
        <line num="307" count="300000" type="stmt"/>
        <line num="308" count="300000" type="stmt"/>
        <line num="309" count="300000" type="stmt"/>
        <line num="311" count="300000" type="stmt"/>
        <line num="315" count="387" type="cond" truecount="1" falsecount="0"/>
        <line num="316" count="385" type="stmt"/>
        <line num="318" count="2" type="cond" truecount="1" falsecount="0"/>
        <line num="319" count="1" type="stmt"/>
        <line num="321" count="2" type="stmt"/>
        <line num="325" count="201880" type="cond" truecount="1" falsecount="0"/>
        <line num="326" count="1" type="stmt"/>
        <line num="328" count="201879" type="cond" truecount="1" falsecount="0"/>
        <line num="329" count="200004" type="cond" truecount="4" falsecount="0"/>
        <line num="331" count="100000" type="stmt"/>
        <line num="332" count="0" type="stmt"/>
        <line num="334" count="100000" type="stmt"/>
        <line num="335" count="0" type="stmt"/>
        <line num="337" count="1" type="stmt"/>
        <line num="342" count="0" type="stmt"/>
        <line num="344" count="3" type="stmt"/>
        <line num="351" count="1875" type="cond" truecount="1" falsecount="0"/>
        <line num="352" count="1875" type="stmt"/>
        <line num="354" count="0" type="stmt"/>
        <line num="358" count="11" type="cond" truecount="1" falsecount="0"/>
        <line num="359" count="3" type="stmt"/>
        <line num="361" count="8" type="cond" truecount="1" falsecount="0"/>
        <line num="362" count="1" type="stmt"/>
        <line num="364" count="7" type="cond" truecount="1" falsecount="0"/>
        <line num="365" count="7" type="cond" truecount="1" falsecount="0"/>
        <line num="366" count="4" type="cond" truecount="0" falsecount="1"/>
        <line num="369" count="0" type="stmt"/>
        <line num="372" count="7" type="cond" truecount="2" falsecount="2"/>
        <line num="374" count="3" type="cond" truecount="2" falsecount="0"/>
        <line num="375" count="0" type="stmt"/>
        <line num="377" count="0" type="cond" truecount="0" falsecount="2"/>
        <line num="378" count="0" type="stmt"/>
        <line num="380" count="0" type="cond" truecount="0" falsecount="2"/>
        <line num="381" count="0" type="stmt"/>
        <line num="383" count="4" type="cond" truecount="1" falsecount="1"/>
        <line num="389" count="7" type="cond" truecount="1" falsecount="0"/>
        <line num="390" count="3" type="stmt"/>
        <line num="392" count="4" type="cond" truecount="1" falsecount="0"/>
        <line num="393" count="1" type="stmt"/>
        <line num="395" count="3" type="cond" truecount="1" falsecount="0"/>
        <line num="396" count="3" type="cond" truecount="1" falsecount="0"/>
        <line num="397" count="1" type="cond" truecount="0" falsecount="1"/>
        <line num="400" count="0" type="stmt"/>
        <line num="403" count="3" type="cond" truecount="2" falsecount="2"/>
        <line num="405" count="2" type="cond" truecount="2" falsecount="0"/>
        <line num="406" count="0" type="stmt"/>
        <line num="408" count="0" type="cond" truecount="0" falsecount="2"/>
        <line num="409" count="0" type="stmt"/>
        <line num="411" count="0" type="cond" truecount="0" falsecount="2"/>
        <line num="412" count="0" type="stmt"/>
        <line num="414" count="1" type="cond" truecount="1" falsecount="1"/>
        <line num="420" count="0" type="stmt"/>
        <line num="432" count="1454" type="stmt"/>
        <line num="434" count="1454" type="cond" truecount="1" falsecount="0"/>
        <line num="435" count="6" type="stmt"/>
        <line num="436" count="6" type="stmt"/>
        <line num="437" count="16" type="stmt"/>
        <line num="439" count="6" type="stmt"/>
        <line num="442" count="1448" type="cond" truecount="2" falsecount="0"/>
        <line num="443" count="17" type="stmt"/>
        <line num="444" count="38" type="stmt"/>
        <line num="447" count="1431" type="stmt"/>
        <line num="448" count="2983" type="cond" truecount="1" falsecount="0"/>
        <line num="449" count="1" type="stmt"/>
        <line num="451" count="2982" type="stmt"/>
        <line num="454" count="1447" type="stmt"/>
        <line num="456" count="1447" type="stmt"/>
        <line num="457" count="1447" type="cond" truecount="2" falsecount="0"/>
        <line num="458" count="17" type="stmt"/>
        <line num="459" count="22" type="stmt"/>
        <line num="460" count="22" type="cond" truecount="1" falsecount="0"/>
        <line num="461" count="17" type="stmt"/>
        <line num="465" count="1430" type="stmt"/>
        <line num="466" count="1777" type="stmt"/>
        <line num="467" count="1777" type="cond" truecount="1" falsecount="0"/>
        <line num="468" count="1430" type="stmt"/>
        <line num="475" count="0" type="stmt"/>
        <line num="479" count="38" type="cond" truecount="4" falsecount="0"/>
        <line num="480" count="1" type="stmt"/>
        <line num="482" count="37" type="cond" truecount="1" falsecount="0"/>
        <line num="483" count="29" type="stmt"/>
        <line num="485" count="8" type="cond" truecount="1" falsecount="0"/>
        <line num="486" count="8" type="cond" truecount="2" falsecount="0"/>
        <line num="487" count="2" type="stmt"/>
        <line num="489" count="6" type="stmt"/>
        <line num="490" count="6" type="stmt"/>
        <line num="491" count="6" type="stmt"/>
        <line num="494" count="8" type="stmt"/>
        <line num="498" count="21" type="stmt"/>
        <line num="499" count="21" type="stmt"/>
        <line num="504" count="33" type="cond" truecount="1" falsecount="0"/>
        <line num="505" count="13" type="cond" truecount="2" falsecount="0"/>
        <line num="506" count="12" type="stmt"/>
        <line num="507" count="12" type="cond" truecount="1" falsecount="0"/>
        <line num="508" count="12" type="stmt"/>
        <line num="514" count="1" type="cond" truecount="1" falsecount="0"/>
        <line num="515" count="1" type="stmt"/>
        <line num="516" count="1" type="cond" truecount="1" falsecount="0"/>
        <line num="517" count="1" type="stmt"/>
        <line num="525" count="33" type="stmt"/>
        <line num="529" count="8" type="stmt"/>
        <line num="530" count="8" type="stmt"/>
        <line num="534" count="9" type="stmt"/>
        <line num="535" count="9" type="stmt"/>
        <line num="539" count="21" type="stmt"/>
        <line num="540" count="20" type="cond" truecount="1" falsecount="0"/>
        <line num="541" count="19" type="stmt"/>
        <line num="542" count="19" type="stmt"/>
        <line num="543" count="19" type="cond" truecount="1" falsecount="0"/>
        <line num="544" count="1" type="stmt"/>
        <line num="546" count="18" type="cond" truecount="2" falsecount="0"/>
        <line num="547" count="18" type="stmt"/>
        <line num="548" count="24" type="stmt"/>
        <line num="549" count="24" type="stmt"/>
        <line num="551" count="18" type="stmt"/>
        <line num="553" count="1" type="stmt"/>
        <line num="557" count="4" type="stmt"/>
        <line num="558" count="4" type="stmt"/>
        <line num="562" count="2" type="cond" truecount="1" falsecount="0"/>
        <line num="563" count="2" type="cond" truecount="2" falsecount="0"/>
        <line num="565" count="2" type="cond" truecount="1" falsecount="0"/>
        <line num="566" count="2" type="cond" truecount="2" falsecount="0"/>
        <line num="568" count="2" type="stmt"/>
        <line num="572" count="4" type="stmt"/>
        <line num="573" count="4" type="stmt"/>
        <line num="577" count="7" type="stmt"/>
        <line num="580" count="138" type="stmt"/>
        <line num="582" count="138" type="stmt"/>
        <line num="583" count="138" type="stmt"/>
        <line num="584" count="138" type="stmt"/>
        <line num="588" count="9" type="stmt"/>
        <line num="596" count="1" type="stmt"/>
        <line num="597" count="1" type="cond" truecount="3" falsecount="0"/>
        <line num="603" count="4" type="stmt"/>
        <line num="604" count="4" type="stmt"/>
        <line num="605" count="4" type="stmt"/>
        <line num="606" count="4" type="stmt"/>
        <line num="607" count="4" type="stmt"/>
        <line num="608" count="4" type="stmt"/>
        <line num="612" count="2" type="stmt"/>
        <line num="613" count="2" type="stmt"/>
        <line num="614" count="2" type="stmt"/>
        <line num="618" count="612194" type="stmt"/>
        <line num="619" count="612194" type="stmt"/>
        <line num="620" count="612194" type="stmt"/>
        <line num="621" count="612194" type="stmt"/>
        <line num="622" count="612194" type="stmt"/>
      </file>
      <file name="table.ts" path="C:\Users\harry\web\htdocs\Ultra Loot Table\src\table.ts">
        <metrics statements="150" coveredstatements="126" conditionals="88" coveredconditionals="58" methods="29" coveredmethods="28"/>
        <line num="1" count="5" type="stmt"/>
        <line num="3" count="5" type="stmt"/>
        <line num="6" count="5" type="stmt"/>
        <line num="7" count="5" type="stmt"/>
        <line num="70" count="5" type="stmt"/>
        <line num="83" count="108" type="stmt"/>
        <line num="84" count="108" type="stmt"/>
        <line num="85" count="108" type="stmt"/>
        <line num="94" count="108" type="stmt"/>
        <line num="100" count="108" type="stmt"/>
        <line num="101" count="108" type="stmt"/>
        <line num="102" count="108" type="stmt"/>
        <line num="103" count="108" type="stmt"/>
        <line num="104" count="108" type="cond" truecount="3" falsecount="1"/>
        <line num="105" count="108" type="cond" truecount="2" falsecount="0"/>
        <line num="110" count="11" type="stmt"/>
        <line num="115" count="22" type="stmt"/>
        <line num="122" count="21" type="cond" truecount="1" falsecount="3"/>
        <line num="126" count="6" type="stmt"/>
        <line num="133" count="151" type="stmt"/>
        <line num="137" count="86" type="stmt"/>
        <line num="141" count="154" type="stmt"/>
        <line num="145" count="157" type="cond" truecount="1" falsecount="0"/>
        <line num="146" count="137" type="stmt"/>
        <line num="148" count="20" type="stmt"/>
        <line num="152" count="102" type="stmt"/>
        <line num="153" count="102" type="stmt"/>
        <line num="157" count="96" type="stmt"/>
        <line num="158" count="96" type="stmt"/>
        <line num="162" count="6" type="stmt"/>
        <line num="166" count="7" type="stmt"/>
        <line num="167" count="7" type="stmt"/>
        <line num="176" count="154" type="cond" truecount="2" falsecount="0"/>
        <line num="177" count="154" type="stmt"/>
        <line num="178" count="154" type="stmt"/>
        <line num="179" count="154" type="stmt"/>
        <line num="197" count="75" type="stmt"/>
        <line num="198" count="75" type="stmt"/>
        <line num="199" count="75" type="stmt"/>
        <line num="208" count="71" type="stmt"/>
        <line num="209" count="71" type="stmt"/>
        <line num="227" count="79" type="stmt"/>
        <line num="228" count="79" type="stmt"/>
        <line num="229" count="79" type="stmt"/>
        <line num="230" count="79" type="stmt"/>
        <line num="239" count="75" type="stmt"/>
        <line num="240" count="75" type="stmt"/>
        <line num="258" count="75" type="cond" truecount="1" falsecount="1"/>
        <line num="259" count="75" type="stmt"/>
        <line num="260" count="75" type="stmt"/>
        <line num="261" count="182" type="stmt"/>
        <line num="263" count="71" type="stmt"/>
        <line num="282" count="79" type="cond" truecount="1" falsecount="1"/>
        <line num="283" count="79" type="stmt"/>
        <line num="284" count="79" type="stmt"/>
        <line num="285" count="201" type="stmt"/>
        <line num="287" count="75" type="stmt"/>
        <line num="291" count="39" type="stmt"/>
        <line num="292" count="39" type="cond" truecount="4" falsecount="0"/>
        <line num="296" count="37" type="stmt"/>
        <line num="297" count="37" type="cond" truecount="4" falsecount="0"/>
        <line num="301" count="3" type="stmt"/>
        <line num="302" count="3" type="stmt"/>
        <line num="303" count="3" type="stmt"/>
        <line num="307" count="2" type="cond" truecount="2" falsecount="0"/>
        <line num="308" count="1" type="stmt"/>
        <line num="310" count="1" type="stmt"/>
        <line num="312" count="2" type="stmt"/>
        <line num="316" count="0" type="stmt"/>
        <line num="317" count="0" type="stmt"/>
        <line num="318" count="0" type="stmt"/>
        <line num="319" count="0" type="stmt"/>
        <line num="320" count="0" type="cond" truecount="0" falsecount="2"/>
        <line num="321" count="0" type="stmt"/>
        <line num="323" count="0" type="cond" truecount="0" falsecount="2"/>
        <line num="326" count="0" type="stmt"/>
        <line num="327" count="0" type="stmt"/>
        <line num="328" count="0" type="stmt"/>
        <line num="329" count="0" type="stmt"/>
        <line num="330" count="0" type="cond" truecount="0" falsecount="4"/>
        <line num="333" count="0" type="cond" truecount="0" falsecount="2"/>
        <line num="334" count="0" type="stmt"/>
        <line num="335" count="0" type="stmt"/>
        <line num="336" count="0" type="cond" truecount="0" falsecount="1"/>
        <line num="337" count="0" type="cond" truecount="0" falsecount="2"/>
        <line num="338" count="0" type="stmt"/>
        <line num="341" count="0" type="stmt"/>
        <line num="342" count="0" type="stmt"/>
        <line num="343" count="0" type="stmt"/>
        <line num="351" count="0" type="stmt"/>
        <line num="360" count="0" type="stmt"/>
        <line num="380" count="29" type="cond" truecount="2" falsecount="0"/>
        <line num="381" count="18" type="stmt"/>
        <line num="382" count="18" type="cond" truecount="1" falsecount="0"/>
        <line num="383" count="1" type="stmt"/>
        <line num="386" count="17" type="stmt"/>
        <line num="387" count="17" type="cond" truecount="2" falsecount="0"/>
        <line num="388" count="11" type="cond" truecount="1" falsecount="0"/>
        <line num="389" count="9" type="stmt"/>
        <line num="391" count="2" type="cond" truecount="2" falsecount="0"/>
        <line num="392" count="1" type="stmt"/>
        <line num="394" count="1" type="stmt"/>
        <line num="397" count="6" type="stmt"/>
        <line num="400" count="11" type="stmt"/>
        <line num="421" count="64" type="cond" truecount="1" falsecount="0"/>
        <line num="422" count="17" type="stmt"/>
        <line num="423" count="17" type="cond" truecount="1" falsecount="0"/>
        <line num="424" count="1" type="stmt"/>
        <line num="427" count="16" type="stmt"/>
        <line num="428" count="16" type="cond" truecount="2" falsecount="0"/>
        <line num="429" count="10" type="cond" truecount="1" falsecount="0"/>
        <line num="430" count="8" type="stmt"/>
        <line num="432" count="2" type="cond" truecount="2" falsecount="0"/>
        <line num="433" count="1" type="stmt"/>
        <line num="435" count="1" type="stmt"/>
        <line num="436" count="1" type="stmt"/>
        <line num="439" count="6" type="stmt"/>
        <line num="440" count="6" type="stmt"/>
        <line num="443" count="47" type="stmt"/>
        <line num="463" count="21" type="cond" truecount="2" falsecount="0"/>
        <line num="464" count="18" type="stmt"/>
        <line num="465" count="18" type="cond" truecount="1" falsecount="0"/>
        <line num="466" count="1" type="stmt"/>
        <line num="469" count="17" type="stmt"/>
        <line num="470" count="17" type="cond" truecount="2" falsecount="0"/>
        <line num="471" count="11" type="cond" truecount="1" falsecount="0"/>
        <line num="472" count="9" type="stmt"/>
        <line num="474" count="2" type="cond" truecount="2" falsecount="0"/>
        <line num="475" count="1" type="stmt"/>
        <line num="477" count="1" type="stmt"/>
        <line num="480" count="6" type="stmt"/>
        <line num="483" count="3" type="stmt"/>
        <line num="504" count="62" type="cond" truecount="1" falsecount="0"/>
        <line num="505" count="17" type="stmt"/>
        <line num="506" count="17" type="cond" truecount="1" falsecount="0"/>
        <line num="507" count="1" type="stmt"/>
        <line num="510" count="16" type="stmt"/>
        <line num="511" count="16" type="cond" truecount="2" falsecount="0"/>
        <line num="512" count="10" type="cond" truecount="1" falsecount="0"/>
        <line num="513" count="8" type="stmt"/>
        <line num="515" count="2" type="cond" truecount="2" falsecount="0"/>
        <line num="516" count="1" type="stmt"/>
        <line num="518" count="1" type="stmt"/>
        <line num="519" count="1" type="stmt"/>
        <line num="522" count="6" type="stmt"/>
        <line num="523" count="6" type="stmt"/>
        <line num="526" count="45" type="stmt"/>
        <line num="527" count="45" type="cond" truecount="0" falsecount="1"/>
        <line num="528" count="0" type="stmt"/>
        <line num="530" count="45" type="stmt"/>
      </file>
      <file name="ultraloot.ts" path="C:\Users\harry\web\htdocs\Ultra Loot Table\src\ultraloot.ts">
        <metrics statements="309" coveredstatements="191" conditionals="186" coveredconditionals="90" methods="59" coveredmethods="33"/>
        <line num="1" count="3" type="stmt"/>
        <line num="2" count="3" type="stmt"/>
        <line num="3" count="3" type="stmt"/>
        <line num="4" count="3" type="stmt"/>
        <line num="7" count="3" type="stmt"/>
        <line num="8" count="3" type="stmt"/>
        <line num="9" count="3" type="stmt"/>
        <line num="10" count="3" type="stmt"/>
        <line num="14" count="3" type="stmt"/>
        <line num="15" count="3" type="cond" truecount="1" falsecount="0"/>
        <line num="16" count="3" type="cond" truecount="1" falsecount="0"/>
        <line num="17" count="3" type="cond" truecount="1" falsecount="0"/>
        <line num="18" count="3" type="stmt"/>
        <line num="19" count="3" type="stmt"/>
        <line num="24" count="3" type="stmt"/>
        <line num="91" count="3" type="stmt"/>
        <line num="109" count="3" type="stmt"/>
        <line num="130" count="74" type="stmt"/>
        <line num="137" count="74" type="stmt"/>
        <line num="142" count="74" type="stmt"/>
        <line num="147" count="74" type="stmt"/>
        <line num="150" count="74" type="stmt"/>
        <line num="151" count="74" type="cond" truecount="1" falsecount="0"/>
        <line num="152" count="45" type="stmt"/>
        <line num="157" count="0" type="stmt"/>
        <line num="158" count="0" type="stmt"/>
        <line num="159" count="0" type="stmt"/>
        <line num="163" count="0" type="stmt"/>
        <line num="164" count="0" type="stmt"/>
        <line num="166" count="0" type="stmt"/>
        <line num="170" count="0" type="stmt"/>
        <line num="171" count="0" type="stmt"/>
        <line num="173" count="0" type="stmt"/>
        <line num="182" count="1" type="stmt"/>
        <line num="186" count="3" type="cond" truecount="1" falsecount="0"/>
        <line num="187" count="2" type="stmt"/>
        <line num="189" count="1" type="stmt"/>
        <line num="193" count="89" type="cond" truecount="2" falsecount="0"/>
        <line num="197" count="24" type="cond" truecount="2" falsecount="0"/>
        <line num="201" count="1" type="stmt"/>
        <line num="205" count="3" type="cond" truecount="2" falsecount="0"/>
        <line num="209" count="121" type="cond" truecount="1" falsecount="0"/>
        <line num="210" count="15" type="stmt"/>
        <line num="212" count="106" type="cond" truecount="1" falsecount="0"/>
        <line num="213" count="1" type="stmt"/>
        <line num="215" count="105" type="stmt"/>
        <line num="239" count="105" type="stmt"/>
        <line num="240" count="105" type="stmt"/>
        <line num="241" count="2310" type="cond" truecount="2" falsecount="0"/>
        <line num="243" count="105" type="stmt"/>
        <line num="247" count="118" type="cond" truecount="1" falsecount="0"/>
        <line num="248" count="103" type="stmt"/>
        <line num="250" count="15" type="cond" truecount="2" falsecount="0"/>
        <line num="251" count="15" type="stmt"/>
        <line num="255" count="11" type="stmt"/>
        <line num="259" count="11" type="stmt"/>
        <line num="263" count="23" type="stmt"/>
        <line num="267" count="21" type="stmt"/>
        <line num="271" count="6" type="stmt"/>
        <line num="272" count="6" type="stmt"/>
        <line num="273" count="6" type="stmt"/>
        <line num="277" count="2" type="stmt"/>
        <line num="278" count="2" type="stmt"/>
        <line num="279" count="2" type="stmt"/>
        <line num="283" count="26" type="stmt"/>
        <line num="284" count="26" type="cond" truecount="2" falsecount="0"/>
        <line num="285" count="4" type="stmt"/>
        <line num="286" count="4" type="cond" truecount="2" falsecount="0"/>
        <line num="287" count="2" type="stmt"/>
        <line num="289" count="2" type="stmt"/>
        <line num="291" count="2" type="stmt"/>
        <line num="293" count="22" type="stmt"/>
        <line num="298" count="24" type="stmt"/>
        <line num="299" count="24" type="cond" truecount="2" falsecount="0"/>
        <line num="300" count="4" type="stmt"/>
        <line num="301" count="4" type="cond" truecount="2" falsecount="0"/>
        <line num="302" count="2" type="stmt"/>
        <line num="304" count="2" type="stmt"/>
        <line num="306" count="2" type="stmt"/>
        <line num="308" count="20" type="stmt"/>
        <line num="325" count="13" type="cond" truecount="1" falsecount="0"/>
        <line num="326" count="11" type="stmt"/>
        <line num="343" count="12" type="cond" truecount="1" falsecount="0"/>
        <line num="344" count="10" type="stmt"/>
        <line num="345" count="10" type="cond" truecount="0" falsecount="1"/>
        <line num="346" count="0" type="stmt"/>
        <line num="348" count="10" type="stmt"/>
        <line num="365" count="13" type="cond" truecount="1" falsecount="0"/>
        <line num="366" count="11" type="stmt"/>
        <line num="383" count="12" type="cond" truecount="1" falsecount="0"/>
        <line num="384" count="10" type="stmt"/>
        <line num="409" count="87" type="cond" truecount="4" falsecount="0"/>
        <line num="410" count="27" type="cond" truecount="2" falsecount="0"/>
        <line num="411" count="1" type="stmt"/>
        <line num="413" count="26" type="stmt"/>
        <line num="415" count="27" type="stmt"/>
        <line num="416" count="27" type="cond" truecount="2" falsecount="0"/>
        <line num="417" count="1" type="cond" truecount="1" falsecount="1"/>
        <line num="419" count="26" type="stmt"/>
        <line num="421" count="27" type="stmt"/>
        <line num="422" count="27" type="stmt"/>
        <line num="423" count="27" type="stmt"/>
        <line num="424" count="60" type="cond" truecount="2" falsecount="0"/>
        <line num="425" count="58" type="stmt"/>
        <line num="426" count="58" type="cond" truecount="1" falsecount="1"/>
        <line num="427" count="0" type="cond" truecount="0" falsecount="2"/>
        <line num="429" count="58" type="stmt"/>
        <line num="431" count="58" type="stmt"/>
        <line num="432" count="58" type="stmt"/>
        <line num="433" count="58" type="stmt"/>
        <line num="435" count="2" type="stmt"/>
        <line num="443" count="87" type="cond" truecount="2" falsecount="0"/>
        <line num="444" count="67" type="stmt"/>
        <line num="445" count="67" type="stmt"/>
        <line num="447" count="20" type="stmt"/>
        <line num="448" count="20" type="stmt"/>
        <line num="456" count="22" type="cond" truecount="2" falsecount="0"/>
        <line num="457" count="7" type="stmt"/>
        <line num="464" count="15" type="stmt"/>
        <line num="472" count="86" type="cond" truecount="1" falsecount="0"/>
        <line num="477" count="1" type="stmt"/>
        <line num="479" count="85" type="cond" truecount="1" falsecount="0"/>
        <line num="480" count="83" type="stmt"/>
        <line num="481" count="82" type="cond" truecount="1" falsecount="0"/>
        <line num="482" count="58" type="stmt"/>
        <line num="486" count="27" type="stmt"/>
        <line num="493" count="60" type="cond" truecount="1" falsecount="0"/>
        <line num="498" count="1" type="stmt"/>
        <line num="500" count="59" type="cond" truecount="1" falsecount="0"/>
        <line num="501" count="58" type="stmt"/>
        <line num="502" count="58" type="cond" truecount="0" falsecount="1"/>
        <line num="503" count="0" type="stmt"/>
        <line num="507" count="59" type="stmt"/>
        <line num="514" count="87" type="cond" truecount="0" falsecount="1"/>
        <line num="519" count="0" type="stmt"/>
        <line num="521" count="87" type="cond" truecount="1" falsecount="0"/>
        <line num="522" count="84" type="stmt"/>
        <line num="523" count="167" type="cond" truecount="1" falsecount="0"/>
        <line num="524" count="20" type="stmt"/>
        <line num="528" count="67" type="stmt"/>
        <line num="532" count="58" type="stmt"/>
        <line num="538" count="58" type="cond" truecount="1" falsecount="0"/>
        <line num="539" count="58" type="stmt"/>
        <line num="540" count="58" type="stmt"/>
        <line num="543" count="58" type="stmt"/>
        <line num="544" count="58" type="stmt"/>
        <line num="548" count="67" type="stmt"/>
        <line num="558" count="67" type="stmt"/>
        <line num="562" count="0" type="stmt"/>
        <line num="566" count="0" type="cond" truecount="0" falsecount="1"/>
        <line num="567" count="0" type="stmt"/>
        <line num="569" count="0" type="stmt"/>
        <line num="573" count="0" type="cond" truecount="0" falsecount="1"/>
        <line num="574" count="0" type="stmt"/>
        <line num="576" count="0" type="stmt"/>
        <line num="577" count="0" type="cond" truecount="0" falsecount="2"/>
        <line num="578" count="0" type="stmt"/>
        <line num="579" count="0" type="stmt"/>
        <line num="580" count="0" type="stmt"/>
        <line num="584" count="0" type="stmt"/>
        <line num="585" count="0" type="cond" truecount="0" falsecount="1"/>
        <line num="586" count="0" type="stmt"/>
        <line num="588" count="0" type="stmt"/>
        <line num="589" count="0" type="stmt"/>
        <line num="664" count="14" type="stmt"/>
        <line num="665" count="14" type="stmt"/>
        <line num="672" count="14" type="cond" truecount="1" falsecount="1"/>
        <line num="673" count="14" type="stmt"/>
        <line num="675" count="14" type="cond" truecount="1" falsecount="0"/>
        <line num="676" count="2" type="cond" truecount="1" falsecount="1"/>
        <line num="679" count="14" type="cond" truecount="1" falsecount="1"/>
        <line num="680" count="14" type="stmt"/>
        <line num="690" count="14" type="cond" truecount="1" falsecount="1"/>
        <line num="691" count="16" type="stmt"/>
        <line num="696" count="16" type="cond" truecount="2" falsecount="0"/>
        <line num="697" count="1" type="stmt"/>
        <line num="699" count="15" type="stmt"/>
        <line num="700" count="15" type="stmt"/>
        <line num="701" count="15" type="stmt"/>
        <line num="702" count="15" type="stmt"/>
        <line num="703" count="15" type="stmt"/>
        <line num="704" count="15" type="stmt"/>
        <line num="707" count="16" type="cond" truecount="1" falsecount="0"/>
        <line num="708" count="7" type="cond" truecount="1" falsecount="1"/>
        <line num="709" count="7" type="cond" truecount="1" falsecount="0"/>
        <line num="710" count="1" type="stmt"/>
        <line num="712" count="6" type="cond" truecount="1" falsecount="0"/>
        <line num="713" count="6" type="stmt"/>
        <line num="714" count="6" type="stmt"/>
        <line num="715" count="4" type="stmt"/>
        <line num="717" count="4" type="stmt"/>
        <line num="718" count="4" type="stmt"/>
        <line num="720" count="13" type="stmt"/>
        <line num="722" count="11" type="stmt"/>
        <line num="725" count="11" type="stmt"/>
        <line num="726" count="11" type="stmt"/>
        <line num="730" count="11" type="stmt"/>
        <line num="741" count="1" type="stmt"/>
        <line num="748" count="1" type="stmt"/>
        <line num="757" count="0" type="cond" truecount="0" falsecount="3"/>
        <line num="758" count="0" type="stmt"/>
        <line num="759" count="0" type="cond" truecount="0" falsecount="2"/>
        <line num="760" count="0" type="cond" truecount="0" falsecount="4"/>
        <line num="761" count="0" type="stmt"/>
        <line num="763" count="0" type="stmt"/>
        <line num="766" count="0" type="stmt"/>
        <line num="774" count="0" type="cond" truecount="0" falsecount="3"/>
        <line num="775" count="0" type="stmt"/>
        <line num="777" count="0" type="stmt"/>
        <line num="778" count="0" type="cond" truecount="0" falsecount="2"/>
        <line num="779" count="0" type="stmt"/>
        <line num="781" count="0" type="stmt"/>
        <line num="783" count="0" type="stmt"/>
        <line num="784" count="0" type="stmt"/>
        <line num="786" count="0" type="cond" truecount="0" falsecount="1"/>
        <line num="787" count="0" type="stmt"/>
        <line num="788" count="0" type="stmt"/>
        <line num="790" count="0" type="stmt"/>
        <line num="793" count="0" type="stmt"/>
        <line num="800" count="0" type="cond" truecount="0" falsecount="3"/>
        <line num="801" count="0" type="stmt"/>
        <line num="802" count="0" type="stmt"/>
        <line num="803" count="0" type="stmt"/>
        <line num="804" count="0" type="stmt"/>
        <line num="806" count="0" type="cond" truecount="0" falsecount="1"/>
        <line num="807" count="0" type="stmt"/>
        <line num="808" count="0" type="stmt"/>
        <line num="810" count="0" type="stmt"/>
        <line num="813" count="0" type="stmt"/>
        <line num="827" count="0" type="cond" truecount="0" falsecount="3"/>
        <line num="828" count="0" type="stmt"/>
        <line num="829" count="0" type="stmt"/>
        <line num="837" count="0" type="cond" truecount="0" falsecount="2"/>
        <line num="838" count="0" type="cond" truecount="0" falsecount="4"/>
        <line num="839" count="0" type="stmt"/>
        <line num="841" count="0" type="stmt"/>
        <line num="844" count="0" type="stmt"/>
        <line num="852" count="0" type="cond" truecount="0" falsecount="3"/>
        <line num="854" count="0" type="stmt"/>
        <line num="855" count="0" type="stmt"/>
        <line num="856" count="0" type="cond" truecount="0" falsecount="1"/>
        <line num="858" count="0" type="cond" truecount="0" falsecount="3"/>
        <line num="859" count="0" type="stmt"/>
        <line num="860" count="0" type="stmt"/>
        <line num="862" count="0" type="cond" truecount="0" falsecount="1"/>
        <line num="863" count="0" type="stmt"/>
        <line num="864" count="0" type="stmt"/>
        <line num="866" count="0" type="stmt"/>
        <line num="868" count="0" type="stmt"/>
        <line num="872" count="0" type="stmt"/>
        <line num="879" count="0" type="stmt"/>
        <line num="880" count="0" type="stmt"/>
        <line num="881" count="0" type="cond" truecount="0" falsecount="3"/>
        <line num="882" count="0" type="stmt"/>
        <line num="887" count="0" type="cond" truecount="0" falsecount="1"/>
        <line num="888" count="0" type="stmt"/>
        <line num="892" count="0" type="cond" truecount="0" falsecount="2"/>
        <line num="899" count="0" type="stmt"/>
        <line num="901" count="0" type="stmt"/>
        <line num="902" count="0" type="cond" truecount="0" falsecount="3"/>
        <line num="903" count="0" type="stmt"/>
        <line num="904" count="0" type="stmt"/>
        <line num="906" count="0" type="cond" truecount="0" falsecount="1"/>
        <line num="907" count="0" type="stmt"/>
        <line num="908" count="0" type="stmt"/>
        <line num="910" count="0" type="stmt"/>
        <line num="913" count="0" type="stmt"/>
        <line num="920" count="0" type="cond" truecount="0" falsecount="3"/>
        <line num="921" count="0" type="stmt"/>
        <line num="922" count="0" type="stmt"/>
        <line num="923" count="0" type="stmt"/>
        <line num="925" count="0" type="cond" truecount="0" falsecount="1"/>
        <line num="926" count="0" type="stmt"/>
        <line num="927" count="0" type="stmt"/>
        <line num="929" count="0" type="stmt"/>
        <line num="932" count="0" type="stmt"/>
        <line num="941" count="0" type="cond" truecount="0" falsecount="2"/>
        <line num="942" count="0" type="cond" truecount="0" falsecount="2"/>
        <line num="943" count="0" type="cond" truecount="0" falsecount="1"/>
        <line num="944" count="0" type="stmt"/>
        <line num="946" count="0" type="stmt"/>
        <line num="949" count="0" type="stmt"/>
        <line num="950" count="0" type="stmt"/>
        <line num="959" count="2" type="stmt"/>
        <line num="966" count="2" type="stmt"/>
        <line num="971" count="2" type="cond" truecount="2" falsecount="0"/>
        <line num="972" count="2" type="stmt"/>
        <line num="973" count="2" type="stmt"/>
        <line num="974" count="3" type="cond" truecount="2" falsecount="0"/>
        <line num="975" count="3" type="stmt"/>
        <line num="976" count="3" type="stmt"/>
        <line num="977" count="3" type="cond" truecount="1" falsecount="1"/>
        <line num="978" count="3" type="cond" truecount="1" falsecount="1"/>
        <line num="979" count="3" type="cond" truecount="1" falsecount="0"/>
        <line num="980" count="1" type="cond" truecount="0" falsecount="1"/>
        <line num="981" count="0" type="cond" truecount="0" falsecount="1"/>
        <line num="982" count="0" type="stmt"/>
        <line num="985" count="0" type="stmt"/>
        <line num="988" count="0" type="stmt"/>
        <line num="990" count="1" type="stmt"/>
        <line num="992" count="3" type="stmt"/>
        <line num="995" count="3" type="stmt"/>
        <line num="996" count="3" type="cond" truecount="1" falsecount="0"/>
        <line num="997" count="1" type="stmt"/>
        <line num="999" count="3" type="stmt"/>
        <line num="1002" count="2" type="cond" truecount="0" falsecount="1"/>
        <line num="1003" count="0" type="stmt"/>
        <line num="1006" count="2" type="stmt"/>
        <line num="1010" count="3" type="stmt"/>
      </file>
      <file name="utils.ts" path="C:\Users\harry\web\htdocs\Ultra Loot Table\src\utils.ts">
        <metrics statements="34" coveredstatements="34" conditionals="34" coveredconditionals="34" methods="4" coveredmethods="4"/>
        <line num="9" count="6" type="stmt"/>
        <line num="10" count="135" type="cond" truecount="2" falsecount="0"/>
        <line num="11" count="47" type="cond" truecount="2" falsecount="0"/>
        <line num="21" count="6" type="stmt"/>
        <line num="22" count="5" type="stmt"/>
        <line num="23" count="5" type="stmt"/>
        <line num="24" count="5" type="stmt"/>
        <line num="25" count="7" type="stmt"/>
        <line num="26" count="7" type="cond" truecount="1" falsecount="0"/>
        <line num="27" count="3" type="stmt"/>
        <line num="29" count="7" type="stmt"/>
        <line num="31" count="5" type="stmt"/>
        <line num="44" count="6" type="cond" truecount="3" falsecount="0"/>
        <line num="45" count="39" type="stmt"/>
        <line num="46" count="39" type="cond" truecount="1" falsecount="0"/>
        <line num="47" count="2" type="stmt"/>
        <line num="49" count="37" type="stmt"/>
        <line num="50" count="37" type="cond" truecount="1" falsecount="0"/>
        <line num="51" count="33" type="stmt"/>
        <line num="54" count="37" type="cond" truecount="1" falsecount="0"/>
        <line num="55" count="12" type="cond" truecount="2" falsecount="0"/>
        <line num="56" count="11" type="stmt"/>
        <line num="59" count="1" type="stmt"/>
        <line num="61" count="12" type="cond" truecount="2" falsecount="0"/>
        <line num="64" count="25" type="cond" truecount="1" falsecount="0"/>
        <line num="72" count="6" type="stmt"/>
        <line num="75" count="19" type="cond" truecount="1" falsecount="0"/>
        <line num="79" count="17" type="cond" truecount="3" falsecount="0"/>
        <line num="80" count="2" type="stmt"/>
        <line num="82" count="15" type="cond" truecount="3" falsecount="0"/>
        <line num="83" count="2" type="stmt"/>
        <line num="85" count="13" type="cond" truecount="3" falsecount="0"/>
        <line num="86" count="8" type="stmt"/>
        <line num="90" count="7" type="cond" truecount="2" falsecount="0"/>
      </file>
    </package>
    <package name="src.default">
      <metrics statements="14" coveredstatements="14" conditionals="12" coveredconditionals="12" methods="5" coveredmethods="5"/>
      <file name="conditions.ts" path="C:\Users\harry\web\htdocs\Ultra Loot Table\src\default\conditions.ts">
        <metrics statements="5" coveredstatements="5" conditionals="0" coveredconditionals="0" methods="2" coveredmethods="2"/>
        <line num="2" count="4" type="stmt"/>
        <line num="54" count="4" type="stmt"/>
        <line num="55" count="2" type="stmt"/>
        <line num="107" count="4" type="stmt"/>
        <line num="108" count="2" type="stmt"/>
      </file>
      <file name="functions.ts" path="C:\Users\harry\web\htdocs\Ultra Loot Table\src\default\functions.ts">
        <metrics statements="9" coveredstatements="9" conditionals="12" coveredconditionals="12" methods="3" coveredmethods="3"/>
        <line num="3" count="4" type="stmt"/>
        <line num="33" count="4" type="stmt"/>
        <line num="34" count="1" type="cond" truecount="4" falsecount="0"/>
        <line num="62" count="4" type="stmt"/>
        <line num="63" count="1" type="cond" truecount="4" falsecount="0"/>
        <line num="91" count="4" type="stmt"/>
        <line num="92" count="1" type="stmt"/>
        <line num="93" count="1" type="cond" truecount="4" falsecount="0"/>
        <line num="94" count="1" type="stmt"/>
      </file>
    </package>
    <package name="src.rng">
      <metrics statements="28" coveredstatements="28" conditionals="6" coveredconditionals="6" methods="8" coveredmethods="8"/>
      <file name="predictable.ts" path="C:\Users\harry\web\htdocs\Ultra Loot Table\src\rng\predictable.ts">
        <metrics statements="28" coveredstatements="28" conditionals="6" coveredconditionals="6" methods="8" coveredmethods="8"/>
        <line num="1" count="5" type="stmt"/>
        <line num="11" count="5" type="stmt"/>
        <line num="12" count="59" type="stmt"/>
        <line num="13" count="59" type="stmt"/>
        <line num="15" count="59" type="stmt"/>
        <line num="16" count="59" type="cond" truecount="1" falsecount="0"/>
        <line num="17" count="2" type="stmt"/>
        <line num="22" count="1704" type="stmt"/>
        <line num="26" count="77" type="cond" truecount="1" falsecount="0"/>
        <line num="27" count="1" type="stmt"/>
        <line num="29" count="76" type="stmt"/>
        <line num="30" count="565" type="cond" truecount="1" falsecount="0"/>
        <line num="31" count="1" type="stmt"/>
        <line num="33" count="564" type="cond" truecount="1" falsecount="0"/>
        <line num="34" count="2" type="stmt"/>
        <line num="37" count="73" type="stmt"/>
        <line num="38" count="73" type="stmt"/>
        <line num="42" count="51" type="stmt"/>
        <line num="43" count="51" type="stmt"/>
        <line num="44" count="374" type="stmt"/>
        <line num="46" count="51" type="stmt"/>
        <line num="47" count="51" type="stmt"/>
        <line num="51" count="51" type="stmt"/>
        <line num="52" count="51" type="stmt"/>
        <line num="56" count="2" type="cond" truecount="2" falsecount="0"/>
        <line num="61" count="79" type="stmt"/>
        <line num="62" count="79" type="stmt"/>
        <line num="66" count="849" type="stmt"/>
      </file>
    </package>
    <package name="src.table">
      <metrics statements="123" coveredstatements="123" conditionals="62" coveredconditionals="53" methods="14" coveredmethods="14"/>
      <file name="pool.ts" path="C:\Users\harry\web\htdocs\Ultra Loot Table\src\table\pool.ts">
        <metrics statements="123" coveredstatements="123" conditionals="62" coveredconditionals="53" methods="14" coveredmethods="14"/>
        <line num="1" count="5" type="stmt"/>
        <line num="2" count="5" type="stmt"/>
        <line num="3" count="5" type="stmt"/>
        <line num="4" count="5" type="stmt"/>
        <line num="5" count="5" type="stmt"/>
        <line num="6" count="5" type="stmt"/>
        <line num="19" count="5" type="stmt"/>
        <line num="22" count="106" type="stmt"/>
        <line num="23" count="106" type="stmt"/>
        <line num="24" count="106" type="stmt"/>
        <line num="25" count="106" type="stmt"/>
        <line num="26" count="106" type="stmt"/>
        <line num="27" count="106" type="stmt"/>
        <line num="29" count="5" type="stmt"/>
        <line num="44" count="106" type="stmt"/>
        <line num="45" count="106" type="cond" truecount="1" falsecount="1"/>
        <line num="46" count="106" type="cond" truecount="1" falsecount="1"/>
        <line num="47" count="106" type="stmt"/>
        <line num="48" count="106" type="stmt"/>
        <line num="49" count="106" type="cond" truecount="2" falsecount="0"/>
        <line num="50" count="106" type="stmt"/>
        <line num="51" count="106" type="cond" truecount="1" falsecount="0"/>
        <line num="52" count="106" type="stmt"/>
        <line num="53" count="181" type="stmt"/>
        <line num="59" count="1256" type="stmt"/>
        <line num="63" count="1259" type="cond" truecount="1" falsecount="0"/>
        <line num="64" count="2" type="stmt"/>
        <line num="66" count="1257" type="stmt"/>
        <line num="70" count="145" type="cond" truecount="2" falsecount="0"/>
        <line num="71" count="145" type="stmt"/>
        <line num="72" count="145" type="stmt"/>
        <line num="76" count="185" type="cond" truecount="1" falsecount="0"/>
        <line num="77" count="20" type="stmt"/>
        <line num="86" count="185" type="cond" truecount="2" falsecount="0"/>
        <line num="87" count="44" type="stmt"/>
        <line num="89" count="141" type="stmt"/>
        <line num="91" count="185" type="stmt"/>
        <line num="95" count="20" type="stmt"/>
        <line num="99" count="383" type="stmt"/>
        <line num="101" count="383" type="stmt"/>
        <line num="104" count="383" type="stmt"/>
        <line num="107" count="383" type="cond" truecount="1" falsecount="0"/>
        <line num="108" count="24" type="stmt"/>
        <line num="112" count="383" type="stmt"/>
        <line num="113" count="864" type="cond" truecount="2" falsecount="0"/>
        <line num="114" count="12" type="stmt"/>
        <line num="116" count="852" type="cond" truecount="1" falsecount="1"/>
        <line num="119" count="383" type="stmt"/>
        <line num="135" count="201" type="stmt"/>
        <line num="136" count="201" type="stmt"/>
        <line num="138" count="201" type="stmt"/>
        <line num="140" count="219" type="stmt"/>
        <line num="143" count="219" type="cond" truecount="2" falsecount="0"/>
        <line num="144" count="213" type="stmt"/>
        <line num="145" count="213" type="cond" truecount="2" falsecount="0"/>
        <line num="147" count="2" type="stmt"/>
        <line num="148" count="211" type="cond" truecount="1" falsecount="0"/>
        <line num="150" count="211" type="stmt"/>
        <line num="151" count="211" type="stmt"/>
        <line num="152" count="207" type="stmt"/>
        <line num="153" count="207" type="cond" truecount="1" falsecount="0"/>
        <line num="154" count="1" type="stmt"/>
        <line num="158" count="6" type="stmt"/>
        <line num="163" count="197" type="stmt"/>
        <line num="164" count="197" type="stmt"/>
        <line num="165" count="197" type="stmt"/>
        <line num="181" count="182" type="stmt"/>
        <line num="182" count="182" type="stmt"/>
        <line num="184" count="182" type="stmt"/>
        <line num="186" count="200" type="stmt"/>
        <line num="189" count="200" type="cond" truecount="2" falsecount="0"/>
        <line num="190" count="194" type="stmt"/>
        <line num="191" count="194" type="cond" truecount="2" falsecount="0"/>
        <line num="193" count="2" type="stmt"/>
        <line num="194" count="192" type="cond" truecount="1" falsecount="0"/>
        <line num="196" count="192" type="stmt"/>
        <line num="197" count="192" type="stmt"/>
        <line num="198" count="188" type="stmt"/>
        <line num="199" count="188" type="cond" truecount="1" falsecount="0"/>
        <line num="200" count="1" type="stmt"/>
        <line num="204" count="6" type="stmt"/>
        <line num="209" count="178" type="stmt"/>
        <line num="210" count="178" type="stmt"/>
        <line num="211" count="178" type="stmt"/>
        <line num="228" count="197" type="stmt"/>
        <line num="229" count="197" type="stmt"/>
        <line num="230" count="205" type="stmt"/>
        <line num="232" count="197" type="stmt"/>
        <line num="249" count="178" type="stmt"/>
        <line num="250" count="187" type="stmt"/>
        <line num="252" count="178" type="stmt"/>
        <line num="268" count="205" type="stmt"/>
        <line num="269" count="6" type="stmt"/>
        <line num="271" count="205" type="stmt"/>
        <line num="272" count="205" type="stmt"/>
        <line num="273" count="24" type="stmt"/>
        <line num="274" count="24" type="stmt"/>
        <line num="275" count="24" type="cond" truecount="2" falsecount="0"/>
        <line num="276" count="24" type="cond" truecount="1" falsecount="0"/>
        <line num="277" count="9" type="stmt"/>
        <line num="278" count="9" type="stmt"/>
        <line num="281" count="205" type="stmt"/>
        <line num="282" count="205" type="cond" truecount="3" falsecount="0"/>
        <line num="283" count="196" type="cond" truecount="2" falsecount="0"/>
        <line num="284" count="184" type="stmt"/>
        <line num="286" count="12" type="stmt"/>
        <line num="287" count="12" type="stmt"/>
        <line num="306" count="187" type="stmt"/>
        <line num="307" count="6" type="stmt"/>
        <line num="309" count="187" type="stmt"/>
        <line num="310" count="187" type="stmt"/>
        <line num="311" count="24" type="stmt"/>
        <line num="312" count="24" type="stmt"/>
        <line num="313" count="24" type="cond" truecount="2" falsecount="0"/>
        <line num="314" count="24" type="cond" truecount="1" falsecount="0"/>
        <line num="315" count="9" type="stmt"/>
        <line num="316" count="9" type="stmt"/>
        <line num="319" count="187" type="stmt"/>
        <line num="320" count="187" type="cond" truecount="3" falsecount="0"/>
        <line num="321" count="178" type="cond" truecount="2" falsecount="0"/>
        <line num="322" count="166" type="stmt"/>
        <line num="324" count="12" type="stmt"/>
        <line num="325" count="12" type="stmt"/>
      </file>
    </package>
    <package name="src.table.pool">
      <metrics statements="90" coveredstatements="89" conditionals="50" coveredconditionals="38" methods="19" coveredmethods="19"/>
      <file name="entry.ts" path="C:\Users\harry\web\htdocs\Ultra Loot Table\src\table\pool\entry.ts">
        <metrics statements="90" coveredstatements="89" conditionals="50" coveredconditionals="38" methods="19" coveredmethods="19"/>
        <line num="1" count="5" type="stmt"/>
        <line num="2" count="5" type="stmt"/>
        <line num="4" count="5" type="stmt"/>
        <line num="5" count="5" type="stmt"/>
        <line num="28" count="5" type="stmt"/>
        <line num="30" count="197" type="stmt"/>
        <line num="31" count="197" type="stmt"/>
        <line num="33" count="197" type="stmt"/>
        <line num="35" count="197" type="stmt"/>
        <line num="53" count="197" type="stmt"/>
        <line num="54" count="197" type="stmt"/>
        <line num="55" count="197" type="stmt"/>
        <line num="56" count="197" type="stmt"/>
        <line num="57" count="197" type="stmt"/>
        <line num="58" count="197" type="stmt"/>
        <line num="59" count="197" type="stmt"/>
        <line num="60" count="197" type="cond" truecount="1" falsecount="1"/>
        <line num="61" count="197" type="cond" truecount="1" falsecount="1"/>
        <line num="65" count="723" type="stmt"/>
        <line num="69" count="726" type="cond" truecount="1" falsecount="0"/>
        <line num="70" count="523" type="stmt"/>
        <line num="72" count="203" type="stmt"/>
        <line num="76" count="599" type="cond" truecount="2" falsecount="0"/>
        <line num="82" count="1" type="stmt"/>
        <line num="86" count="307" type="cond" truecount="0" falsecount="1"/>
        <line num="87" count="0" type="stmt"/>
        <line num="89" count="307" type="cond" truecount="2" falsecount="0"/>
        <line num="90" count="2" type="cond" truecount="1" falsecount="0"/>
        <line num="91" count="1" type="stmt"/>
        <line num="97" count="1" type="stmt"/>
        <line num="99" count="305" type="stmt"/>
        <line num="104" count="403" type="stmt"/>
        <line num="108" count="307" type="stmt"/>
        <line num="115" count="307" type="stmt"/>
        <line num="119" count="307" type="stmt"/>
        <line num="120" count="307" type="stmt"/>
        <line num="136" count="211" type="cond" truecount="2" falsecount="0"/>
        <line num="137" count="50" type="stmt"/>
        <line num="139" count="161" type="stmt"/>
        <line num="156" count="161" type="stmt"/>
        <line num="157" count="161" type="stmt"/>
        <line num="158" count="159" type="stmt"/>
        <line num="175" count="50" type="stmt"/>
        <line num="176" count="48" type="stmt"/>
        <line num="177" count="48" type="stmt"/>
        <line num="178" count="48" type="stmt"/>
        <line num="195" count="209" type="stmt"/>
        <line num="196" count="209" type="stmt"/>
        <line num="198" count="207" type="stmt"/>
        <line num="214" count="209" type="stmt"/>
        <line num="215" count="22" type="stmt"/>
        <line num="217" count="208" type="stmt"/>
        <line num="218" count="208" type="stmt"/>
        <line num="219" count="39" type="cond" truecount="2" falsecount="0"/>
        <line num="220" count="38" type="cond" truecount="1" falsecount="0"/>
        <line num="221" count="13" type="stmt"/>
        <line num="222" count="13" type="stmt"/>
        <line num="225" count="207" type="stmt"/>
        <line num="226" count="207" type="cond" truecount="3" falsecount="0"/>
        <line num="227" count="194" type="cond" truecount="2" falsecount="0"/>
        <line num="228" count="185" type="stmt"/>
        <line num="230" count="9" type="stmt"/>
        <line num="231" count="18" type="stmt"/>
        <line num="250" count="192" type="cond" truecount="2" falsecount="0"/>
        <line num="251" count="50" type="stmt"/>
        <line num="253" count="142" type="stmt"/>
        <line num="270" count="142" type="stmt"/>
        <line num="271" count="142" type="stmt"/>
        <line num="272" count="140" type="stmt"/>
        <line num="289" count="50" type="stmt"/>
        <line num="290" count="48" type="stmt"/>
        <line num="291" count="48" type="stmt"/>
        <line num="292" count="48" type="stmt"/>
        <line num="309" count="190" type="stmt"/>
        <line num="310" count="190" type="stmt"/>
        <line num="312" count="188" type="stmt"/>
        <line num="328" count="190" type="stmt"/>
        <line num="329" count="14" type="stmt"/>
        <line num="331" count="189" type="stmt"/>
        <line num="332" count="189" type="stmt"/>
        <line num="333" count="37" type="cond" truecount="2" falsecount="0"/>
        <line num="334" count="36" type="cond" truecount="1" falsecount="0"/>
        <line num="335" count="12" type="stmt"/>
        <line num="336" count="12" type="stmt"/>
        <line num="339" count="188" type="stmt"/>
        <line num="340" count="188" type="cond" truecount="3" falsecount="0"/>
        <line num="341" count="176" type="cond" truecount="4" falsecount="0"/>
        <line num="342" count="167" type="stmt"/>
        <line num="344" count="9" type="stmt"/>
        <line num="345" count="18" type="stmt"/>
      </file>
    </package>
    <package name="src.table.pool.entry">
      <metrics statements="38" coveredstatements="38" conditionals="12" coveredconditionals="10" methods="11" coveredmethods="11"/>
      <file name="result.ts" path="C:\Users\harry\web\htdocs\Ultra Loot Table\src\table\pool\entry\result.ts">
        <metrics statements="14" coveredstatements="14" conditionals="3" coveredconditionals="2" methods="6" coveredmethods="6"/>
        <line num="1" count="5" type="stmt"/>
        <line num="3" count="390" type="stmt"/>
        <line num="20" count="390" type="stmt"/>
        <line num="21" count="390" type="stmt"/>
        <line num="22" count="390" type="stmt"/>
        <line num="23" count="390" type="stmt"/>
        <line num="24" count="390" type="stmt"/>
        <line num="28" count="1" type="stmt"/>
        <line num="32" count="3" type="cond" truecount="1" falsecount="0"/>
        <line num="33" count="2" type="stmt"/>
        <line num="35" count="1" type="stmt"/>
        <line num="39" count="1" type="stmt"/>
        <line num="43" count="1" type="stmt"/>
        <line num="47" count="20" type="stmt"/>
      </file>
      <file name="results.ts" path="C:\Users\harry\web\htdocs\Ultra Loot Table\src\table\pool\entry\results.ts">
        <metrics statements="24" coveredstatements="24" conditionals="9" coveredconditionals="8" methods="5" coveredmethods="5"/>
        <line num="3" count="5" type="stmt"/>
        <line num="5" count="1159" type="cond" truecount="2" falsecount="0"/>
        <line num="6" count="842" type="cond" truecount="1" falsecount="1"/>
        <line num="7" count="842" type="stmt"/>
        <line num="8" count="1159" type="stmt"/>
        <line num="12" count="399" type="stmt"/>
        <line num="13" count="392" type="stmt"/>
        <line num="15" count="399" type="stmt"/>
        <line num="19" count="1" type="stmt"/>
        <line num="23" count="30" type="stmt"/>
        <line num="24" count="30" type="stmt"/>
        <line num="25" count="150" type="cond" truecount="1" falsecount="0"/>
        <line num="26" count="120" type="stmt"/>
        <line num="29" count="30" type="stmt"/>
        <line num="33" count="4" type="stmt"/>
        <line num="34" count="4" type="stmt"/>
        <line num="35" count="4" type="stmt"/>
        <line num="36" count="34" type="cond" truecount="2" falsecount="0"/>
        <line num="37" count="30" type="stmt"/>
        <line num="38" count="30" type="cond" truecount="2" falsecount="0"/>
        <line num="39" count="10" type="stmt"/>
        <line num="41" count="20" type="stmt"/>
        <line num="44" count="4" type="stmt"/>
        <line num="47" count="4" type="stmt"/>
      </file>
    </package>
  </project>
</coverage>
