<?xml version="1.0" encoding="UTF-8"?>
<coverage generated="1728486636540" clover="3.2.0">
  <project timestamp="1728486636540" name="All files">
    <metrics statements="1059" coveredstatements="882" conditionals="640" coveredconditionals="443" methods="197" coveredmethods="165" elements="1896" coveredelements="1490" complexity="0" loc="1059" ncloc="1059" packages="6" files="11" classes="11"/>
    <package name="src">
      <metrics statements="765" coveredstatements="589" conditionals="498" coveredconditionals="324" methods="140" coveredmethods="108"/>
      <file name="rng.ts" path="C:\Users\harry\web\htdocs\Ultra Loot Table\src\rng.ts">
        <metrics statements="266" coveredstatements="232" conditionals="184" coveredconditionals="136" methods="48" coveredmethods="43"/>
        <line num="1" count="7" type="stmt"/>
        <line num="2" count="7" type="stmt"/>
        <line num="76" count="7" type="stmt"/>
        <line num="77" count="7" type="stmt"/>
        <line num="78" count="7" type="stmt"/>
        <line num="79" count="7" type="stmt"/>
        <line num="96" count="7" type="stmt"/>
        <line num="97" count="200" type="stmt"/>
        <line num="99" count="200" type="stmt"/>
        <line num="103" count="1836603" type="stmt"/>
        <line num="107" count="0" type="stmt"/>
        <line num="111" count="612583" type="cond" truecount="4" falsecount="0"/>
        <line num="112" count="612400" type="cond" truecount="1" falsecount="0"/>
        <line num="113" count="2" type="stmt"/>
        <line num="115" count="612400" type="stmt"/>
        <line num="117" count="183" type="stmt"/>
        <line num="119" count="612400" type="stmt"/>
        <line num="123" count="2" type="stmt"/>
        <line num="124" count="2" type="stmt"/>
        <line num="128" count="0" type="stmt"/>
        <line num="134" count="0" type="stmt"/>
        <line num="135" count="0" type="stmt"/>
        <line num="136" count="0" type="stmt"/>
        <line num="137" count="0" type="stmt"/>
        <line num="141" count="1" type="stmt"/>
        <line num="142" count="1" type="stmt"/>
        <line num="143" count="1" type="stmt"/>
        <line num="147" count="1" type="stmt"/>
        <line num="151" count="2" type="stmt"/>
        <line num="154" count="2" type="cond" truecount="0" falsecount="1"/>
        <line num="155" count="2" type="stmt"/>
        <line num="156" count="6" type="stmt"/>
        <line num="157" count="6" type="stmt"/>
        <line num="158" count="6" type="stmt"/>
        <line num="160" count="2" type="stmt"/>
        <line num="164" count="2" type="cond" truecount="0" falsecount="1"/>
        <line num="165" count="0" type="stmt"/>
        <line num="167" count="2" type="stmt"/>
        <line num="168" count="2" type="stmt"/>
        <line num="169" count="2" type="stmt"/>
        <line num="173" count="0" type="stmt"/>
        <line num="177" count="11" type="stmt"/>
        <line num="181" count="10464" type="stmt"/>
        <line num="185" count="4" type="stmt"/>
        <line num="186" count="4" type="stmt"/>
        <line num="191" count="4" type="stmt"/>
        <line num="195" count="1037" type="stmt"/>
        <line num="196" count="1037" type="stmt"/>
        <line num="197" count="1037" type="cond" truecount="1" falsecount="1"/>
        <line num="198" count="0" type="stmt"/>
        <line num="200" count="1037" type="stmt"/>
        <line num="202" count="1037" type="stmt"/>
        <line num="207" count="2" type="stmt"/>
        <line num="208" count="2" type="stmt"/>
        <line num="209" count="2" type="cond" truecount="1" falsecount="1"/>
        <line num="214" count="152" type="stmt"/>
        <line num="215" count="152" type="stmt"/>
        <line num="216" count="152" type="stmt"/>
        <line num="217" count="152" type="stmt"/>
        <line num="218" count="912" type="stmt"/>
        <line num="220" count="152" type="stmt"/>
        <line num="224" count="10575" type="stmt"/>
        <line num="225" count="10575" type="stmt"/>
        <line num="226" count="10575" type="cond" truecount="1" falsecount="1"/>
        <line num="227" count="0" type="stmt"/>
        <line num="229" count="10575" type="stmt"/>
        <line num="231" count="10575" type="stmt"/>
        <line num="235" count="302" type="cond" truecount="1" falsecount="0"/>
        <line num="236" count="301" type="cond" truecount="1" falsecount="0"/>
        <line num="238" count="300" type="stmt"/>
        <line num="239" count="300" type="stmt"/>
        <line num="243" count="10910" type="cond" truecount="3" falsecount="0"/>
        <line num="244" count="10908" type="stmt"/>
        <line num="248" count="1" type="stmt"/>
        <line num="253" count="300408" type="cond" truecount="3" falsecount="0"/>
        <line num="254" count="2" type="stmt"/>
        <line num="256" count="300406" type="stmt"/>
        <line num="257" count="300406" type="stmt"/>
        <line num="258" count="300406" type="cond" truecount="2" falsecount="0"/>
        <line num="259" count="2" type="stmt"/>
        <line num="261" count="300404" type="cond" truecount="3" falsecount="0"/>
        <line num="262" count="202" type="stmt"/>
        <line num="266" count="300204" type="cond" truecount="1" falsecount="1"/>
        <line num="267" count="0" type="stmt"/>
        <line num="269" count="300204" type="stmt"/>
        <line num="272" count="300204" type="cond" truecount="2" falsecount="0"/>
        <line num="273" count="200001" type="stmt"/>
        <line num="274" count="200001" type="cond" truecount="4" falsecount="0"/>
        <line num="275" count="200000" type="stmt"/>
        <line num="276" count="200000" type="stmt"/>
        <line num="278" count="1" type="stmt"/>
        <line num="279" count="1" type="stmt"/>
        <line num="282" count="100203" type="stmt"/>
        <line num="283" count="100203" type="stmt"/>
        <line num="284" count="100203" type="stmt"/>
        <line num="287" count="300204" type="cond" truecount="6" falsecount="0"/>
        <line num="288" count="202" type="stmt"/>
        <line num="296" count="300002" type="cond" truecount="1" falsecount="0"/>
        <line num="297" count="200001" type="stmt"/>
        <line num="299" count="300002" type="cond" truecount="1" falsecount="0"/>
        <line num="300" count="200001" type="stmt"/>
        <line num="302" count="300002" type="stmt"/>
        <line num="307" count="300000" type="stmt"/>
        <line num="308" count="300000" type="stmt"/>
        <line num="309" count="300000" type="stmt"/>
        <line num="311" count="300000" type="stmt"/>
        <line num="315" count="402" type="cond" truecount="1" falsecount="0"/>
        <line num="316" count="400" type="stmt"/>
        <line num="318" count="2" type="cond" truecount="1" falsecount="0"/>
        <line num="319" count="1" type="stmt"/>
        <line num="321" count="2" type="stmt"/>
        <line num="325" count="201982" type="cond" truecount="1" falsecount="0"/>
        <line num="326" count="1" type="stmt"/>
        <line num="328" count="201981" type="cond" truecount="1" falsecount="0"/>
        <line num="329" count="200004" type="cond" truecount="4" falsecount="0"/>
        <line num="331" count="100000" type="stmt"/>
        <line num="332" count="0" type="stmt"/>
        <line num="334" count="100000" type="stmt"/>
        <line num="335" count="0" type="stmt"/>
        <line num="337" count="1" type="stmt"/>
        <line num="342" count="0" type="stmt"/>
        <line num="344" count="3" type="stmt"/>
        <line num="351" count="1977" type="cond" truecount="1" falsecount="0"/>
        <line num="352" count="1977" type="stmt"/>
        <line num="354" count="0" type="stmt"/>
        <line num="358" count="11" type="cond" truecount="1" falsecount="0"/>
        <line num="359" count="3" type="stmt"/>
        <line num="361" count="8" type="cond" truecount="1" falsecount="0"/>
        <line num="362" count="1" type="stmt"/>
        <line num="364" count="7" type="cond" truecount="1" falsecount="0"/>
        <line num="365" count="7" type="cond" truecount="1" falsecount="0"/>
        <line num="366" count="4" type="cond" truecount="0" falsecount="1"/>
        <line num="369" count="0" type="stmt"/>
        <line num="372" count="7" type="cond" truecount="2" falsecount="2"/>
        <line num="374" count="3" type="cond" truecount="2" falsecount="0"/>
        <line num="375" count="0" type="stmt"/>
        <line num="377" count="0" type="cond" truecount="0" falsecount="2"/>
        <line num="378" count="0" type="stmt"/>
        <line num="380" count="0" type="cond" truecount="0" falsecount="2"/>
        <line num="381" count="0" type="stmt"/>
        <line num="383" count="4" type="cond" truecount="1" falsecount="1"/>
        <line num="389" count="7" type="cond" truecount="1" falsecount="0"/>
        <line num="390" count="3" type="stmt"/>
        <line num="392" count="4" type="cond" truecount="1" falsecount="0"/>
        <line num="393" count="1" type="stmt"/>
        <line num="395" count="3" type="cond" truecount="1" falsecount="0"/>
        <line num="396" count="3" type="cond" truecount="1" falsecount="0"/>
        <line num="397" count="1" type="cond" truecount="0" falsecount="1"/>
        <line num="400" count="0" type="stmt"/>
        <line num="403" count="3" type="cond" truecount="2" falsecount="2"/>
        <line num="405" count="2" type="cond" truecount="2" falsecount="0"/>
        <line num="406" count="0" type="stmt"/>
        <line num="408" count="0" type="cond" truecount="0" falsecount="2"/>
        <line num="409" count="0" type="stmt"/>
        <line num="411" count="0" type="cond" truecount="0" falsecount="2"/>
        <line num="412" count="0" type="stmt"/>
        <line num="414" count="1" type="cond" truecount="1" falsecount="1"/>
        <line num="420" count="0" type="stmt"/>
        <line num="432" count="1480" type="stmt"/>
        <line num="434" count="1480" type="cond" truecount="1" falsecount="0"/>
        <line num="436" count="6" type="cond" truecount="0" falsecount="1"/>
        <line num="437" count="0" type="stmt"/>
        <line num="439" count="6" type="cond" truecount="0" falsecount="1"/>
        <line num="440" count="0" type="stmt"/>
        <line num="442" count="6" type="stmt"/>
        <line num="443" count="6" type="stmt"/>
        <line num="444" count="16" type="stmt"/>
        <line num="446" count="6" type="stmt"/>
        <line num="449" count="1474" type="cond" truecount="2" falsecount="0"/>
        <line num="451" count="17" type="cond" truecount="0" falsecount="1"/>
        <line num="452" count="0" type="stmt"/>
        <line num="454" count="17" type="cond" truecount="0" falsecount="1"/>
        <line num="455" count="0" type="stmt"/>
        <line num="457" count="17" type="stmt"/>
        <line num="458" count="38" type="stmt"/>
        <line num="462" count="1457" type="stmt"/>
        <line num="463" count="1457" type="cond" truecount="0" falsecount="1"/>
        <line num="464" count="0" type="stmt"/>
        <line num="466" count="1457" type="cond" truecount="1" falsecount="0"/>
        <line num="467" count="148" type="stmt"/>
        <line num="469" count="1309" type="stmt"/>
        <line num="470" count="2897" type="cond" truecount="1" falsecount="0"/>
        <line num="471" count="1" type="stmt"/>
        <line num="473" count="2896" type="stmt"/>
        <line num="476" count="1325" type="stmt"/>
        <line num="478" count="1325" type="stmt"/>
        <line num="479" count="1325" type="cond" truecount="2" falsecount="0"/>
        <line num="480" count="17" type="stmt"/>
        <line num="481" count="22" type="stmt"/>
        <line num="482" count="22" type="cond" truecount="1" falsecount="0"/>
        <line num="483" count="17" type="stmt"/>
        <line num="487" count="1308" type="stmt"/>
        <line num="488" count="1660" type="stmt"/>
        <line num="489" count="1660" type="cond" truecount="1" falsecount="0"/>
        <line num="490" count="1308" type="stmt"/>
        <line num="497" count="0" type="stmt"/>
        <line num="501" count="38" type="cond" truecount="4" falsecount="0"/>
        <line num="502" count="1" type="stmt"/>
        <line num="504" count="37" type="cond" truecount="1" falsecount="0"/>
        <line num="505" count="29" type="stmt"/>
        <line num="507" count="8" type="cond" truecount="1" falsecount="0"/>
        <line num="508" count="8" type="cond" truecount="2" falsecount="0"/>
        <line num="509" count="2" type="stmt"/>
        <line num="511" count="6" type="stmt"/>
        <line num="512" count="6" type="stmt"/>
        <line num="513" count="6" type="stmt"/>
        <line num="516" count="8" type="stmt"/>
        <line num="520" count="21" type="stmt"/>
        <line num="521" count="21" type="stmt"/>
        <line num="526" count="33" type="cond" truecount="1" falsecount="0"/>
        <line num="527" count="13" type="cond" truecount="2" falsecount="0"/>
        <line num="528" count="12" type="stmt"/>
        <line num="529" count="12" type="cond" truecount="1" falsecount="0"/>
        <line num="530" count="12" type="stmt"/>
        <line num="536" count="1" type="cond" truecount="1" falsecount="0"/>
        <line num="537" count="1" type="stmt"/>
        <line num="538" count="1" type="cond" truecount="1" falsecount="0"/>
        <line num="539" count="1" type="stmt"/>
        <line num="547" count="33" type="stmt"/>
        <line num="551" count="8" type="stmt"/>
        <line num="552" count="8" type="stmt"/>
        <line num="556" count="9" type="stmt"/>
        <line num="557" count="9" type="stmt"/>
        <line num="561" count="21" type="stmt"/>
        <line num="562" count="20" type="cond" truecount="1" falsecount="0"/>
        <line num="563" count="19" type="stmt"/>
        <line num="564" count="19" type="stmt"/>
        <line num="565" count="19" type="cond" truecount="1" falsecount="0"/>
        <line num="566" count="1" type="stmt"/>
        <line num="568" count="18" type="cond" truecount="2" falsecount="0"/>
        <line num="569" count="18" type="stmt"/>
        <line num="570" count="24" type="stmt"/>
        <line num="571" count="24" type="stmt"/>
        <line num="573" count="18" type="stmt"/>
        <line num="575" count="1" type="stmt"/>
        <line num="579" count="4" type="stmt"/>
        <line num="580" count="4" type="stmt"/>
        <line num="584" count="2" type="cond" truecount="1" falsecount="0"/>
        <line num="585" count="2" type="cond" truecount="2" falsecount="0"/>
        <line num="587" count="2" type="cond" truecount="1" falsecount="0"/>
        <line num="588" count="2" type="cond" truecount="2" falsecount="0"/>
        <line num="590" count="2" type="stmt"/>
        <line num="594" count="4" type="stmt"/>
        <line num="595" count="4" type="stmt"/>
        <line num="599" count="7" type="stmt"/>
        <line num="602" count="140" type="stmt"/>
        <line num="604" count="140" type="stmt"/>
        <line num="605" count="140" type="stmt"/>
        <line num="606" count="140" type="stmt"/>
        <line num="610" count="9" type="stmt"/>
        <line num="618" count="1" type="stmt"/>
        <line num="619" count="1" type="cond" truecount="3" falsecount="0"/>
        <line num="625" count="4" type="stmt"/>
        <line num="626" count="4" type="stmt"/>
        <line num="627" count="4" type="stmt"/>
        <line num="628" count="4" type="stmt"/>
        <line num="629" count="4" type="stmt"/>
        <line num="630" count="4" type="stmt"/>
        <line num="634" count="2" type="stmt"/>
        <line num="635" count="2" type="stmt"/>
        <line num="636" count="2" type="stmt"/>
        <line num="640" count="612194" type="stmt"/>
        <line num="641" count="612194" type="stmt"/>
        <line num="642" count="612194" type="stmt"/>
        <line num="643" count="612194" type="stmt"/>
        <line num="644" count="612194" type="stmt"/>
      </file>
      <file name="table.ts" path="C:\Users\harry\web\htdocs\Ultra Loot Table\src\table.ts">
        <metrics statements="150" coveredstatements="126" conditionals="88" coveredconditionals="58" methods="29" coveredmethods="28"/>
        <line num="1" count="5" type="stmt"/>
        <line num="3" count="5" type="stmt"/>
        <line num="6" count="5" type="stmt"/>
        <line num="7" count="5" type="stmt"/>
        <line num="70" count="5" type="stmt"/>
        <line num="83" count="110" type="stmt"/>
        <line num="84" count="110" type="stmt"/>
        <line num="85" count="110" type="stmt"/>
        <line num="94" count="110" type="stmt"/>
        <line num="100" count="110" type="stmt"/>
        <line num="101" count="110" type="stmt"/>
        <line num="102" count="110" type="stmt"/>
        <line num="103" count="110" type="stmt"/>
        <line num="104" count="110" type="cond" truecount="3" falsecount="1"/>
        <line num="105" count="110" type="cond" truecount="2" falsecount="0"/>
        <line num="110" count="11" type="stmt"/>
        <line num="115" count="22" type="stmt"/>
        <line num="122" count="21" type="cond" truecount="1" falsecount="3"/>
        <line num="126" count="6" type="stmt"/>
        <line num="133" count="181" type="stmt"/>
        <line num="137" count="88" type="stmt"/>
        <line num="141" count="169" type="stmt"/>
        <line num="145" count="172" type="cond" truecount="1" falsecount="0"/>
        <line num="146" count="149" type="stmt"/>
        <line num="148" count="23" type="stmt"/>
        <line num="152" count="114" type="stmt"/>
        <line num="153" count="114" type="stmt"/>
        <line num="157" count="108" type="stmt"/>
        <line num="158" count="108" type="stmt"/>
        <line num="162" count="6" type="stmt"/>
        <line num="166" count="7" type="stmt"/>
        <line num="167" count="7" type="stmt"/>
        <line num="176" count="169" type="cond" truecount="2" falsecount="0"/>
        <line num="177" count="169" type="stmt"/>
        <line num="178" count="169" type="stmt"/>
        <line num="179" count="169" type="stmt"/>
        <line num="197" count="76" type="stmt"/>
        <line num="198" count="76" type="stmt"/>
        <line num="199" count="76" type="stmt"/>
        <line num="208" count="72" type="stmt"/>
        <line num="209" count="72" type="stmt"/>
        <line num="227" count="93" type="stmt"/>
        <line num="228" count="93" type="stmt"/>
        <line num="229" count="93" type="stmt"/>
        <line num="230" count="93" type="stmt"/>
        <line num="239" count="89" type="stmt"/>
        <line num="240" count="89" type="stmt"/>
        <line num="258" count="76" type="cond" truecount="1" falsecount="1"/>
        <line num="259" count="76" type="stmt"/>
        <line num="260" count="76" type="stmt"/>
        <line num="261" count="183" type="stmt"/>
        <line num="263" count="72" type="stmt"/>
        <line num="282" count="93" type="cond" truecount="1" falsecount="1"/>
        <line num="283" count="93" type="stmt"/>
        <line num="284" count="93" type="stmt"/>
        <line num="285" count="215" type="stmt"/>
        <line num="287" count="89" type="stmt"/>
        <line num="291" count="44" type="stmt"/>
        <line num="292" count="44" type="cond" truecount="4" falsecount="0"/>
        <line num="296" count="42" type="stmt"/>
        <line num="297" count="42" type="cond" truecount="4" falsecount="0"/>
        <line num="301" count="3" type="stmt"/>
        <line num="302" count="3" type="stmt"/>
        <line num="303" count="3" type="stmt"/>
        <line num="307" count="2" type="cond" truecount="2" falsecount="0"/>
        <line num="308" count="1" type="stmt"/>
        <line num="310" count="1" type="stmt"/>
        <line num="312" count="2" type="stmt"/>
        <line num="316" count="0" type="stmt"/>
        <line num="317" count="0" type="stmt"/>
        <line num="318" count="0" type="stmt"/>
        <line num="319" count="0" type="stmt"/>
        <line num="320" count="0" type="cond" truecount="0" falsecount="2"/>
        <line num="321" count="0" type="stmt"/>
        <line num="323" count="0" type="cond" truecount="0" falsecount="2"/>
        <line num="326" count="0" type="stmt"/>
        <line num="327" count="0" type="stmt"/>
        <line num="328" count="0" type="stmt"/>
        <line num="329" count="0" type="stmt"/>
        <line num="330" count="0" type="cond" truecount="0" falsecount="4"/>
        <line num="333" count="0" type="cond" truecount="0" falsecount="2"/>
        <line num="334" count="0" type="stmt"/>
        <line num="335" count="0" type="stmt"/>
        <line num="336" count="0" type="cond" truecount="0" falsecount="1"/>
        <line num="337" count="0" type="cond" truecount="0" falsecount="2"/>
        <line num="338" count="0" type="stmt"/>
        <line num="341" count="0" type="stmt"/>
        <line num="342" count="0" type="stmt"/>
        <line num="343" count="0" type="stmt"/>
        <line num="351" count="0" type="stmt"/>
        <line num="360" count="0" type="stmt"/>
        <line num="380" count="32" type="cond" truecount="2" falsecount="0"/>
        <line num="381" count="21" type="stmt"/>
        <line num="382" count="21" type="cond" truecount="1" falsecount="0"/>
        <line num="383" count="1" type="stmt"/>
        <line num="386" count="20" type="stmt"/>
        <line num="387" count="20" type="cond" truecount="2" falsecount="0"/>
        <line num="388" count="14" type="cond" truecount="1" falsecount="0"/>
        <line num="389" count="11" type="stmt"/>
        <line num="391" count="3" type="cond" truecount="2" falsecount="0"/>
        <line num="392" count="1" type="stmt"/>
        <line num="394" count="2" type="stmt"/>
        <line num="397" count="6" type="stmt"/>
        <line num="400" count="11" type="stmt"/>
        <line num="421" count="67" type="cond" truecount="1" falsecount="0"/>
        <line num="422" count="20" type="stmt"/>
        <line num="423" count="20" type="cond" truecount="1" falsecount="0"/>
        <line num="424" count="1" type="stmt"/>
        <line num="427" count="19" type="stmt"/>
        <line num="428" count="19" type="cond" truecount="2" falsecount="0"/>
        <line num="429" count="13" type="cond" truecount="1" falsecount="0"/>
        <line num="430" count="10" type="stmt"/>
        <line num="432" count="3" type="cond" truecount="2" falsecount="0"/>
        <line num="433" count="1" type="stmt"/>
        <line num="435" count="2" type="stmt"/>
        <line num="436" count="2" type="stmt"/>
        <line num="439" count="6" type="stmt"/>
        <line num="440" count="6" type="stmt"/>
        <line num="443" count="47" type="stmt"/>
        <line num="463" count="23" type="cond" truecount="2" falsecount="0"/>
        <line num="464" count="20" type="stmt"/>
        <line num="465" count="20" type="cond" truecount="1" falsecount="0"/>
        <line num="466" count="1" type="stmt"/>
        <line num="469" count="19" type="stmt"/>
        <line num="470" count="19" type="cond" truecount="2" falsecount="0"/>
        <line num="471" count="13" type="cond" truecount="1" falsecount="0"/>
        <line num="472" count="10" type="stmt"/>
        <line num="474" count="3" type="cond" truecount="2" falsecount="0"/>
        <line num="475" count="1" type="stmt"/>
        <line num="477" count="2" type="stmt"/>
        <line num="480" count="6" type="stmt"/>
        <line num="483" count="3" type="stmt"/>
        <line num="504" count="64" type="cond" truecount="1" falsecount="0"/>
        <line num="505" count="19" type="stmt"/>
        <line num="506" count="19" type="cond" truecount="1" falsecount="0"/>
        <line num="507" count="1" type="stmt"/>
        <line num="510" count="18" type="stmt"/>
        <line num="511" count="18" type="cond" truecount="2" falsecount="0"/>
        <line num="512" count="12" type="cond" truecount="1" falsecount="0"/>
        <line num="513" count="9" type="stmt"/>
        <line num="515" count="3" type="cond" truecount="2" falsecount="0"/>
        <line num="516" count="1" type="stmt"/>
        <line num="518" count="2" type="stmt"/>
        <line num="519" count="2" type="stmt"/>
        <line num="522" count="6" type="stmt"/>
        <line num="523" count="6" type="stmt"/>
        <line num="526" count="45" type="stmt"/>
        <line num="527" count="45" type="cond" truecount="0" falsecount="1"/>
        <line num="528" count="0" type="stmt"/>
        <line num="530" count="45" type="stmt"/>
      </file>
      <file name="ultraloot.ts" path="C:\Users\harry\web\htdocs\Ultra Loot Table\src\ultraloot.ts">
        <metrics statements="315" coveredstatements="197" conditionals="192" coveredconditionals="96" methods="59" coveredmethods="33"/>
        <line num="1" count="3" type="stmt"/>
        <line num="2" count="3" type="stmt"/>
        <line num="3" count="3" type="stmt"/>
        <line num="4" count="3" type="stmt"/>
        <line num="7" count="3" type="stmt"/>
        <line num="8" count="3" type="stmt"/>
        <line num="9" count="3" type="stmt"/>
        <line num="10" count="3" type="stmt"/>
        <line num="14" count="3" type="stmt"/>
        <line num="15" count="3" type="cond" truecount="1" falsecount="0"/>
        <line num="16" count="3" type="cond" truecount="1" falsecount="0"/>
        <line num="17" count="3" type="cond" truecount="1" falsecount="0"/>
        <line num="18" count="3" type="stmt"/>
        <line num="19" count="3" type="stmt"/>
        <line num="24" count="3" type="stmt"/>
        <line num="91" count="3" type="stmt"/>
        <line num="109" count="3" type="stmt"/>
        <line num="130" count="75" type="stmt"/>
        <line num="137" count="75" type="stmt"/>
        <line num="142" count="75" type="stmt"/>
        <line num="147" count="75" type="stmt"/>
        <line num="150" count="75" type="stmt"/>
        <line num="151" count="75" type="cond" truecount="1" falsecount="0"/>
        <line num="152" count="46" type="stmt"/>
        <line num="157" count="0" type="stmt"/>
        <line num="158" count="0" type="stmt"/>
        <line num="159" count="0" type="stmt"/>
        <line num="163" count="0" type="stmt"/>
        <line num="164" count="0" type="stmt"/>
        <line num="166" count="0" type="stmt"/>
        <line num="170" count="0" type="stmt"/>
        <line num="171" count="0" type="stmt"/>
        <line num="173" count="0" type="stmt"/>
        <line num="182" count="1" type="stmt"/>
        <line num="186" count="3" type="cond" truecount="1" falsecount="0"/>
        <line num="187" count="2" type="stmt"/>
        <line num="189" count="1" type="stmt"/>
        <line num="193" count="91" type="cond" truecount="2" falsecount="0"/>
        <line num="197" count="24" type="cond" truecount="2" falsecount="0"/>
        <line num="201" count="1" type="stmt"/>
        <line num="205" count="3" type="cond" truecount="2" falsecount="0"/>
        <line num="209" count="124" type="cond" truecount="1" falsecount="0"/>
        <line num="210" count="15" type="stmt"/>
        <line num="212" count="109" type="cond" truecount="1" falsecount="0"/>
        <line num="213" count="1" type="stmt"/>
        <line num="215" count="108" type="stmt"/>
        <line num="239" count="108" type="stmt"/>
        <line num="240" count="108" type="stmt"/>
        <line num="241" count="2376" type="cond" truecount="2" falsecount="0"/>
        <line num="243" count="108" type="stmt"/>
        <line num="247" count="121" type="cond" truecount="1" falsecount="0"/>
        <line num="248" count="106" type="stmt"/>
        <line num="250" count="15" type="cond" truecount="2" falsecount="0"/>
        <line num="251" count="15" type="stmt"/>
        <line num="255" count="11" type="stmt"/>
        <line num="259" count="11" type="stmt"/>
        <line num="263" count="28" type="stmt"/>
        <line num="267" count="26" type="stmt"/>
        <line num="271" count="6" type="stmt"/>
        <line num="272" count="6" type="stmt"/>
        <line num="273" count="6" type="stmt"/>
        <line num="277" count="2" type="stmt"/>
        <line num="278" count="2" type="stmt"/>
        <line num="279" count="2" type="stmt"/>
        <line num="283" count="29" type="stmt"/>
        <line num="284" count="29" type="cond" truecount="2" falsecount="0"/>
        <line num="285" count="4" type="stmt"/>
        <line num="286" count="4" type="cond" truecount="2" falsecount="0"/>
        <line num="287" count="2" type="stmt"/>
        <line num="289" count="2" type="stmt"/>
        <line num="291" count="2" type="stmt"/>
        <line num="293" count="25" type="stmt"/>
        <line num="298" count="27" type="stmt"/>
        <line num="299" count="27" type="cond" truecount="2" falsecount="0"/>
        <line num="300" count="4" type="stmt"/>
        <line num="301" count="4" type="cond" truecount="2" falsecount="0"/>
        <line num="302" count="2" type="stmt"/>
        <line num="304" count="2" type="stmt"/>
        <line num="306" count="2" type="stmt"/>
        <line num="308" count="23" type="stmt"/>
        <line num="325" count="14" type="cond" truecount="1" falsecount="0"/>
        <line num="326" count="12" type="stmt"/>
        <line num="343" count="13" type="cond" truecount="1" falsecount="0"/>
        <line num="344" count="11" type="stmt"/>
        <line num="345" count="11" type="cond" truecount="0" falsecount="1"/>
        <line num="346" count="0" type="stmt"/>
        <line num="348" count="11" type="stmt"/>
        <line num="365" count="15" type="cond" truecount="1" falsecount="0"/>
        <line num="366" count="13" type="stmt"/>
        <line num="383" count="14" type="cond" truecount="1" falsecount="0"/>
        <line num="384" count="12" type="stmt"/>
        <line num="409" count="89" type="cond" truecount="4" falsecount="0"/>
        <line num="410" count="27" type="cond" truecount="2" falsecount="0"/>
        <line num="411" count="1" type="stmt"/>
        <line num="413" count="26" type="stmt"/>
        <line num="415" count="27" type="stmt"/>
        <line num="416" count="27" type="cond" truecount="2" falsecount="0"/>
        <line num="417" count="1" type="cond" truecount="1" falsecount="1"/>
        <line num="419" count="26" type="stmt"/>
        <line num="421" count="27" type="stmt"/>
        <line num="422" count="27" type="stmt"/>
        <line num="423" count="27" type="stmt"/>
        <line num="424" count="62" type="cond" truecount="2" falsecount="0"/>
        <line num="425" count="60" type="stmt"/>
        <line num="426" count="60" type="cond" truecount="1" falsecount="1"/>
        <line num="427" count="0" type="cond" truecount="0" falsecount="2"/>
        <line num="429" count="60" type="stmt"/>
        <line num="431" count="60" type="stmt"/>
        <line num="432" count="60" type="stmt"/>
        <line num="433" count="60" type="stmt"/>
        <line num="435" count="2" type="stmt"/>
        <line num="443" count="89" type="cond" truecount="2" falsecount="0"/>
        <line num="444" count="69" type="stmt"/>
        <line num="445" count="69" type="stmt"/>
        <line num="447" count="20" type="stmt"/>
        <line num="448" count="20" type="stmt"/>
        <line num="456" count="22" type="cond" truecount="2" falsecount="0"/>
        <line num="457" count="7" type="stmt"/>
        <line num="464" count="15" type="stmt"/>
        <line num="472" count="88" type="cond" truecount="1" falsecount="0"/>
        <line num="477" count="1" type="stmt"/>
        <line num="479" count="87" type="cond" truecount="1" falsecount="0"/>
        <line num="480" count="85" type="stmt"/>
        <line num="481" count="84" type="cond" truecount="1" falsecount="0"/>
        <line num="482" count="60" type="stmt"/>
        <line num="486" count="27" type="stmt"/>
        <line num="493" count="213" type="cond" truecount="1" falsecount="0"/>
        <line num="498" count="16" type="stmt"/>
        <line num="500" count="197" type="cond" truecount="1" falsecount="0"/>
        <line num="501" count="61" type="stmt"/>
        <line num="502" count="61" type="cond" truecount="0" falsecount="1"/>
        <line num="503" count="0" type="stmt"/>
        <line num="507" count="197" type="stmt"/>
        <line num="514" count="89" type="cond" truecount="0" falsecount="1"/>
        <line num="519" count="0" type="stmt"/>
        <line num="521" count="89" type="cond" truecount="1" falsecount="0"/>
        <line num="522" count="86" type="stmt"/>
        <line num="523" count="171" type="cond" truecount="1" falsecount="0"/>
        <line num="524" count="20" type="stmt"/>
        <line num="528" count="69" type="stmt"/>
        <line num="532" count="60" type="stmt"/>
        <line num="538" count="60" type="cond" truecount="1" falsecount="0"/>
        <line num="539" count="60" type="stmt"/>
        <line num="540" count="60" type="stmt"/>
        <line num="543" count="60" type="stmt"/>
        <line num="544" count="60" type="stmt"/>
        <line num="548" count="69" type="stmt"/>
        <line num="549" count="69" type="cond" truecount="2" falsecount="0"/>
        <line num="550" count="151" type="cond" truecount="1" falsecount="0"/>
        <line num="551" count="136" type="cond" truecount="3" falsecount="0"/>
        <line num="552" count="1" type="stmt"/>
        <line num="555" count="151" type="stmt"/>
        <line num="557" count="69" type="stmt"/>
        <line num="567" count="69" type="stmt"/>
        <line num="571" count="0" type="stmt"/>
        <line num="575" count="0" type="cond" truecount="0" falsecount="1"/>
        <line num="576" count="0" type="stmt"/>
        <line num="578" count="0" type="stmt"/>
        <line num="582" count="0" type="cond" truecount="0" falsecount="1"/>
        <line num="583" count="0" type="stmt"/>
        <line num="585" count="0" type="stmt"/>
        <line num="586" count="0" type="cond" truecount="0" falsecount="2"/>
        <line num="587" count="0" type="stmt"/>
        <line num="588" count="0" type="stmt"/>
        <line num="589" count="0" type="stmt"/>
        <line num="593" count="0" type="stmt"/>
        <line num="594" count="0" type="cond" truecount="0" falsecount="1"/>
        <line num="595" count="0" type="stmt"/>
        <line num="597" count="0" type="stmt"/>
        <line num="598" count="0" type="stmt"/>
        <line num="673" count="14" type="stmt"/>
        <line num="674" count="14" type="stmt"/>
        <line num="681" count="14" type="cond" truecount="1" falsecount="1"/>
        <line num="682" count="14" type="stmt"/>
        <line num="684" count="14" type="cond" truecount="1" falsecount="0"/>
        <line num="685" count="2" type="cond" truecount="1" falsecount="1"/>
        <line num="688" count="14" type="cond" truecount="1" falsecount="1"/>
        <line num="689" count="14" type="stmt"/>
        <line num="699" count="14" type="cond" truecount="1" falsecount="1"/>
        <line num="700" count="16" type="stmt"/>
        <line num="705" count="16" type="cond" truecount="2" falsecount="0"/>
        <line num="706" count="1" type="stmt"/>
        <line num="708" count="15" type="stmt"/>
        <line num="709" count="15" type="stmt"/>
        <line num="710" count="15" type="stmt"/>
        <line num="711" count="15" type="stmt"/>
        <line num="712" count="15" type="stmt"/>
        <line num="713" count="15" type="stmt"/>
        <line num="716" count="16" type="cond" truecount="1" falsecount="0"/>
        <line num="717" count="7" type="cond" truecount="1" falsecount="1"/>
        <line num="718" count="7" type="cond" truecount="1" falsecount="0"/>
        <line num="719" count="1" type="stmt"/>
        <line num="721" count="6" type="cond" truecount="1" falsecount="0"/>
        <line num="722" count="6" type="stmt"/>
        <line num="723" count="6" type="stmt"/>
        <line num="724" count="4" type="stmt"/>
        <line num="726" count="4" type="stmt"/>
        <line num="727" count="4" type="stmt"/>
        <line num="729" count="13" type="stmt"/>
        <line num="731" count="11" type="stmt"/>
        <line num="734" count="11" type="stmt"/>
        <line num="735" count="11" type="stmt"/>
        <line num="739" count="11" type="stmt"/>
        <line num="750" count="1" type="stmt"/>
        <line num="757" count="1" type="stmt"/>
        <line num="766" count="0" type="cond" truecount="0" falsecount="3"/>
        <line num="767" count="0" type="stmt"/>
        <line num="768" count="0" type="cond" truecount="0" falsecount="2"/>
        <line num="769" count="0" type="cond" truecount="0" falsecount="4"/>
        <line num="770" count="0" type="stmt"/>
        <line num="772" count="0" type="stmt"/>
        <line num="775" count="0" type="stmt"/>
        <line num="783" count="0" type="cond" truecount="0" falsecount="3"/>
        <line num="784" count="0" type="stmt"/>
        <line num="786" count="0" type="stmt"/>
        <line num="787" count="0" type="cond" truecount="0" falsecount="2"/>
        <line num="788" count="0" type="stmt"/>
        <line num="790" count="0" type="stmt"/>
        <line num="792" count="0" type="stmt"/>
        <line num="793" count="0" type="stmt"/>
        <line num="795" count="0" type="cond" truecount="0" falsecount="1"/>
        <line num="796" count="0" type="stmt"/>
        <line num="797" count="0" type="stmt"/>
        <line num="799" count="0" type="stmt"/>
        <line num="802" count="0" type="stmt"/>
        <line num="809" count="0" type="cond" truecount="0" falsecount="3"/>
        <line num="810" count="0" type="stmt"/>
        <line num="811" count="0" type="stmt"/>
        <line num="812" count="0" type="stmt"/>
        <line num="813" count="0" type="stmt"/>
        <line num="815" count="0" type="cond" truecount="0" falsecount="1"/>
        <line num="816" count="0" type="stmt"/>
        <line num="817" count="0" type="stmt"/>
        <line num="819" count="0" type="stmt"/>
        <line num="822" count="0" type="stmt"/>
        <line num="836" count="0" type="cond" truecount="0" falsecount="3"/>
        <line num="837" count="0" type="stmt"/>
        <line num="838" count="0" type="stmt"/>
        <line num="846" count="0" type="cond" truecount="0" falsecount="2"/>
        <line num="847" count="0" type="cond" truecount="0" falsecount="4"/>
        <line num="848" count="0" type="stmt"/>
        <line num="850" count="0" type="stmt"/>
        <line num="853" count="0" type="stmt"/>
        <line num="861" count="0" type="cond" truecount="0" falsecount="3"/>
        <line num="863" count="0" type="stmt"/>
        <line num="864" count="0" type="stmt"/>
        <line num="865" count="0" type="cond" truecount="0" falsecount="1"/>
        <line num="867" count="0" type="cond" truecount="0" falsecount="3"/>
        <line num="868" count="0" type="stmt"/>
        <line num="869" count="0" type="stmt"/>
        <line num="871" count="0" type="cond" truecount="0" falsecount="1"/>
        <line num="872" count="0" type="stmt"/>
        <line num="873" count="0" type="stmt"/>
        <line num="875" count="0" type="stmt"/>
        <line num="877" count="0" type="stmt"/>
        <line num="881" count="0" type="stmt"/>
        <line num="888" count="0" type="stmt"/>
        <line num="889" count="0" type="stmt"/>
        <line num="890" count="0" type="cond" truecount="0" falsecount="3"/>
        <line num="891" count="0" type="stmt"/>
        <line num="896" count="0" type="cond" truecount="0" falsecount="1"/>
        <line num="897" count="0" type="stmt"/>
        <line num="901" count="0" type="cond" truecount="0" falsecount="2"/>
        <line num="908" count="0" type="stmt"/>
        <line num="910" count="0" type="stmt"/>
        <line num="911" count="0" type="cond" truecount="0" falsecount="3"/>
        <line num="912" count="0" type="stmt"/>
        <line num="913" count="0" type="stmt"/>
        <line num="915" count="0" type="cond" truecount="0" falsecount="1"/>
        <line num="916" count="0" type="stmt"/>
        <line num="917" count="0" type="stmt"/>
        <line num="919" count="0" type="stmt"/>
        <line num="922" count="0" type="stmt"/>
        <line num="929" count="0" type="cond" truecount="0" falsecount="3"/>
        <line num="930" count="0" type="stmt"/>
        <line num="931" count="0" type="stmt"/>
        <line num="932" count="0" type="stmt"/>
        <line num="934" count="0" type="cond" truecount="0" falsecount="1"/>
        <line num="935" count="0" type="stmt"/>
        <line num="936" count="0" type="stmt"/>
        <line num="938" count="0" type="stmt"/>
        <line num="941" count="0" type="stmt"/>
        <line num="950" count="0" type="cond" truecount="0" falsecount="2"/>
        <line num="951" count="0" type="cond" truecount="0" falsecount="2"/>
        <line num="952" count="0" type="cond" truecount="0" falsecount="1"/>
        <line num="953" count="0" type="stmt"/>
        <line num="955" count="0" type="stmt"/>
        <line num="958" count="0" type="stmt"/>
        <line num="959" count="0" type="stmt"/>
        <line num="968" count="2" type="stmt"/>
        <line num="975" count="2" type="stmt"/>
        <line num="980" count="2" type="cond" truecount="2" falsecount="0"/>
        <line num="981" count="2" type="stmt"/>
        <line num="982" count="2" type="stmt"/>
        <line num="983" count="3" type="cond" truecount="2" falsecount="0"/>
        <line num="984" count="3" type="stmt"/>
        <line num="985" count="3" type="stmt"/>
        <line num="986" count="3" type="cond" truecount="1" falsecount="1"/>
        <line num="987" count="3" type="cond" truecount="1" falsecount="1"/>
        <line num="988" count="3" type="cond" truecount="1" falsecount="0"/>
        <line num="989" count="1" type="cond" truecount="0" falsecount="1"/>
        <line num="990" count="0" type="cond" truecount="0" falsecount="1"/>
        <line num="991" count="0" type="stmt"/>
        <line num="994" count="0" type="stmt"/>
        <line num="997" count="0" type="stmt"/>
        <line num="999" count="1" type="stmt"/>
        <line num="1001" count="3" type="stmt"/>
        <line num="1004" count="3" type="stmt"/>
        <line num="1005" count="3" type="cond" truecount="1" falsecount="0"/>
        <line num="1006" count="1" type="stmt"/>
        <line num="1008" count="3" type="stmt"/>
        <line num="1011" count="2" type="cond" truecount="0" falsecount="1"/>
        <line num="1012" count="0" type="stmt"/>
        <line num="1015" count="2" type="stmt"/>
        <line num="1019" count="3" type="stmt"/>
      </file>
      <file name="utils.ts" path="C:\Users\harry\web\htdocs\Ultra Loot Table\src\utils.ts">
        <metrics statements="34" coveredstatements="34" conditionals="34" coveredconditionals="34" methods="4" coveredmethods="4"/>
        <line num="9" count="6" type="stmt"/>
        <line num="10" count="135" type="cond" truecount="2" falsecount="0"/>
        <line num="11" count="47" type="cond" truecount="2" falsecount="0"/>
        <line num="21" count="6" type="stmt"/>
        <line num="22" count="5" type="stmt"/>
        <line num="23" count="5" type="stmt"/>
        <line num="24" count="5" type="stmt"/>
        <line num="25" count="7" type="stmt"/>
        <line num="26" count="7" type="cond" truecount="1" falsecount="0"/>
        <line num="27" count="3" type="stmt"/>
        <line num="29" count="7" type="stmt"/>
        <line num="31" count="5" type="stmt"/>
        <line num="44" count="6" type="cond" truecount="3" falsecount="0"/>
        <line num="45" count="39" type="stmt"/>
        <line num="46" count="39" type="cond" truecount="1" falsecount="0"/>
        <line num="47" count="2" type="stmt"/>
        <line num="49" count="37" type="stmt"/>
        <line num="50" count="37" type="cond" truecount="1" falsecount="0"/>
        <line num="51" count="33" type="stmt"/>
        <line num="54" count="37" type="cond" truecount="1" falsecount="0"/>
        <line num="55" count="12" type="cond" truecount="2" falsecount="0"/>
        <line num="56" count="11" type="stmt"/>
        <line num="59" count="1" type="stmt"/>
        <line num="61" count="12" type="cond" truecount="2" falsecount="0"/>
        <line num="64" count="25" type="cond" truecount="1" falsecount="0"/>
        <line num="72" count="6" type="stmt"/>
        <line num="75" count="19" type="cond" truecount="1" falsecount="0"/>
        <line num="79" count="17" type="cond" truecount="3" falsecount="0"/>
        <line num="80" count="2" type="stmt"/>
        <line num="82" count="15" type="cond" truecount="3" falsecount="0"/>
        <line num="83" count="2" type="stmt"/>
        <line num="85" count="13" type="cond" truecount="3" falsecount="0"/>
        <line num="86" count="8" type="stmt"/>
        <line num="90" count="7" type="cond" truecount="2" falsecount="0"/>
      </file>
    </package>
    <package name="src.default">
      <metrics statements="14" coveredstatements="14" conditionals="12" coveredconditionals="12" methods="5" coveredmethods="5"/>
      <file name="conditions.ts" path="C:\Users\harry\web\htdocs\Ultra Loot Table\src\default\conditions.ts">
        <metrics statements="5" coveredstatements="5" conditionals="0" coveredconditionals="0" methods="2" coveredmethods="2"/>
        <line num="2" count="4" type="stmt"/>
        <line num="54" count="4" type="stmt"/>
        <line num="55" count="2" type="stmt"/>
        <line num="107" count="4" type="stmt"/>
        <line num="108" count="2" type="stmt"/>
      </file>
      <file name="functions.ts" path="C:\Users\harry\web\htdocs\Ultra Loot Table\src\default\functions.ts">
        <metrics statements="9" coveredstatements="9" conditionals="12" coveredconditionals="12" methods="3" coveredmethods="3"/>
        <line num="3" count="4" type="stmt"/>
        <line num="33" count="4" type="stmt"/>
        <line num="34" count="1" type="cond" truecount="4" falsecount="0"/>
        <line num="62" count="4" type="stmt"/>
        <line num="63" count="1" type="cond" truecount="4" falsecount="0"/>
        <line num="91" count="4" type="stmt"/>
        <line num="92" count="1" type="stmt"/>
        <line num="93" count="1" type="cond" truecount="4" falsecount="0"/>
        <line num="94" count="1" type="stmt"/>
      </file>
    </package>
    <package name="src.rng">
      <metrics statements="28" coveredstatements="28" conditionals="6" coveredconditionals="6" methods="8" coveredmethods="8"/>
      <file name="predictable.ts" path="C:\Users\harry\web\htdocs\Ultra Loot Table\src\rng\predictable.ts">
        <metrics statements="28" coveredstatements="28" conditionals="6" coveredconditionals="6" methods="8" coveredmethods="8"/>
        <line num="1" count="5" type="stmt"/>
        <line num="11" count="5" type="stmt"/>
        <line num="12" count="60" type="stmt"/>
        <line num="13" count="60" type="stmt"/>
        <line num="15" count="60" type="stmt"/>
        <line num="16" count="60" type="cond" truecount="1" falsecount="0"/>
        <line num="17" count="2" type="stmt"/>
        <line num="22" count="1508" type="stmt"/>
        <line num="26" count="78" type="cond" truecount="1" falsecount="0"/>
        <line num="27" count="1" type="stmt"/>
        <line num="29" count="77" type="stmt"/>
        <line num="30" count="553" type="cond" truecount="1" falsecount="0"/>
        <line num="31" count="1" type="stmt"/>
        <line num="33" count="552" type="cond" truecount="1" falsecount="0"/>
        <line num="34" count="2" type="stmt"/>
        <line num="37" count="74" type="stmt"/>
        <line num="38" count="74" type="stmt"/>
        <line num="42" count="52" type="stmt"/>
        <line num="43" count="52" type="stmt"/>
        <line num="44" count="361" type="stmt"/>
        <line num="46" count="52" type="stmt"/>
        <line num="47" count="52" type="stmt"/>
        <line num="51" count="52" type="stmt"/>
        <line num="52" count="52" type="stmt"/>
        <line num="56" count="2" type="cond" truecount="2" falsecount="0"/>
        <line num="61" count="80" type="stmt"/>
        <line num="62" count="80" type="stmt"/>
        <line num="66" count="751" type="stmt"/>
      </file>
    </package>
    <package name="src.table">
      <metrics statements="124" coveredstatements="124" conditionals="62" coveredconditionals="53" methods="14" coveredmethods="14"/>
      <file name="pool.ts" path="C:\Users\harry\web\htdocs\Ultra Loot Table\src\table\pool.ts">
        <metrics statements="124" coveredstatements="124" conditionals="62" coveredconditionals="53" methods="14" coveredmethods="14"/>
        <line num="1" count="5" type="stmt"/>
        <line num="2" count="5" type="stmt"/>
        <line num="3" count="5" type="stmt"/>
        <line num="4" count="5" type="stmt"/>
        <line num="5" count="5" type="stmt"/>
        <line num="6" count="5" type="stmt"/>
        <line num="19" count="5" type="stmt"/>
        <line num="22" count="108" type="stmt"/>
        <line num="23" count="108" type="stmt"/>
        <line num="24" count="108" type="stmt"/>
        <line num="25" count="108" type="stmt"/>
        <line num="26" count="108" type="stmt"/>
        <line num="27" count="108" type="stmt"/>
        <line num="29" count="5" type="stmt"/>
        <line num="44" count="108" type="stmt"/>
        <line num="45" count="108" type="cond" truecount="1" falsecount="1"/>
        <line num="46" count="108" type="cond" truecount="1" falsecount="1"/>
        <line num="47" count="108" type="stmt"/>
        <line num="48" count="108" type="stmt"/>
        <line num="49" count="108" type="cond" truecount="2" falsecount="0"/>
        <line num="50" count="108" type="stmt"/>
        <line num="51" count="108" type="cond" truecount="1" falsecount="0"/>
        <line num="52" count="108" type="stmt"/>
        <line num="53" count="185" type="stmt"/>
        <line num="59" count="1707" type="stmt"/>
        <line num="63" count="1710" type="cond" truecount="1" falsecount="0"/>
        <line num="64" count="2" type="stmt"/>
        <line num="66" count="1708" type="stmt"/>
        <line num="70" count="148" type="cond" truecount="2" falsecount="0"/>
        <line num="71" count="148" type="stmt"/>
        <line num="72" count="148" type="stmt"/>
        <line num="76" count="189" type="cond" truecount="1" falsecount="0"/>
        <line num="77" count="21" type="stmt"/>
        <line num="86" count="189" type="cond" truecount="2" falsecount="0"/>
        <line num="87" count="45" type="stmt"/>
        <line num="89" count="144" type="stmt"/>
        <line num="91" count="189" type="stmt"/>
        <line num="95" count="20" type="stmt"/>
        <line num="99" count="398" type="stmt"/>
        <line num="101" count="398" type="stmt"/>
        <line num="104" count="398" type="stmt"/>
        <line num="107" count="398" type="cond" truecount="1" falsecount="0"/>
        <line num="108" count="36" type="stmt"/>
        <line num="112" count="398" type="stmt"/>
        <line num="113" count="903" type="cond" truecount="2" falsecount="0"/>
        <line num="114" count="12" type="stmt"/>
        <line num="116" count="891" type="cond" truecount="1" falsecount="1"/>
        <line num="119" count="398" type="stmt"/>
        <line num="120" count="398" type="stmt"/>
        <line num="136" count="215" type="stmt"/>
        <line num="137" count="215" type="stmt"/>
        <line num="139" count="215" type="stmt"/>
        <line num="141" count="244" type="stmt"/>
        <line num="144" count="244" type="cond" truecount="2" falsecount="0"/>
        <line num="145" count="232" type="stmt"/>
        <line num="146" count="232" type="cond" truecount="2" falsecount="0"/>
        <line num="148" count="3" type="stmt"/>
        <line num="149" count="229" type="cond" truecount="1" falsecount="0"/>
        <line num="151" count="229" type="stmt"/>
        <line num="152" count="229" type="stmt"/>
        <line num="153" count="225" type="stmt"/>
        <line num="154" count="225" type="cond" truecount="1" falsecount="0"/>
        <line num="155" count="1" type="stmt"/>
        <line num="159" count="12" type="stmt"/>
        <line num="164" count="211" type="stmt"/>
        <line num="165" count="211" type="stmt"/>
        <line num="166" count="211" type="stmt"/>
        <line num="182" count="183" type="stmt"/>
        <line num="183" count="183" type="stmt"/>
        <line num="185" count="183" type="stmt"/>
        <line num="187" count="201" type="stmt"/>
        <line num="190" count="201" type="cond" truecount="2" falsecount="0"/>
        <line num="191" count="195" type="stmt"/>
        <line num="192" count="195" type="cond" truecount="2" falsecount="0"/>
        <line num="194" count="3" type="stmt"/>
        <line num="195" count="192" type="cond" truecount="1" falsecount="0"/>
        <line num="197" count="192" type="stmt"/>
        <line num="198" count="192" type="stmt"/>
        <line num="199" count="188" type="stmt"/>
        <line num="200" count="188" type="cond" truecount="1" falsecount="0"/>
        <line num="201" count="1" type="stmt"/>
        <line num="205" count="6" type="stmt"/>
        <line num="210" count="179" type="stmt"/>
        <line num="211" count="179" type="stmt"/>
        <line num="212" count="179" type="stmt"/>
        <line num="229" count="211" type="stmt"/>
        <line num="230" count="211" type="stmt"/>
        <line num="231" count="218" type="stmt"/>
        <line num="233" count="211" type="stmt"/>
        <line num="250" count="179" type="stmt"/>
        <line num="251" count="188" type="stmt"/>
        <line num="253" count="179" type="stmt"/>
        <line num="269" count="218" type="stmt"/>
        <line num="270" count="6" type="stmt"/>
        <line num="272" count="218" type="stmt"/>
        <line num="273" count="218" type="stmt"/>
        <line num="274" count="24" type="stmt"/>
        <line num="275" count="24" type="stmt"/>
        <line num="276" count="24" type="cond" truecount="2" falsecount="0"/>
        <line num="277" count="24" type="cond" truecount="1" falsecount="0"/>
        <line num="278" count="9" type="stmt"/>
        <line num="279" count="9" type="stmt"/>
        <line num="282" count="218" type="stmt"/>
        <line num="283" count="218" type="cond" truecount="3" falsecount="0"/>
        <line num="284" count="209" type="cond" truecount="2" falsecount="0"/>
        <line num="285" count="197" type="stmt"/>
        <line num="287" count="12" type="stmt"/>
        <line num="288" count="12" type="stmt"/>
        <line num="307" count="188" type="stmt"/>
        <line num="308" count="6" type="stmt"/>
        <line num="310" count="188" type="stmt"/>
        <line num="311" count="188" type="stmt"/>
        <line num="312" count="24" type="stmt"/>
        <line num="313" count="24" type="stmt"/>
        <line num="314" count="24" type="cond" truecount="2" falsecount="0"/>
        <line num="315" count="24" type="cond" truecount="1" falsecount="0"/>
        <line num="316" count="9" type="stmt"/>
        <line num="317" count="9" type="stmt"/>
        <line num="320" count="188" type="stmt"/>
        <line num="321" count="188" type="cond" truecount="3" falsecount="0"/>
        <line num="322" count="179" type="cond" truecount="2" falsecount="0"/>
        <line num="323" count="167" type="stmt"/>
        <line num="325" count="12" type="stmt"/>
        <line num="326" count="12" type="stmt"/>
      </file>
    </package>
    <package name="src.table.pool">
      <metrics statements="90" coveredstatements="89" conditionals="50" coveredconditionals="38" methods="19" coveredmethods="19"/>
      <file name="entry.ts" path="C:\Users\harry\web\htdocs\Ultra Loot Table\src\table\pool\entry.ts">
        <metrics statements="90" coveredstatements="89" conditionals="50" coveredconditionals="38" methods="19" coveredmethods="19"/>
        <line num="1" count="5" type="stmt"/>
        <line num="2" count="5" type="stmt"/>
        <line num="4" count="5" type="stmt"/>
        <line num="5" count="5" type="stmt"/>
        <line num="28" count="5" type="stmt"/>
        <line num="30" count="201" type="stmt"/>
        <line num="31" count="201" type="stmt"/>
        <line num="33" count="201" type="stmt"/>
        <line num="35" count="201" type="stmt"/>
        <line num="53" count="201" type="stmt"/>
        <line num="54" count="201" type="stmt"/>
        <line num="55" count="201" type="stmt"/>
        <line num="56" count="201" type="stmt"/>
        <line num="57" count="201" type="stmt"/>
        <line num="58" count="201" type="stmt"/>
        <line num="59" count="201" type="stmt"/>
        <line num="60" count="201" type="cond" truecount="1" falsecount="1"/>
        <line num="61" count="201" type="cond" truecount="1" falsecount="1"/>
        <line num="65" count="741" type="stmt"/>
        <line num="69" count="744" type="cond" truecount="1" falsecount="0"/>
        <line num="70" count="535" type="stmt"/>
        <line num="72" count="209" type="stmt"/>
        <line num="76" count="641" type="cond" truecount="2" falsecount="0"/>
        <line num="82" count="1" type="stmt"/>
        <line num="86" count="313" type="cond" truecount="0" falsecount="1"/>
        <line num="87" count="0" type="stmt"/>
        <line num="89" count="313" type="cond" truecount="2" falsecount="0"/>
        <line num="90" count="2" type="cond" truecount="1" falsecount="0"/>
        <line num="91" count="1" type="stmt"/>
        <line num="97" count="1" type="stmt"/>
        <line num="99" count="311" type="stmt"/>
        <line num="104" count="421" type="stmt"/>
        <line num="108" count="313" type="stmt"/>
        <line num="115" count="313" type="stmt"/>
        <line num="119" count="313" type="stmt"/>
        <line num="120" count="313" type="stmt"/>
        <line num="136" count="229" type="cond" truecount="2" falsecount="0"/>
        <line num="137" count="62" type="stmt"/>
        <line num="139" count="167" type="stmt"/>
        <line num="156" count="167" type="stmt"/>
        <line num="157" count="167" type="stmt"/>
        <line num="158" count="165" type="stmt"/>
        <line num="175" count="62" type="stmt"/>
        <line num="176" count="60" type="stmt"/>
        <line num="177" count="60" type="stmt"/>
        <line num="178" count="60" type="stmt"/>
        <line num="195" count="227" type="stmt"/>
        <line num="196" count="221" type="stmt"/>
        <line num="198" count="225" type="stmt"/>
        <line num="214" count="221" type="stmt"/>
        <line num="215" count="25" type="stmt"/>
        <line num="217" count="220" type="stmt"/>
        <line num="218" count="220" type="stmt"/>
        <line num="219" count="42" type="cond" truecount="2" falsecount="0"/>
        <line num="220" count="41" type="cond" truecount="1" falsecount="0"/>
        <line num="221" count="13" type="stmt"/>
        <line num="222" count="13" type="stmt"/>
        <line num="225" count="219" type="stmt"/>
        <line num="226" count="219" type="cond" truecount="3" falsecount="0"/>
        <line num="227" count="206" type="cond" truecount="2" falsecount="0"/>
        <line num="228" count="197" type="stmt"/>
        <line num="230" count="9" type="stmt"/>
        <line num="231" count="18" type="stmt"/>
        <line num="250" count="192" type="cond" truecount="2" falsecount="0"/>
        <line num="251" count="50" type="stmt"/>
        <line num="253" count="142" type="stmt"/>
        <line num="270" count="142" type="stmt"/>
        <line num="271" count="142" type="stmt"/>
        <line num="272" count="140" type="stmt"/>
        <line num="289" count="50" type="stmt"/>
        <line num="290" count="48" type="stmt"/>
        <line num="291" count="48" type="stmt"/>
        <line num="292" count="48" type="stmt"/>
        <line num="309" count="190" type="stmt"/>
        <line num="310" count="190" type="stmt"/>
        <line num="312" count="188" type="stmt"/>
        <line num="328" count="190" type="stmt"/>
        <line num="329" count="16" type="stmt"/>
        <line num="331" count="189" type="stmt"/>
        <line num="332" count="189" type="stmt"/>
        <line num="333" count="39" type="cond" truecount="2" falsecount="0"/>
        <line num="334" count="38" type="cond" truecount="1" falsecount="0"/>
        <line num="335" count="12" type="stmt"/>
        <line num="336" count="12" type="stmt"/>
        <line num="339" count="188" type="stmt"/>
        <line num="340" count="188" type="cond" truecount="3" falsecount="0"/>
        <line num="341" count="176" type="cond" truecount="4" falsecount="0"/>
        <line num="342" count="167" type="stmt"/>
        <line num="344" count="9" type="stmt"/>
        <line num="345" count="18" type="stmt"/>
      </file>
    </package>
    <package name="src.table.pool.entry">
      <metrics statements="38" coveredstatements="38" conditionals="12" coveredconditionals="10" methods="11" coveredmethods="11"/>
      <file name="result.ts" path="C:\Users\harry\web\htdocs\Ultra Loot Table\src\table\pool\entry\result.ts">
        <metrics statements="14" coveredstatements="14" conditionals="3" coveredconditionals="2" methods="6" coveredmethods="6"/>
        <line num="1" count="5" type="stmt"/>
        <line num="3" count="396" type="stmt"/>
        <line num="20" count="396" type="stmt"/>
        <line num="21" count="396" type="stmt"/>
        <line num="22" count="396" type="stmt"/>
        <line num="23" count="396" type="stmt"/>
        <line num="24" count="396" type="stmt"/>
        <line num="28" count="1" type="stmt"/>
        <line num="32" count="3" type="cond" truecount="1" falsecount="0"/>
        <line num="33" count="2" type="stmt"/>
        <line num="35" count="1" type="stmt"/>
        <line num="39" count="1" type="stmt"/>
        <line num="43" count="1" type="stmt"/>
        <line num="47" count="20" type="stmt"/>
      </file>
      <file name="results.ts" path="C:\Users\harry\web\htdocs\Ultra Loot Table\src\table\pool\entry\results.ts">
        <metrics statements="24" coveredstatements="24" conditionals="9" coveredconditionals="8" methods="5" coveredmethods="5"/>
        <line num="3" count="5" type="stmt"/>
        <line num="5" count="1201" type="cond" truecount="2" falsecount="0"/>
        <line num="6" count="878" type="cond" truecount="1" falsecount="1"/>
        <line num="7" count="878" type="stmt"/>
        <line num="8" count="1201" type="stmt"/>
        <line num="12" count="419" type="stmt"/>
        <line num="13" count="406" type="stmt"/>
        <line num="15" count="419" type="stmt"/>
        <line num="19" count="1" type="stmt"/>
        <line num="23" count="30" type="stmt"/>
        <line num="24" count="30" type="stmt"/>
        <line num="25" count="150" type="cond" truecount="1" falsecount="0"/>
        <line num="26" count="120" type="stmt"/>
        <line num="29" count="30" type="stmt"/>
        <line num="33" count="4" type="stmt"/>
        <line num="34" count="4" type="stmt"/>
        <line num="35" count="4" type="stmt"/>
        <line num="36" count="34" type="cond" truecount="2" falsecount="0"/>
        <line num="37" count="30" type="stmt"/>
        <line num="38" count="30" type="cond" truecount="2" falsecount="0"/>
        <line num="39" count="10" type="stmt"/>
        <line num="41" count="20" type="stmt"/>
        <line num="44" count="4" type="stmt"/>
        <line num="47" count="4" type="stmt"/>
      </file>
    </package>
  </project>
</coverage>
