{"C:\\Users\\harry\\web\\htdocs\\Ultra Loot Table\\src\\rng.ts": {"path":"C:\\Users\\harry\\web\\htdocs\\Ultra Loot Table\\src\\rng.ts","statementMap":{"0":{"start":{"line":1,"column":23},"end":{"line":1,"column":26}},"1":{"start":{"line":2,"column":40},"end":{"line":2,"column":44}},"2":{"start":{"line":76,"column":24},"end":{"line":76,"column":73}},"3":{"start":{"line":77,"column":30},"end":{"line":77,"column":69}},"4":{"start":{"line":78,"column":50},"end":{"line":78,"column":52}},"5":{"start":{"line":79,"column":50},"end":{"line":79,"column":52}},"6":{"start":{"line":97,"column":18},"end":{"line":97,"column":19}},"7":{"start":{"line":99,"column":4},"end":{"line":99,"column":23}},"8":{"start":{"line":103,"column":4},"end":{"line":103,"column":22}},"9":{"start":{"line":107,"column":4},"end":{"line":107,"column":38}},"10":{"start":{"line":111,"column":4},"end":{"line":118,"column":5}},"11":{"start":{"line":112,"column":6},"end":{"line":114,"column":7}},"12":{"start":{"line":113,"column":8},"end":{"line":113,"column":48}},"13":{"start":{"line":115,"column":6},"end":{"line":115,"column":24}},"14":{"start":{"line":117,"column":6},"end":{"line":117,"column":64}},"15":{"start":{"line":119,"column":4},"end":{"line":119,"column":16}},"16":{"start":{"line":123,"column":4},"end":{"line":123,"column":23}},"17":{"start":{"line":124,"column":4},"end":{"line":124,"column":16}},"18":{"start":{"line":128,"column":4},"end":{"line":130,"column":6}},"19":{"start":{"line":134,"column":28},"end":{"line":134,"column":55}},"20":{"start":{"line":135,"column":16},"end":{"line":135,"column":48}},"21":{"start":{"line":136,"column":4},"end":{"line":136,"column":33}},"22":{"start":{"line":137,"column":4},"end":{"line":137,"column":15}},"23":{"start":{"line":141,"column":28},"end":{"line":141,"column":55}},"24":{"start":{"line":142,"column":35},"end":{"line":142,"column":56}},"25":{"start":{"line":143,"column":4},"end":{"line":143,"column":19}},"26":{"start":{"line":147,"column":4},"end":{"line":147,"column":26}},"27":{"start":{"line":151,"column":15},"end":{"line":151,"column":16}},"28":{"start":{"line":154,"column":4},"end":{"line":154,"column":38}},"29":{"start":{"line":154,"column":26},"end":{"line":154,"column":38}},"30":{"start":{"line":155,"column":4},"end":{"line":159,"column":5}},"31":{"start":{"line":156,"column":6},"end":{"line":156,"column":30}},"32":{"start":{"line":157,"column":6},"end":{"line":157,"column":40}},"33":{"start":{"line":158,"column":6},"end":{"line":158,"column":16}},"34":{"start":{"line":160,"column":4},"end":{"line":160,"column":16}},"35":{"start":{"line":164,"column":4},"end":{"line":166,"column":5}},"36":{"start":{"line":165,"column":6},"end":{"line":165,"column":35}},"37":{"start":{"line":167,"column":16},"end":{"line":167,"column":33}},"38":{"start":{"line":168,"column":4},"end":{"line":168,"column":32}},"39":{"start":{"line":169,"column":4},"end":{"line":169,"column":15}},"40":{"start":{"line":173,"column":4},"end":{"line":173,"column":25}},"41":{"start":{"line":177,"column":4},"end":{"line":177,"column":36}},"42":{"start":{"line":181,"column":4},"end":{"line":181,"column":44}},"43":{"start":{"line":185,"column":19},"end":{"line":185,"column":31}},"44":{"start":{"line":186,"column":4},"end":{"line":186,"column":36}},"45":{"start":{"line":191,"column":4},"end":{"line":191,"column":50}},"46":{"start":{"line":195,"column":4},"end":{"line":195,"column":58}},"47":{"start":{"line":196,"column":15},"end":{"line":196,"column":29}},"48":{"start":{"line":197,"column":4},"end":{"line":201,"column":5}},"49":{"start":{"line":198,"column":6},"end":{"line":198,"column":53}},"50":{"start":{"line":200,"column":6},"end":{"line":200,"column":48}},"51":{"start":{"line":202,"column":4},"end":{"line":202,"column":55}},"52":{"start":{"line":207,"column":16},"end":{"line":207,"column":56}},"53":{"start":{"line":208,"column":15},"end":{"line":208,"column":66}},"54":{"start":{"line":209,"column":4},"end":{"line":209,"column":88}},"55":{"start":{"line":214,"column":27},"end":{"line":214,"column":29}},"56":{"start":{"line":215,"column":21},"end":{"line":215,"column":85}},"57":{"start":{"line":216,"column":17},"end":{"line":216,"column":19}},"58":{"start":{"line":217,"column":4},"end":{"line":219,"column":5}},"59":{"start":{"line":217,"column":17},"end":{"line":217,"column":18}},"60":{"start":{"line":218,"column":6},"end":{"line":218,"column":48}},"61":{"start":{"line":220,"column":4},"end":{"line":220,"column":24}},"62":{"start":{"line":224,"column":4},"end":{"line":224,"column":58}},"63":{"start":{"line":225,"column":15},"end":{"line":225,"column":29}},"64":{"start":{"line":226,"column":4},"end":{"line":230,"column":5}},"65":{"start":{"line":227,"column":6},"end":{"line":227,"column":53}},"66":{"start":{"line":229,"column":6},"end":{"line":229,"column":48}},"67":{"start":{"line":231,"column":4},"end":{"line":231,"column":42}},"68":{"start":{"line":235,"column":4},"end":{"line":235,"column":88}},"69":{"start":{"line":235,"column":22},"end":{"line":235,"column":88}},"70":{"start":{"line":236,"column":4},"end":{"line":236,"column":85}},"71":{"start":{"line":236,"column":22},"end":{"line":236,"column":85}},"72":{"start":{"line":238,"column":4},"end":{"line":238,"column":42}},"73":{"start":{"line":239,"column":4},"end":{"line":239,"column":44}},"74":{"start":{"line":243,"column":4},"end":{"line":243,"column":95}},"75":{"start":{"line":243,"column":34},"end":{"line":243,"column":95}},"76":{"start":{"line":244,"column":4},"end":{"line":244,"column":41}},"77":{"start":{"line":248,"column":4},"end":{"line":248,"column":43}},"78":{"start":{"line":253,"column":4},"end":{"line":255,"column":5}},"79":{"start":{"line":254,"column":6},"end":{"line":254,"column":132}},"80":{"start":{"line":256,"column":14},"end":{"line":256,"column":30}},"81":{"start":{"line":257,"column":4},"end":{"line":257,"column":27}},"82":{"start":{"line":258,"column":4},"end":{"line":264,"column":5}},"83":{"start":{"line":259,"column":6},"end":{"line":259,"column":42}},"84":{"start":{"line":261,"column":6},"end":{"line":263,"column":7}},"85":{"start":{"line":262,"column":8},"end":{"line":262,"column":72}},"86":{"start":{"line":266,"column":4},"end":{"line":270,"column":5}},"87":{"start":{"line":267,"column":6},"end":{"line":267,"column":51}},"88":{"start":{"line":269,"column":6},"end":{"line":269,"column":46}},"89":{"start":{"line":272,"column":4},"end":{"line":285,"column":5}},"90":{"start":{"line":273,"column":6},"end":{"line":273,"column":15}},"91":{"start":{"line":274,"column":6},"end":{"line":280,"column":7}},"92":{"start":{"line":275,"column":8},"end":{"line":275,"column":25}},"93":{"start":{"line":276,"column":8},"end":{"line":276,"column":19}},"94":{"start":{"line":278,"column":8},"end":{"line":278,"column":23}},"95":{"start":{"line":279,"column":8},"end":{"line":279,"column":22}},"96":{"start":{"line":282,"column":6},"end":{"line":282,"column":21}},"97":{"start":{"line":283,"column":6},"end":{"line":283,"column":20}},"98":{"start":{"line":284,"column":6},"end":{"line":284,"column":32}},"99":{"start":{"line":287,"column":4},"end":{"line":289,"column":5}},"100":{"start":{"line":288,"column":6},"end":{"line":288,"column":70}},"101":{"start":{"line":296,"column":4},"end":{"line":298,"column":5}},"102":{"start":{"line":297,"column":6},"end":{"line":297,"column":31}},"103":{"start":{"line":299,"column":4},"end":{"line":301,"column":5}},"104":{"start":{"line":300,"column":6},"end":{"line":300,"column":31}},"105":{"start":{"line":302,"column":4},"end":{"line":302,"column":15}},"106":{"start":{"line":307,"column":14},"end":{"line":307,"column":32}},"107":{"start":{"line":308,"column":14},"end":{"line":308,"column":28}},"108":{"start":{"line":309,"column":14},"end":{"line":309,"column":73}},"109":{"start":{"line":311,"column":4},"end":{"line":311,"column":29}},"110":{"start":{"line":315,"column":4},"end":{"line":317,"column":5}},"111":{"start":{"line":316,"column":6},"end":{"line":316,"column":31}},"112":{"start":{"line":318,"column":4},"end":{"line":320,"column":5}},"113":{"start":{"line":319,"column":6},"end":{"line":319,"column":29}},"114":{"start":{"line":321,"column":4},"end":{"line":321,"column":30}},"115":{"start":{"line":325,"column":4},"end":{"line":327,"column":5}},"116":{"start":{"line":326,"column":6},"end":{"line":326,"column":30}},"117":{"start":{"line":328,"column":4},"end":{"line":350,"column":5}},"118":{"start":{"line":329,"column":6},"end":{"line":349,"column":7}},"119":{"start":{"line":331,"column":10},"end":{"line":331,"column":36}},"120":{"start":{"line":332,"column":10},"end":{"line":332,"column":16}},"121":{"start":{"line":334,"column":10},"end":{"line":334,"column":48}},"122":{"start":{"line":335,"column":10},"end":{"line":335,"column":16}},"123":{"start":{"line":337,"column":10},"end":{"line":341,"column":12}},"124":{"start":{"line":342,"column":10},"end":{"line":342,"column":16}},"125":{"start":{"line":344,"column":10},"end":{"line":348,"column":12}},"126":{"start":{"line":351,"column":4},"end":{"line":353,"column":5}},"127":{"start":{"line":352,"column":6},"end":{"line":352,"column":19}},"128":{"start":{"line":354,"column":4},"end":{"line":354,"column":53}},"129":{"start":{"line":358,"column":4},"end":{"line":360,"column":5}},"130":{"start":{"line":359,"column":6},"end":{"line":359,"column":33}},"131":{"start":{"line":361,"column":4},"end":{"line":363,"column":5}},"132":{"start":{"line":362,"column":6},"end":{"line":362,"column":19}},"133":{"start":{"line":364,"column":4},"end":{"line":385,"column":5}},"134":{"start":{"line":365,"column":6},"end":{"line":371,"column":7}},"135":{"start":{"line":366,"column":8},"end":{"line":370,"column":9}},"136":{"start":{"line":369,"column":10},"end":{"line":369,"column":32}},"137":{"start":{"line":372,"column":6},"end":{"line":384,"column":7}},"138":{"start":{"line":374,"column":10},"end":{"line":374,"column":55}},"139":{"start":{"line":375,"column":10},"end":{"line":375,"column":16}},"140":{"start":{"line":377,"column":10},"end":{"line":377,"column":55}},"141":{"start":{"line":378,"column":10},"end":{"line":378,"column":16}},"142":{"start":{"line":380,"column":10},"end":{"line":380,"column":32}},"143":{"start":{"line":381,"column":10},"end":{"line":381,"column":16}},"144":{"start":{"line":383,"column":10},"end":{"line":383,"column":32}},"145":{"start":{"line":389,"column":4},"end":{"line":391,"column":5}},"146":{"start":{"line":390,"column":6},"end":{"line":390,"column":33}},"147":{"start":{"line":392,"column":4},"end":{"line":394,"column":5}},"148":{"start":{"line":393,"column":6},"end":{"line":393,"column":19}},"149":{"start":{"line":395,"column":4},"end":{"line":416,"column":5}},"150":{"start":{"line":396,"column":6},"end":{"line":402,"column":7}},"151":{"start":{"line":397,"column":8},"end":{"line":401,"column":9}},"152":{"start":{"line":400,"column":10},"end":{"line":400,"column":32}},"153":{"start":{"line":403,"column":6},"end":{"line":415,"column":7}},"154":{"start":{"line":405,"column":10},"end":{"line":405,"column":55}},"155":{"start":{"line":406,"column":10},"end":{"line":406,"column":16}},"156":{"start":{"line":408,"column":10},"end":{"line":408,"column":55}},"157":{"start":{"line":409,"column":10},"end":{"line":409,"column":16}},"158":{"start":{"line":411,"column":10},"end":{"line":411,"column":32}},"159":{"start":{"line":412,"column":10},"end":{"line":412,"column":16}},"160":{"start":{"line":414,"column":10},"end":{"line":414,"column":32}},"161":{"start":{"line":420,"column":4},"end":{"line":420,"column":37}},"162":{"start":{"line":432,"column":16},"end":{"line":432,"column":17}},"163":{"start":{"line":434,"column":4},"end":{"line":447,"column":5}},"164":{"start":{"line":436,"column":6},"end":{"line":438,"column":7}},"165":{"start":{"line":437,"column":8},"end":{"line":437,"column":20}},"166":{"start":{"line":439,"column":6},"end":{"line":441,"column":7}},"167":{"start":{"line":440,"column":8},"end":{"line":440,"column":23}},"168":{"start":{"line":442,"column":41},"end":{"line":442,"column":50}},"169":{"start":{"line":443,"column":6},"end":{"line":445,"column":9}},"170":{"start":{"line":444,"column":8},"end":{"line":444,"column":26}},"171":{"start":{"line":446,"column":6},"end":{"line":446,"column":42}},"172":{"start":{"line":449,"column":4},"end":{"line":475,"column":5}},"173":{"start":{"line":451,"column":6},"end":{"line":453,"column":7}},"174":{"start":{"line":452,"column":8},"end":{"line":452,"column":20}},"175":{"start":{"line":454,"column":6},"end":{"line":456,"column":7}},"176":{"start":{"line":455,"column":8},"end":{"line":455,"column":40}},"177":{"start":{"line":457,"column":6},"end":{"line":459,"column":9}},"178":{"start":{"line":458,"column":8},"end":{"line":458,"column":23}},"179":{"start":{"line":462,"column":22},"end":{"line":462,"column":39}},"180":{"start":{"line":463,"column":6},"end":{"line":465,"column":7}},"181":{"start":{"line":464,"column":8},"end":{"line":464,"column":20}},"182":{"start":{"line":466,"column":6},"end":{"line":468,"column":7}},"183":{"start":{"line":467,"column":8},"end":{"line":467,"column":26}},"184":{"start":{"line":469,"column":6},"end":{"line":474,"column":7}},"185":{"start":{"line":470,"column":8},"end":{"line":472,"column":9}},"186":{"start":{"line":471,"column":10},"end":{"line":471,"column":60}},"187":{"start":{"line":473,"column":8},"end":{"line":473,"column":26}},"188":{"start":{"line":476,"column":19},"end":{"line":476,"column":41}},"189":{"start":{"line":478,"column":15},"end":{"line":478,"column":16}},"190":{"start":{"line":479,"column":4},"end":{"line":493,"column":5}},"191":{"start":{"line":480,"column":6},"end":{"line":485,"column":7}},"192":{"start":{"line":481,"column":8},"end":{"line":481,"column":22}},"193":{"start":{"line":482,"column":8},"end":{"line":484,"column":9}},"194":{"start":{"line":483,"column":10},"end":{"line":483,"column":20}},"195":{"start":{"line":487,"column":6},"end":{"line":492,"column":7}},"196":{"start":{"line":488,"column":8},"end":{"line":488,"column":25}},"197":{"start":{"line":489,"column":8},"end":{"line":491,"column":9}},"198":{"start":{"line":490,"column":10},"end":{"line":490,"column":20}},"199":{"start":{"line":497,"column":4},"end":{"line":497,"column":14}},"200":{"start":{"line":501,"column":4},"end":{"line":503,"column":5}},"201":{"start":{"line":502,"column":6},"end":{"line":502,"column":60}},"202":{"start":{"line":504,"column":4},"end":{"line":506,"column":5}},"203":{"start":{"line":505,"column":6},"end":{"line":505,"column":37}},"204":{"start":{"line":507,"column":4},"end":{"line":515,"column":5}},"205":{"start":{"line":508,"column":6},"end":{"line":514,"column":7}},"206":{"start":{"line":509,"column":8},"end":{"line":509,"column":25}},"207":{"start":{"line":511,"column":8},"end":{"line":511,"column":16}},"208":{"start":{"line":512,"column":8},"end":{"line":512,"column":22}},"209":{"start":{"line":513,"column":8},"end":{"line":513,"column":16}},"210":{"start":{"line":516,"column":4},"end":{"line":516,"column":26}},"211":{"start":{"line":520,"column":28},"end":{"line":520,"column":55}},"212":{"start":{"line":521,"column":4},"end":{"line":521,"column":null}},"213":{"start":{"line":526,"column":4},"end":{"line":546,"column":5}},"214":{"start":{"line":527,"column":6},"end":{"line":545,"column":7}},"215":{"start":{"line":528,"column":23},"end":{"line":528,"column":61}},"216":{"start":{"line":529,"column":8},"end":{"line":535,"column":9}},"217":{"start":{"line":530,"column":10},"end":{"line":534,"column":12}},"218":{"start":{"line":536,"column":13},"end":{"line":545,"column":7}},"219":{"start":{"line":537,"column":23},"end":{"line":537,"column":67}},"220":{"start":{"line":538,"column":8},"end":{"line":544,"column":9}},"221":{"start":{"line":539,"column":10},"end":{"line":543,"column":12}},"222":{"start":{"line":547,"column":4},"end":{"line":547,"column":29}},"223":{"start":{"line":551,"column":4},"end":{"line":551,"column":54}},"224":{"start":{"line":552,"column":4},"end":{"line":552,"column":26}},"225":{"start":{"line":556,"column":4},"end":{"line":556,"column":54}},"226":{"start":{"line":557,"column":4},"end":{"line":557,"column":20}},"227":{"start":{"line":561,"column":4},"end":{"line":561,"column":54}},"228":{"start":{"line":562,"column":4},"end":{"line":574,"column":5}},"229":{"start":{"line":563,"column":17},"end":{"line":563,"column":31}},"230":{"start":{"line":564,"column":19},"end":{"line":564,"column":33}},"231":{"start":{"line":565,"column":6},"end":{"line":567,"column":7}},"232":{"start":{"line":566,"column":8},"end":{"line":566,"column":24}},"233":{"start":{"line":568,"column":16},"end":{"line":568,"column":25}},"234":{"start":{"line":569,"column":6},"end":{"line":572,"column":7}},"235":{"start":{"line":570,"column":8},"end":{"line":570,"column":37}},"236":{"start":{"line":571,"column":8},"end":{"line":571,"column":15}},"237":{"start":{"line":573,"column":6},"end":{"line":573,"column":17}},"238":{"start":{"line":575,"column":4},"end":{"line":575,"column":55}},"239":{"start":{"line":579,"column":28},"end":{"line":579,"column":55}},"240":{"start":{"line":580,"column":4},"end":{"line":580,"column":47}},"241":{"start":{"line":584,"column":4},"end":{"line":586,"column":5}},"242":{"start":{"line":585,"column":6},"end":{"line":585,"column":48}},"243":{"start":{"line":587,"column":4},"end":{"line":589,"column":5}},"244":{"start":{"line":588,"column":6},"end":{"line":588,"column":48}},"245":{"start":{"line":590,"column":4},"end":{"line":590,"column":18}},"246":{"start":{"line":594,"column":19},"end":{"line":594,"column":28}},"247":{"start":{"line":595,"column":4},"end":{"line":595,"column":89}},"248":{"start":{"line":96,"column":0},"end":{"line":96,"column":22}},"249":{"start":{"line":602,"column":17},"end":{"line":602,"column":18}},"250":{"start":{"line":604,"column":4},"end":{"line":604,"column":16}},"251":{"start":{"line":605,"column":4},"end":{"line":605,"column":28}},"252":{"start":{"line":606,"column":4},"end":{"line":606,"column":26}},"253":{"start":{"line":610,"column":4},"end":{"line":614,"column":6}},"254":{"start":{"line":618,"column":14},"end":{"line":618,"column":31}},"255":{"start":{"line":619,"column":4},"end":{"line":621,"column":26}},"256":{"start":{"line":625,"column":16},"end":{"line":625,"column":26}},"257":{"start":{"line":626,"column":4},"end":{"line":626,"column":33}},"258":{"start":{"line":627,"column":4},"end":{"line":627,"column":32}},"259":{"start":{"line":628,"column":4},"end":{"line":628,"column":32}},"260":{"start":{"line":629,"column":4},"end":{"line":629,"column":30}},"261":{"start":{"line":630,"column":4},"end":{"line":630,"column":15}},"262":{"start":{"line":634,"column":4},"end":{"line":634,"column":18}},"263":{"start":{"line":635,"column":4},"end":{"line":635,"column":26}},"264":{"start":{"line":636,"column":4},"end":{"line":636,"column":16}},"265":{"start":{"line":640,"column":4},"end":{"line":640,"column":79}},"266":{"start":{"line":641,"column":4},"end":{"line":641,"column":91}},"267":{"start":{"line":642,"column":17},"end":{"line":642,"column":66}},"268":{"start":{"line":643,"column":4},"end":{"line":643,"column":25}},"269":{"start":{"line":644,"column":4},"end":{"line":644,"column":24}},"270":{"start":{"line":599,"column":0},"end":{"line":599,"column":21}}},"fnMap":{"0":{"name":"(anonymous_0)","decl":{"start":{"line":98,"column":2},"end":{"line":98,"column":15}},"loc":{"start":{"line":98,"column":27},"end":{"line":100,"column":3}}},"1":{"name":"(anonymous_1)","decl":{"start":{"line":102,"column":9},"end":{"line":102,"column":16}},"loc":{"start":{"line":102,"column":16},"end":{"line":104,"column":3}}},"2":{"name":"(anonymous_2)","decl":{"start":{"line":106,"column":9},"end":{"line":106,"column":15}},"loc":{"start":{"line":106,"column":36},"end":{"line":108,"column":3}}},"3":{"name":"(anonymous_3)","decl":{"start":{"line":110,"column":12},"end":{"line":110,"column":19}},"loc":{"start":{"line":110,"column":33},"end":{"line":120,"column":3}}},"4":{"name":"(anonymous_4)","decl":{"start":{"line":122,"column":9},"end":{"line":122,"column":13}},"loc":{"start":{"line":122,"column":26},"end":{"line":125,"column":3}}},"5":{"name":"(anonymous_5)","decl":{"start":{"line":127,"column":9},"end":{"line":127,"column":18}},"loc":{"start":{"line":127,"column":18},"end":{"line":131,"column":3}}},"6":{"name":"(anonymous_6)","decl":{"start":{"line":133,"column":9},"end":{"line":133,"column":15}},"loc":{"start":{"line":133,"column":55},"end":{"line":138,"column":3}}},"7":{"name":"(anonymous_7)","decl":{"start":{"line":140,"column":9},"end":{"line":140,"column":20}},"loc":{"start":{"line":140,"column":34},"end":{"line":144,"column":3}}},"8":{"name":"(anonymous_8)","decl":{"start":{"line":146,"column":9},"end":{"line":146,"column":15}},"loc":{"start":{"line":146,"column":90},"end":{"line":148,"column":3}}},"9":{"name":"(anonymous_9)","decl":{"start":{"line":150,"column":9},"end":{"line":150,"column":16}},"loc":{"start":{"line":150,"column":30},"end":{"line":161,"column":3}}},"10":{"name":"(anonymous_10)","decl":{"start":{"line":163,"column":9},"end":{"line":163,"column":30}},"loc":{"start":{"line":163,"column":44},"end":{"line":170,"column":3}}},"11":{"name":"(anonymous_11)","decl":{"start":{"line":172,"column":12},"end":{"line":172,"column":19}},"loc":{"start":{"line":172,"column":19},"end":{"line":174,"column":3}}},"12":{"name":"(anonymous_12)","decl":{"start":{"line":176,"column":9},"end":{"line":176,"column":19}},"loc":{"start":{"line":176,"column":19},"end":{"line":178,"column":3}}},"13":{"name":"(anonymous_13)","decl":{"start":{"line":180,"column":9},"end":{"line":180,"column":15}},"loc":{"start":{"line":180,"column":70},"end":{"line":182,"column":3}}},"14":{"name":"(anonymous_14)","decl":{"start":{"line":184,"column":9},"end":{"line":184,"column":15}},"loc":{"start":{"line":184,"column":50},"end":{"line":187,"column":3}}},"15":{"name":"(anonymous_15)","decl":{"start":{"line":190,"column":9},"end":{"line":190,"column":17}},"loc":{"start":{"line":190,"column":45},"end":{"line":192,"column":3}}},"16":{"name":"(anonymous_16)","decl":{"start":{"line":194,"column":9},"end":{"line":194,"column":16}},"loc":{"start":{"line":194,"column":44},"end":{"line":203,"column":3}}},"17":{"name":"(anonymous_17)","decl":{"start":{"line":206,"column":9},"end":{"line":206,"column":15}},"loc":{"start":{"line":206,"column":63},"end":{"line":210,"column":3}}},"18":{"name":"(anonymous_18)","decl":{"start":{"line":213,"column":9},"end":{"line":213,"column":16}},"loc":{"start":{"line":213,"column":33},"end":{"line":221,"column":3}}},"19":{"name":"(anonymous_19)","decl":{"start":{"line":223,"column":9},"end":{"line":223,"column":20}},"loc":{"start":{"line":223,"column":75},"end":{"line":232,"column":3}}},"20":{"name":"(anonymous_20)","decl":{"start":{"line":234,"column":9},"end":{"line":234,"column":14}},"loc":{"start":{"line":234,"column":90},"end":{"line":240,"column":3}}},"21":{"name":"(anonymous_21)","decl":{"start":{"line":242,"column":9},"end":{"line":242,"column":18}},"loc":{"start":{"line":242,"column":60},"end":{"line":245,"column":3}}},"22":{"name":"(anonymous_22)","decl":{"start":{"line":247,"column":9},"end":{"line":247,"column":42}},"loc":{"start":{"line":247,"column":42},"end":{"line":249,"column":3}}},"23":{"name":"(anonymous_23)","decl":{"start":{"line":252,"column":9},"end":{"line":252,"column":15}},"loc":{"start":{"line":252,"column":86},"end":{"line":303,"column":3}}},"24":{"name":"(anonymous_24)","decl":{"start":{"line":306,"column":9},"end":{"line":306,"column":18}},"loc":{"start":{"line":306,"column":58},"end":{"line":312,"column":3}}},"25":{"name":"(anonymous_25)","decl":{"start":{"line":314,"column":9},"end":{"line":314,"column":18}},"loc":{"start":{"line":314,"column":34},"end":{"line":322,"column":3}}},"26":{"name":"(anonymous_26)","decl":{"start":{"line":324,"column":9},"end":{"line":324,"column":15}},"loc":{"start":{"line":324,"column":31},"end":{"line":355,"column":3}}},"27":{"name":"(anonymous_27)","decl":{"start":{"line":357,"column":9},"end":{"line":357,"column":15}},"loc":{"start":{"line":357,"column":41},"end":{"line":386,"column":3}}},"28":{"name":"(anonymous_28)","decl":{"start":{"line":388,"column":9},"end":{"line":388,"column":15}},"loc":{"start":{"line":388,"column":41},"end":{"line":417,"column":3}}},"29":{"name":"(anonymous_29)","decl":{"start":{"line":419,"column":9},"end":{"line":419,"column":15}},"loc":{"start":{"line":419,"column":34},"end":{"line":421,"column":3}}},"30":{"name":"(anonymous_30)","decl":{"start":{"line":431,"column":9},"end":{"line":431,"column":23}},"loc":{"start":{"line":431,"column":83},"end":{"line":498,"column":3}}},"31":{"name":"(anonymous_31)","decl":{"start":{"line":443,"column":19},"end":{"line":443,"column":29}},"loc":{"start":{"line":443,"column":30},"end":{"line":445,"column":7}}},"32":{"name":"(anonymous_32)","decl":{"start":{"line":457,"column":19},"end":{"line":457,"column":20}},"loc":{"start":{"line":457,"column":34},"end":{"line":459,"column":7}}},"33":{"name":"(anonymous_33)","decl":{"start":{"line":500,"column":12},"end":{"line":500,"column":18}},"loc":{"start":{"line":500,"column":117},"end":{"line":517,"column":3}}},"34":{"name":"(anonymous_34)","decl":{"start":{"line":519,"column":9},"end":{"line":519,"column":22}},"loc":{"start":{"line":519,"column":107},"end":{"line":522,"column":3}}},"35":{"name":"(anonymous_35)","decl":{"start":{"line":524,"column":9},"end":{"line":524,"column":15}},"loc":{"start":{"line":524,"column":48},"end":{"line":548,"column":3}}},"36":{"name":"(anonymous_36)","decl":{"start":{"line":550,"column":9},"end":{"line":550,"column":15}},"loc":{"start":{"line":550,"column":108},"end":{"line":553,"column":3}}},"37":{"name":"(anonymous_37)","decl":{"start":{"line":555,"column":9},"end":{"line":555,"column":15}},"loc":{"start":{"line":555,"column":108},"end":{"line":558,"column":3}}},"38":{"name":"(anonymous_38)","decl":{"start":{"line":560,"column":9},"end":{"line":560,"column":13}},"loc":{"start":{"line":560,"column":98},"end":{"line":576,"column":3}}},"39":{"name":"(anonymous_39)","decl":{"start":{"line":578,"column":9},"end":{"line":578,"column":24}},"loc":{"start":{"line":578,"column":41},"end":{"line":581,"column":3}}},"40":{"name":"(anonymous_40)","decl":{"start":{"line":583,"column":9},"end":{"line":583,"column":14}},"loc":{"start":{"line":583,"column":63},"end":{"line":591,"column":3}}},"41":{"name":"(anonymous_41)","decl":{"start":{"line":593,"column":9},"end":{"line":593,"column":12}},"loc":{"start":{"line":593,"column":69},"end":{"line":596,"column":3}}},"42":{"name":"(anonymous_42)","decl":{"start":{"line":603,"column":2},"end":{"line":603,"column":15}},"loc":{"start":{"line":603,"column":27},"end":{"line":607,"column":3}}},"43":{"name":"(anonymous_43)","decl":{"start":{"line":609,"column":9},"end":{"line":609,"column":18}},"loc":{"start":{"line":609,"column":18},"end":{"line":615,"column":3}}},"44":{"name":"(anonymous_44)","decl":{"start":{"line":617,"column":9},"end":{"line":617,"column":15}},"loc":{"start":{"line":617,"column":27},"end":{"line":622,"column":3}}},"45":{"name":"(anonymous_45)","decl":{"start":{"line":624,"column":9},"end":{"line":624,"column":15}},"loc":{"start":{"line":624,"column":55},"end":{"line":631,"column":3}}},"46":{"name":"(anonymous_46)","decl":{"start":{"line":633,"column":9},"end":{"line":633,"column":13}},"loc":{"start":{"line":633,"column":24},"end":{"line":637,"column":3}}},"47":{"name":"(anonymous_47)","decl":{"start":{"line":639,"column":12},"end":{"line":639,"column":19}},"loc":{"start":{"line":639,"column":19},"end":{"line":645,"column":3}}}},"branchMap":{"0":{"loc":{"start":{"line":111,"column":4},"end":{"line":118,"column":5}},"type":"if","locations":[{"start":{"line":111,"column":4},"end":{"line":118,"column":5}},{"start":{"line":116,"column":11},"end":{"line":118,"column":5}}]},"1":{"loc":{"start":{"line":111,"column":8},"end":{"line":111,"column":52}},"type":"binary-expr","locations":[{"start":{"line":111,"column":8},"end":{"line":111,"column":35}},{"start":{"line":111,"column":39},"end":{"line":111,"column":52}}]},"2":{"loc":{"start":{"line":112,"column":6},"end":{"line":114,"column":7}},"type":"if","locations":[{"start":{"line":112,"column":6},"end":{"line":114,"column":7}}]},"3":{"loc":{"start":{"line":154,"column":4},"end":{"line":154,"column":38}},"type":"if","locations":[{"start":{"line":154,"column":4},"end":{"line":154,"column":38}}]},"4":{"loc":{"start":{"line":164,"column":4},"end":{"line":166,"column":5}},"type":"if","locations":[{"start":{"line":164,"column":4},"end":{"line":166,"column":5}}]},"5":{"loc":{"start":{"line":180,"column":17},"end":{"line":180,"column":34}},"type":"default-arg","locations":[{"start":{"line":180,"column":33},"end":{"line":180,"column":34}}]},"6":{"loc":{"start":{"line":180,"column":36},"end":{"line":180,"column":51}},"type":"default-arg","locations":[{"start":{"line":180,"column":50},"end":{"line":180,"column":51}}]},"7":{"loc":{"start":{"line":180,"column":53},"end":{"line":180,"column":70}},"type":"default-arg","locations":[{"start":{"line":180,"column":69},"end":{"line":180,"column":70}}]},"8":{"loc":{"start":{"line":184,"column":29},"end":{"line":184,"column":50}},"type":"default-arg","locations":[{"start":{"line":184,"column":49},"end":{"line":184,"column":50}}]},"9":{"loc":{"start":{"line":194,"column":18},"end":{"line":194,"column":26}},"type":"default-arg","locations":[{"start":{"line":194,"column":25},"end":{"line":194,"column":26}}]},"10":{"loc":{"start":{"line":194,"column":28},"end":{"line":194,"column":34}},"type":"default-arg","locations":[{"start":{"line":194,"column":33},"end":{"line":194,"column":34}}]},"11":{"loc":{"start":{"line":194,"column":36},"end":{"line":194,"column":44}},"type":"default-arg","locations":[{"start":{"line":194,"column":43},"end":{"line":194,"column":44}}]},"12":{"loc":{"start":{"line":197,"column":4},"end":{"line":201,"column":5}},"type":"if","locations":[{"start":{"line":197,"column":4},"end":{"line":201,"column":5}},{"start":{"line":199,"column":11},"end":{"line":201,"column":5}}]},"13":{"loc":{"start":{"line":206,"column":17},"end":{"line":206,"column":37}},"type":"default-arg","locations":[{"start":{"line":206,"column":35},"end":{"line":206,"column":37}}]},"14":{"loc":{"start":{"line":206,"column":39},"end":{"line":206,"column":63}},"type":"default-arg","locations":[{"start":{"line":206,"column":58},"end":{"line":206,"column":63}}]},"15":{"loc":{"start":{"line":209,"column":28},"end":{"line":209,"column":85}},"type":"cond-expr","locations":[{"start":{"line":209,"column":37},"end":{"line":209,"column":80}},{"start":{"line":209,"column":83},"end":{"line":209,"column":85}}]},"16":{"loc":{"start":{"line":213,"column":18},"end":{"line":213,"column":33}},"type":"default-arg","locations":[{"start":{"line":213,"column":32},"end":{"line":213,"column":33}}]},"17":{"loc":{"start":{"line":223,"column":22},"end":{"line":223,"column":39}},"type":"default-arg","locations":[{"start":{"line":223,"column":38},"end":{"line":223,"column":39}}]},"18":{"loc":{"start":{"line":223,"column":41},"end":{"line":223,"column":56}},"type":"default-arg","locations":[{"start":{"line":223,"column":55},"end":{"line":223,"column":56}}]},"19":{"loc":{"start":{"line":223,"column":58},"end":{"line":223,"column":75}},"type":"default-arg","locations":[{"start":{"line":223,"column":74},"end":{"line":223,"column":75}}]},"20":{"loc":{"start":{"line":226,"column":4},"end":{"line":230,"column":5}},"type":"if","locations":[{"start":{"line":226,"column":4},"end":{"line":230,"column":5}},{"start":{"line":228,"column":11},"end":{"line":230,"column":5}}]},"21":{"loc":{"start":{"line":234,"column":58},"end":{"line":234,"column":73}},"type":"default-arg","locations":[{"start":{"line":234,"column":72},"end":{"line":234,"column":73}}]},"22":{"loc":{"start":{"line":234,"column":75},"end":{"line":234,"column":90}},"type":"default-arg","locations":[{"start":{"line":234,"column":89},"end":{"line":234,"column":90}}]},"23":{"loc":{"start":{"line":235,"column":4},"end":{"line":235,"column":88}},"type":"if","locations":[{"start":{"line":235,"column":4},"end":{"line":235,"column":88}}]},"24":{"loc":{"start":{"line":236,"column":4},"end":{"line":236,"column":85}},"type":"if","locations":[{"start":{"line":236,"column":4},"end":{"line":236,"column":85}}]},"25":{"loc":{"start":{"line":243,"column":4},"end":{"line":243,"column":95}},"type":"if","locations":[{"start":{"line":243,"column":4},"end":{"line":243,"column":95}}]},"26":{"loc":{"start":{"line":243,"column":8},"end":{"line":243,"column":32}},"type":"binary-expr","locations":[{"start":{"line":243,"column":8},"end":{"line":243,"column":18}},{"start":{"line":243,"column":22},"end":{"line":243,"column":32}}]},"27":{"loc":{"start":{"line":252,"column":17},"end":{"line":252,"column":75}},"type":"default-arg","locations":[{"start":{"line":252,"column":73},"end":{"line":252,"column":75}}]},"28":{"loc":{"start":{"line":252,"column":25},"end":{"line":252,"column":35}},"type":"default-arg","locations":[{"start":{"line":252,"column":34},"end":{"line":252,"column":35}}]},"29":{"loc":{"start":{"line":252,"column":47},"end":{"line":252,"column":55}},"type":"default-arg","locations":[{"start":{"line":252,"column":54},"end":{"line":252,"column":55}}]},"30":{"loc":{"start":{"line":252,"column":77},"end":{"line":252,"column":86}},"type":"default-arg","locations":[{"start":{"line":252,"column":85},"end":{"line":252,"column":86}}]},"31":{"loc":{"start":{"line":253,"column":4},"end":{"line":255,"column":5}},"type":"if","locations":[{"start":{"line":253,"column":4},"end":{"line":255,"column":5}}]},"32":{"loc":{"start":{"line":253,"column":8},"end":{"line":253,"column":74}},"type":"binary-expr","locations":[{"start":{"line":253,"column":8},"end":{"line":253,"column":30}},{"start":{"line":253,"column":34},"end":{"line":253,"column":74}}]},"33":{"loc":{"start":{"line":258,"column":4},"end":{"line":264,"column":5}},"type":"if","locations":[{"start":{"line":258,"column":4},"end":{"line":264,"column":5}},{"start":{"line":260,"column":11},"end":{"line":264,"column":5}}]},"34":{"loc":{"start":{"line":261,"column":6},"end":{"line":263,"column":7}},"type":"if","locations":[{"start":{"line":261,"column":6},"end":{"line":263,"column":7}}]},"35":{"loc":{"start":{"line":261,"column":10},"end":{"line":261,"column":28}},"type":"binary-expr","locations":[{"start":{"line":261,"column":10},"end":{"line":261,"column":17}},{"start":{"line":261,"column":21},"end":{"line":261,"column":28}}]},"36":{"loc":{"start":{"line":266,"column":4},"end":{"line":270,"column":5}},"type":"if","locations":[{"start":{"line":266,"column":4},"end":{"line":270,"column":5}},{"start":{"line":268,"column":11},"end":{"line":270,"column":5}}]},"37":{"loc":{"start":{"line":272,"column":4},"end":{"line":285,"column":5}},"type":"if","locations":[{"start":{"line":272,"column":4},"end":{"line":285,"column":5}},{"start":{"line":281,"column":11},"end":{"line":285,"column":5}}]},"38":{"loc":{"start":{"line":274,"column":6},"end":{"line":280,"column":7}},"type":"if","locations":[{"start":{"line":274,"column":6},"end":{"line":280,"column":7}},{"start":{"line":277,"column":13},"end":{"line":280,"column":7}}]},"39":{"loc":{"start":{"line":274,"column":10},"end":{"line":274,"column":66}},"type":"binary-expr","locations":[{"start":{"line":274,"column":10},"end":{"line":274,"column":36}},{"start":{"line":274,"column":40},"end":{"line":274,"column":66}}]},"40":{"loc":{"start":{"line":287,"column":4},"end":{"line":289,"column":5}},"type":"if","locations":[{"start":{"line":287,"column":4},"end":{"line":289,"column":5}}]},"41":{"loc":{"start":{"line":287,"column":8},"end":{"line":287,"column":123}},"type":"binary-expr","locations":[{"start":{"line":287,"column":8},"end":{"line":287,"column":31}},{"start":{"line":287,"column":37},"end":{"line":287,"column":63}},{"start":{"line":287,"column":67},"end":{"line":287,"column":76}},{"start":{"line":287,"column":82},"end":{"line":287,"column":108}},{"start":{"line":287,"column":112},"end":{"line":287,"column":121}}]},"42":{"loc":{"start":{"line":296,"column":4},"end":{"line":298,"column":5}},"type":"if","locations":[{"start":{"line":296,"column":4},"end":{"line":298,"column":5}}]},"43":{"loc":{"start":{"line":299,"column":4},"end":{"line":301,"column":5}},"type":"if","locations":[{"start":{"line":299,"column":4},"end":{"line":301,"column":5}}]},"44":{"loc":{"start":{"line":306,"column":20},"end":{"line":306,"column":37}},"type":"default-arg","locations":[{"start":{"line":306,"column":36},"end":{"line":306,"column":37}}]},"45":{"loc":{"start":{"line":306,"column":39},"end":{"line":306,"column":58}},"type":"default-arg","locations":[{"start":{"line":306,"column":57},"end":{"line":306,"column":58}}]},"46":{"loc":{"start":{"line":315,"column":4},"end":{"line":317,"column":5}},"type":"if","locations":[{"start":{"line":315,"column":4},"end":{"line":317,"column":5}}]},"47":{"loc":{"start":{"line":318,"column":4},"end":{"line":320,"column":5}},"type":"if","locations":[{"start":{"line":318,"column":4},"end":{"line":320,"column":5}}]},"48":{"loc":{"start":{"line":325,"column":4},"end":{"line":327,"column":5}},"type":"if","locations":[{"start":{"line":325,"column":4},"end":{"line":327,"column":5}}]},"49":{"loc":{"start":{"line":328,"column":4},"end":{"line":350,"column":5}},"type":"if","locations":[{"start":{"line":328,"column":4},"end":{"line":350,"column":5}}]},"50":{"loc":{"start":{"line":329,"column":6},"end":{"line":349,"column":7}},"type":"switch","locations":[{"start":{"line":330,"column":8},"end":{"line":332,"column":16}},{"start":{"line":333,"column":8},"end":{"line":335,"column":16}},{"start":{"line":336,"column":8},"end":{"line":342,"column":16}},{"start":{"line":343,"column":8},"end":{"line":348,"column":12}}]},"51":{"loc":{"start":{"line":338,"column":12},"end":{"line":338,"column":26}},"type":"binary-expr","locations":[{"start":{"line":338,"column":12},"end":{"line":338,"column":21}},{"start":{"line":338,"column":25},"end":{"line":338,"column":26}}]},"52":{"loc":{"start":{"line":339,"column":12},"end":{"line":339,"column":26}},"type":"binary-expr","locations":[{"start":{"line":339,"column":12},"end":{"line":339,"column":21}},{"start":{"line":339,"column":25},"end":{"line":339,"column":26}}]},"53":{"loc":{"start":{"line":340,"column":12},"end":{"line":340,"column":27}},"type":"binary-expr","locations":[{"start":{"line":340,"column":12},"end":{"line":340,"column":22}},{"start":{"line":340,"column":26},"end":{"line":340,"column":27}}]},"54":{"loc":{"start":{"line":345,"column":12},"end":{"line":345,"column":26}},"type":"binary-expr","locations":[{"start":{"line":345,"column":12},"end":{"line":345,"column":21}},{"start":{"line":345,"column":25},"end":{"line":345,"column":26}}]},"55":{"loc":{"start":{"line":346,"column":12},"end":{"line":346,"column":26}},"type":"binary-expr","locations":[{"start":{"line":346,"column":12},"end":{"line":346,"column":21}},{"start":{"line":346,"column":25},"end":{"line":346,"column":26}}]},"56":{"loc":{"start":{"line":347,"column":12},"end":{"line":347,"column":27}},"type":"binary-expr","locations":[{"start":{"line":347,"column":12},"end":{"line":347,"column":22}},{"start":{"line":347,"column":26},"end":{"line":347,"column":27}}]},"57":{"loc":{"start":{"line":351,"column":4},"end":{"line":353,"column":5}},"type":"if","locations":[{"start":{"line":351,"column":4},"end":{"line":353,"column":5}}]},"58":{"loc":{"start":{"line":358,"column":4},"end":{"line":360,"column":5}},"type":"if","locations":[{"start":{"line":358,"column":4},"end":{"line":360,"column":5}}]},"59":{"loc":{"start":{"line":361,"column":4},"end":{"line":363,"column":5}},"type":"if","locations":[{"start":{"line":361,"column":4},"end":{"line":363,"column":5}}]},"60":{"loc":{"start":{"line":364,"column":4},"end":{"line":385,"column":5}},"type":"if","locations":[{"start":{"line":364,"column":4},"end":{"line":385,"column":5}}]},"61":{"loc":{"start":{"line":365,"column":6},"end":{"line":371,"column":7}},"type":"if","locations":[{"start":{"line":365,"column":6},"end":{"line":371,"column":7}}]},"62":{"loc":{"start":{"line":366,"column":8},"end":{"line":370,"column":9}},"type":"if","locations":[{"start":{"line":366,"column":8},"end":{"line":370,"column":9}}]},"63":{"loc":{"start":{"line":372,"column":6},"end":{"line":384,"column":7}},"type":"switch","locations":[{"start":{"line":373,"column":8},"end":{"line":375,"column":16}},{"start":{"line":376,"column":8},"end":{"line":378,"column":16}},{"start":{"line":379,"column":8},"end":{"line":381,"column":16}},{"start":{"line":382,"column":8},"end":{"line":383,"column":32}}]},"64":{"loc":{"start":{"line":374,"column":17},"end":{"line":374,"column":54}},"type":"binary-expr","locations":[{"start":{"line":374,"column":17},"end":{"line":374,"column":26}},{"start":{"line":374,"column":30},"end":{"line":374,"column":54}}]},"65":{"loc":{"start":{"line":377,"column":17},"end":{"line":377,"column":54}},"type":"binary-expr","locations":[{"start":{"line":377,"column":17},"end":{"line":377,"column":26}},{"start":{"line":377,"column":30},"end":{"line":377,"column":54}}]},"66":{"loc":{"start":{"line":380,"column":17},"end":{"line":380,"column":31}},"type":"binary-expr","locations":[{"start":{"line":380,"column":17},"end":{"line":380,"column":26}},{"start":{"line":380,"column":30},"end":{"line":380,"column":31}}]},"67":{"loc":{"start":{"line":383,"column":17},"end":{"line":383,"column":31}},"type":"binary-expr","locations":[{"start":{"line":383,"column":17},"end":{"line":383,"column":26}},{"start":{"line":383,"column":30},"end":{"line":383,"column":31}}]},"68":{"loc":{"start":{"line":389,"column":4},"end":{"line":391,"column":5}},"type":"if","locations":[{"start":{"line":389,"column":4},"end":{"line":391,"column":5}}]},"69":{"loc":{"start":{"line":392,"column":4},"end":{"line":394,"column":5}},"type":"if","locations":[{"start":{"line":392,"column":4},"end":{"line":394,"column":5}}]},"70":{"loc":{"start":{"line":395,"column":4},"end":{"line":416,"column":5}},"type":"if","locations":[{"start":{"line":395,"column":4},"end":{"line":416,"column":5}}]},"71":{"loc":{"start":{"line":396,"column":6},"end":{"line":402,"column":7}},"type":"if","locations":[{"start":{"line":396,"column":6},"end":{"line":402,"column":7}}]},"72":{"loc":{"start":{"line":397,"column":8},"end":{"line":401,"column":9}},"type":"if","locations":[{"start":{"line":397,"column":8},"end":{"line":401,"column":9}}]},"73":{"loc":{"start":{"line":403,"column":6},"end":{"line":415,"column":7}},"type":"switch","locations":[{"start":{"line":404,"column":8},"end":{"line":406,"column":16}},{"start":{"line":407,"column":8},"end":{"line":409,"column":16}},{"start":{"line":410,"column":8},"end":{"line":412,"column":16}},{"start":{"line":413,"column":8},"end":{"line":414,"column":32}}]},"74":{"loc":{"start":{"line":405,"column":17},"end":{"line":405,"column":54}},"type":"binary-expr","locations":[{"start":{"line":405,"column":17},"end":{"line":405,"column":26}},{"start":{"line":405,"column":30},"end":{"line":405,"column":54}}]},"75":{"loc":{"start":{"line":408,"column":17},"end":{"line":408,"column":54}},"type":"binary-expr","locations":[{"start":{"line":408,"column":17},"end":{"line":408,"column":26}},{"start":{"line":408,"column":30},"end":{"line":408,"column":54}}]},"76":{"loc":{"start":{"line":411,"column":17},"end":{"line":411,"column":31}},"type":"binary-expr","locations":[{"start":{"line":411,"column":17},"end":{"line":411,"column":26}},{"start":{"line":411,"column":30},"end":{"line":411,"column":31}}]},"77":{"loc":{"start":{"line":414,"column":17},"end":{"line":414,"column":31}},"type":"binary-expr","locations":[{"start":{"line":414,"column":17},"end":{"line":414,"column":26}},{"start":{"line":414,"column":30},"end":{"line":414,"column":31}}]},"78":{"loc":{"start":{"line":434,"column":4},"end":{"line":447,"column":5}},"type":"if","locations":[{"start":{"line":434,"column":4},"end":{"line":447,"column":5}}]},"79":{"loc":{"start":{"line":436,"column":6},"end":{"line":438,"column":7}},"type":"if","locations":[{"start":{"line":436,"column":6},"end":{"line":438,"column":7}}]},"80":{"loc":{"start":{"line":439,"column":6},"end":{"line":441,"column":7}},"type":"if","locations":[{"start":{"line":439,"column":6},"end":{"line":441,"column":7}}]},"81":{"loc":{"start":{"line":449,"column":4},"end":{"line":475,"column":5}},"type":"if","locations":[{"start":{"line":449,"column":4},"end":{"line":475,"column":5}},{"start":{"line":460,"column":11},"end":{"line":475,"column":5}}]},"82":{"loc":{"start":{"line":451,"column":6},"end":{"line":453,"column":7}},"type":"if","locations":[{"start":{"line":451,"column":6},"end":{"line":453,"column":7}}]},"83":{"loc":{"start":{"line":454,"column":6},"end":{"line":456,"column":7}},"type":"if","locations":[{"start":{"line":454,"column":6},"end":{"line":456,"column":7}}]},"84":{"loc":{"start":{"line":463,"column":6},"end":{"line":465,"column":7}},"type":"if","locations":[{"start":{"line":463,"column":6},"end":{"line":465,"column":7}}]},"85":{"loc":{"start":{"line":466,"column":6},"end":{"line":468,"column":7}},"type":"if","locations":[{"start":{"line":466,"column":6},"end":{"line":468,"column":7}}]},"86":{"loc":{"start":{"line":470,"column":8},"end":{"line":472,"column":9}},"type":"if","locations":[{"start":{"line":470,"column":8},"end":{"line":472,"column":9}}]},"87":{"loc":{"start":{"line":479,"column":4},"end":{"line":493,"column":5}},"type":"if","locations":[{"start":{"line":479,"column":4},"end":{"line":493,"column":5}},{"start":{"line":486,"column":11},"end":{"line":493,"column":5}}]},"88":{"loc":{"start":{"line":482,"column":8},"end":{"line":484,"column":9}},"type":"if","locations":[{"start":{"line":482,"column":8},"end":{"line":484,"column":9}}]},"89":{"loc":{"start":{"line":489,"column":8},"end":{"line":491,"column":9}},"type":"if","locations":[{"start":{"line":489,"column":8},"end":{"line":491,"column":9}}]},"90":{"loc":{"start":{"line":500,"column":34},"end":{"line":500,"column":84}},"type":"default-arg","locations":[{"start":{"line":500,"column":83},"end":{"line":500,"column":84}}]},"91":{"loc":{"start":{"line":500,"column":86},"end":{"line":500,"column":99}},"type":"default-arg","locations":[{"start":{"line":500,"column":98},"end":{"line":500,"column":99}}]},"92":{"loc":{"start":{"line":500,"column":101},"end":{"line":500,"column":117}},"type":"default-arg","locations":[{"start":{"line":500,"column":116},"end":{"line":500,"column":117}}]},"93":{"loc":{"start":{"line":501,"column":4},"end":{"line":503,"column":5}},"type":"if","locations":[{"start":{"line":501,"column":4},"end":{"line":503,"column":5}}]},"94":{"loc":{"start":{"line":501,"column":8},"end":{"line":501,"column":71}},"type":"binary-expr","locations":[{"start":{"line":501,"column":8},"end":{"line":501,"column":18}},{"start":{"line":501,"column":22},"end":{"line":501,"column":46}},{"start":{"line":501,"column":50},"end":{"line":501,"column":71}}]},"95":{"loc":{"start":{"line":504,"column":4},"end":{"line":506,"column":5}},"type":"if","locations":[{"start":{"line":504,"column":4},"end":{"line":506,"column":5}}]},"96":{"loc":{"start":{"line":507,"column":4},"end":{"line":515,"column":5}},"type":"if","locations":[{"start":{"line":507,"column":4},"end":{"line":515,"column":5}}]},"97":{"loc":{"start":{"line":508,"column":6},"end":{"line":514,"column":7}},"type":"if","locations":[{"start":{"line":508,"column":6},"end":{"line":514,"column":7}},{"start":{"line":510,"column":13},"end":{"line":514,"column":7}}]},"98":{"loc":{"start":{"line":519,"column":24},"end":{"line":519,"column":74}},"type":"default-arg","locations":[{"start":{"line":519,"column":73},"end":{"line":519,"column":74}}]},"99":{"loc":{"start":{"line":519,"column":76},"end":{"line":519,"column":89}},"type":"default-arg","locations":[{"start":{"line":519,"column":88},"end":{"line":519,"column":89}}]},"100":{"loc":{"start":{"line":519,"column":91},"end":{"line":519,"column":107}},"type":"default-arg","locations":[{"start":{"line":519,"column":106},"end":{"line":519,"column":107}}]},"101":{"loc":{"start":{"line":526,"column":4},"end":{"line":546,"column":5}},"type":"if","locations":[{"start":{"line":526,"column":4},"end":{"line":546,"column":5}}]},"102":{"loc":{"start":{"line":527,"column":6},"end":{"line":545,"column":7}},"type":"if","locations":[{"start":{"line":527,"column":6},"end":{"line":545,"column":7}},{"start":{"line":536,"column":13},"end":{"line":545,"column":7}}]},"103":{"loc":{"start":{"line":529,"column":8},"end":{"line":535,"column":9}},"type":"if","locations":[{"start":{"line":529,"column":8},"end":{"line":535,"column":9}}]},"104":{"loc":{"start":{"line":531,"column":16},"end":{"line":531,"column":44}},"type":"binary-expr","locations":[{"start":{"line":531,"column":16},"end":{"line":531,"column":39}},{"start":{"line":531,"column":43},"end":{"line":531,"column":44}}]},"105":{"loc":{"start":{"line":532,"column":16},"end":{"line":532,"column":44}},"type":"binary-expr","locations":[{"start":{"line":532,"column":16},"end":{"line":532,"column":39}},{"start":{"line":532,"column":43},"end":{"line":532,"column":44}}]},"106":{"loc":{"start":{"line":533,"column":19},"end":{"line":533,"column":49}},"type":"binary-expr","locations":[{"start":{"line":533,"column":19},"end":{"line":533,"column":44}},{"start":{"line":533,"column":48},"end":{"line":533,"column":49}}]},"107":{"loc":{"start":{"line":536,"column":13},"end":{"line":545,"column":7}},"type":"if","locations":[{"start":{"line":536,"column":13},"end":{"line":545,"column":7}}]},"108":{"loc":{"start":{"line":538,"column":8},"end":{"line":544,"column":9}},"type":"if","locations":[{"start":{"line":538,"column":8},"end":{"line":544,"column":9}}]},"109":{"loc":{"start":{"line":541,"column":16},"end":{"line":541,"column":44}},"type":"binary-expr","locations":[{"start":{"line":541,"column":16},"end":{"line":541,"column":39}},{"start":{"line":541,"column":43},"end":{"line":541,"column":44}}]},"110":{"loc":{"start":{"line":542,"column":19},"end":{"line":542,"column":49}},"type":"binary-expr","locations":[{"start":{"line":542,"column":19},"end":{"line":542,"column":44}},{"start":{"line":542,"column":48},"end":{"line":542,"column":49}}]},"111":{"loc":{"start":{"line":550,"column":25},"end":{"line":550,"column":75}},"type":"default-arg","locations":[{"start":{"line":550,"column":74},"end":{"line":550,"column":75}}]},"112":{"loc":{"start":{"line":550,"column":77},"end":{"line":550,"column":90}},"type":"default-arg","locations":[{"start":{"line":550,"column":89},"end":{"line":550,"column":90}}]},"113":{"loc":{"start":{"line":550,"column":92},"end":{"line":550,"column":108}},"type":"default-arg","locations":[{"start":{"line":550,"column":107},"end":{"line":550,"column":108}}]},"114":{"loc":{"start":{"line":555,"column":25},"end":{"line":555,"column":75}},"type":"default-arg","locations":[{"start":{"line":555,"column":74},"end":{"line":555,"column":75}}]},"115":{"loc":{"start":{"line":555,"column":77},"end":{"line":555,"column":90}},"type":"default-arg","locations":[{"start":{"line":555,"column":89},"end":{"line":555,"column":90}}]},"116":{"loc":{"start":{"line":555,"column":92},"end":{"line":555,"column":108}},"type":"default-arg","locations":[{"start":{"line":555,"column":107},"end":{"line":555,"column":108}}]},"117":{"loc":{"start":{"line":560,"column":15},"end":{"line":560,"column":65}},"type":"default-arg","locations":[{"start":{"line":560,"column":64},"end":{"line":560,"column":65}}]},"118":{"loc":{"start":{"line":560,"column":67},"end":{"line":560,"column":80}},"type":"default-arg","locations":[{"start":{"line":560,"column":79},"end":{"line":560,"column":80}}]},"119":{"loc":{"start":{"line":560,"column":82},"end":{"line":560,"column":98}},"type":"default-arg","locations":[{"start":{"line":560,"column":97},"end":{"line":560,"column":98}}]},"120":{"loc":{"start":{"line":562,"column":4},"end":{"line":574,"column":5}},"type":"if","locations":[{"start":{"line":562,"column":4},"end":{"line":574,"column":5}}]},"121":{"loc":{"start":{"line":565,"column":6},"end":{"line":567,"column":7}},"type":"if","locations":[{"start":{"line":565,"column":6},"end":{"line":567,"column":7}}]},"122":{"loc":{"start":{"line":568,"column":16},"end":{"line":568,"column":25}},"type":"binary-expr","locations":[{"start":{"line":568,"column":16},"end":{"line":568,"column":20}},{"start":{"line":568,"column":24},"end":{"line":568,"column":25}}]},"123":{"loc":{"start":{"line":584,"column":4},"end":{"line":586,"column":5}},"type":"if","locations":[{"start":{"line":584,"column":4},"end":{"line":586,"column":5}}]},"124":{"loc":{"start":{"line":585,"column":15},"end":{"line":585,"column":47}},"type":"cond-expr","locations":[{"start":{"line":585,"column":33},"end":{"line":585,"column":39}},{"start":{"line":585,"column":42},"end":{"line":585,"column":47}}]},"125":{"loc":{"start":{"line":587,"column":4},"end":{"line":589,"column":5}},"type":"if","locations":[{"start":{"line":587,"column":4},"end":{"line":589,"column":5}}]},"126":{"loc":{"start":{"line":588,"column":15},"end":{"line":588,"column":47}},"type":"cond-expr","locations":[{"start":{"line":588,"column":33},"end":{"line":588,"column":39}},{"start":{"line":588,"column":42},"end":{"line":588,"column":47}}]},"127":{"loc":{"start":{"line":619,"column":11},"end":{"line":621,"column":25}},"type":"binary-expr","locations":[{"start":{"line":619,"column":11},"end":{"line":619,"column":32}},{"start":{"line":620,"column":6},"end":{"line":620,"column":27}},{"start":{"line":621,"column":6},"end":{"line":621,"column":25}}]}},"s":{"0":7,"1":7,"2":7,"3":7,"4":7,"5":7,"6":200,"7":200,"8":1836603,"9":0,"10":612583,"11":612400,"12":2,"13":612400,"14":183,"15":612400,"16":2,"17":2,"18":0,"19":0,"20":0,"21":0,"22":0,"23":1,"24":1,"25":1,"26":1,"27":2,"28":2,"29":0,"30":2,"31":6,"32":6,"33":6,"34":2,"35":2,"36":0,"37":2,"38":2,"39":2,"40":0,"41":11,"42":10464,"43":4,"44":4,"45":4,"46":1037,"47":1037,"48":1037,"49":0,"50":1037,"51":1037,"52":2,"53":2,"54":2,"55":152,"56":152,"57":152,"58":152,"59":152,"60":912,"61":152,"62":10575,"63":10575,"64":10575,"65":0,"66":10575,"67":10575,"68":302,"69":1,"70":301,"71":1,"72":300,"73":300,"74":10910,"75":2,"76":10908,"77":1,"78":300408,"79":2,"80":300406,"81":300406,"82":300406,"83":2,"84":300404,"85":202,"86":300204,"87":0,"88":300204,"89":300204,"90":200001,"91":200001,"92":200000,"93":200000,"94":1,"95":1,"96":100203,"97":100203,"98":100203,"99":300204,"100":202,"101":300002,"102":200001,"103":300002,"104":200001,"105":300002,"106":300000,"107":300000,"108":300000,"109":300000,"110":402,"111":400,"112":2,"113":1,"114":2,"115":201982,"116":1,"117":201981,"118":200004,"119":100000,"120":0,"121":100000,"122":0,"123":1,"124":0,"125":3,"126":1977,"127":1977,"128":0,"129":11,"130":3,"131":8,"132":1,"133":7,"134":7,"135":4,"136":0,"137":7,"138":3,"139":0,"140":0,"141":0,"142":0,"143":0,"144":4,"145":7,"146":3,"147":4,"148":1,"149":3,"150":3,"151":1,"152":0,"153":3,"154":2,"155":0,"156":0,"157":0,"158":0,"159":0,"160":1,"161":0,"162":1480,"163":1480,"164":6,"165":0,"166":6,"167":0,"168":6,"169":6,"170":16,"171":6,"172":1474,"173":17,"174":0,"175":17,"176":0,"177":17,"178":38,"179":1457,"180":1457,"181":0,"182":1457,"183":148,"184":1309,"185":2897,"186":1,"187":2896,"188":1325,"189":1325,"190":1325,"191":17,"192":22,"193":22,"194":17,"195":1308,"196":1660,"197":1660,"198":1308,"199":0,"200":38,"201":1,"202":37,"203":29,"204":8,"205":8,"206":2,"207":6,"208":6,"209":6,"210":8,"211":21,"212":21,"213":33,"214":13,"215":12,"216":12,"217":12,"218":1,"219":1,"220":1,"221":1,"222":33,"223":8,"224":8,"225":9,"226":9,"227":21,"228":20,"229":19,"230":19,"231":19,"232":1,"233":18,"234":18,"235":24,"236":24,"237":18,"238":1,"239":4,"240":4,"241":2,"242":2,"243":2,"244":2,"245":2,"246":4,"247":4,"248":7,"249":140,"250":140,"251":140,"252":140,"253":9,"254":1,"255":1,"256":4,"257":4,"258":4,"259":4,"260":4,"261":4,"262":2,"263":2,"264":2,"265":612194,"266":612194,"267":612194,"268":612194,"269":612194,"270":7},"f":{"0":200,"1":1836603,"2":0,"3":612583,"4":2,"5":0,"6":0,"7":1,"8":1,"9":2,"10":2,"11":0,"12":11,"13":10464,"14":4,"15":4,"16":1037,"17":2,"18":152,"19":10575,"20":302,"21":10910,"22":1,"23":300408,"24":300000,"25":402,"26":201982,"27":11,"28":7,"29":0,"30":1480,"31":16,"32":38,"33":38,"34":21,"35":33,"36":8,"37":9,"38":21,"39":4,"40":2,"41":4,"42":140,"43":9,"44":1,"45":4,"46":2,"47":612194},"b":{"0":[612400,183],"1":[612583,612400],"2":[2],"3":[0],"4":[0],"5":[10461],"6":[10461],"7":[10461],"8":[0],"9":[0],"10":[0],"11":[1036],"12":[0,1037],"13":[2],"14":[2],"15":[0,2],"16":[2],"17":[0],"18":[0],"19":[111],"20":[0,10575],"21":[0],"22":[0],"23":[1],"24":[1],"25":[2],"26":[10910,10909],"27":[2],"28":[200004],"29":[300004],"30":[300004],"31":[2],"32":[300408,4],"33":[2,300404],"34":[202],"35":[300404,300202],"36":[0,300204],"37":[200001,100203],"38":[200000,1],"39":[200001,200000],"40":[202],"41":[300204,300202,200202,300202,200202],"42":[200001],"43":[200001],"44":[300000],"45":[300000],"46":[400],"47":[1],"48":[1],"49":[200004],"50":[100000,100000,1,3],"51":[1,0],"52":[1,0],"53":[1,1],"54":[3,0],"55":[3,0],"56":[3,3],"57":[1977],"58":[3],"59":[1],"60":[7],"61":[4],"62":[0],"63":[3,0,0,4],"64":[3,2],"65":[0,0],"66":[0,0],"67":[4,0],"68":[3],"69":[1],"70":[3],"71":[1],"72":[0],"73":[2,0,0,1],"74":[2,1],"75":[0,0],"76":[0,0],"77":[1,0],"78":[6],"79":[0],"80":[0],"81":[17,1457],"82":[0],"83":[0],"84":[0],"85":[148],"86":[1],"87":[17,1308],"88":[17],"89":[1308],"90":[0],"91":[21],"92":[21],"93":[1],"94":[38,37,37],"95":[29],"96":[8],"97":[2,6],"98":[0],"99":[0],"100":[0],"101":[13],"102":[12,1],"103":[12],"104":[12,0],"105":[12,0],"106":[12,2],"107":[1],"108":[1],"109":[1,0],"110":[1,1],"111":[0],"112":[8],"113":[8],"114":[0],"115":[9],"116":[9],"117":[0],"118":[21],"119":[21],"120":[19],"121":[1],"122":[18,2],"123":[2],"124":[1,1],"125":[2],"126":[1,1],"127":[1,1,1]}}
,"C:\\Users\\harry\\web\\htdocs\\Ultra Loot Table\\src\\table.ts": {"path":"C:\\Users\\harry\\web\\htdocs\\Ultra Loot Table\\src\\table.ts","statementMap":{"0":{"start":{"line":1,"column":0},"end":{"line":1,"column":24}},"1":{"start":{"line":3,"column":0},"end":{"line":3,"column":81}},"2":{"start":{"line":6,"column":0},"end":{"line":6,"column":63}},"3":{"start":{"line":7,"column":0},"end":{"line":7,"column":61}},"4":{"start":{"line":83,"column":34},"end":{"line":83,"column":36}},"5":{"start":{"line":84,"column":58},"end":{"line":84,"column":60}},"6":{"start":{"line":85,"column":60},"end":{"line":85,"column":62}},"7":{"start":{"line":94,"column":29},"end":{"line":94,"column":38}},"8":{"start":{"line":100,"column":4},"end":{"line":100,"column":21}},"9":{"start":{"line":101,"column":4},"end":{"line":101,"column":23}},"10":{"start":{"line":102,"column":4},"end":{"line":102,"column":17}},"11":{"start":{"line":103,"column":4},"end":{"line":103,"column":17}},"12":{"start":{"line":104,"column":4},"end":{"line":104,"column":53}},"13":{"start":{"line":105,"column":4},"end":{"line":105,"column":40}},"14":{"start":{"line":110,"column":4},"end":{"line":110,"column":30}},"15":{"start":{"line":115,"column":4},"end":{"line":115,"column":31}},"16":{"start":{"line":122,"column":4},"end":{"line":122,"column":51}},"17":{"start":{"line":126,"column":4},"end":{"line":126,"column":17}},"18":{"start":{"line":133,"column":4},"end":{"line":133,"column":19}},"19":{"start":{"line":137,"column":4},"end":{"line":137,"column":17}},"20":{"start":{"line":141,"column":4},"end":{"line":141,"column":27}},"21":{"start":{"line":145,"column":4},"end":{"line":147,"column":5}},"22":{"start":{"line":146,"column":6},"end":{"line":146,"column":41}},"23":{"start":{"line":148,"column":4},"end":{"line":148,"column":26}},"24":{"start":{"line":152,"column":4},"end":{"line":152,"column":29}},"25":{"start":{"line":153,"column":4},"end":{"line":153,"column":16}},"26":{"start":{"line":157,"column":4},"end":{"line":157,"column":32}},"27":{"start":{"line":158,"column":4},"end":{"line":158,"column":16}},"28":{"start":{"line":162,"column":4},"end":{"line":162,"column":22}},"29":{"start":{"line":166,"column":4},"end":{"line":166,"column":19}},"30":{"start":{"line":167,"column":4},"end":{"line":167,"column":16}},"31":{"start":{"line":176,"column":21},"end":{"line":176,"column":36}},"32":{"start":{"line":177,"column":18},"end":{"line":177,"column":36}},"33":{"start":{"line":178,"column":4},"end":{"line":178,"column":129}},"34":{"start":{"line":179,"column":4},"end":{"line":179,"column":29}},"35":{"start":{"line":197,"column":30},"end":{"line":197,"column":74}},"36":{"start":{"line":198,"column":4},"end":{"line":207,"column":5}},"37":{"start":{"line":199,"column":6},"end":{"line":206,"column":9}},"38":{"start":{"line":208,"column":4},"end":{"line":208,"column":13}},"39":{"start":{"line":209,"column":4},"end":{"line":209,"column":18}},"40":{"start":{"line":227,"column":30},"end":{"line":227,"column":74}},"41":{"start":{"line":228,"column":12},"end":{"line":228,"column":13}},"42":{"start":{"line":229,"column":4},"end":{"line":238,"column":5}},"43":{"start":{"line":230,"column":6},"end":{"line":237,"column":9}},"44":{"start":{"line":239,"column":4},"end":{"line":239,"column":13}},"45":{"start":{"line":240,"column":4},"end":{"line":240,"column":18}},"46":{"start":{"line":258,"column":21},"end":{"line":258,"column":36}},"47":{"start":{"line":259,"column":18},"end":{"line":259,"column":36}},"48":{"start":{"line":260,"column":4},"end":{"line":262,"column":5}},"49":{"start":{"line":260,"column":17},"end":{"line":260,"column":18}},"50":{"start":{"line":261,"column":6},"end":{"line":261,"column":67}},"51":{"start":{"line":263,"column":4},"end":{"line":263,"column":18}},"52":{"start":{"line":282,"column":21},"end":{"line":282,"column":36}},"53":{"start":{"line":283,"column":18},"end":{"line":283,"column":36}},"54":{"start":{"line":284,"column":4},"end":{"line":286,"column":5}},"55":{"start":{"line":284,"column":17},"end":{"line":284,"column":18}},"56":{"start":{"line":285,"column":6},"end":{"line":285,"column":69}},"57":{"start":{"line":287,"column":4},"end":{"line":287,"column":18}},"58":{"start":{"line":291,"column":21},"end":{"line":291,"column":71}},"59":{"start":{"line":292,"column":4},"end":{"line":292,"column":104}},"60":{"start":{"line":292,"column":69},"end":{"line":292,"column":95}},"61":{"start":{"line":296,"column":21},"end":{"line":296,"column":74}},"62":{"start":{"line":297,"column":4},"end":{"line":297,"column":107}},"63":{"start":{"line":297,"column":69},"end":{"line":297,"column":98}},"64":{"start":{"line":301,"column":17},"end":{"line":301,"column":39}},"65":{"start":{"line":302,"column":4},"end":{"line":302,"column":26}},"66":{"start":{"line":303,"column":4},"end":{"line":303,"column":16}},"67":{"start":{"line":307,"column":4},"end":{"line":311,"column":5}},"68":{"start":{"line":308,"column":6},"end":{"line":308,"column":27}},"69":{"start":{"line":310,"column":6},"end":{"line":310,"column":27}},"70":{"start":{"line":312,"column":4},"end":{"line":312,"column":16}},"71":{"start":{"line":316,"column":20},"end":{"line":316,"column":22}},"72":{"start":{"line":317,"column":4},"end":{"line":359,"column":5}},"73":{"start":{"line":318,"column":24},"end":{"line":318,"column":25}},"74":{"start":{"line":319,"column":6},"end":{"line":325,"column":7}},"75":{"start":{"line":320,"column":8},"end":{"line":324,"column":9}},"76":{"start":{"line":321,"column":10},"end":{"line":321,"column":27}},"77":{"start":{"line":323,"column":10},"end":{"line":323,"column":45}},"78":{"start":{"line":326,"column":23},"end":{"line":326,"column":48}},"79":{"start":{"line":327,"column":23},"end":{"line":327,"column":48}},"80":{"start":{"line":328,"column":23},"end":{"line":328,"column":48}},"81":{"start":{"line":329,"column":6},"end":{"line":358,"column":7}},"82":{"start":{"line":330,"column":8},"end":{"line":357,"column":9}},"83":{"start":{"line":333,"column":10},"end":{"line":339,"column":11}},"84":{"start":{"line":334,"column":12},"end":{"line":334,"column":23}},"85":{"start":{"line":335,"column":12},"end":{"line":335,"column":26}},"86":{"start":{"line":336,"column":17},"end":{"line":339,"column":11}},"87":{"start":{"line":337,"column":12},"end":{"line":337,"column":39}},"88":{"start":{"line":338,"column":12},"end":{"line":338,"column":36}},"89":{"start":{"line":341,"column":21},"end":{"line":341,"column":46}},"90":{"start":{"line":342,"column":10},"end":{"line":349,"column":11}},"91":{"start":{"line":343,"column":12},"end":{"line":348,"column":15}},"92":{"start":{"line":351,"column":10},"end":{"line":356,"column":13}},"93":{"start":{"line":360,"column":4},"end":{"line":360,"column":19}},"94":{"start":{"line":380,"column":4},"end":{"line":401,"column":5}},"95":{"start":{"line":381,"column":6},"end":{"line":385,"column":7}},"96":{"start":{"line":382,"column":8},"end":{"line":384,"column":9}},"97":{"start":{"line":383,"column":10},"end":{"line":383,"column":108}},"98":{"start":{"line":386,"column":18},"end":{"line":386,"column":183}},"99":{"start":{"line":387,"column":6},"end":{"line":398,"column":7}},"100":{"start":{"line":388,"column":8},"end":{"line":390,"column":9}},"101":{"start":{"line":389,"column":10},"end":{"line":389,"column":114}},"102":{"start":{"line":391,"column":8},"end":{"line":395,"column":9}},"103":{"start":{"line":392,"column":10},"end":{"line":392,"column":31}},"104":{"start":{"line":394,"column":10},"end":{"line":394,"column":29}},"105":{"start":{"line":397,"column":8},"end":{"line":397,"column":27}},"106":{"start":{"line":400,"column":6},"end":{"line":400,"column":141}},"107":{"start":{"line":421,"column":4},"end":{"line":442,"column":5}},"108":{"start":{"line":422,"column":6},"end":{"line":426,"column":7}},"109":{"start":{"line":423,"column":8},"end":{"line":425,"column":9}},"110":{"start":{"line":424,"column":10},"end":{"line":424,"column":110}},"111":{"start":{"line":427,"column":18},"end":{"line":427,"column":196}},"112":{"start":{"line":428,"column":6},"end":{"line":441,"column":7}},"113":{"start":{"line":429,"column":8},"end":{"line":431,"column":9}},"114":{"start":{"line":430,"column":10},"end":{"line":430,"column":116}},"115":{"start":{"line":432,"column":8},"end":{"line":437,"column":9}},"116":{"start":{"line":433,"column":10},"end":{"line":433,"column":31}},"117":{"start":{"line":435,"column":10},"end":{"line":435,"column":29}},"118":{"start":{"line":436,"column":10},"end":{"line":436,"column":22}},"119":{"start":{"line":439,"column":8},"end":{"line":439,"column":27}},"120":{"start":{"line":440,"column":8},"end":{"line":440,"column":20}},"121":{"start":{"line":443,"column":4},"end":{"line":443,"column":142}},"122":{"start":{"line":463,"column":4},"end":{"line":484,"column":5}},"123":{"start":{"line":464,"column":6},"end":{"line":468,"column":7}},"124":{"start":{"line":465,"column":8},"end":{"line":467,"column":9}},"125":{"start":{"line":466,"column":10},"end":{"line":466,"column":106}},"126":{"start":{"line":469,"column":18},"end":{"line":469,"column":183}},"127":{"start":{"line":470,"column":6},"end":{"line":481,"column":7}},"128":{"start":{"line":471,"column":8},"end":{"line":473,"column":9}},"129":{"start":{"line":472,"column":10},"end":{"line":472,"column":112}},"130":{"start":{"line":474,"column":8},"end":{"line":478,"column":9}},"131":{"start":{"line":475,"column":10},"end":{"line":475,"column":31}},"132":{"start":{"line":477,"column":10},"end":{"line":477,"column":29}},"133":{"start":{"line":480,"column":8},"end":{"line":480,"column":27}},"134":{"start":{"line":483,"column":6},"end":{"line":483,"column":135}},"135":{"start":{"line":504,"column":4},"end":{"line":525,"column":5}},"136":{"start":{"line":505,"column":6},"end":{"line":509,"column":7}},"137":{"start":{"line":506,"column":8},"end":{"line":508,"column":9}},"138":{"start":{"line":507,"column":10},"end":{"line":507,"column":108}},"139":{"start":{"line":510,"column":18},"end":{"line":510,"column":196}},"140":{"start":{"line":511,"column":6},"end":{"line":524,"column":7}},"141":{"start":{"line":512,"column":8},"end":{"line":514,"column":9}},"142":{"start":{"line":513,"column":10},"end":{"line":513,"column":114}},"143":{"start":{"line":515,"column":8},"end":{"line":520,"column":9}},"144":{"start":{"line":516,"column":10},"end":{"line":516,"column":31}},"145":{"start":{"line":518,"column":10},"end":{"line":518,"column":29}},"146":{"start":{"line":519,"column":10},"end":{"line":519,"column":22}},"147":{"start":{"line":522,"column":8},"end":{"line":522,"column":27}},"148":{"start":{"line":523,"column":8},"end":{"line":523,"column":20}},"149":{"start":{"line":526,"column":32},"end":{"line":526,"column":156}},"150":{"start":{"line":527,"column":4},"end":{"line":529,"column":5}},"151":{"start":{"line":528,"column":6},"end":{"line":528,"column":72}},"152":{"start":{"line":530,"column":4},"end":{"line":530,"column":31}},"153":{"start":{"line":70,"column":0},"end":{"line":70,"column":21}}},"fnMap":{"0":{"name":"(anonymous_0)","decl":{"start":{"line":99,"column":2},"end":{"line":99,"column":15}},"loc":{"start":{"line":99,"column":79},"end":{"line":106,"column":3}}},"1":{"name":"(anonymous_1)","decl":{"start":{"line":109,"column":2},"end":{"line":109,"column":18}},"loc":{"start":{"line":109,"column":64},"end":{"line":111,"column":3}}},"2":{"name":"(anonymous_2)","decl":{"start":{"line":114,"column":2},"end":{"line":114,"column":19}},"loc":{"start":{"line":114,"column":66},"end":{"line":116,"column":3}}},"3":{"name":"(anonymous_3)","decl":{"start":{"line":121,"column":2},"end":{"line":121,"column":6}},"loc":{"start":{"line":121,"column":14},"end":{"line":123,"column":3}}},"4":{"name":"(anonymous_4)","decl":{"start":{"line":125,"column":2},"end":{"line":125,"column":6}},"loc":{"start":{"line":125,"column":18},"end":{"line":127,"column":3}}},"5":{"name":"(anonymous_5)","decl":{"start":{"line":132,"column":2},"end":{"line":132,"column":6}},"loc":{"start":{"line":132,"column":15},"end":{"line":134,"column":3}}},"6":{"name":"(anonymous_6)","decl":{"start":{"line":136,"column":2},"end":{"line":136,"column":6}},"loc":{"start":{"line":136,"column":19},"end":{"line":138,"column":3}}},"7":{"name":"(anonymous_7)","decl":{"start":{"line":140,"column":2},"end":{"line":140,"column":6}},"loc":{"start":{"line":140,"column":17},"end":{"line":142,"column":3}}},"8":{"name":"(anonymous_8)","decl":{"start":{"line":144,"column":2},"end":{"line":144,"column":10}},"loc":{"start":{"line":144,"column":10},"end":{"line":149,"column":3}}},"9":{"name":"(anonymous_9)","decl":{"start":{"line":151,"column":2},"end":{"line":151,"column":8}},"loc":{"start":{"line":151,"column":26},"end":{"line":154,"column":3}}},"10":{"name":"(anonymous_10)","decl":{"start":{"line":156,"column":2},"end":{"line":156,"column":10}},"loc":{"start":{"line":156,"column":28},"end":{"line":159,"column":3}}},"11":{"name":"(anonymous_11)","decl":{"start":{"line":161,"column":2},"end":{"line":161,"column":10}},"loc":{"start":{"line":161,"column":10},"end":{"line":163,"column":3}}},"12":{"name":"(anonymous_12)","decl":{"start":{"line":165,"column":2},"end":{"line":165,"column":8}},"loc":{"start":{"line":165,"column":28},"end":{"line":168,"column":3}}},"13":{"name":"(anonymous_13)","decl":{"start":{"line":170,"column":12},"end":{"line":170,"column":22}},"loc":{"start":{"line":175,"column":40},"end":{"line":180,"column":3}}},"14":{"name":"(anonymous_14)","decl":{"start":{"line":190,"column":2},"end":{"line":190,"column":10}},"loc":{"start":{"line":196,"column":29},"end":{"line":210,"column":3}}},"15":{"name":"(anonymous_15)","decl":{"start":{"line":220,"column":2},"end":{"line":220,"column":7}},"loc":{"start":{"line":226,"column":29},"end":{"line":241,"column":3}}},"16":{"name":"(anonymous_16)","decl":{"start":{"line":250,"column":2},"end":{"line":250,"column":14}},"loc":{"start":{"line":257,"column":28},"end":{"line":264,"column":3}}},"17":{"name":"(anonymous_17)","decl":{"start":{"line":274,"column":2},"end":{"line":274,"column":7}},"loc":{"start":{"line":281,"column":28},"end":{"line":288,"column":3}}},"18":{"name":"(anonymous_18)","decl":{"start":{"line":290,"column":2},"end":{"line":290,"column":13}},"loc":{"start":{"line":290,"column":38},"end":{"line":293,"column":3}}},"19":{"name":"(anonymous_19)","decl":{"start":{"line":292,"column":55},"end":{"line":292,"column":56}},"loc":{"start":{"line":292,"column":69},"end":{"line":292,"column":95}}},"20":{"name":"(anonymous_20)","decl":{"start":{"line":295,"column":2},"end":{"line":295,"column":14}},"loc":{"start":{"line":295,"column":42},"end":{"line":298,"column":3}}},"21":{"name":"(anonymous_21)","decl":{"start":{"line":297,"column":55},"end":{"line":297,"column":56}},"loc":{"start":{"line":297,"column":69},"end":{"line":297,"column":98}}},"22":{"name":"(anonymous_22)","decl":{"start":{"line":300,"column":2},"end":{"line":300,"column":12}},"loc":{"start":{"line":300,"column":72},"end":{"line":304,"column":3}}},"23":{"name":"(anonymous_23)","decl":{"start":{"line":306,"column":2},"end":{"line":306,"column":9}},"loc":{"start":{"line":306,"column":85},"end":{"line":313,"column":3}}},"24":{"name":"(anonymous_24)","decl":{"start":{"line":315,"column":2},"end":{"line":315,"column":19}},"loc":{"start":{"line":315,"column":19},"end":{"line":361,"column":3}}},"25":{"name":"(anonymous_25)","decl":{"start":{"line":367,"column":2},"end":{"line":367,"column":7}},"loc":{"start":{"line":379,"column":3},"end":{"line":402,"column":3}}},"26":{"name":"(anonymous_26)","decl":{"start":{"line":408,"column":2},"end":{"line":408,"column":7}},"loc":{"start":{"line":420,"column":3},"end":{"line":444,"column":3}}},"27":{"name":"(anonymous_27)","decl":{"start":{"line":450,"column":2},"end":{"line":450,"column":19}},"loc":{"start":{"line":462,"column":3},"end":{"line":485,"column":3}}},"28":{"name":"(anonymous_28)","decl":{"start":{"line":491,"column":2},"end":{"line":491,"column":20}},"loc":{"start":{"line":503,"column":3},"end":{"line":531,"column":3}}}},"branchMap":{"0":{"loc":{"start":{"line":99,"column":15},"end":{"line":99,"column":79}},"type":"default-arg","locations":[{"start":{"line":99,"column":77},"end":{"line":99,"column":79}}]},"1":{"loc":{"start":{"line":99,"column":32},"end":{"line":99,"column":42}},"type":"default-arg","locations":[{"start":{"line":99,"column":40},"end":{"line":99,"column":42}}]},"2":{"loc":{"start":{"line":104,"column":15},"end":{"line":104,"column":52}},"type":"binary-expr","locations":[{"start":{"line":104,"column":15},"end":{"line":104,"column":18}},{"start":{"line":104,"column":23},"end":{"line":104,"column":51}}]},"3":{"loc":{"start":{"line":104,"column":23},"end":{"line":104,"column":51}},"type":"cond-expr","locations":[{"start":{"line":104,"column":28},"end":{"line":104,"column":39}},{"start":{"line":104,"column":42},"end":{"line":104,"column":51}}]},"4":{"loc":{"start":{"line":105,"column":14},"end":{"line":105,"column":39}},"type":"binary-expr","locations":[{"start":{"line":105,"column":14},"end":{"line":105,"column":16}},{"start":{"line":105,"column":20},"end":{"line":105,"column":39}}]},"5":{"loc":{"start":{"line":122,"column":11},"end":{"line":122,"column":50}},"type":"binary-expr","locations":[{"start":{"line":122,"column":11},"end":{"line":122,"column":18}},{"start":{"line":122,"column":22},"end":{"line":122,"column":29}},{"start":{"line":122,"column":33},"end":{"line":122,"column":42}},{"start":{"line":122,"column":46},"end":{"line":122,"column":50}}]},"6":{"loc":{"start":{"line":145,"column":4},"end":{"line":147,"column":5}},"type":"if","locations":[{"start":{"line":145,"column":4},"end":{"line":147,"column":5}}]},"7":{"loc":{"start":{"line":174,"column":4},"end":{"line":174,"column":9}},"type":"default-arg","locations":[{"start":{"line":174,"column":8},"end":{"line":174,"column":9}}]},"8":{"loc":{"start":{"line":176,"column":21},"end":{"line":176,"column":36}},"type":"binary-expr","locations":[{"start":{"line":176,"column":21},"end":{"line":176,"column":24}},{"start":{"line":176,"column":28},"end":{"line":176,"column":36}}]},"9":{"loc":{"start":{"line":190,"column":12},"end":{"line":196,"column":29}},"type":"default-arg","locations":[{"start":{"line":196,"column":27},"end":{"line":196,"column":29}}]},"10":{"loc":{"start":{"line":193,"column":4},"end":{"line":193,"column":40}},"type":"default-arg","locations":[{"start":{"line":193,"column":13},"end":{"line":193,"column":40}}]},"11":{"loc":{"start":{"line":195,"column":4},"end":{"line":195,"column":9}},"type":"default-arg","locations":[{"start":{"line":195,"column":8},"end":{"line":195,"column":9}}]},"12":{"loc":{"start":{"line":220,"column":14},"end":{"line":226,"column":29}},"type":"default-arg","locations":[{"start":{"line":226,"column":27},"end":{"line":226,"column":29}}]},"13":{"loc":{"start":{"line":223,"column":4},"end":{"line":223,"column":40}},"type":"default-arg","locations":[{"start":{"line":223,"column":13},"end":{"line":223,"column":40}}]},"14":{"loc":{"start":{"line":225,"column":4},"end":{"line":225,"column":9}},"type":"default-arg","locations":[{"start":{"line":225,"column":8},"end":{"line":225,"column":9}}]},"15":{"loc":{"start":{"line":254,"column":4},"end":{"line":254,"column":40}},"type":"default-arg","locations":[{"start":{"line":254,"column":13},"end":{"line":254,"column":40}}]},"16":{"loc":{"start":{"line":256,"column":4},"end":{"line":256,"column":9}},"type":"default-arg","locations":[{"start":{"line":256,"column":8},"end":{"line":256,"column":9}}]},"17":{"loc":{"start":{"line":258,"column":21},"end":{"line":258,"column":36}},"type":"binary-expr","locations":[{"start":{"line":258,"column":21},"end":{"line":258,"column":24}},{"start":{"line":258,"column":28},"end":{"line":258,"column":36}}]},"18":{"loc":{"start":{"line":278,"column":4},"end":{"line":278,"column":40}},"type":"default-arg","locations":[{"start":{"line":278,"column":13},"end":{"line":278,"column":40}}]},"19":{"loc":{"start":{"line":280,"column":4},"end":{"line":280,"column":9}},"type":"default-arg","locations":[{"start":{"line":280,"column":8},"end":{"line":280,"column":9}}]},"20":{"loc":{"start":{"line":282,"column":21},"end":{"line":282,"column":36}},"type":"binary-expr","locations":[{"start":{"line":282,"column":21},"end":{"line":282,"column":24}},{"start":{"line":282,"column":28},"end":{"line":282,"column":36}}]},"21":{"loc":{"start":{"line":292,"column":11},"end":{"line":292,"column":103}},"type":"binary-expr","locations":[{"start":{"line":292,"column":11},"end":{"line":292,"column":18}},{"start":{"line":292,"column":22},"end":{"line":292,"column":103}}]},"22":{"loc":{"start":{"line":292,"column":69},"end":{"line":292,"column":95}},"type":"binary-expr","locations":[{"start":{"line":292,"column":69},"end":{"line":292,"column":72}},{"start":{"line":292,"column":76},"end":{"line":292,"column":95}}]},"23":{"loc":{"start":{"line":297,"column":11},"end":{"line":297,"column":106}},"type":"binary-expr","locations":[{"start":{"line":297,"column":11},"end":{"line":297,"column":18}},{"start":{"line":297,"column":22},"end":{"line":297,"column":106}}]},"24":{"loc":{"start":{"line":297,"column":69},"end":{"line":297,"column":98}},"type":"binary-expr","locations":[{"start":{"line":297,"column":69},"end":{"line":297,"column":72}},{"start":{"line":297,"column":76},"end":{"line":297,"column":98}}]},"25":{"loc":{"start":{"line":307,"column":4},"end":{"line":311,"column":5}},"type":"if","locations":[{"start":{"line":307,"column":4},"end":{"line":311,"column":5}},{"start":{"line":309,"column":11},"end":{"line":311,"column":5}}]},"26":{"loc":{"start":{"line":320,"column":8},"end":{"line":324,"column":9}},"type":"if","locations":[{"start":{"line":320,"column":8},"end":{"line":324,"column":9}},{"start":{"line":322,"column":15},"end":{"line":324,"column":9}}]},"27":{"loc":{"start":{"line":323,"column":26},"end":{"line":323,"column":43}},"type":"binary-expr","locations":[{"start":{"line":323,"column":26},"end":{"line":323,"column":38}},{"start":{"line":323,"column":42},"end":{"line":323,"column":43}}]},"28":{"
[...]
lumn":4},"end":{"line":330,"column":5}},"77":{"start":{"line":329,"column":6},"end":{"line":329,"column":76}},"78":{"start":{"line":331,"column":14},"end":{"line":331,"column":18}},"79":{"start":{"line":332,"column":4},"end":{"line":338,"column":5}},"80":{"start":{"line":333,"column":6},"end":{"line":333,"column":92}},"81":{"start":{"line":334,"column":6},"end":{"line":337,"column":7}},"82":{"start":{"line":335,"column":8},"end":{"line":335,"column":104}},"83":{"start":{"line":336,"column":8},"end":{"line":336,"column":14}},"84":{"start":{"line":339,"column":4},"end":{"line":339,"column":100}},"85":{"start":{"line":340,"column":4},"end":{"line":348,"column":5}},"86":{"start":{"line":341,"column":6},"end":{"line":347,"column":7}},"87":{"start":{"line":342,"column":8},"end":{"line":342,"column":28}},"88":{"start":{"line":344,"column":8},"end":{"line":346,"column":9}},"89":{"start":{"line":344,"column":21},"end":{"line":344,"column":22}},"90":{"start":{"line":345,"column":10},"end":{"line":345,"column":78}},"91":{"start":{"line":28,"column":0},"end":{"line":28,"column":21}}},"fnMap":{"0":{"name":"(anonymous_0)","decl":{"start":{"line":42,"column":2},"end":{"line":42,"column":15}},"loc":{"start":{"line":52,"column":35},"end":{"line":62,"column":3}}},"1":{"name":"(anonymous_1)","decl":{"start":{"line":64,"column":2},"end":{"line":64,"column":6}},"loc":{"start":{"line":64,"column":17},"end":{"line":66,"column":3}}},"2":{"name":"(anonymous_2)","decl":{"start":{"line":68,"column":2},"end":{"line":68,"column":10}},"loc":{"start":{"line":68,"column":10},"end":{"line":73,"column":3}}},"3":{"name":"(anonymous_3)","decl":{"start":{"line":75,"column":2},"end":{"line":75,"column":9}},"loc":{"start":{"line":75,"column":9},"end":{"line":77,"column":3}}},"4":{"name":"(anonymous_4)","decl":{"start":{"line":79,"column":2},"end":{"line":79,"column":17}},"loc":{"start":{"line":79,"column":29},"end":{"line":83,"column":3}}},"5":{"name":"(anonymous_5)","decl":{"start":{"line":85,"column":2},"end":{"line":85,"column":11}},"loc":{"start":{"line":85,"column":11},"end":{"line":101,"column":3}}},"6":{"name":"(anonymous_6)","decl":{"start":{"line":103,"column":2},"end":{"line":103,"column":9}},"loc":{"start":{"line":103,"column":9},"end":{"line":105,"column":3}}},"7":{"name":"(anonymous_7)","decl":{"start":{"line":107,"column":2},"end":{"line":107,"column":18}},"loc":{"start":{"line":107,"column":37},"end":{"line":116,"column":3}}},"8":{"name":"(anonymous_8)","decl":{"start":{"line":118,"column":2},"end":{"line":118,"column":21}},"loc":{"start":{"line":118,"column":40},"end":{"line":121,"column":3}}},"9":{"name":"(anonymous_9)","decl":{"start":{"line":123,"column":2},"end":{"line":123,"column":7}},"loc":{"start":{"line":135,"column":3},"end":{"line":141,"column":3}}},"10":{"name":"(anonymous_10)","decl":{"start":{"line":143,"column":2},"end":{"line":143,"column":7}},"loc":{"start":{"line":155,"column":3},"end":{"line":159,"column":3}}},"11":{"name":"(anonymous_11)","decl":{"start":{"line":161,"column":2},"end":{"line":161,"column":7}},"loc":{"start":{"line":173,"column":3},"end":{"line":179,"column":3}}},"12":{"name":"(anonymous_12)","decl":{"start":{"line":181,"column":2},"end":{"line":181,"column":7}},"loc":{"start":{"line":194,"column":5},"end":{"line":199,"column":3}}},"13":{"name":"(anonymous_13)","decl":{"start":{"line":201,"column":2},"end":{"line":201,"column":7}},"loc":{"start":{"line":213,"column":3},"end":{"line":235,"column":3}}},"14":{"name":"(anonymous_14)","decl":{"start":{"line":237,"column":2},"end":{"line":237,"column":10}},"loc":{"start":{"line":249,"column":3},"end":{"line":255,"column":3}}},"15":{"name":"(anonymous_15)","decl":{"start":{"line":257,"column":2},"end":{"line":257,"column":14}},"loc":{"start":{"line":269,"column":3},"end":{"line":273,"column":3}}},"16":{"name":"(anonymous_16)","decl":{"start":{"line":275,"column":2},"end":{"line":275,"column":15}},"loc":{"start":{"line":287,"column":3},"end":{"line":293,"column":3}}},"17":{"name":"(anonymous_17)","decl":{"start":{"line":295,"column":2},"end":{"line":295,"column":25}},"loc":{"start":{"line":308,"column":5},"end":{"line":313,"column":3}}},"18":{"name":"(anonymous_18)","decl":{"start":{"line":315,"column":2},"end":{"line":315,"column":24}},"loc":{"start":{"line":327,"column":3},"end":{"line":349,"column":3}}}},"branchMap":{"0":{"loc":{"start":{"line":42,"column":15},"end":{"line":52,"column":35}},"type":"default-arg","locations":[{"start":{"line":52,"column":33},"end":{"line":52,"column":35}}]},"1":{"loc":{"start":{"line":44,"column":4},"end":{"line":44,"column":20}},"type":"default-arg","locations":[{"start":{"line":44,"column":16},"end":{"line":44,"column":20}}]},"2":{"loc":{"start":{"line":45,"column":4},"end":{"line":45,"column":18}},"type":"default-arg","locations":[{"start":{"line":45,"column":13},"end":{"line":45,"column":18}}]},"3":{"loc":{"start":{"line":47,"column":4},"end":{"line":47,"column":14}},"type":"default-arg","locations":[{"start":{"line":47,"column":13},"end":{"line":47,"column":14}}]},"4":{"loc":{"start":{"line":49,"column":4},"end":{"line":49,"column":18}},"type":"default-arg","locations":[{"start":{"line":49,"column":16},"end":{"line":49,"column":18}}]},"5":{"loc":{"start":{"line":50,"column":4},"end":{"line":50,"column":19}},"type":"default-arg","locations":[{"start":{"line":50,"column":17},"end":{"line":50,"column":19}}]},"6":{"loc":{"start":{"line":51,"column":4},"end":{"line":51,"column":11}},"type":"default-arg","locations":[{"start":{"line":51,"column":10},"end":{"line":51,"column":11}}]},"7":{"loc":{"start":{"line":60,"column":21},"end":{"line":60,"column":36}},"type":"binary-expr","locations":[{"start":{"line":60,"column":21},"end":{"line":60,"column":30}},{"start":{"line":60,"column":34},"end":{"line":60,"column":36}}]},"8":{"loc":{"start":{"line":61,"column":22},"end":{"line":61,"column":38}},"type":"binary-expr","locations":[{"start":{"line":61,"column":22},"end":{"line":61,"column":32}},{"start":{"line":61,"column":36},"end":{"line":61,"column":38}}]},"9":{"loc":{"start":{"line":69,"column":4},"end":{"line":71,"column":5}},"type":"if","locations":[{"start":{"line":69,"column":4},"end":{"line":71,"column":5}}]},"10":{"loc":{"start":{"line":76,"column":11},"end":{"line":76,"column":31}},"type":"binary-expr","locations":[{"start":{"line":76,"column":11},"end":{"line":76,"column":20}},{"start":{"line":76,"column":24},"end":{"line":76,"column":31}}]},"11":{"loc":{"start":{"line":86,"column":4},"end":{"line":88,"column":5}},"type":"if","locations":[{"start":{"line":86,"column":4},"end":{"line":88,"column":5}}]},"12":{"loc":{"start":{"line":89,"column":4},"end":{"line":100,"column":5}},"type":"if","locations":[{"start":{"line":89,"column":4},"end":{"line":100,"column":5}},{"start":{"line":98,"column":11},"end":{"line":100,"column":5}}]},"13":{"loc":{"start":{"line":90,"column":6},"end":{"line":92,"column":7}},"type":"if","locations":[{"start":{"line":90,"column":6},"end":{"line":92,"column":7}}]},"14":{"loc":{"start":{"line":128,"column":4},"end":{"line":128,"column":40}},"type":"default-arg","locations":[{"start":{"line":128,"column":13},"end":{"line":128,"column":40}}]},"15":{"loc":{"start":{"line":136,"column":4},"end":{"line":140,"column":5}},"type":"if","locations":[{"start":{"line":136,"column":4},"end":{"line":140,"column":5}},{"start":{"line":138,"column":11},"end":{"line":140,"column":5}}]},"16":{"loc":{"start":{"line":148,"column":4},"end":{"line":148,"column":40}},"type":"default-arg","locations":[{"start":{"line":148,"column":13},"end":{"line":148,"column":40}}]},"17":{"loc":{"start":{"line":166,"column":4},"end":{"line":166,"column":40}},"type":"default-arg","locations":[{"start":{"line":166,"column":13},"end":{"line":166,"column":40}}]},"18":{"loc":{"start":{"line":187,"column":6},"end":{"line":187,"column":42}},"type":"default-arg","locations":[{"start":{"line":187,"column":15},"end":{"line":187,"column":42}}]},"19":{"loc":{"start":{"line":206,"column":4},"end":{"line":206,"column":40}},"type":"default-arg","locations":[{"start":{"line":206,"column":13},"end":{"line":206,"column":40}}]},"20":{"loc":{"start":{"line":219,"column":12},"end":{"line":219,"column":106}},"type":"binary-expr","locations":[{"start":{"line":219,"column":12},"end":{"line":219,"column":15}},{"start":{"line":219,"column":19},"end":{"line":219,"column":106}}]},"21":{"loc":{"start":{"line":220,"column":6},"end":{"line":223,"column":7}},"type":"if","locations":[{"start":{"line":220,"column":6},"end":{"line":223,"column":7}}]},"22":{"loc":{"start":{"line":226,"column":4},"end":{"line":234,"column":5}},"type":"if","locations":[{"start":{"line":226,"column":4},"end":{"line":234,"column":5}}]},"23":{"loc":{"start":{"line":226,"column":8},"end":{"line":226,"column":34}},"type":"binary-expr","locations":[{"start":{"line":226,"column":8},"end":{"line":226,"column":11}},{"start":{"line":226,"column":15},"end":{"line":226,"column":34}}]},"24":{"loc":{"start":{"line":227,"column":6},"end":{"line":233,"column":7}},"type":"if","locations":[{"start":{"line":227,"column":6},"end":{"line":233,"column":7}},{"start":{"line":229,"column":13},"end":{"line":233,"column":7}}]},"25":{"loc":{"start":{"line":242,"column":4},"end":{"line":242,"column":40}},"type":"default-arg","locations":[{"start":{"line":242,"column":13},"end":{"line":242,"column":40}}]},"26":{"loc":{"start":{"line":250,"column":4},"end":{"line":254,"column":5}},"type":"if","locations":[{"start":{"line":250,"column":4},"end":{"line":254,"column":5}},{"start":{"line":252,"column":11},"end":{"line":254,"column":5}}]},"27":{"loc":{"start":{"line":262,"column":4},"end":{"line":262,"column":40}},"type":"default-arg","locations":[{"start":{"line":262,"column":13},"end":{"line":262,"column":40}}]},"28":{"loc":{"start":{"line":280,"column":4},"end":{"line":280,"column":40}},"type":"default-arg","locations":[{"start":{"line":280,"column":13},"end":{"line":280,"column":40}}]},"29":{"loc":{"start":{"line":301,"column":6},"end":{"line":301,"column":42}},"type":"default-arg","locations":[{"start":{"line":301,"column":15},"end":{"line":301,"column":42}}]},"30":{"loc":{"start":{"line":320,"column":4},"end":{"line":320,"column":40}},"type":"default-arg","locations":[{"start":{"line":320,"column":13},"end":{"line":320,"column":40}}]},"31":{"loc":{"start":{"line":333,"column":12},"end":{"line":333,"column":91}},"type":"binary-expr","locations":[{"start":{"line":333,"column":12},"end":{"line":333,"column":15}},{"start":{"line":333,"column":19},"end":{"line":333,"column":91}}]},"32":{"loc":{"start":{"line":334,"column":6},"end":{"line":337,"column":7}},"type":"if","locations":[{"start":{"line":334,"column":6},"end":{"line":337,"column":7}}]},"33":{"loc":{"start":{"line":340,"column":4},"end":{"line":348,"column":5}},"type":"if","locations":[{"start":{"line":340,"column":4},"end":{"line":348,"column":5}}]},"34":{"loc":{"start":{"line":340,"column":8},"end":{"line":340,"column":29}},"type":"binary-expr","locations":[{"start":{"line":340,"column":8},"end":{"line":340,"column":11}},{"start":{"line":340,"column":15},"end":{"line":340,"column":29}}]},"35":{"loc":{"start":{"line":341,"column":6},"end":{"line":347,"column":7}},"type":"if","locations":[{"start":{"line":341,"column":6},"end":{"line":347,"column":7}},{"start":{"line":343,"column":13},"end":{"line":347,"column":7}}]},"36":{"loc":{"start":{"line":341,"column":10},"end":{"line":341,"column":46}},"type":"binary-expr","locations":[{"start":{"line":341,"column":10},"end":{"line":341,"column":26}},{"start":{"line":341,"column":30},"end":{"line":341,"column":46}}]}},"s":{"0":5,"1":5,"2":5,"3":5,"4":201,"5":201,"6":201,"7":201,"8":201,"9":201,"10":201,"11":201,"12":201,"13":201,"14":201,"15":201,"16":201,"17":741,"18":744,"19":535,"20":209,"21":641,"22":1,"23":313,"24":0,"25":313,"26":2,"27":1,"28":1,"29":311,"30":421,"31":313,"32":313,"33":313,"34":313,"35":229,"36":62,"37":167,"38":167,"39":167,"40":165,"41":62,"42":60,"43":60,"44":60,"45":227,"46":221,"47":225,"48":221,"49":25,"50":220,"51":220,"52":42,"53":41,"54":13,"55":13,"56":219,"57":219,"58":206,"59":197,"60":9,"61":9,"62":18,"63":192,"64":50,"65":142,"66":142,"67":142,"68":140,"69":50,"70":48,"71":48,"72":48,"73":190,"74":190,"75":188,"76":190,"77":16,"78":189,"79":189,"80":39,"81":38,"82":12,"83":12,"84":188,"85":188,"86":176,"87":167,"88":9,"89":9,"90":18,"91":5},"f":{"0":201,"1":741,"2":744,"3":641,"4":1,"5":313,"6":421,"7":313,"8":313,"9":229,"10":167,"11":62,"12":227,"13":221,"14":192,"15":142,"16":50,"17":190,"18":190},"b":{"0":[0],"1":[192],"2":[197],"3":[67],"4":[177],"5":[160],"6":[173],"7":[201,0],"8":[201,0],"9":[535],"10":[641,309],"11":[0],"12":[2,311],"13":[1],"14":[229],"15":[62,167],"16":[0],"17":[0],"18":[0],"19":[0],"20":[42,42],"21":[13],"22":[206],"23":[219,206],"24":[197,9],"25":[192],"26":[50,142],"27":[0],"28":[0],"29":[0],"30":[0],"31":[39,39],"32":[12],"33":[176],"34":[188,176],"35":[167,9],"36":[176,9]}}
,"C:\\Users\\harry\\web\\htdocs\\Ultra Loot Table\\src\\table\\pool\\entry\\result.ts": {"path":"C:\\Users\\harry\\web\\htdocs\\Ultra Loot Table\\src\\table\\pool\\entry\\result.ts","statementMap":{"0":{"start":{"line":3,"column":23},"end":{"line":3,"column":27}},"1":{"start":{"line":20,"column":4},"end":{"line":20,"column":17}},"2":{"start":{"line":21,"column":4},"end":{"line":21,"column":21}},"3":{"start":{"line":22,"column":4},"end":{"line":22,"column":21}},"4":{"start":{"line":23,"column":4},"end":{"line":23,"column":19}},"5":{"start":{"line":24,"column":4},"end":{"line":24,"column":31}},"6":{"start":{"line":28,"column":4},"end":{"line":28,"column":27}},"7":{"start":{"line":32,"column":4},"end":{"line":34,"column":5}},"8":{"start":{"line":33,"column":6},"end":{"line":33,"column":41}},"9":{"start":{"line":35,"column":4},"end":{"line":35,"column":26}},"10":{"start":{"line":39,"column":4},"end":{"line":39,"column":20}},"11":{"start":{"line":43,"column":4},"end":{"line":43,"column":17}},"12":{"start":{"line":47,"column":4},"end":{"line":47,"column":28}},"13":{"start":{"line":1,"column":0},"end":{"line":1,"column":21}}},"fnMap":{"0":{"name":"(anonymous_0)","decl":{"start":{"line":7,"column":2},"end":{"line":7,"column":15}},"loc":{"start":{"line":19,"column":8},"end":{"line":25,"column":3}}},"1":{"name":"(anonymous_1)","decl":{"start":{"line":27,"column":2},"end":{"line":27,"column":6}},"loc":{"start":{"line":27,"column":17},"end":{"line":29,"column":3}}},"2":{"name":"(anonymous_2)","decl":{"start":{"line":31,"column":2},"end":{"line":31,"column":10}},"loc":{"start":{"line":31,"column":10},"end":{"line":36,"column":3}}},"3":{"name":"(anonymous_3)","decl":{"start":{"line":38,"column":2},"end":{"line":38,"column":8}},"loc":{"start":{"line":38,"column":8},"end":{"line":40,"column":3}}},"4":{"name":"(anonymous_4)","decl":{"start":{"line":42,"column":2},"end":{"line":42,"column":8}},"loc":{"start":{"line":42,"column":19},"end":{"line":44,"column":3}}},"5":{"name":"(anonymous_5)","decl":{"start":{"line":46,"column":2},"end":{"line":46,"column":8}},"loc":{"start":{"line":46,"column":19},"end":{"line":48,"column":3}}}},"branchMap":{"0":{"loc":{"start":{"line":7,"column":15},"end":{"line":19,"column":8}},"type":"default-arg","locations":[{"start":{"line":19,"column":6},"end":{"line":19,"column":8}}]},"1":{"loc":{"start":{"line":9,"column":4},"end":{"line":9,"column":20}},"type":"default-arg","locations":[{"start":{"line":9,"column":16},"end":{"line":9,"column":20}}]},"2":{"loc":{"start":{"line":32,"column":4},"end":{"line":34,"column":5}},"type":"if","locations":[{"start":{"line":32,"column":4},"end":{"line":34,"column":5}}]}},"s":{"0":396,"1":396,"2":396,"3":396,"4":396,"5":396,"6":1,"7":3,"8":2,"9":1,"10":1,"11":1,"12":20,"13":5},"f":{"0":396,"1":1,"2":3,"3":1,"4":1,"5":20},"b":{"0":[0],"1":[15],"2":[2]}}
,"C:\\Users\\harry\\web\\htdocs\\Ultra Loot Table\\src\\table\\pool\\entry\\results.ts": {"path":"C:\\Users\\harry\\web\\htdocs\\Ultra Loot Table\\src\\table\\pool\\entry\\results.ts","statementMap":{"0":{"start":{"line":5,"column":4},"end":{"line":7,"column":17}},"1":{"start":{"line":5,"column":36},"end":{"line":5,"column":56}},"2":{"start":{"line":6,"column":9},"end":{"line":7,"column":17}},"3":{"start":{"line":6,"column":24},"end":{"line":6,"column":41}},"4":{"start":{"line":7,"column":9},"end":{"line":7,"column":17}},"5":{"start":{"line":8,"column":4},"end":{"line":8,"column":80}},"6":{"start":{"line":12,"column":4},"end":{"line":14,"column":5}},"7":{"start":{"line":13,"column":6},"end":{"line":13,"column":23}},"8":{"start":{"line":15,"column":4},"end":{"line":15,"column":16}},"9":{"start":{"line":19,"column":4},"end":{"line":19,"column":58}},"10":{"start":{"line":23,"column":49},"end":{"line":23,"column":51}},"11":{"start":{"line":24,"column":4},"end":{"line":28,"column":5}},"12":{"start":{"line":25,"column":6},"end":{"line":27,"column":7}},"13":{"start":{"line":26,"column":8},"end":{"line":26,"column":31}},"14":{"start":{"line":29,"column":4},"end":{"line":29,"column":33}},"15":{"start":{"line":33,"column":54},"end":{"line":33,"column":56}},"16":{"start":{"line":34,"column":42},"end":{"line":34,"column":44}},"17":{"start":{"line":35,"column":4},"end":{"line":46,"column":5}},"18":{"start":{"line":36,"column":6},"end":{"line":45,"column":7}},"19":{"start":{"line":37,"column":20},"end":{"line":37,"column":43}},"20":{"start":{"line":38,"column":8},"end":{"line":42,"column":9}},"21":{"start":{"line":39,"column":10},"end":{"line":39,"column":24}},"22":{"start":{"line":41,"column":10},"end":{"line":41,"column":34}},"23":{"start":{"line":44,"column":8},"end":{"line":44,"column":23}},"24":{"start":{"line":47,"column":4},"end":{"line":47,"column":72}},"25":{"start":{"line":3,"column":0},"end":{"line":3,"column":21}}},"fnMap":{"0":{"name":"(anonymous_0)","decl":{"start":{"line":4,"column":2},"end":{"line":4,"column":15}},"loc":{"start":{"line":4,"column":63},"end":{"line":9,"column":3}}},"1":{"name":"(anonymous_1)","decl":{"start":{"line":11,"column":2},"end":{"line":11,"column":7}},"loc":{"start":{"line":11,"column":37},"end":{"line":16,"column":3}}},"2":{"name":"(anonymous_2)","decl":{"start":{"line":18,"column":2},"end":{"line":18,"column":8}},"loc":{"start":{"line":18,"column":38},"end":{"line":20,"column":3}}},"3":{"name":"(anonymous_3)","decl":{"start":{"line":22,"column":12},"end":{"line":22,"column":26}},"loc":{"start":{"line":22,"column":55},"end":{"line":30,"column":3}}},"4":{"name":"(anonymous_4)","decl":{"start":{"line":32,"column":2},"end":{"line":32,"column":11}},"loc":{"start":{"line":32,"column":11},"end":{"line":48,"column":3}}}},"branchMap":{"0":{"loc":{"start":{"line":5,"column":4},"end":{"line":7,"column":17}},"type":"if","locations":[{"start":{"line":5,"column":4},"end":{"line":7,"column":17}},{"start":{"line":6,"column":9},"end":{"line":7,"column":17}}]},"1":{"loc":{"start":{"line":6,"column":9},"end":{"line":7,"column":17}},"type":"if","locations":[{"start":{"line":6,"column":9},"end":{"line":7,"column":17}},{"start":{"line":7,"column":9},"end":{"line":7,"column":17}}]},"2":{"loc":{"start":{"line":25,"column":6},"end":{"line":27,"column":7}},"type":"if","locations":[{"start":{"line":25,"column":6},"end":{"line":27,"column":7}}]},"3":{"loc":{"start":{"line":36,"column":6},"end":{"line":45,"column":7}},"type":"if","locations":[{"start":{"line":36,"column":6},"end":{"line":45,"column":7}},{"start":{"line":43,"column":13},"end":{"line":45,"column":7}}]},"4":{"loc":{"start":{"line":38,"column":8},"end":{"line":42,"column":9}},"type":"if","locations":[{"start":{"line":38,"column":8},"end":{"line":42,"column":9}},{"start":{"line":40,"column":15},"end":{"line":42,"column":9}}]}},"s":{"0":1201,"1":323,"2":878,"3":0,"4":878,"5":1201,"6":419,"7":406,"8":419,"9":1,"10":30,"11":30,"12":150,"13":120,"14":30,"15":4,"16":4,"17":4,"18":34,"19":30,"20":30,"21":10,"22":20,"23":4,"24":4,"25":5},"f":{"0":1201,"1":419,"2":1,"3":30,"4":4},"b":{"0":[323,878],"1":[0,878],"2":[120],"3":[30,4],"4":[10,20]}}
}
