{"C:\\Users\\harry\\web\\htdocs\\Ultra Loot Table\\src\\rng.ts": {"path":"C:\\Users\\harry\\web\\htdocs\\Ultra Loot Table\\src\\rng.ts","statementMap":{"0":{"start":{"line":1,"column":23},"end":{"line":1,"column":26}},"1":{"start":{"line":2,"column":40},"end":{"line":2,"column":44}},"2":{"start":{"line":76,"column":24},"end":{"line":76,"column":73}},"3":{"start":{"line":77,"column":30},"end":{"line":77,"column":69}},"4":{"start":{"line":78,"column":50},"end":{"line":78,"column":52}},"5":{"start":{"line":79,"column":50},"end":{"line":79,"column":52}},"6":{"start":{"line":97,"column":18},"end":{"line":97,"column":19}},"7":{"start":{"line":99,"column":4},"end":{"line":99,"column":23}},"8":{"start":{"line":103,"column":4},"end":{"line":103,"column":22}},"9":{"start":{"line":107,"column":4},"end":{"line":107,"column":38}},"10":{"start":{"line":111,"column":4},"end":{"line":118,"column":5}},"11":{"start":{"line":112,"column":6},"end":{"line":114,"column":7}},"12":{"start":{"line":113,"column":8},"end":{"line":113,"column":48}},"13":{"start":{"line":115,"column":6},"end":{"line":115,"column":24}},"14":{"start":{"line":117,"column":6},"end":{"line":117,"column":64}},"15":{"start":{"line":119,"column":4},"end":{"line":119,"column":16}},"16":{"start":{"line":123,"column":4},"end":{"line":123,"column":23}},"17":{"start":{"line":124,"column":4},"end":{"line":124,"column":16}},"18":{"start":{"line":128,"column":4},"end":{"line":130,"column":6}},"19":{"start":{"line":134,"column":28},"end":{"line":134,"column":55}},"20":{"start":{"line":135,"column":16},"end":{"line":135,"column":48}},"21":{"start":{"line":136,"column":4},"end":{"line":136,"column":33}},"22":{"start":{"line":137,"column":4},"end":{"line":137,"column":15}},"23":{"start":{"line":141,"column":28},"end":{"line":141,"column":55}},"24":{"start":{"line":142,"column":35},"end":{"line":142,"column":56}},"25":{"start":{"line":143,"column":4},"end":{"line":143,"column":19}},"26":{"start":{"line":147,"column":4},"end":{"line":147,"column":26}},"27":{"start":{"line":151,"column":15},"end":{"line":151,"column":16}},"28":{"start":{"line":154,"column":4},"end":{"line":154,"column":38}},"29":{"start":{"line":154,"column":26},"end":{"line":154,"column":38}},"30":{"start":{"line":155,"column":4},"end":{"line":159,"column":5}},"31":{"start":{"line":156,"column":6},"end":{"line":156,"column":30}},"32":{"start":{"line":157,"column":6},"end":{"line":157,"column":40}},"33":{"start":{"line":158,"column":6},"end":{"line":158,"column":16}},"34":{"start":{"line":160,"column":4},"end":{"line":160,"column":16}},"35":{"start":{"line":164,"column":4},"end":{"line":166,"column":5}},"36":{"start":{"line":165,"column":6},"end":{"line":165,"column":35}},"37":{"start":{"line":167,"column":16},"end":{"line":167,"column":33}},"38":{"start":{"line":168,"column":4},"end":{"line":168,"column":32}},"39":{"start":{"line":169,"column":4},"end":{"line":169,"column":15}},"40":{"start":{"line":173,"column":4},"end":{"line":173,"column":25}},"41":{"start":{"line":177,"column":4},"end":{"line":177,"column":36}},"42":{"start":{"line":181,"column":4},"end":{"line":181,"column":44}},"43":{"start":{"line":185,"column":19},"end":{"line":185,"column":31}},"44":{"start":{"line":186,"column":4},"end":{"line":186,"column":36}},"45":{"start":{"line":191,"column":4},"end":{"line":191,"column":50}},"46":{"start":{"line":195,"column":4},"end":{"line":195,"column":58}},"47":{"start":{"line":196,"column":15},"end":{"line":196,"column":29}},"48":{"start":{"line":197,"column":4},"end":{"line":201,"column":5}},"49":{"start":{"line":198,"column":6},"end":{"line":198,"column":53}},"50":{"start":{"line":200,"column":6},"end":{"line":200,"column":48}},"51":{"start":{"line":202,"column":4},"end":{"line":202,"column":55}},"52":{"start":{"line":207,"column":16},"end":{"line":207,"column":56}},"53":{"start":{"line":208,"column":15},"end":{"line":208,"column":66}},"54":{"start":{"line":209,"column":4},"end":{"line":209,"column":88}},"55":{"start":{"line":214,"column":27},"end":{"line":214,"column":29}},"56":{"start":{"line":215,"column":21},"end":{"line":215,"column":85}},"57":{"start":{"line":216,"column":17},"end":{"line":216,"column":19}},"58":{"start":{"line":217,"column":4},"end":{"line":219,"column":5}},"59":{"start":{"line":217,"column":17},"end":{"line":217,"column":18}},"60":{"start":{"line":218,"column":6},"end":{"line":218,"column":48}},"61":{"start":{"line":220,"column":4},"end":{"line":220,"column":24}},"62":{"start":{"line":224,"column":4},"end":{"line":224,"column":58}},"63":{"start":{"line":225,"column":15},"end":{"line":225,"column":29}},"64":{"start":{"line":226,"column":4},"end":{"line":230,"column":5}},"65":{"start":{"line":227,"column":6},"end":{"line":227,"column":53}},"66":{"start":{"line":229,"column":6},"end":{"line":229,"column":48}},"67":{"start":{"line":231,"column":4},"end":{"line":231,"column":42}},"68":{"start":{"line":235,"column":4},"end":{"line":235,"column":88}},"69":{"start":{"line":235,"column":22},"end":{"line":235,"column":88}},"70":{"start":{"line":236,"column":4},"end":{"line":236,"column":85}},"71":{"start":{"line":236,"column":22},"end":{"line":236,"column":85}},"72":{"start":{"line":238,"column":4},"end":{"line":238,"column":42}},"73":{"start":{"line":239,"column":4},"end":{"line":239,"column":44}},"74":{"start":{"line":243,"column":4},"end":{"line":243,"column":95}},"75":{"start":{"line":243,"column":34},"end":{"line":243,"column":95}},"76":{"start":{"line":244,"column":4},"end":{"line":244,"column":41}},"77":{"start":{"line":248,"column":4},"end":{"line":248,"column":43}},"78":{"start":{"line":253,"column":4},"end":{"line":255,"column":5}},"79":{"start":{"line":254,"column":6},"end":{"line":254,"column":132}},"80":{"start":{"line":256,"column":14},"end":{"line":256,"column":30}},"81":{"start":{"line":257,"column":4},"end":{"line":257,"column":27}},"82":{"start":{"line":258,"column":4},"end":{"line":264,"column":5}},"83":{"start":{"line":259,"column":6},"end":{"line":259,"column":42}},"84":{"start":{"line":261,"column":6},"end":{"line":263,"column":7}},"85":{"start":{"line":262,"column":8},"end":{"line":262,"column":72}},"86":{"start":{"line":266,"column":4},"end":{"line":270,"column":5}},"87":{"start":{"line":267,"column":6},"end":{"line":267,"column":51}},"88":{"start":{"line":269,"column":6},"end":{"line":269,"column":46}},"89":{"start":{"line":272,"column":4},"end":{"line":285,"column":5}},"90":{"start":{"line":273,"column":6},"end":{"line":273,"column":15}},"91":{"start":{"line":274,"column":6},"end":{"line":280,"column":7}},"92":{"start":{"line":275,"column":8},"end":{"line":275,"column":25}},"93":{"start":{"line":276,"column":8},"end":{"line":276,"column":19}},"94":{"start":{"line":278,"column":8},"end":{"line":278,"column":23}},"95":{"start":{"line":279,"column":8},"end":{"line":279,"column":22}},"96":{"start":{"line":282,"column":6},"end":{"line":282,"column":21}},"97":{"start":{"line":283,"column":6},"end":{"line":283,"column":20}},"98":{"start":{"line":284,"column":6},"end":{"line":284,"column":32}},"99":{"start":{"line":287,"column":4},"end":{"line":289,"column":5}},"100":{"start":{"line":288,"column":6},"end":{"line":288,"column":70}},"101":{"start":{"line":296,"column":4},"end":{"line":298,"column":5}},"102":{"start":{"line":297,"column":6},"end":{"line":297,"column":31}},"103":{"start":{"line":299,"column":4},"end":{"line":301,"column":5}},"104":{"start":{"line":300,"column":6},"end":{"line":300,"column":31}},"105":{"start":{"line":302,"column":4},"end":{"line":302,"column":15}},"106":{"start":{"line":307,"column":14},"end":{"line":307,"column":32}},"107":{"start":{"line":308,"column":14},"end":{"line":308,"column":28}},"108":{"start":{"line":309,"column":14},"end":{"line":309,"column":73}},"109":{"start":{"line":311,"column":4},"end":{"line":311,"column":29}},"110":{"start":{"line":315,"column":4},"end":{"line":317,"column":5}},"111":{"start":{"line":316,"column":6},"end":{"line":316,"column":31}},"112":{"start":{"line":318,"column":4},"end":{"line":320,"column":5}},"113":{"start":{"line":319,"column":6},"end":{"line":319,"column":29}},"114":{"start":{"line":321,"column":4},"end":{"line":321,"column":30}},"115":{"start":{"line":325,"column":4},"end":{"line":327,"column":5}},"116":{"start":{"line":326,"column":6},"end":{"line":326,"column":30}},"117":{"start":{"line":328,"column":4},"end":{"line":350,"column":5}},"118":{"start":{"line":329,"column":6},"end":{"line":349,"column":7}},"119":{"start":{"line":331,"column":10},"end":{"line":331,"column":36}},"120":{"start":{"line":332,"column":10},"end":{"line":332,"column":16}},"121":{"start":{"line":334,"column":10},"end":{"line":334,"column":48}},"122":{"start":{"line":335,"column":10},"end":{"line":335,"column":16}},"123":{"start":{"line":337,"column":10},"end":{"line":341,"column":12}},"124":{"start":{"line":342,"column":10},"end":{"line":342,"column":16}},"125":{"start":{"line":344,"column":10},"end":{"line":348,"column":12}},"126":{"start":{"line":351,"column":4},"end":{"line":353,"column":5}},"127":{"start":{"line":352,"column":6},"end":{"line":352,"column":19}},"128":{"start":{"line":354,"column":4},"end":{"line":354,"column":53}},"129":{"start":{"line":358,"column":4},"end":{"line":360,"column":5}},"130":{"start":{"line":359,"column":6},"end":{"line":359,"column":33}},"131":{"start":{"line":361,"column":4},"end":{"line":363,"column":5}},"132":{"start":{"line":362,"column":6},"end":{"line":362,"column":19}},"133":{"start":{"line":364,"column":4},"end":{"line":385,"column":5}},"134":{"start":{"line":365,"column":6},"end":{"line":371,"column":7}},"135":{"start":{"line":366,"column":8},"end":{"line":370,"column":9}},"136":{"start":{"line":369,"column":10},"end":{"line":369,"column":32}},"137":{"start":{"line":372,"column":6},"end":{"line":384,"column":7}},"138":{"start":{"line":374,"column":10},"end":{"line":374,"column":55}},"139":{"start":{"line":375,"column":10},"end":{"line":375,"column":16}},"140":{"start":{"line":377,"column":10},"end":{"line":377,"column":55}},"141":{"start":{"line":378,"column":10},"end":{"line":378,"column":16}},"142":{"start":{"line":380,"column":10},"end":{"line":380,"column":32}},"143":{"start":{"line":381,"column":10},"end":{"line":381,"column":16}},"144":{"start":{"line":383,"column":10},"end":{"line":383,"column":32}},"145":{"start":{"line":389,"column":4},"end":{"line":391,"column":5}},"146":{"start":{"line":390,"column":6},"end":{"line":390,"column":33}},"147":{"start":{"line":392,"column":4},"end":{"line":394,"column":5}},"148":{"start":{"line":393,"column":6},"end":{"line":393,"column":19}},"149":{"start":{"line":395,"column":4},"end":{"line":416,"column":5}},"150":{"start":{"line":396,"column":6},"end":{"line":402,"column":7}},"151":{"start":{"line":397,"column":8},"end":{"line":401,"column":9}},"152":{"start":{"line":400,"column":10},"end":{"line":400,"column":32}},"153":{"start":{"line":403,"column":6},"end":{"line":415,"column":7}},"154":{"start":{"line":405,"column":10},"end":{"line":405,"column":55}},"155":{"start":{"line":406,"column":10},"end":{"line":406,"column":16}},"156":{"start":{"line":408,"column":10},"end":{"line":408,"column":55}},"157":{"start":{"line":409,"column":10},"end":{"line":409,"column":16}},"158":{"start":{"line":411,"column":10},"end":{"line":411,"column":32}},"159":{"start":{"line":412,"column":10},"end":{"line":412,"column":16}},"160":{"start":{"line":414,"column":10},"end":{"line":414,"column":32}},"161":{"start":{"line":420,"column":4},"end":{"line":420,"column":37}},"162":{"start":{"line":432,"column":16},"end":{"line":432,"column":17}},"163":{"start":{"line":434,"column":4},"end":{"line":440,"column":5}},"164":{"start":{"line":435,"column":41},"end":{"line":435,"column":50}},"165":{"start":{"line":436,"column":6},"end":{"line":438,"column":9}},"166":{"start":{"line":437,"column":8},"end":{"line":437,"column":26}},"167":{"start":{"line":439,"column":6},"end":{"line":439,"column":42}},"168":{"start":{"line":442,"column":4},"end":{"line":453,"column":5}},"169":{"start":{"line":443,"column":6},"end":{"line":445,"column":9}},"170":{"start":{"line":444,"column":8},"end":{"line":444,"column":23}},"171":{"start":{"line":447,"column":6},"end":{"line":452,"column":7}},"172":{"start":{"line":448,"column":8},"end":{"line":450,"column":9}},"173":{"start":{"line":449,"column":10},"end":{"line":449,"column":60}},"174":{"start":{"line":451,"column":8},"end":{"line":451,"column":26}},"175":{"start":{"line":454,"column":19},"end":{"line":454,"column":41}},"176":{"start":{"line":456,"column":15},"end":{"line":456,"column":16}},"177":{"start":{"line":457,"column":4},"end":{"line":471,"column":5}},"178":{"start":{"line":458,"column":6},"end":{"line":463,"column":7}},"179":{"start":{"line":459,"column":8},"end":{"line":459,"column":22}},"180":{"start":{"line":460,"column":8},"end":{"line":462,"column":9}},"181":{"start":{"line":461,"column":10},"end":{"line":461,"column":20}},"182":{"start":{"line":465,"column":6},"end":{"line":470,"column":7}},"183":{"start":{"line":466,"column":8},"end":{"line":466,"column":25}},"184":{"start":{"line":467,"column":8},"end":{"line":469,"column":9}},"185":{"start":{"line":468,"column":10},"end":{"line":468,"column":20}},"186":{"start":{"line":475,"column":4},"end":{"line":475,"column":14}},"187":{"start":{"line":479,"column":4},"end":{"line":481,"column":5}},"188":{"start":{"line":480,"column":6},"end":{"line":480,"column":60}},"189":{"start":{"line":482,"column":4},"end":{"line":484,"column":5}},"190":{"start":{"line":483,"column":6},"end":{"line":483,"column":37}},"191":{"start":{"line":485,"column":4},"end":{"line":493,"column":5}},"192":{"start":{"line":486,"column":6},"end":{"line":492,"column":7}},"193":{"start":{"line":487,"column":8},"end":{"line":487,"column":25}},"194":{"start":{"line":489,"column":8},"end":{"line":489,"column":16}},"195":{"start":{"line":490,"column":8},"end":{"line":490,"column":22}},"196":{"start":{"line":491,"column":8},"end":{"line":491,"column":16}},"197":{"start":{"line":494,"column":4},"end":{"line":494,"column":26}},"198":{"start":{"line":498,"column":28},"end":{"line":498,"column":55}},"199":{"start":{"line":499,"column":4},"end":{"line":499,"column":null}},"200":{"start":{"line":504,"column":4},"end":{"line":524,"column":5}},"201":{"start":{"line":505,"column":6},"end":{"line":523,"column":7}},"202":{"start":{"line":506,"column":23},"end":{"line":506,"column":61}},"203":{"start":{"line":507,"column":8},"end":{"line":513,"column":9}},"204":{"start":{"line":508,"column":10},"end":{"line":512,"column":12}},"205":{"start":{"line":514,"column":13},"end":{"line":523,"column":7}},"206":{"start":{"line":515,"column":23},"end":{"line":515,"column":67}},"207":{"start":{"line":516,"column":8},"end":{"line":522,"column":9}},"208":{"start":{"line":517,"column":10},"end":{"line":521,"column":12}},"209":{"start":{"line":525,"column":4},"end":{"line":525,"column":29}},"210":{"start":{"line":529,"column":4},"end":{"line":529,"column":54}},"211":{"start":{"line":530,"column":4},"end":{"line":530,"column":26}},"212":{"start":{"line":534,"column":4},"end":{"line":534,"column":54}},"213":{"start":{"line":535,"column":4},"end":{"line":535,"column":20}},"214":{"start":{"line":539,"column":4},"end":{"line":539,"column":54}},"215":{"start":{"line":540,"column":4},"end":{"line":552,"column":5}},"216":{"start":{"line":541,"column":17},"end":{"line":541,"column":31}},"217":{"start":{"line":542,"column":19},"end":{"line":542,"column":33}},"218":{"start":{"line":543,"column":6},"end":{"line":545,"column":7}},"219":{"start":{"line":544,"column":8},"end":{"line":544,"column":24}},"220":{"start":{"line":546,"column":16},"end":{"line":546,"column":25}},"221":{"start":{"line":547,"column":6},"end":{"line":550,"column":7}},"222":{"start":{"line":548,"column":8},"end":{"line":548,"column":37}},"223":{"start":{"line":549,"column":8},"end":{"line":549,"column":15}},"224":{"start":{"line":551,"column":6},"end":{"line":551,"column":17}},"225":{"start":{"line":553,"column":4},"end":{"line":553,"column":55}},"226":{"start":{"line":557,"column":28},"end":{"line":557,"column":55}},"227":{"start":{"line":558,"column":4},"end":{"line":558,"column":47}},"228":{"start":{"line":562,"column":4},"end":{"line":564,"column":5}},"229":{"start":{"line":563,"column":6},"end":{"line":563,"column":48}},"230":{"start":{"line":565,"column":4},"end":{"line":567,"column":5}},"231":{"start":{"line":566,"column":6},"end":{"line":566,"column":48}},"232":{"start":{"line":568,"column":4},"end":{"line":568,"column":18}},"233":{"start":{"line":572,"column":19},"end":{"line":572,"column":28}},"234":{"start":{"line":573,"column":4},"end":{"line":573,"column":89}},"235":{"start":{"line":96,"column":0},"end":{"line":96,"column":22}},"236":{"start":{"line":580,"column":17},"end":{"line":580,"column":18}},"237":{"start":{"line":582,"column":4},"end":{"line":582,"column":16}},"238":{"start":{"line":583,"column":4},"end":{"line":583,"column":28}},"239":{"start":{"line":584,"column":4},"end":{"line":584,"column":26}},"240":{"start":{"line":588,"column":4},"end":{"line":592,"column":6}},"241":{"start":{"line":596,"column":14},"end":{"line":596,"column":31}},"242":{"start":{"line":597,"column":4},"end":{"line":599,"column":26}},"243":{"start":{"line":603,"column":16},"end":{"line":603,"column":26}},"244":{"start":{"line":604,"column":4},"end":{"line":604,"column":33}},"245":{"start":{"line":605,"column":4},"end":{"line":605,"column":32}},"246":{"start":{"line":606,"column":4},"end":{"line":606,"column":32}},"247":{"start":{"line":607,"column":4},"end":{"line":607,"column":30}},"248":{"start":{"line":608,"column":4},"end":{"line":608,"column":15}},"249":{"start":{"line":612,"column":4},"end":{"line":612,"column":18}},"250":{"start":{"line":613,"column":4},"end":{"line":613,"column":26}},"251":{"start":{"line":614,"column":4},"end":{"line":614,"column":16}},"252":{"start":{"line":618,"column":4},"end":{"line":618,"column":79}},"253":{"start":{"line":619,"column":4},"end":{"line":619,"column":91}},"254":{"start":{"line":620,"column":17},"end":{"line":620,"column":66}},"255":{"start":{"line":621,"column":4},"end":{"line":621,"column":25}},"256":{"start":{"line":622,"column":4},"end":{"line":622,"column":24}},"257":{"start":{"line":577,"column":0},"end":{"line":577,"column":21}}},"fnMap":{"0":{"name":"(anonymous_0)","decl":{"start":{"line":98,"column":2},"end":{"line":98,"column":15}},"loc":{"start":{"line":98,"column":27},"end":{"line":100,"column":3}}},"1":{"name":"(anonymous_1)","decl":{"start":{"line":102,"column":9},"end":{"line":102,"column":16}},"loc":{"start":{"line":102,"column":16},"end":{"line":104,"column":3}}},"2":{"name":"(anonymous_2)","decl":{"start":{"line":106,"column":9},"end":{"line":106,"column":15}},"loc":{"start":{"line":106,"column":36},"end":{"line":108,"column":3}}},"3":{"name":"(anonymous_3)","decl":{"start":{"line":110,"column":12},"end":{"line":110,"column":19}},"loc":{"start":{"line":110,"column":33},"end":{"line":120,"column":3}}},"4":{"name":"(anonymous_4)","decl":{"start":{"line":122,"column":9},"end":{"line":122,"column":13}},"loc":{"start":{"line":122,"column":26},"end":{"line":125,"column":3}}},"5":{"name":"(anonymous_5)","decl":{"start":{"line":127,"column":9},"end":{"line":127,"column":18}},"loc":{"start":{"line":127,"column":18},"end":{"line":131,"column":3}}},"6":{"name":"(anonymous_6)","decl":{"start":{"line":133,"column":9},"end":{"line":133,"column":15}},"loc":{"start":{"line":133,"column":55},"end":{"line":138,"column":3}}},"7":{"name":"(anonymous_7)","decl":{"start":{"line":140,"column":9},"end":{"line":140,"column":20}},"loc":{"start":{"line":140,"column":34},"end":{"line":144,"column":3}}},"8":{"name":"(anonymous_8)","decl":{"start":{"line":146,"column":9},"end":{"line":146,"column":15}},"loc":{"start":{"line":146,"column":90},"end":{"line":148,"column":3}}},"9":{"name":"(anonymous_9)","decl":{"start":{"line":150,"column":9},"end":{"line":150,"column":16}},"loc":{"start":{"line":150,"column":30},"end":{"line":161,"column":3}}},"10":{"name":"(anonymous_10)","decl":{"start":{"line":163,"column":9},"end":{"line":163,"column":30}},"loc":{"start":{"line":163,"column":44},"end":{"line":170,"column":3}}},"11":{"name":"(anonymous_11)","decl":{"start":{"line":172,"column":12},"end":{"line":172,"column":19}},"loc":{"start":{"line":172,"column":19},"end":{"line":174,"column":3}}},"12":{"name":"(anonymous_12)","decl":{"start":{"line":176,"column":9},"end":{"line":176,"column":19}},"loc":{"start":{"line":176,"column":19},"end":{"line":178,"column":3}}},"13":{"name":"(anonymous_13)","decl":{"start":{"line":180,"column":9},"end":{"line":180,"column":15}},"loc":{"start":{"line":180,"column":70},"end":{"line":182,"column":3}}},"14":{"name":"(anonymous_14)","decl":{"start":{"line":184,"column":9},"end":{"line":184,"column":15}},"loc":{"start":{"line":184,"column":50},"end":{"line":187,"column":3}}},"15":{"name":"(anonymous_15)","decl":{"start":{"line":190,"column":9},"end":{"line":190,"column":17}},"loc":{"start":{"line":190,"column":45},"end":{"line":192,"column":3}}},"16":{"name":"(anonymous_16)","decl":{"start":{"line":194,"column":9},"end":{"line":194,"column":16}},"loc":{"start":{"line":194,"column":44},"end":{"line":203,"column":3}}},"17":{"name":"(anonymous_17)","decl":{"start":{"line":206,"column":9},"end":{"line":206,"column":15}},"loc":{"start":{"line":206,"column":63},"end":{"line":210,"column":3}}},"18":{"name":"(anonymous_18)","decl":{"start":{"line":213,"column":9},"end":{"line":213,"column":16}},"loc":{"start":{"line":213,"column":33},"end":{"line":221,"column":3}}},"19":{"name":"(anonymous_19)","decl":{"start":{"line":223,"column":9},"end":{"line":223,"column":20}},"loc":{"start":{"line":223,"column":75},"end":{"line":232,"column":3}}},"20":{"name":"(anonymous_20)","decl":{"start":{"line":234,"column":9},"end":{"line":234,"column":14}},"loc":{"start":{"line":234,"column":90},"end":{"line":240,"column":3}}},"21":{"name":"(anonymous_21)","decl":{"start":{"line":242,"column":9},"end":{"line":242,"column":18}},"loc":{"start":{"line":242,"column":60},"end":{"line":245,"column":3}}},"22":{"name":"(anonymous_22)","decl":{"start":{"line":247,"column":9},"end":{"line":247,"column":42}},"loc":{"start":{"line":247,"column":42},"end":{"line":249,"column":3}}},"23":{"name":"(anonymous_23)","decl":{"start":{"line":252,"column":9},"end":{"line":252,"column":15}},"loc":{"start":{"line":252,"column":86},"end":{"line":303,"column":3}}},"24":{"name":"(anonymous_24)","decl":{"start":{"line":306,"column":9},"end":{"line":306,"column":18}},"loc":{"start":{"line":306,"column":58},"end":{"line":312,"column":3}}},"25":{"name":"(anonymous_25)","decl":{"start":{"line":314,"column":9},"end":{"line":314,"column":18}},"loc":{"start":{"line":314,"column":34},"end":{"line":322,"column":3}}},"26":{"name":"(anonymous_26)","decl":{"start":{"line":324,"column":9},"end":{"line":324,"column":15}},"loc":{"start":{"line":324,"column":31},"end":{"line":355,"column":3}}},"27":{"name":"(anonymous_27)","decl":{"start":{"line":357,"column":9},"end":{"line":357,"column":15}},"loc":{"start":{"line":357,"column":41},"end":{"line":386,"column":3}}},"28":{"name":"(anonymous_28)","decl":{"start":{"line":388,"column":9},"end":{"line":388,"column":15}},"loc":{"start":{"line":388,"column":41},"end":{"line":417,"column":3}}},"29":{"name":"(anonymous_29)","decl":{"start":{"line":419,"column":9},"end":{"line":419,"column":15}},"loc":{"start":{"line":419,"column":34},"end":{"line":421,"column":3}}},"30":{"name":"(anonymous_30)","decl":{"start":{"line":431,"column":9},"end":{"line":431,"column":23}},"loc":{"start":{"line":431,"column":83},"end":{"line":476,"column":3}}},"31":{"name":"(anonymous_31)","decl":{"start":{"line":436,"column":19},"end":{"line":436,"column":29}},"loc":{"start":{"line":436,"column":30},"end":{"line":438,"column":7}}},"32":{"name":"(anonymous_32)","decl":{"start":{"line":443,"column":19},"end":{"line":443,"column":20}},"loc":{"start":{"line":443,"column":34},"end":{"line":445,"column":7}}},"33":{"name":"(anonymous_33)","decl":{"start":{"line":478,"column":12},"end":{"line":478,"column":18}},"loc":{"start":{"line":478,"column":117},"end":{"line":495,"column":3}}},"34":{"name":"(anonymous_34)","decl":{"start":{"line":497,"column":9},"end":{"line":497,"column":22}},"loc":{"start":{"line":497,"column":107},"end":{"line":500,"column":3}}},"35":{"name":"(anonymous_35)","decl":{"start":{"line":502,"column":9},"end":{"line":502,"column":15}},"loc":{"start":{"line":502,"column":48},"end":{"line":526,"column":3}}},"36":{"name":"(anonymous_36)","decl":{"start":{"line":528,"column":9},"end":{"line":528,"column":15}},"loc":{"start":{"line":528,"column":108},"end":{"line":531,"column":3}}},"37":{"name":"(anonymous_37)","decl":{"start":{"line":533,"column":9},"end":{"line":533,"column":15}},"loc":{"start":{"line":533,"column":108},"end":{"line":536,"column":3}}},"38":{"name":"(anonymous_38)","decl":{"start":{"line":538,"column":9},"end":{"line":538,"column":13}},"loc":{"start":{"line":538,"column":98},"end":{"line":554,"column":3}}},"39":{"name":"(anonymous_39)","decl":{"start":{"line":556,"column":9},"end":{"line":556,"column":24}},"loc":{"start":{"line":556,"column":41},"end":{"line":559,"column":3}}},"40":{"name":"(anonymous_40)","decl":{"start":{"line":561,"column":9},"end":{"line":561,"column":14}},"loc":{"start":{"line":561,"column":63},"end":{"line":569,"column":3}}},"41":{"name":"(anonymous_41)","decl":{"start":{"line":571,"column":9},"end":{"line":571,"column":12}},"loc":{"start":{"line":571,"column":69},"end":{"line":574,"column":3}}},"42":{"name":"(anonymous_42)","decl":{"start":{"line":581,"column":2},"end":{"line":581,"column":15}},"loc":{"start":{"line":581,"column":27},"end":{"line":585,"column":3}}},"43":{"name":"(anonymous_43)","decl":{"start":{"line":587,"column":9},"end":{"line":587,"column":18}},"loc":{"start":{"line":587,"column":18},"end":{"line":593,"column":3}}},"44":{"name":"(anonymous_44)","decl":{"start":{"line":595,"column":9},"end":{"line":595,"column":15}},"loc":{"start":{"line":595,"column":27},"end":{"line":600,"column":3}}},"45":{"name":"(anonymous_45)","decl":{"start":{"line":602,"column":9},"end":{"line":602,"column":15}},"loc":{"start":{"line":602,"column":55},"end":{"line":609,"column":3}}},"46":{"name":"(anonymous_46)","decl":{"start":{"line":611,"column":9},"end":{"line":611,"column":13}},"loc":{"start":{"line":611,"column":24},"end":{"line":615,"column":3}}},"47":{"name":"(anonymous_47)","decl":{"start":{"line":617,"column":12},"end":{"line":617,"column":19}},"loc":{"start":{"line":617,"column":19},"end":{"line":623,"column":3}}}},"branchMap":{"0":{"loc":{"start":{"line":111,"column":4},"end":{"line":118,"column":5}},"type":"if","locations":[{"start":{"line":111,"column":4},"end":{"line":118,"column":5}},{"start":{"line":116,"column":11},"end":{"line":118,"column":5}}]},"1":{"loc":{"start":{"line":111,"column":8},"end":{"line":111,"column":52}},"type":"binary-expr","locations":[{"start":{"line":111,"column":8},"end":{"line":111,"column":35}},{"start":{"line":111,"column":39},"end":{"line":111,"column":52}}]},"2":{"loc":{"start":{"line":112,"column":6},"end":{"line":114,"column":7}},"type":"if","locations":[{"start":{"line":112,"column":6},"end":{"line":114,"column":7}}]},"3":{"loc":{"start":{"line":154,"column":4},"end":{"line":154,"column":38}},"type":"if","locations":[{"start":{"line":154,"column":4},"end":{"line":154,"column":38}}]},"4":{"loc":{"start":{"line":164,"column":4},"end":{"line":166,"column":5}},"type":"if","locations":[{"start":{"line":164,"column":4},"end":{"line":166,"column":5}}]},"5":{"loc":{"start":{"line":180,"column":17},"end":{"line":180,"column":34}},"type":"default-arg","locations":[{"start":{"line":180,"column":33},"end":{"line":180,"column":34}}]},"6":{"loc":{"start":{"line":180,"column":36},"end":{"line":180,"column":51}},"type":"default-arg","locations":[{"start":{"line":180,"column":50},"end":{"line":180,"column":51}}]},"7":{"loc":{"start":{"line":180,"column":53},"end":{"line":180,"column":70}},"type":"default-arg","locations":[{"start":{"line":180,"column":69},"end":{"line":180,"column":70}}]},"8":{"loc":{"start":{"line":184,"column":29},"end":{"line":184,"column":50}},"type":"default-arg","locations":[{"start":{"line":184,"column":49},"end":{"line":184,"column":50}}]},"9":{"loc":{"start":{"line":194,"column":18},"end":{"line":194,"column":26}},"type":"default-arg","locations":[{"start":{"line":194,"column":25},"end":{"line":194,"column":26}}]},"10":{"loc":{"start":{"line":194,"column":28},"end":{"line":194,"column":34}},"type":"default-arg","locations":[{"start":{"line":194,"column":33},"end":{"line":194,"column":34}}]},"11":{"loc":{"start":{"line":194,"column":36},"end":{"line":194,"column":44}},"type":"default-arg","locations":[{"start":{"line":194,"column":43},"end":{"line":194,"column":44}}]},"12":{"loc":{"start":{"line":197,"column":4},"end":{"line":201,"column":5}},"type":"if","locations":[{"start":{"line":197,"column":4},"end":{"line":201,"column":5}},{"start":{"line":199,"column":11},"end":{"line":201,"column":5}}]},"13":{"loc":{"start":{"line":206,"column":17},"end":{"line":206,"column":37}},"type":"default-arg","locations":[{"start":{"line":206,"column":35},"end":{"line":206,"column":37}}]},"14":{"loc":{"start":{"line":206,"column":39},"end":{"line":206,"column":63}},"type":"default-arg","locations":[{"start":{"line":206,"column":58},"end":{"line":206,"column":63}}]},"15":{"loc":{"start":{"line":209,"column":28},"end":{"line":209,"column":85}},"type":"cond-expr","locations":[{"start":{"line":209,"column":37},"end":{"line":209,"column":80}},{"start":{"line":209,"column":83},"end":{"line":209,"column":85}}]},"16":{"loc":{"start":{"line":213,"column":18},"end":{"line":213,"column":33}},"type":"default-arg","locations":[{"start":{"line":213,"column":32},"end":{"line":213,"column":33}}]},"17":{"loc":{"start":{"line":223,"column":22},"end":{"line":223,"column":39}},"type":"default-arg","locations":[{"start":{"line":223,"column":38},"end":{"line":223,"column":39}}]},"18":{"loc":{"start":{"line":223,"column":41},"end":{"line":223,"column":56}},"type":"default-arg","locations":[{"start":{"line":223,"column":55},"end":{"line":223,"column":56}}]},"19":{"loc":{"start":{"line":223,"column":58},"end":{"line":223,"column":75}},"type":"default-arg","locations":[{"start":{"line":223,"column":74},"end":{"line":223,"column":75}}]},"20":{"loc":{"start":{"line":226,"column":4},"end":{"line":230,"column":5}},"type":"if","locations":[{"start":{"line":226,"column":4},"end":{"line":230,"column":5}},{"start":{"line":228,"column":11},"end":{"line":230,"column":5}}]},"21":{"loc":{"start":{"line":234,"column":58},"end":{"line":234,"column":73}},"type":"default-arg","locations":[{"start":{"line":234,"column":72},"end":{"line":234,"column":73}}]},"22":{"loc":{"start":{"line":234,"column":75},"end":{"line":234,"column":90}},"type":"default-arg","locations":[{"start":{"line":234,"column":89},"end":{"line":234,"column":90}}]},"23":{"loc":{"start":{"line":235,"column":4},"end":{"line":235,"column":88}},"type":"if","locations":[{"start":{"line":235,"column":4},"end":{"line":235,"column":88}}]},"24":{"loc":{"start":{"line":236,"column":4},"end":{"line":236,"column":85}},"type":"if","locations":[{"start":{"line":236,"column":4},"end":{"line":236,"column":85}}]},"25":{"loc":{"start":{"line":243,"column":4},"end":{"line":243,"column":95}},"type":"if","locations":[{"start":{"line":243,"column":4},"end":{"line":243,"column":95}}]},"26":{"loc":{"start":{"line":243,"column":8},"end":{"line":243,"column":32}},"type":"binary-expr","locations":[{"start":{"line":243,"column":8},"end":{"line":243,"column":18}},{"start":{"line":243,"column":22},"end":{"line":243,"column":32}}]},"27":{"loc":{"start":{"line":252,"column":17},"end":{"line":252,"column":75}},"type":"default-arg","locations":[{"start":{"line":252,"column":73},"end":{"line":252,"column":75}}]},"28":{"loc":{"start":{"line":252,"column":25},"end":{"line":252,"column":35}},"type":"default-arg","locations":[{"start":{"line":252,"column":34},"end":{"line":252,"column":35}}]},"29":{"loc":{"start":{"line":252,"column":47},"end":{"line":252,"column":55}},"type":"default-arg","locations":[{"start":{"line":252,"column":54},"end":{"line":252,"column":55}}]},"30":{"loc":{"start":{"line":252,"column":77},"end":{"line":252,"column":86}},"type":"default-arg","locations":[{"start":{"line":252,"column":85},"end":{"line":252,"column":86}}]},"31":{"loc":{"start":{"line":253,"column":4},"end":{"line":255,"column":5}},"type":"if","locations":[{"start":{"line":253,"column":4},"end":{"line":255,"column":5}}]},"32":{"loc":{"start":{"line":253,"column":8},"end":{"line":253,"column":74}},"type":"binary-expr","locations":[{"start":{"line":253,"column":8},"end":{"line":253,"column":30}},{"start":{"line":253,"column":34},"end":{"line":253,"column":74}}]},"33":{"loc":{"start":{"line":258,"column":4},"end":{"line":264,"column":5}},"type":"if","locations":[{"start":{"line":258,"column":4},"end":{"line":264,"column":5}},{"start":{"line":260,"column":11},"end":{"line":264,"column":5}}]},"34":{"loc":{"start":{"line":261,"column":6},"end":{"line":263,"column":7}},"type":"if","locations":[{"start":{"line":261,"column":6},"end":{"line":263,"column":7}}]},"35":{"loc":{"start":{"line":261,"column":10},"end":{"line":261,"column":28}},"type":"binary-expr","locations":[{"start":{"line":261,"column":10},"end":{"line":261,"column":17}},{"start":{"line":261,"column":21},"end":{"line":261,"column":28}}]},"36":{"loc":{"start":{"line":266,"column":4},"end":{"line":270,"column":5}},"type":"if","locations":[{"start":{"line":266,"column":4},"end":{"line":270,"column":5}},{"start":{"line":268,"column":11},"end":{"line":270,"column":5}}]},"37":{"loc":{"start":{"line":272,"column":4},"end":{"line":285,"column":5}},"type":"if","locations":[{"start":{"line":272,"column":4},"end":{"line":285,"column":5}},{"start":{"line":281,"column":11},"end":{"line":285,"column":5}}]},"38":{"loc":{"start":{"line":274,"column":6},"end":{"line":280,"column":7}},"type":"if","locations":[{"start":{"line":274,"column":6},"end":{"line":280,"column":7}},{"start":{"line":277,"column":13},"end":{"line":280,"column":7}}]},"39":{"loc":{"start":{"line":274,"column":10},"end":{"line":274,"column":66}},"type":"binary-expr","locations":[{"start":{"line":274,"column":10},"end":{"line":274,"column":36}},{"start":{"line":274,"column":40},"end":{"line":274,"column":66}}]},"40":{"loc":{"start":{"line":287,"column":4},"end":{"line":289,"column":5}},"type":"if","locations":[{"start":{"line":287,"column":4},"end":{"line":289,"column":5}}]},"41":{"loc":{"start":{"line":287,"column":8},"end":{"line":287,"column":123}},"type":"binary-expr","locations":[{"start":{"line":287,"column":8},"end":{"line":287,"column":31}},{"start":{"line":287,"column":37},"end":{"line":287,"column":63}},{"start":{"line":287,"column":67},"end":{"line":287,"column":76}},{"start":{"line":287,"column":82},"end":{"line":287,"column":108}},{"start":{"line":287,"column":112},"end":{"line":287,"column":121}}]},"42":{"loc":{"start":{"line":296,"column":4},"end":{"line":298,"column":5}},"type":"if","locations":[{"start":{"line":296,"column":4},"end":{"line":298,"column":5}}]},"43":{"loc":{"start":{"line":299,"column":4},"end":{"line":301,"column":5}},"type":"if","locations":[{"start":{"line":299,"column":4},"end":{"line":301,"column":5}}]},"44":{"loc":{"start":{"line":306,"column":20},"end":{"line":306,"column":37}},"type":"default-arg","locations":[{"start":{"line":306,"column":36},"end":{"line":306,"column":37}}]},"45":{"loc":{"start":{"line":306,"column":39},"end":{"line":306,"column":58}},"type":"default-arg","locations":[{"start":{"line":306,"column":57},"end":{"line":306,"column":58}}]},"46":{"loc":{"start":{"line":315,"column":4},"end":{"line":317,"column":5}},"type":"if","locations":[{"start":{"line":315,"column":4},"end":{"line":317,"column":5}}]},"47":{"loc":{"start":{"line":318,"column":4},"end":{"line":320,"column":5}},"type":"if","locations":[{"start":{"line":318,"column":4},"end":{"line":320,"column":5}}]},"48":{"loc":{"start":{"line":325,"column":4},"end":{"line":327,"column":5}},"type":"if","locations":[{"start":{"line":325,"column":4},"end":{"line":327,"column":5}}]},"49":{"loc":{"start":{"line":328,"column":4},"end":{"line":350,"column":5}},"type":"if","locations":[{"start":{"line":328,"column":4},"end":{"line":350,"column":5}}]},"50":{"loc":{"start":{"line":329,"column":6},"end":{"line":349,"column":7}},"type":"switch","locations":[{"start":{"line":330,"column":8},"end":{"line":332,"column":16}},{"start":{"line":333,"column":8},"end":{"line":335,"column":16}},{"start":{"line":336,"column":8},"end":{"line":342,"column":16}},{"start":{"line":343,"column":8},"end":{"line":348,"column":12}}]},"51":{"loc":{"start":{"line":338,"column":12},"end":{"line":338,"column":26}},"type":"binary-expr","locations":[{"start":{"line":338,"column":12},"end":{"line":338,"column":21}},{"start":{"line":338,"column":25},"end":{"line":338,"column":26}}]},"52":{"loc":{"start":{"line":339,"column":12},"end":{"line":339,"column":26}},"type":"binary-expr","locations":[{"start":{"line":339,"column":12},"end":{"line":339,"column":21}},{"start":{"line":339,"column":25},"end":{"line":339,"column":26}}]},"53":{"loc":{"start":{"line":340,"column":12},"end":{"line":340,"column":27}},"type":"binary-expr","locations":[{"start":{"line":340,"column":12},"end":{"line":340,"column":22}},{"start":{"line":340,"column":26},"end":{"line":340,"column":27}}]},"54":{"loc":{"start":{"line":345,"column":12},"end":{"line":345,"column":26}},"type":"binary-expr","locations":[{"start":{"line":345,"column":12},"end":{"line":345,"column":21}},{"start":{"line":345,"column":25},"end":{"line":345,"column":26}}]},"55":{"loc":{"start":{"line":346,"column":12},"end":{"line":346,"column":26}},"type":"binary-expr","locations":[{"start":{"line":346,"column":12},"end":{"line":346,"column":21}},{"start":{"line":346,"column":25},"end":{"line":346,"column":26}}]},"56":{"loc":{"start":{"line":347,"column":12},"end":{"line":347,"column":27}},"type":"binary-expr","locations":[{"start":{"line":347,"column":12},"end":{"line":347,"column":22}},{"start":{"line":347,"column":26},"end":{"line":347,"column":27}}]},"57":{"loc":{"start":{"line":351,"column":4},"end":{"line":353,"column":5}},"type":"if","locations":[{"start":{"line":351,"column":4},"end":{"line":353,"column":5}}]},"58":{"loc":{"start":{"line":358,"column":4},"end":{"line":360,"column":5}},"type":"if","locations":[{"start":{"line":358,"column":4},"end":{"line":360,"column":5}}]},"59":{"loc":{"start":{"line":361,"column":4},"end":{"line":363,"column":5}},"type":"if","locations":[{"start":{"line":361,"column":4},"end":{"line":363,"column":5}}]},"60":{"loc":{"start":{"line":364,"column":4},"end":{"line":385,"column":5}},"type":"if","locations":[{"start":{"line":364,"column":4},"end":{"line":385,"column":5}}]},"61":{"loc":{"start":{"line":365,"column":6},"end":{"line":371,"column":7}},"type":"if","locations":[{"start":{"line":365,"column":6},"end":{"line":371,"column":7}}]},"62":{"loc":{"start":{"line":366,"column":8},"end":{"line":370,"column":9}},"type":"if","locations":[{"start":{"line":366,"column":8},"end":{"line":370,"column":9}}]},"63":{"loc":{"start":{"line":372,"column":6},"end":{"line":384,"column":7}},"type":"switch","locations":[{"start":{"line":373,"column":8},"end":{"line":375,"column":16}},{"start":{"line":376,"column":8},"end":{"line":378,"column":16}},{"start":{"line":379,"column":8},"end":{"line":381,"column":16}},{"start":{"line":382,"column":8},"end":{"line":383,"column":32}}]},"64":{"loc":{"start":{"line":374,"column":17},"end":{"line":374,"column":54}},"type":"binary-expr","locations":[{"start":{"line":374,"column":17},"end":{"line":374,"column":26}},{"start":{"line":374,"column":30},"end":{"line":374,"column":54}}]},"65":{"loc":{"start":{"line":377,"column":17},"end":{"line":377,"column":54}},"type":"binary-expr","locations":[{"start":{"line":377,"column":17},"end":{"line":377,"column":26}},{"start":{"line":377,"column":30},"end":{"line":377,"column":54}}]},"66":{"loc":{"start":{"line":380,"column":17},"end":{"line":380,"column":31}},"type":"binary-expr","locations":[{"start":{"line":380,"column":17},"end":{"line":380,"column":26}},{"start":{"line":380,"column":30},"end":{"line":380,"column":31}}]},"67":{"loc":{"start":{"line":383,"column":17},"end":{"line":383,"column":31}},"type":"binary-expr","locations":[{"start":{"line":383,"column":17},"end":{"line":383,"column":26}},{"start":{"line":383,"column":30},"end":{"line":383,"column":31}}]},"68":{"loc":{"start":{"line":389,"column":4},"end":{"line":391,"column":5}},"type":"if","locations":[{"start":{"line":389,"column":4},"end":{"line":391,"column":5}}]},"69":{"loc":{"start":{"line":392,"column":4},"end":{"line":394,"column":5}},"type":"if","locations":[{"start":{"line":392,"column":4},"end":{"line":394,"column":5}}]},"70":{"loc":{"start":{"line":395,"column":4},"end":{"line":416,"column":5}},"type":"if","locations":[{"start":{"line":395,"column":4},"end":{"line":416,"column":5}}]},"71":{"loc":{"start":{"line":396,"column":6},"end":{"line":402,"column":7}},"type":"if","locations":[{"start":{"line":396,"column":6},"end":{"line":402,"column":7}}]},"72":{"loc":{"start":{"line":397,"column":8},"end":{"line":401,"column":9}},"type":"if","locations":[{"start":{"line":397,"column":8},"end":{"line":401,"column":9}}]},"73":{"loc":{"start":{"line":403,"column":6},"end":{"line":415,"column":7}},"type":"switch","locations":[{"start":{"line":404,"column":8},"end":{"line":406,"column":16}},{"start":{"line":407,"column":8},"end":{"line":409,"column":16}},{"start":{"line":410,"column":8},"end":{"line":412,"column":16}},{"start":{"line":413,"column":8},"end":{"line":414,"column":32}}]},"74":{"loc":{"start":{"line":405,"column":17},"end":{"line":405,"column":54}},"type":"binary-expr","locations":[{"start":{"line":405,"column":17},"end":{"line":405,"column":26}},{"start":{"line":405,"column":30},"end":{"line":405,"column":54}}]},"75":{"loc":{"start":{"line":408,"column":17},"end":{"line":408,"column":54}},"type":"binary-expr","locations":[{"start":{"line":408,"column":17},"end":{"line":408,"column":26}},{"start":{"line":408,"column":30},"end":{"line":408,"column":54}}]},"76":{"loc":{"start":{"line":411,"column":17},"end":{"line":411,"column":31}},"type":"binary-expr","locations":[{"start":{"line":411,"column":17},"end":{"line":411,"column":26}},{"start":{"line":411,"column":30},"end":{"line":411,"column":31}}]},"77":{"loc":{"start":{"line":414,"column":17},"end":{"line":414,"column":31}},"type":"binary-expr","locations":[{"start":{"line":414,"column":17},"end":{"line":414,"column":26}},{"start":{"line":414,"column":30},"end":{"line":414,"column":31}}]},"78":{"loc":{"start":{"line":434,"column":4},"end":{"line":440,"column":5}},"type":"if","locations":[{"start":{"line":434,"column":4},"end":{"line":440,"column":5}}]},"79":{"loc":{"start":{"line":442,"column":4},"end":{"line":453,"column":5}},"type":"if","locations":[{"start":{"line":442,"column":4},"end":{"line":453,"column":5}},{"start":{"line":446,"column":11},"end":{"line":453,"column":5}}]},"80":{"loc":{"start":{"line":448,"column":8},"end":{"line":450,"column":9}},"type":"if","locations":[{"start":{"line":448,"column":8},"end":{"line":450,"column":9}}]},"81":{"loc":{"start":{"line":457,"column":4},"end":{"line":471,"column":5}},"type":"if","locations":[{"start":{"line":457,"column":4},"end":{"line":471,"column":5}},{"start":{"line":464,"column":11},"end":{"line":471,"column":5}}]},"82":{"loc":{"start":{"line":460,"column":8},"end":{"line":462,"column":9}},"type":"if","locations":[{"start":{"line":460,"column":8},"end":{"line":462,"column":9}}]},"83":{"loc":{"start":{"line":467,"column":8},"end":{"line":469,"column":9}},"type":"if","locations":[{"start":{"line":467,"column":8},"end":{"line":469,"column":9}}]},"84":{"loc":{"start":{"line":478,"column":34},"end":{"line":478,"column":84}},"type":"default-arg","locations":[{"start":{"line":478,"column":83},"end":{"line":478,"column":84}}]},"85":{"loc":{"start":{"line":478,"column":86},"end":{"line":478,"column":99}},"type":"default-arg","locations":[{"start":{"line":478,"column":98},"end":{"line":478,"column":99}}]},"86":{"loc":{"start":{"line":478,"column":101},"end":{"line":478,"column":117}},"type":"default-arg","locations":[{"start":{"line":478,"column":116},"end":{"line":478,"column":117}}]},"87":{"loc":{"start":{"line":479,"column":4},"end":{"line":481,"column":5}},"type":"if","locations":[{"start":{"line":479,"column":4},"end":{"line":481,"column":5}}]},"88":{"loc":{"start":{"line":479,"column":8},"end":{"line":479,"column":71}},"type":"binary-expr","locations":[{"start":{"line":479,"column":8},"end":{"line":479,"column":18}},{"start":{"line":479,"column":22},"end":{"line":479,"column":46}},{"start":{"line":479,"column":50},"end":{"line":479,"column":71}}]},"89":{"loc":{"start":{"line":482,"column":4},"end":{"line":484,"column":5}},"type":"if","locations":[{"start":{"line":482,"column":4},"end":{"line":484,"column":5}}]},"90":{"loc":{"start":{"line":485,"column":4},"end":{"line":493,"column":5}},"type":"if","locations":[{"start":{"line":485,"column":4},"end":{"line":493,"column":5}}]},"91":{"loc":{"start":{"line":486,"column":6},"end":{"line":492,"column":7}},"type":"if","locations":[{"start":{"line":486,"column":6},"end":{"line":492,"column":7}},{"start":{"line":488,"column":13},"end":{"line":492,"column":7}}]},"92":{"loc":{"start":{"line":497,"column":24},"end":{"line":497,"column":74}},"type":"default-arg","locations":[{"start":{"line":497,"column":73},"end":{"line":497,"column":74}}]},"93":{"loc":{"start":{"line":497,"column":76},"end":{"line":497,"column":89}},"type":"default-arg","locations":[{"start":{"line":497,"column":88},"end":{"line":497,"column":89}}]},"94":{"loc":{"start":{"line":497,"column":91},"end":{"line":497,"column":107}},"type":"default-arg","locations":[{"start":{"line":497,"column":106},"end":{"line":497,"column":107}}]},"95":{"loc":{"start":{"line":504,"column":4},"end":{"line":524,"column":5}},"type":"if","locations":[{"start":{"line":504,"column":4},"end":{"line":524,"column":5}}]},"96":{"loc":{"start":{"line":505,"column":6},"end":{"line":523,"column":7}},"type":"if","locations":[{"start":{"line":505,"column":6},"end":{"line":523,"column":7}},{"start":{"line":514,"column":13},"end":{"line":523,"column":7}}]},"97":{"loc":{"start":{"line":507,"column":8},"end":{"line":513,"column":9}},"type":"if","locations":[{"start":{"line":507,"column":8},"end":{"line":513,"column":9}}]},"98":{"loc":{"start":{"line":509,"column":16},"end":{"line":509,"column":44}},"type":"binary-expr","locations":[{"start":{"line":509,"column":16},"end":{"line":509,"column":39}},{"start":{"line":509,"column":43},"end":{"line":509,"column":44}}]},"99":{"loc":{"start":{"line":510,"column":16},"end":{"line":510,"column":44}},"type":"binary-expr","locations":[{"start":{"line":510,"column":16},"end":{"line":510,"column":39}},{"start":{"line":510,"column":43},"end":{"line":510,"column":44}}]},"100":{"loc":{"start":{"line":511,"column":19},"end":{"line":511,"column":49}},"type":"binary-expr","locations":[{"start":{"line":511,"column":19},"end":{"line":511,"column":44}},{"start":{"line":511,"column":48},"end":{"line":511,"column":49}}]},"101":{"loc":{"start":{"line":514,"column":13},"end":{"line":523,"column":7}},"type":"if","locations":[{"start":{"line":514,"column":13},"end":{"line":523,"column":7}}]},"102":{"loc":{"start":{"line":516,"column":8},"end":{"line":522,"column":9}},"type":"if","locations":[{"start":{"line":516,"column":8},"end":{"line":522,"column":9}}]},"103":{"loc":{"start":{"line":519,"column":16},"end":{"line":519,"column":44}},"type":"binary-expr","locations":[{"start":{"line":519,"column":16},"end":{"line":519,"column":39}},{"start":{"line":519,"column":43},"end":{"line":519,"column":44}}]},"104":{"loc":{"start":{"line":520,"column":19},"end":{"line":520,"column":49}},"type":"binary-expr","locations":[{"start":{"line":520,"column":19},"end":{"line":520,"column":44}},{"start":{"line":520,"column":48},"end":{"line":520,"column":49}}]},"105":{"loc":{"start":{"line":528,"column":25},"end":{"line":528,"column":75}},"type":"default-arg","locations":[{"start":{"line":528,"column":74},"end":{"line":528,"column":75}}]},"106":{"loc":{"start":{"line":528,"column":77},"end":{"line":528,"column":90}},"type":"default-arg","locations":[{"start":{"line":528,"column":89},"end":{"line":528,"column":90}}]},"107":{"loc":{"start":{"line":528,"column":92},"end":{"line":528,"column":108}},"type":"default-arg","locations":[{"start":{"line":528,"column":107},"end":{"line":528,"column":108}}]},"108":{"loc":{"start":{"line":533,"column":25},"end":{"line":533,"column":75}},"type":"default-arg","locations":[{"start":{"line":533,"column":74},"end":{"line":533,"column":75}}]},"109":{"loc":{"start":{"line":533,"column":77},"end":{"line":533,"column":90}},"type":"default-arg","locations":[{"start":{"line":533,"column":89},"end":{"line":533,"column":90}}]},"110":{"loc":{"start":{"line":533,"column":92},"end":{"line":533,"column":108}},"type":"default-arg","locations":[{"start":{"line":533,"column":107},"end":{"line":533,"column":108}}]},"111":{"loc":{"start":{"line":538,"column":15},"end":{"line":538,"column":65}},"type":"default-arg","locations":[{"start":{"line":538,"column":64},"end":{"line":538,"column":65}}]},"112":{"loc":{"start":{"line":538,"column":67},"end":{"line":538,"column":80}},"type":"default-arg","locations":[{"start":{"line":538,"column":79},"end":{"line":538,"column":80}}]},"113":{"loc":{"start":{"line":538,"column":82},"end":{"line":538,"column":98}},"type":"default-arg","locations":[{"start":{"line":538,"column":97},"end":{"line":538,"column":98}}]},"114":{"loc":{"start":{"line":540,"column":4},"end":{"line":552,"column":5}},"type":"if","locations":[{"start":{"line":540,"column":4},"end":{"line":552,"column":5}}]},"115":{"loc":{"start":{"line":543,"column":6},"end":{"line":545,"column":7}},"type":"if","locations":[{"start":{"line":543,"column":6},"end":{"line":545,"column":7}}]},"116":{"loc":{"start":{"line":546,"column":16},"end":{"line":546,"column":25}},"type":"binary-expr","locations":[{"start":{"line":546,"column":16},"end":{"line":546,"column":20}},{"start":{"line":546,"column":24},"end":{"line":546,"column":25}}]},"117":{"loc":{"start":{"line":562,"column":4},"end":{"line":564,"column":5}},"type":"if","locations":[{"start":{"line":562,"column":4},"end":{"line":564,"column":5}}]},"118":{"loc":{"start":{"line":563,"column":15},"end":{"line":563,"column":47}},"type":"cond-expr","locations":[{"start":{"line":563,"column":33},"end":{"line":563,"column":39}},{"start":{"line":563,"column":42},"end":{"line":563,"column":47}}]},"119":{"loc":{"start":{"line":565,"column":4},"end":{"line":567,"column":5}},"type":"if","locations":[{"start":{"line":565,"column":4},"end":{"line":567,"column":5}}]},"120":{"loc":{"start":{"line":566,"column":15},"end":{"line":566,"column":47}},"type":"cond-expr","locations":[{"start":{"line":566,"column":33},"end":{"line":566,"column":39}},{"start":{"line":566,"column":42},"end":{"line":566,"column":47}}]},"121":{"loc":{"start":{"line":597,"column":11},"end":{"line":599,"column":25}},"type":"binary-expr","locations":[{"start":{"line":597,"column":11},"end":{"line":597,"column":32}},{"start":{"line":598,"column":6},"end":{"line":598,"column":27}},{"start":{"line":599,"column":6},"end":{"line":599,"column":25}}]}},"s":{"0":7,"1":7,"2":7,"3":7,"4":7,"5":7,"6":197,"7":197,"8":1836603,"9":0,"10":612577,"11":612397,"12":2,"13":612397,"14":180,"15":612397,"16":2,"17":2,"18":0,"19":0,"20":0,"21":0,"22":0,"23":1,"24":1,"25":1,"26":1,"27":2,"28":2,"29":0,"30":2,"31":6,"32":6,"33":6,"34":2,"35":2,"36":0,"37":2,"38":2,"39":2,"40":0,"41":11,"42":10464,"43":4,"44":4,"45":4,"46":1013,"47":1013,"48":1013,"49":0,"50":1013,"51":1013,"52":2,"53":2,"54":2,"55":148,"56":148,"57":148,"58":148,"59":148,"60":888,"61":148,"62":10575,"63":10575,"64":10575,"65":0,"66":10575,"67":10575,"68":302,"69":1,"70":301,"71":1,"72":300,"73":300,"74":10910,"75":2,"76":10908,"77":1,"78":300408,"79":2,"80":300406,"81":300406,"82":300406,"83":2,"84":300404,"85":202,"86":300204,"87":0,"88":300204,"89":300204,"90":200001,"91":200001,"92":200000,"93":200000,"94":1,"95":1,"96":100203,"97":100203,"98":100203,"99":300204,"100":202,"101":300002,"102":200001,"103":300002,"104":200001,"105":300002,"106":300000,"107":300000,"108":300000,"109":300000,"110":387,"111":385,"112":2,"113":1,"114":2,"115":201880,"116":1,"117":201879,"118":200004,"119":100000,"120":0,"121":100000,"122":0,"123":1,"124":0,"125":3,"126":1875,"127":1875,"128":0,"129":11,"130":3,"131":8,"132":1,"133":7,"134":7,"135":4,"136":0,"137":7,"138":3,"139":0,"140":0,"141":0,"142":0,"143":0,"144":4,"145":7,"146":3,"147":4,"148":1,"149":3,"150":3,"151":1,"152":0,"153":3,"154":2,"155":0,"156":0,"157":0,"158":0,"159":0,"160":1,"161":0,"162":1454,"163":1454,"164":6,"165":6,"166":16,"167":6,"168":1448,"169":17,"170":38,"171":1431,"172":2983,"173":1,"174":2982,"175":1447,"176":1447,"177":1447,"178":17,"179":22,"180":22,"181":17,"182":1430,"183":1777,"184":1777,"185":1430,"186":0,"187":38,"188":1,"189":37,"190":29,"191":8,"192":8,"193":2,"194":6,"195":6,"196":6,"197":8,"198":21,"199":21,"200":33,"201":13,"202":12,"203":12,"204":12,"205":1,"206":1,"207":1,"208":1,"209":33,"210":8,"211":8,"212":9,"213":9,"214":21,"215":20,"216":19,"217":19,"218":19,"219":1,"220":18,"221":18,"222":24,"223":24,"224":18,"225":1,"226":4,"227":4,"228":2,"229":2,"230":2,"231":2,"232":2,"233":4,"234":4,"235":7,"236":138,"237":138,"238":138,"239":138,"240":9,"241":1,"242":1,"243":4,"244":4,"245":4,"246":4,"247":4,"248":4,"249":2,"250":2,"251":2,"252":612194,"253":612194,"254":612194,"255":612194,"256":612194,"257":7},"f":{"0":197,"1":1836603,"2":0,"3":612577,"4":2,"5":0,"6":0,"7":1,"8":1,"9":2,"10":2,"11":0,"12":11,"13":10464,"14":4,"15":4,"16":1013,"17":2,"18":148,"19":10575,"20":302,"21":10910,"22":1,"23":300408,"24":300000,"25":387,"26":201880,"27":11,"28":7,"29":0,"30":1454,"31":16,"32":38,"33":38,"34":21,"35":33,"36":8,"37":9,"38":21,"39":4,"40":2,"41":4,"42":138,"43":9,"44":1,"45":4,"46":2,"47":612194},"b":{"0":[612397,180],"1":[612577,612397],"2":[2],"3":[0],"4":[0],"5":[10461],"6":[10461],"7":[10461],"8":[0],"9":[0],"10":[0],"11":[1012],"12":[0,1013],"13":[2],"14":[2],"15":[0,2],"16":[2],"17":[0],"18":[0],"19":[111],"20":[0,10575],"21":[0],"22":[0],"23":[1],"24":[1],"25":[2],"26":[10910,10909],"27":[2],"28":[200004],"29":[300004],"30":[300004],"31":[2],"32":[300408,4],"33":[2,300404],"34":[202],"35":[300404,300202],"36":[0,300204],"37":[200001,100203],"38":[200000,1],"39":[200001,200000],"40":[202],"41":[300204,300202,200202,300202,200202],"42":[200001],"43":[200001],"44":[300000],"45":[300000],"46":[385],"47":[1],"48":[1],"49":[200004],"50":[100000,100000,1,3],"51":[1,0],"52":[1,0],"53":[1,1],"54":[3,0],"55":[3,0],"56":[3,3],"57":[1875],"58":[3],"59":[1],"60":[7],"61":[4],"62":[0],"63":[3,0,0,4],"64":[3,2],"65":[0,0],"66":[0,0],"67":[4,0],"68":[3],"69":[1],"70":[3],"71":[1],"72":[0],"73":[2,0,0,1],"74":[2,1],"75":[0,0],"76":[0,0],"77":[1,0],"78":[6],"79":[17,1431],"80":[1],"81":[17,1430],"82":[17],"83":[1430],"84":[0],"85":[21],"86":[21],"87":[1],"88":[38,37,37],"89":[29],"90":[8],"91":[2,6],"92":[0],"93":[0],"94":[0],"95":[13],"96":[12,1],"97":[12],"98":[12,0],"99":[12,0],"100":[12,2],"101":[1],"102":[1],"103":[1,0],"104":[1,1],"105":[0],"106":[8],"107":[8],"108":[0],"109":[9],"110":[9],"111":[0],"112":[21],"113":[21],"114":[19],"115":[1],"116":[18,2],"117":[2],"118":[1,1],"119":[2],"120":[1,1],"121":[1,1,1]}}
,"C:\\Users\\harry\\web\\htdocs\\Ultra Loot Table\\src\\table.ts": {"path":"C:\\Users\\harry\\web\\htdocs\\Ultra Loot Table\\src\\table.ts","statementMap":{"0":{"start":{"line":1,"column":0},"end":{"line":1,"column":24}},"1":{"start":{"line":3,"column":0},"end":{"line":3,"column":81}},"2":{"start":{"line":6,"column":0},"end":{"line":6,"column":63}},"3":{"start":{"line":7,"column":0},"end":{"line":7,"column":61}},"4":{"start":{"line":83,"column":34},"end":{"line":83,"column":36}},"5":{"start":{"line":84,"column":58},"end":{"line":84,"column":60}},"6":{"start":{"line":85,"column":60},"end":{"line":85,"column":62}},"7":{"start":{"line":94,"column":29},"end":{"line":94,"column":38}},"8":{"start":{"line":100,"column":4},"end":{"line":100,"column":21}},"9":{"start":{"line":101,"column":4},"end":{"line":101,"column":23}},"10":{"start":{"line":102,"column":4},"end":{"line":102,"column":17}},"11":{"start":{"line":103,"column":4},"end":{"line":103,"column":17}},"12":{"start":{"line":104,"column":4},"end":{"line":104,"column":53}},"13":{"start":{"line":105,"column":4},"end":{"line":105,"column":40}},"14":{"start":{"line":110,"column":4},"end":{"line":110,"column":30}},"15":{"start":{"line":115,"column":4},"end":{"line":115,"column":31}},"16":{"start":{"line":122,"column":4},"end":{"line":122,"column":51}},"17":{"start":{"line":126,"column":4},"end":{"line":126,"column":17}},"18":{"start":{"line":133,"column":4},"end":{"line":133,"column":19}},"19":{"start":{"line":137,"column":4},"end":{"line":137,"column":17}},"20":{"start":{"line":141,"column":4},"end":{"line":141,"column":27}},"21":{"start":{"line":145,"column":4},"end":{"line":147,"column":5}},"22":{"start":{"line":146,"column":6},"end":{"line":146,"column":41}},"23":{"start":{"line":148,"column":4},"end":{"line":148,"column":26}},"24":{"start":{"line":152,"column":4},"end":{"line":152,"column":29}},"25":{"start":{"line":153,"column":4},"end":{"line":153,"column":16}},"26":{"start":{"line":157,"column":4},"end":{"line":157,"column":32}},"27":{"start":{"line":158,"column":4},"end":{"line":158,"column":16}},"28":{"start":{"line":162,"column":4},"end":{"line":162,"column":22}},"29":{"start":{"line":166,"column":4},"end":{"line":166,"column":19}},"30":{"start":{"line":167,"column":4},"end":{"line":167,"column":16}},"31":{"start":{"line":176,"column":21},"end":{"line":176,"column":36}},"32":{"start":{"line":177,"column":18},"end":{"line":177,"column":36}},"33":{"start":{"line":178,"column":4},"end":{"line":178,"column":129}},"34":{"start":{"line":179,"column":4},"end":{"line":179,"column":29}},"35":{"start":{"line":197,"column":30},"end":{"line":197,"column":74}},"36":{"start":{"line":198,"column":4},"end":{"line":207,"column":5}},"37":{"start":{"line":199,"column":6},"end":{"line":206,"column":9}},"38":{"start":{"line":208,"column":4},"end":{"line":208,"column":13}},"39":{"start":{"line":209,"column":4},"end":{"line":209,"column":18}},"40":{"start":{"line":227,"column":30},"end":{"line":227,"column":74}},"41":{"start":{"line":228,"column":12},"end":{"line":228,"column":13}},"42":{"start":{"line":229,"column":4},"end":{"line":238,"column":5}},"43":{"start":{"line":230,"column":6},"end":{"line":237,"column":9}},"44":{"start":{"line":239,"column":4},"end":{"line":239,"column":13}},"45":{"start":{"line":240,"column":4},"end":{"line":240,"column":18}},"46":{"start":{"line":258,"column":21},"end":{"line":258,"column":36}},"47":{"start":{"line":259,"column":18},"end":{"line":259,"column":36}},"48":{"start":{"line":260,"column":4},"end":{"line":262,"column":5}},"49":{"start":{"line":260,"column":17},"end":{"line":260,"column":18}},"50":{"start":{"line":261,"column":6},"end":{"line":261,"column":67}},"51":{"start":{"line":263,"column":4},"end":{"line":263,"column":18}},"52":{"start":{"line":282,"column":21},"end":{"line":282,"column":36}},"53":{"start":{"line":283,"column":18},"end":{"line":283,"column":36}},"54":{"start":{"line":284,"column":4},"end":{"line":286,"column":5}},"55":{"start":{"line":284,"column":17},"end":{"line":284,"column":18}},"56":{"start":{"line":285,"column":6},"end":{"line":285,"column":69}},"57":{"start":{"line":287,"column":4},"end":{"line":287,"column":18}},"58":{"start":{"line":291,"column":21},"end":{"line":291,"column":71}},"59":{"start":{"line":292,"column":4},"end":{"line":292,"column":104}},"60":{"start":{"line":292,"column":69},"end":{"line":292,"column":95}},"61":{"start":{"line":296,"column":21},"end":{"line":296,"column":74}},"62":{"start":{"line":297,"column":4},"end":{"line":297,"column":107}},"63":{"start":{"line":297,"column":69},"end":{"line":297,"column":98}},"64":{"start":{"line":301,"column":17},"end":{"line":301,"column":39}},"65":{"start":{"line":302,"column":4},"end":{"line":302,"column":26}},"66":{"start":{"line":303,"column":4},"end":{"line":303,"column":16}},"67":{"start":{"line":307,"column":4},"end":{"line":311,"column":5}},"68":{"start":{"line":308,"column":6},"end":{"line":308,"column":27}},"69":{"start":{"line":310,"column":6},"end":{"line":310,"column":27}},"70":{"start":{"line":312,"column":4},"end":{"line":312,"column":16}},"71":{"start":{"line":316,"column":20},"end":{"line":316,"column":22}},"72":{"start":{"line":317,"column":4},"end":{"line":359,"column":5}},"73":{"start":{"line":318,"column":24},"end":{"line":318,"column":25}},"74":{"start":{"line":319,"column":6},"end":{"line":325,"column":7}},"75":{"start":{"line":320,"column":8},"end":{"line":324,"column":9}},"76":{"start":{"line":321,"column":10},"end":{"line":321,"column":27}},"77":{"start":{"line":323,"column":10},"end":{"line":323,"column":45}},"78":{"start":{"line":326,"column":23},"end":{"line":326,"column":48}},"79":{"start":{"line":327,"column":23},"end":{"line":327,"column":48}},"80":{"start":{"line":328,"column":23},"end":{"line":328,"column":48}},"81":{"start":{"line":329,"column":6},"end":{"line":358,"column":7}},"82":{"start":{"line":330,"column":8},"end":{"line":357,"column":9}},"83":{"start":{"line":333,"column":10},"end":{"line":339,"column":11}},"84":{"start":{"line":334,"column":12},"end":{"line":334,"column":23}},"85":{"start":{"line":335,"column":12},"end":{"line":335,"column":26}},"86":{"start":{"line":336,"column":17},"end":{"line":339,"column":11}},"87":{"start":{"line":337,"column":12},"end":{"line":337,"column":39}},"88":{"start":{"line":338,"column":12},"end":{"line":338,"column":36}},"89":{"start":{"line":341,"column":21},"end":{"line":341,"column":46}},"90":{"start":{"line":342,"column":10},"end":{"line":349,"column":11}},"91":{"start":{"line":343,"column":12},"end":{"line":348,"column":15}},"92":{"start":{"line":351,"column":10},"end":{"line":356,"column":13}},"93":{"start":{"line":360,"column":4},"end":{"line":360,"column":19}},"94":{"start":{"line":380,"column":4},"end":{"line":401,"column":5}},"95":{"start":{"line":381,"column":6},"end":{"line":385,"column":7}},"96":{"start":{"line":382,"column":8},"end":{"line":384,"column":9}},"97":{"start":{"line":383,"column":10},"end":{"line":383,"column":108}},"98":{"start":{"line":386,"column":18},"end":{"line":386,"column":183}},"99":{"start":{"line":387,"column":6},"end":{"line":398,"column":7}},"100":{"start":{"line":388,"column":8},"end":{"line":390,"column":9}},"101":{"start":{"line":389,"column":10},"end":{"line":389,"column":114}},"102":{"start":{"line":391,"column":8},"end":{"line":395,"column":9}},"103":{"start":{"line":392,"column":10},"end":{"line":392,"column":31}},"104":{"start":{"line":394,"column":10},"end":{"line":394,"column":29}},"105":{"start":{"line":397,"column":8},"end":{"line":397,"column":27}},"106":{"start":{"line":400,"column":6},"end":{"line":400,"column":141}},"107":{"start":{"line":421,"column":4},"end":{"line":442,"column":5}},"108":{"start":{"line":422,"column":6},"end":{"line":426,"column":7}},"109":{"start":{"line":423,"column":8},"end":{"line":425,"column":9}},"110":{"start":{"line":424,"column":10},"end":{"line":424,"column":110}},"111":{"start":{"line":427,"column":18},"end":{"line":427,"column":196}},"112":{"start":{"line":428,"column":6},"end":{"line":441,"column":7}},"113":{"start":{"line":429,"column":8},"end":{"line":431,"column":9}},"114":{"start":{"line":430,"column":10},"end":{"line":430,"column":116}},"115":{"start":{"line":432,"column":8},"end":{"line":437,"column":9}},"116":{"start":{"line":433,"column":10},"end":{"line":433,"column":31}},"117":{"start":{"line":435,"column":10},"end":{"line":435,"column":29}},"118":{"start":{"line":436,"column":10},"end":{"line":436,"column":22}},"119":{"start":{"line":439,"column":8},"end":{"line":439,"column":27}},"120":{"start":{"line":440,"column":8},"end":{"line":440,"column":20}},"121":{"start":{"line":443,"column":4},"end":{"line":443,"column":142}},"122":{"start":{"line":463,"column":4},"end":{"line":484,"column":5}},"123":{"start":{"line":464,"column":6},"end":{"line":468,"column":7}},"124":{"start":{"line":465,"column":8},"end":{"line":467,"column":9}},"125":{"start":{"line":466,"column":10},"end":{"line":466,"column":106}},"126":{"start":{"line":469,"column":18},"end":{"line":469,"column":183}},"127":{"start":{"line":470,"column":6},"end":{"line":481,"column":7}},"128":{"start":{"line":471,"column":8},"end":{"line":473,"column":9}},"129":{"start":{"line":472,"column":10},"end":{"line":472,"column":112}},"130":{"start":{"line":474,"column":8},"end":{"line":478,"column":9}},"131":{"start":{"line":475,"column":10},"end":{"line":475,"column":31}},"132":{"start":{"line":477,"column":10},"end":{"line":477,"column":29}},"133":{"start":{"line":480,"column":8},"end":{"line":480,"column":27}},"134":{"start":{"line":483,"column":6},"end":{"line":483,"column":135}},"135":{"start":{"line":504,"column":4},"end":{"line":525,"column":5}},"136":{"start":{"line":505,"column":6},"end":{"line":509,"column":7}},"137":{"start":{"line":506,"column":8},"end":{"line":508,"column":9}},"138":{"start":{"line":507,"column":10},"end":{"line":507,"column":108}},"139":{"start":{"line":510,"column":18},"end":{"line":510,"column":196}},"140":{"start":{"line":511,"column":6},"end":{"line":524,"column":7}},"141":{"start":{"line":512,"column":8},"end":{"line":514,"column":9}},"142":{"start":{"line":513,"column":10},"end":{"line":513,"column":114}},"143":{"start":{"line":515,"column":8},"end":{"line":520,"column":9}},"144":{"start":{"line":516,"column":10},"end":{"line":516,"column":31}},"145":{"start":{"line":518,"column":10},"end":{"line":518,"column":29}},"146":{"start":{"line":519,"column":10},"end":{"line":519,"column":22}},"147":{"start":{"line":522,"column":8},"end":{"line":522,"column":27}},"148":{"start":{"line":523,"column":8},"end":{"line":523,"column":20}},"149":{"start":{"line":526,"column":32},"end":{"line":526,"column":156}},"150":{"start":{"line":527,"column":4},"end":{"line":529,"column":5}},"151":{"start":{"line":528,"column":6},"end":{"line":528,"column":72}},"152":{"start":{"line":530,"column":4},"end":{"line":530,"column":31}},"153":{"start":{"line":70,"column":0},"end":{"line":70,"column":21}}},"fnMap":{"0":{"name":"(anonymous_0)","decl":{"start":{"line":99,"column":2},"end":{"line":99,"column":15}},"loc":{"start":{"line":99,"column":79},"end":{"line":106,"column":3}}},"1":{"name":"(anonymous_1)","decl":{"start":{"line":109,"column":2},"end":{"line":109,"column":18}},"loc":{"start":{"line":109,"column":64},"end":{"line":111,"column":3}}},"2":{"name":"(anonymous_2)","decl":{"start":{"line":114,"column":2},"end":{"line":114,"column":19}},"loc":{"start":{"line":114,"column":66},"end":{"line":116,"column":3}}},"3":{"name":"(anonymous_3)","decl":{"start":{"line":121,"column":2},"end":{"line":121,"column":6}},"loc":{"start":{"line":121,"column":14},"end":{"line":123,"column":3}}},"4":{"name":"(anonymous_4)","decl":{"start":{"line":125,"column":2},"end":{"line":125,"column":6}},"loc":{"start":{"line":125,"column":18},"end":{"line":127,"column":3}}},"5":{"name":"(anonymous_5)","decl":{"start":{"line":132,"column":2},"end":{"line":132,"column":6}},"loc":{"start":{"line":132,"column":15},"end":{"line":134,"column":3}}},"6":{"name":"(anonymous_6)","decl":{"start":{"line":136,"column":2},"end":{"line":136,"column":6}},"loc":{"start":{"line":136,"column":19},"end":{"line":138,"column":3}}},"7":{"name":"(anonymous_7)","decl":{"start":{"line":140,"column":2},"end":{"line":140,"column":6}},"loc":{"start":{"line":140,"column":17},"end":{"line":142,"column":3}}},"8":{"name":"(anonymous_8)","decl":{"start":{"line":144,"column":2},"end":{"line":144,"column":10}},"loc":{"start":{"line":144,"column":10},"end":{"line":149,"column":3}}},"9":{"name":"(anonymous_9)","decl":{"start":{"line":151,"column":2},"end":{"line":151,"column":8}},"loc":{"start":{"line":151,"column":26},"end":{"line":154,"column":3}}},"10":{"name":"(anonymous_10)","decl":{"start":{"line":156,"column":2},"end":{"line":156,"column":10}},"loc":{"start":{"line":156,"column":28},"end":{"line":159,"column":3}}},"11":{"name":"(anonymous_11)","decl":{"start":{"line":161,"column":2},"end":{"line":161,"column":10}},"loc":{"start":{"line":161,"column":10},"end":{"line":163,"column":3}}},"12":{"name":"(anonymous_12)","decl":{"start":{"line":165,"column":2},"end":{"line":165,"column":8}},"loc":{"start":{"line":165,"column":28},"end":{"line":168,"column":3}}},"13":{"name":"(anonymous_13)","decl":{"start":{"line":170,"column":12},"end":{"line":170,"column":22}},"loc":{"start":{"line":175,"column":40},"end":{"line":180,"column":3}}},"14":{"name":"(anonymous_14)","decl":{"start":{"line":190,"column":2},"end":{"line":190,"column":10}},"loc":{"start":{"line":196,"column":29},"end":{"line":210,"column":3}}},"15":{"name":"(anonymous_15)","decl":{"start":{"line":220,"column":2},"end":{"line":220,"column":7}},"loc":{"start":{"line":226,"column":29},"end":{"line":241,"column":3}}},"16":{"name":"(anonymous_16)","decl":{"start":{"line":250,"column":2},"end":{"line":250,"column":14}},"loc":{"start":{"line":257,"column":28},"end":{"line":264,"column":3}}},"17":{"name":"(anonymous_17)","decl":{"start":{"line":274,"column":2},"end":{"line":274,"column":7}},"loc":{"start":{"line":281,"column":28},"end":{"line":288,"column":3}}},"18":{"name":"(anonymous_18)","decl":{"start":{"line":290,"column":2},"end":{"line":290,"column":13}},"loc":{"start":{"line":290,"column":38},"end":{"line":293,"column":3}}},"19":{"name":"(anonymous_19)","decl":{"start":{"line":292,"column":55},"end":{"line":292,"column":56}},"loc":{"start":{"line":292,"column":69},"end":{"line":292,"column":95}}},"20":{"name":"(anonymous_20)","decl":{"start":{"line":295,"column":2},"end":{"line":295,"column":14}},"loc":{"start":{"line":295,"column":42},"end":{"line":298,"column":3}}},"21":{"name":"(anonymous_21)","decl":{"start":{"line":297,"column":55},"end":{"line":297,"column":56}},"loc":{"start":{"line":297,"column":69},"end":{"line":297,"column":98}}},"22":{"name":"(anonymous_22)","decl":{"start":{"line":300,"column":2},"end":{"line":300,"column":12}},"loc":{"start":{"line":300,"column":72},"end":{"line":304,"column":3}}},"23":{"name":"(anonymous_23)","decl":{"start":{"line":306,"column":2},"end":{"line":306,"column":9}},"loc":{"start":{"line":306,"column":85},"end":{"line":313,"column":3}}},"24":{"name":"(anonymous_24)","decl":{"start":{"line":315,"column":2},"end":{"line":315,"column":19}},"loc":{"start":{"line":315,"column":19},"end":{"line":361,"column":3}}},"25":{"name":"(anonymous_25)","decl":{"start":{"line":367,"column":2},"end":{"line":367,"column":7}},"loc":{"start":{"line":379,"column":3},"end":{"line":402,"column":3}}},"26":{"name":"(anonymous_26)","decl":{"start":{"line":408,"column":2},"end":{"line":408,"column":7}},"loc":{"start":{"line":420,"column":3},"end":{"line":444,"column":3}}},"27":{"name":"(anonymous_27)","decl":{"start":{"line":450,"column":2},"end":{"line":450,"column":19}},"loc":{"start":{"line":462,"column":3},"end":{"line":485,"column":3}}},"28":{"name":"(anonymous_28)","decl":{"start":{"line":491,"column":2},"end":{"line":491,"column":20}},"loc":{"start":{"line":503,"column":3},"end":{"line":531,"column":3}}}},"branchMap":{"0":{"loc":{"start":{"line":99,"column":15},"end":{"line":99,"column":79}},"type":"default-arg","locations":[{"start":{"line":99,"column":77},"end":{"line":99,"column":79}}]},"1":{"loc":{"start":{"line":99,"column":32},"end":{"line":99,"column":42}},"type":"default-arg","locations":[{"start":{"line":99,"column":40},"end":{"line":99,"column":42}}]},"2":{"loc":{"start":{"line":104,"column":15},"end":{"line":104,"column":52}},"type":"binary-expr","locations":[{"start":{"line":104,"column":15},"end":{"line":104,"column":18}},{"start":{"line":104,"column":23},"end":{"line":104,"column":51}}]},"3":{"loc":{"start":{"line":104,"column":23},"end":{"line":104,"column":51}},"type":"cond-expr","locations":[{"start":{"line":104,"column":28},"end":{"line":104,"column":39}},{"start":{"line":104,"column":42},"end":{"line":104,"column":51}}]},"4":{"loc":{"start":{"line":105,"column":14},"end":{"line":105,"column":39}},"type":"binary-expr","locations":[{"start":{"line":105,"column":14},"end":{"line":105,"column":16}},{"start":{"line":105,"column":20},"end":{"line":105,"column":39}}]},"5":{"loc":{"start":{"line":122,"column":11},"end":{"line":122,"column":50}},"type":"binary-expr","locations":[{"start":{"line":122,"column":11},"end":{"line":122,"column":18}},{"start":{"line":122,"column":22},"end":{"line":122,"column":29}},{"start":{"line":122,"column":33},"end":{"line":122,"column":42}},{"start":{"line":122,"column":46},"end":{"line":122,"column":50}}]},"6":{"loc":{"start":{"line":145,"column":4},"end":{"line":147,"column":5}},"type":"if","locations":[{"start":{"line":145,"column":4},"end":{"line":147,"column":5}}]},"7":{"loc":{"start":{"line":174,"column":4},"end":{"line":174,"column":9}},"type":"default-arg","locations":[{"start":{"line":174,"column":8},"end":{"line":174,"column":9}}]},"8":{"loc":{"start":{"line":176,"column":21},"end":{"line":176,"column":36}},"type":"binary-expr","locations":[{"start":{"line":176,"column":21},"end":{"line":176,"column":24}},{"start":{"line":176,"column":28},"end":{"line":176,"column":36}}]},"9":{"loc":{"start":{"line":190,"column":12},"end":{"line":196,"column":29}},"type":"default-arg","locations":[{"start":{"line":196,"column":27},"end":{"line":196,"column":29}}]},"10":{"loc":{"start":{"line":193,"column":4},"end":{"line":193,"column":40}},"type":"default-arg","locations":[{"start":{"line":193,"column":13},"end":{"line":193,"column":40}}]},"11":{"loc":{"start":{"line":195,"column":4},"end":{"line":195,"column":9}},"type":"default-arg","locations":[{"start":{"line":195,"column":8},"end":{"line":195,"column":9}}]},"12":{"loc":{"start":{"line":220,"column":14},"end":{"line":226,"column":29}},"type":"default-arg","locations":[{"start":{"line":226,"column":27},"end":{"line":226,"column":29}}]},"13":{"loc":{"start":{"line":223,"column":4},"end":{"line":223,"column":40}},"type":"default-arg","locations":[{"start":{"line":223,"column":13},"end":{"line":223,"column":40}}]},"14":{"loc":{"start":{"line":225,"column":4},"end":{"line":225,"column":9}},"type":"default-arg","locations":[{"start":{"line":225,"column":8},"end":{"line":225,"column":9}}]},"15":{"loc":{"start":{"line":254,"column":4},"end":{"line":254,"column":40}},"type":"default-arg","locations":[{"start":{"line":254,"column":13},"end":{"line":254,"column":40}}]},"16":{"loc":{"start":{"line":256,"column":4},"end":{"line":256,"column":9}},"type":"default-arg","locations":[{"start":{"line":256,"column":8},"end":{"line":256,"column":9}}]},"17":{"loc":{"start":{"line":258,"column":21},"end":{"line":258,"column":36}},"type":"binary-expr","locations":[{"start":{"line":258,"column":21},"end":{"line":258,"column":24}},{"start":{"line":258,"column":28},"end":{"line":258,"column":36}}]},"18":{"loc":{"start":{"line":278,"column":4},"end":{"line":278,"column":40}},"type":"default-arg","locations":[{"start":{"line":278,"column":13},"end":{"line":278,"column":40}}]},"19":{"loc":{"start":{"line":280,"column":4},"end":{"line":280,"column":9}},"type":"default-arg","locations":[{"start":{"line":280,"column":8},"end":{"line":280,"column":9}}]},"20":{"loc":{"start":{"line":282,"column":21},"end":{"line":282,"column":36}},"type":"binary-expr","locations":[{"start":{"line":282,"column":21},"end":{"line":282,"column":24}},{"start":{"line":282,"column":28},"end":{"line":282,"column":36}}]},"21":{"loc":{"start":{"line":292,"column":11},"end":{"line":292,"column":103}},"type":"binary-expr","locations":[{"start":{"line":292,"column":11},"end":{"line":292,"column":18}},{"start":{"line":292,"column":22},"end":{"line":292,"column":103}}]},"22":{"loc":{"start":{"line":292,"column":69},"end":{"line":292,"column":95}},"type":"binary-expr","locations":[{"start":{"line":292,"column":69},"end":{"line":292,"column":72}},{"start":{"line":292,"column":76},"end":{"line":292,"column":95}}]},"23":{"loc":{"start":{"line":297,"column":11},"end":{"line":297,"column":106}},"type":"binary-expr","locations":[{"start":{"line":297,"column":11},"end":{"line":297,"column":18}},{"start":{"line":297,"column":22},"end":{"line":297,"column":106}}]},"24":{"loc":{"start":{"line":297,"column":69},"end":{"line":297,"column":98}},"type":"binary-expr","locations":[{"start":{"line":297,"column":69},"end":{"line":297,"column":72}},{"start":{"line":297,"column":76},"end":{"line":297,"column":98}}]},"25":{"loc":{"start":{"line":307,"column":4},"end":{"line":311,"column":5}},"type":"if","locations":[{"start":{"line":307,"column":4},"end":{"line":311,"column":5}},{"start":{"line":309,"column":11},"end":{"line":311,"column":5}}]},"26":{"loc":{"start":{"line":320,"column":8},"end":{"line":324,"column":9}},"type":"if","locations":[{"start":{"line":320,"column":8},"end":{"line":324,"column":9}},{"start":{"line":322,"column":15},"end":{"line":324,"column":9}}]},"27":{"loc":{"start":{"line":323,"column":26},"end":{"line":323,"column":43}},"type":"binary-expr","locations":[{"start":{"line":323,"column":26},"end":{"line":323,"column":38}},{"start":{"line":323,"column":42},"end":{"line":323,"column":43}}]},"28":{"loc":{"start":{"line":330,"column":8},"end":{"line":357,"column":9}},"type":"if","locations":[{"start":{"line":330,"column":8},"end":{"line":357,"column":9}},{"start":{"line":350,"column":15},"end":{"line":357,"column":9}}]},"29":{"loc":{"start":{"line":330,"column":12},"end":{"line":330,"column":57}},"type":"binary-expr","locations":[{"start":{"line":330,"column":12},"end":{"line":330,"column":38}},{"start":{"line":330,"column":42},"end":{"line":330,"column":57}}]},"30":{"loc":{"start":{"line":333,"column":10},"end":{"line":339,"column":11}},"type":"if","locations":[{"start":{"line":333,"column":10},"end":{"line":339,"column":11}},{"start":{"line":336,"column":17},"end":{"line":339,"column":11}}]},"31":{"loc":{"start":{"line":336,"column":17},"end":{"line":339,"column":11}},"type":"if","locations":[{"start":{"line":336,"column":17},"end":{"line":339,"column":11}}]},"32":{"loc":{"start":{"line":337,"column":21},"end":{"line":337,"column":38}},"type":"binary-expr","locations":[{"start":{"line":337,"column":21},"end":{"line":337,"column":33}},{"start":{"line":337,"column":37},"end":{"line":337,"column":38}}]},"33":{"loc":{"start":{"line":346,"column":19},"end":{"line":346,"column":62}},"type":"cond-expr","locations":[{"start":{"line":346,"column":34},"end":{"line":346,"column":35}},{"start":{"line":346,"column":39},"end":{"line":346,"column":61}}]},"34":{"loc":{"start":{"line":354,"column":17},"end":{"line":354,"column":73}},"type":"cond-expr","locations":[{"start":{"line":354,"column":32},"end":{"line":354,"column":33}},{"start":{"line":354,"column":37},"end":{"line":354,"column":72}}]},"35":{"loc":{"start":{"line":380,"column":4},"end":{"line":401,"column":5}},"type":"if","locations":[{"start":{"line":380,"column":4},"end":{"line":401,"column":5}},{"start":{"line":399,"column":11},"end":{"line":401,"column":5}}]},"36":{"loc":{"start":{"line":382,"column":8},"end":{"line":384,"column":9}},"type":"if","locations":[{"start":{"line":382,"column":8},"end":{"line":384,"column":9}}]},"37":{"loc":{"start":{"line":387,"column":6},"end":{"line":398,"column":7}},"type":"if","loca
[...]
lumn":4},"end":{"line":330,"column":5}},"77":{"start":{"line":329,"column":6},"end":{"line":329,"column":76}},"78":{"start":{"line":331,"column":14},"end":{"line":331,"column":18}},"79":{"start":{"line":332,"column":4},"end":{"line":338,"column":5}},"80":{"start":{"line":333,"column":6},"end":{"line":333,"column":92}},"81":{"start":{"line":334,"column":6},"end":{"line":337,"column":7}},"82":{"start":{"line":335,"column":8},"end":{"line":335,"column":104}},"83":{"start":{"line":336,"column":8},"end":{"line":336,"column":14}},"84":{"start":{"line":339,"column":4},"end":{"line":339,"column":100}},"85":{"start":{"line":340,"column":4},"end":{"line":348,"column":5}},"86":{"start":{"line":341,"column":6},"end":{"line":347,"column":7}},"87":{"start":{"line":342,"column":8},"end":{"line":342,"column":28}},"88":{"start":{"line":344,"column":8},"end":{"line":346,"column":9}},"89":{"start":{"line":344,"column":21},"end":{"line":344,"column":22}},"90":{"start":{"line":345,"column":10},"end":{"line":345,"column":78}},"91":{"start":{"line":28,"column":0},"end":{"line":28,"column":21}}},"fnMap":{"0":{"name":"(anonymous_0)","decl":{"start":{"line":42,"column":2},"end":{"line":42,"column":15}},"loc":{"start":{"line":52,"column":35},"end":{"line":62,"column":3}}},"1":{"name":"(anonymous_1)","decl":{"start":{"line":64,"column":2},"end":{"line":64,"column":6}},"loc":{"start":{"line":64,"column":17},"end":{"line":66,"column":3}}},"2":{"name":"(anonymous_2)","decl":{"start":{"line":68,"column":2},"end":{"line":68,"column":10}},"loc":{"start":{"line":68,"column":10},"end":{"line":73,"column":3}}},"3":{"name":"(anonymous_3)","decl":{"start":{"line":75,"column":2},"end":{"line":75,"column":9}},"loc":{"start":{"line":75,"column":9},"end":{"line":77,"column":3}}},"4":{"name":"(anonymous_4)","decl":{"start":{"line":79,"column":2},"end":{"line":79,"column":17}},"loc":{"start":{"line":79,"column":29},"end":{"line":83,"column":3}}},"5":{"name":"(anonymous_5)","decl":{"start":{"line":85,"column":2},"end":{"line":85,"column":11}},"loc":{"start":{"line":85,"column":11},"end":{"line":101,"column":3}}},"6":{"name":"(anonymous_6)","decl":{"start":{"line":103,"column":2},"end":{"line":103,"column":9}},"loc":{"start":{"line":103,"column":9},"end":{"line":105,"column":3}}},"7":{"name":"(anonymous_7)","decl":{"start":{"line":107,"column":2},"end":{"line":107,"column":18}},"loc":{"start":{"line":107,"column":37},"end":{"line":116,"column":3}}},"8":{"name":"(anonymous_8)","decl":{"start":{"line":118,"column":2},"end":{"line":118,"column":21}},"loc":{"start":{"line":118,"column":40},"end":{"line":121,"column":3}}},"9":{"name":"(anonymous_9)","decl":{"start":{"line":123,"column":2},"end":{"line":123,"column":7}},"loc":{"start":{"line":135,"column":3},"end":{"line":141,"column":3}}},"10":{"name":"(anonymous_10)","decl":{"start":{"line":143,"column":2},"end":{"line":143,"column":7}},"loc":{"start":{"line":155,"column":3},"end":{"line":159,"column":3}}},"11":{"name":"(anonymous_11)","decl":{"start":{"line":161,"column":2},"end":{"line":161,"column":7}},"loc":{"start":{"line":173,"column":3},"end":{"line":179,"column":3}}},"12":{"name":"(anonymous_12)","decl":{"start":{"line":181,"column":2},"end":{"line":181,"column":7}},"loc":{"start":{"line":194,"column":5},"end":{"line":199,"column":3}}},"13":{"name":"(anonymous_13)","decl":{"start":{"line":201,"column":2},"end":{"line":201,"column":7}},"loc":{"start":{"line":213,"column":3},"end":{"line":235,"column":3}}},"14":{"name":"(anonymous_14)","decl":{"start":{"line":237,"column":2},"end":{"line":237,"column":10}},"loc":{"start":{"line":249,"column":3},"end":{"line":255,"column":3}}},"15":{"name":"(anonymous_15)","decl":{"start":{"line":257,"column":2},"end":{"line":257,"column":14}},"loc":{"start":{"line":269,"column":3},"end":{"line":273,"column":3}}},"16":{"name":"(anonymous_16)","decl":{"start":{"line":275,"column":2},"end":{"line":275,"column":15}},"loc":{"start":{"line":287,"column":3},"end":{"line":293,"column":3}}},"17":{"name":"(anonymous_17)","decl":{"start":{"line":295,"column":2},"end":{"line":295,"column":25}},"loc":{"start":{"line":308,"column":5},"end":{"line":313,"column":3}}},"18":{"name":"(anonymous_18)","decl":{"start":{"line":315,"column":2},"end":{"line":315,"column":24}},"loc":{"start":{"line":327,"column":3},"end":{"line":349,"column":3}}}},"branchMap":{"0":{"loc":{"start":{"line":42,"column":15},"end":{"line":52,"column":35}},"type":"default-arg","locations":[{"start":{"line":52,"column":33},"end":{"line":52,"column":35}}]},"1":{"loc":{"start":{"line":44,"column":4},"end":{"line":44,"column":20}},"type":"default-arg","locations":[{"start":{"line":44,"column":16},"end":{"line":44,"column":20}}]},"2":{"loc":{"start":{"line":45,"column":4},"end":{"line":45,"column":18}},"type":"default-arg","locations":[{"start":{"line":45,"column":13},"end":{"line":45,"column":18}}]},"3":{"loc":{"start":{"line":47,"column":4},"end":{"line":47,"column":14}},"type":"default-arg","locations":[{"start":{"line":47,"column":13},"end":{"line":47,"column":14}}]},"4":{"loc":{"start":{"line":49,"column":4},"end":{"line":49,"column":18}},"type":"default-arg","locations":[{"start":{"line":49,"column":16},"end":{"line":49,"column":18}}]},"5":{"loc":{"start":{"line":50,"column":4},"end":{"line":50,"column":19}},"type":"default-arg","locations":[{"start":{"line":50,"column":17},"end":{"line":50,"column":19}}]},"6":{"loc":{"start":{"line":51,"column":4},"end":{"line":51,"column":11}},"type":"default-arg","locations":[{"start":{"line":51,"column":10},"end":{"line":51,"column":11}}]},"7":{"loc":{"start":{"line":60,"column":21},"end":{"line":60,"column":36}},"type":"binary-expr","locations":[{"start":{"line":60,"column":21},"end":{"line":60,"column":30}},{"start":{"line":60,"column":34},"end":{"line":60,"column":36}}]},"8":{"loc":{"start":{"line":61,"column":22},"end":{"line":61,"column":38}},"type":"binary-expr","locations":[{"start":{"line":61,"column":22},"end":{"line":61,"column":32}},{"start":{"line":61,"column":36},"end":{"line":61,"column":38}}]},"9":{"loc":{"start":{"line":69,"column":4},"end":{"line":71,"column":5}},"type":"if","locations":[{"start":{"line":69,"column":4},"end":{"line":71,"column":5}}]},"10":{"loc":{"start":{"line":76,"column":11},"end":{"line":76,"column":31}},"type":"binary-expr","locations":[{"start":{"line":76,"column":11},"end":{"line":76,"column":20}},{"start":{"line":76,"column":24},"end":{"line":76,"column":31}}]},"11":{"loc":{"start":{"line":86,"column":4},"end":{"line":88,"column":5}},"type":"if","locations":[{"start":{"line":86,"column":4},"end":{"line":88,"column":5}}]},"12":{"loc":{"start":{"line":89,"column":4},"end":{"line":100,"column":5}},"type":"if","locations":[{"start":{"line":89,"column":4},"end":{"line":100,"column":5}},{"start":{"line":98,"column":11},"end":{"line":100,"column":5}}]},"13":{"loc":{"start":{"line":90,"column":6},"end":{"line":92,"column":7}},"type":"if","locations":[{"start":{"line":90,"column":6},"end":{"line":92,"column":7}}]},"14":{"loc":{"start":{"line":128,"column":4},"end":{"line":128,"column":40}},"type":"default-arg","locations":[{"start":{"line":128,"column":13},"end":{"line":128,"column":40}}]},"15":{"loc":{"start":{"line":136,"column":4},"end":{"line":140,"column":5}},"type":"if","locations":[{"start":{"line":136,"column":4},"end":{"line":140,"column":5}},{"start":{"line":138,"column":11},"end":{"line":140,"column":5}}]},"16":{"loc":{"start":{"line":148,"column":4},"end":{"line":148,"column":40}},"type":"default-arg","locations":[{"start":{"line":148,"column":13},"end":{"line":148,"column":40}}]},"17":{"loc":{"start":{"line":166,"column":4},"end":{"line":166,"column":40}},"type":"default-arg","locations":[{"start":{"line":166,"column":13},"end":{"line":166,"column":40}}]},"18":{"loc":{"start":{"line":187,"column":6},"end":{"line":187,"column":42}},"type":"default-arg","locations":[{"start":{"line":187,"column":15},"end":{"line":187,"column":42}}]},"19":{"loc":{"start":{"line":206,"column":4},"end":{"line":206,"column":40}},"type":"default-arg","locations":[{"start":{"line":206,"column":13},"end":{"line":206,"column":40}}]},"20":{"loc":{"start":{"line":219,"column":12},"end":{"line":219,"column":106}},"type":"binary-expr","locations":[{"start":{"line":219,"column":12},"end":{"line":219,"column":15}},{"start":{"line":219,"column":19},"end":{"line":219,"column":106}}]},"21":{"loc":{"start":{"line":220,"column":6},"end":{"line":223,"column":7}},"type":"if","locations":[{"start":{"line":220,"column":6},"end":{"line":223,"column":7}}]},"22":{"loc":{"start":{"line":226,"column":4},"end":{"line":234,"column":5}},"type":"if","locations":[{"start":{"line":226,"column":4},"end":{"line":234,"column":5}}]},"23":{"loc":{"start":{"line":226,"column":8},"end":{"line":226,"column":34}},"type":"binary-expr","locations":[{"start":{"line":226,"column":8},"end":{"line":226,"column":11}},{"start":{"line":226,"column":15},"end":{"line":226,"column":34}}]},"24":{"loc":{"start":{"line":227,"column":6},"end":{"line":233,"column":7}},"type":"if","locations":[{"start":{"line":227,"column":6},"end":{"line":233,"column":7}},{"start":{"line":229,"column":13},"end":{"line":233,"column":7}}]},"25":{"loc":{"start":{"line":242,"column":4},"end":{"line":242,"column":40}},"type":"default-arg","locations":[{"start":{"line":242,"column":13},"end":{"line":242,"column":40}}]},"26":{"loc":{"start":{"line":250,"column":4},"end":{"line":254,"column":5}},"type":"if","locations":[{"start":{"line":250,"column":4},"end":{"line":254,"column":5}},{"start":{"line":252,"column":11},"end":{"line":254,"column":5}}]},"27":{"loc":{"start":{"line":262,"column":4},"end":{"line":262,"column":40}},"type":"default-arg","locations":[{"start":{"line":262,"column":13},"end":{"line":262,"column":40}}]},"28":{"loc":{"start":{"line":280,"column":4},"end":{"line":280,"column":40}},"type":"default-arg","locations":[{"start":{"line":280,"column":13},"end":{"line":280,"column":40}}]},"29":{"loc":{"start":{"line":301,"column":6},"end":{"line":301,"column":42}},"type":"default-arg","locations":[{"start":{"line":301,"column":15},"end":{"line":301,"column":42}}]},"30":{"loc":{"start":{"line":320,"column":4},"end":{"line":320,"column":40}},"type":"default-arg","locations":[{"start":{"line":320,"column":13},"end":{"line":320,"column":40}}]},"31":{"loc":{"start":{"line":333,"column":12},"end":{"line":333,"column":91}},"type":"binary-expr","locations":[{"start":{"line":333,"column":12},"end":{"line":333,"column":15}},{"start":{"line":333,"column":19},"end":{"line":333,"column":91}}]},"32":{"loc":{"start":{"line":334,"column":6},"end":{"line":337,"column":7}},"type":"if","locations":[{"start":{"line":334,"column":6},"end":{"line":337,"column":7}}]},"33":{"loc":{"start":{"line":340,"column":4},"end":{"line":348,"column":5}},"type":"if","locations":[{"start":{"line":340,"column":4},"end":{"line":348,"column":5}}]},"34":{"loc":{"start":{"line":340,"column":8},"end":{"line":340,"column":29}},"type":"binary-expr","locations":[{"start":{"line":340,"column":8},"end":{"line":340,"column":11}},{"start":{"line":340,"column":15},"end":{"line":340,"column":29}}]},"35":{"loc":{"start":{"line":341,"column":6},"end":{"line":347,"column":7}},"type":"if","locations":[{"start":{"line":341,"column":6},"end":{"line":347,"column":7}},{"start":{"line":343,"column":13},"end":{"line":347,"column":7}}]},"36":{"loc":{"start":{"line":341,"column":10},"end":{"line":341,"column":46}},"type":"binary-expr","locations":[{"start":{"line":341,"column":10},"end":{"line":341,"column":26}},{"start":{"line":341,"column":30},"end":{"line":341,"column":46}}]}},"s":{"0":5,"1":5,"2":5,"3":5,"4":197,"5":197,"6":197,"7":197,"8":197,"9":197,"10":197,"11":197,"12":197,"13":197,"14":197,"15":197,"16":197,"17":723,"18":726,"19":523,"20":203,"21":599,"22":1,"23":307,"24":0,"25":307,"26":2,"27":1,"28":1,"29":305,"30":403,"31":307,"32":307,"33":307,"34":307,"35":211,"36":50,"37":161,"38":161,"39":161,"40":159,"41":50,"42":48,"43":48,"44":48,"45":209,"46":209,"47":207,"48":209,"49":22,"50":208,"51":208,"52":39,"53":38,"54":13,"55":13,"56":207,"57":207,"58":194,"59":185,"60":9,"61":9,"62":18,"63":192,"64":50,"65":142,"66":142,"67":142,"68":140,"69":50,"70":48,"71":48,"72":48,"73":190,"74":190,"75":188,"76":190,"77":14,"78":189,"79":189,"80":37,"81":36,"82":12,"83":12,"84":188,"85":188,"86":176,"87":167,"88":9,"89":9,"90":18,"91":5},"f":{"0":197,"1":723,"2":726,"3":599,"4":1,"5":307,"6":403,"7":307,"8":307,"9":211,"10":161,"11":50,"12":209,"13":209,"14":192,"15":142,"16":50,"17":190,"18":190},"b":{"0":[0],"1":[188],"2":[193],"3":[66],"4":[173],"5":[156],"6":[169],"7":[197,0],"8":[197,0],"9":[523],"10":[599,303],"11":[0],"12":[2,305],"13":[1],"14":[211],"15":[50,161],"16":[0],"17":[0],"18":[0],"19":[0],"20":[39,39],"21":[13],"22":[194],"23":[207,194],"24":[185,9],"25":[192],"26":[50,142],"27":[0],"28":[0],"29":[0],"30":[0],"31":[37,37],"32":[12],"33":[176],"34":[188,176],"35":[167,9],"36":[176,9]}}
,"C:\\Users\\harry\\web\\htdocs\\Ultra Loot Table\\src\\table\\pool\\entry\\result.ts": {"path":"C:\\Users\\harry\\web\\htdocs\\Ultra Loot Table\\src\\table\\pool\\entry\\result.ts","statementMap":{"0":{"start":{"line":3,"column":23},"end":{"line":3,"column":27}},"1":{"start":{"line":20,"column":4},"end":{"line":20,"column":17}},"2":{"start":{"line":21,"column":4},"end":{"line":21,"column":21}},"3":{"start":{"line":22,"column":4},"end":{"line":22,"column":21}},"4":{"start":{"line":23,"column":4},"end":{"line":23,"column":19}},"5":{"start":{"line":24,"column":4},"end":{"line":24,"column":31}},"6":{"start":{"line":28,"column":4},"end":{"line":28,"column":27}},"7":{"start":{"line":32,"column":4},"end":{"line":34,"column":5}},"8":{"start":{"line":33,"column":6},"end":{"line":33,"column":41}},"9":{"start":{"line":35,"column":4},"end":{"line":35,"column":26}},"10":{"start":{"line":39,"column":4},"end":{"line":39,"column":20}},"11":{"start":{"line":43,"column":4},"end":{"line":43,"column":17}},"12":{"start":{"line":47,"column":4},"end":{"line":47,"column":28}},"13":{"start":{"line":1,"column":0},"end":{"line":1,"column":21}}},"fnMap":{"0":{"name":"(anonymous_0)","decl":{"start":{"line":7,"column":2},"end":{"line":7,"column":15}},"loc":{"start":{"line":19,"column":8},"end":{"line":25,"column":3}}},"1":{"name":"(anonymous_1)","decl":{"start":{"line":27,"column":2},"end":{"line":27,"column":6}},"loc":{"start":{"line":27,"column":17},"end":{"line":29,"column":3}}},"2":{"name":"(anonymous_2)","decl":{"start":{"line":31,"column":2},"end":{"line":31,"column":10}},"loc":{"start":{"line":31,"column":10},"end":{"line":36,"column":3}}},"3":{"name":"(anonymous_3)","decl":{"start":{"line":38,"column":2},"end":{"line":38,"column":8}},"loc":{"start":{"line":38,"column":8},"end":{"line":40,"column":3}}},"4":{"name":"(anonymous_4)","decl":{"start":{"line":42,"column":2},"end":{"line":42,"column":8}},"loc":{"start":{"line":42,"column":19},"end":{"line":44,"column":3}}},"5":{"name":"(anonymous_5)","decl":{"start":{"line":46,"column":2},"end":{"line":46,"column":8}},"loc":{"start":{"line":46,"column":19},"end":{"line":48,"column":3}}}},"branchMap":{"0":{"loc":{"start":{"line":7,"column":15},"end":{"line":19,"column":8}},"type":"default-arg","locations":[{"start":{"line":19,"column":6},"end":{"line":19,"column":8}}]},"1":{"loc":{"start":{"line":9,"column":4},"end":{"line":9,"column":20}},"type":"default-arg","locations":[{"start":{"line":9,"column":16},"end":{"line":9,"column":20}}]},"2":{"loc":{"start":{"line":32,"column":4},"end":{"line":34,"column":5}},"type":"if","locations":[{"start":{"line":32,"column":4},"end":{"line":34,"column":5}}]}},"s":{"0":390,"1":390,"2":390,"3":390,"4":390,"5":390,"6":1,"7":3,"8":2,"9":1,"10":1,"11":1,"12":20,"13":5},"f":{"0":390,"1":1,"2":3,"3":1,"4":1,"5":20},"b":{"0":[0],"1":[15],"2":[2]}}
,"C:\\Users\\harry\\web\\htdocs\\Ultra Loot Table\\src\\table\\pool\\entry\\results.ts": {"path":"C:\\Users\\harry\\web\\htdocs\\Ultra Loot Table\\src\\table\\pool\\entry\\results.ts","statementMap":{"0":{"start":{"line":5,"column":4},"end":{"line":7,"column":17}},"1":{"start":{"line":5,"column":36},"end":{"line":5,"column":56}},"2":{"start":{"line":6,"column":9},"end":{"line":7,"column":17}},"3":{"start":{"line":6,"column":24},"end":{"line":6,"column":41}},"4":{"start":{"line":7,"column":9},"end":{"line":7,"column":17}},"5":{"start":{"line":8,"column":4},"end":{"line":8,"column":80}},"6":{"start":{"line":12,"column":4},"end":{"line":14,"column":5}},"7":{"start":{"line":13,"column":6},"end":{"line":13,"column":23}},"8":{"start":{"line":15,"column":4},"end":{"line":15,"column":16}},"9":{"start":{"line":19,"column":4},"end":{"line":19,"column":58}},"10":{"start":{"line":23,"column":49},"end":{"line":23,"column":51}},"11":{"start":{"line":24,"column":4},"end":{"line":28,"column":5}},"12":{"start":{"line":25,"column":6},"end":{"line":27,"column":7}},"13":{"start":{"line":26,"column":8},"end":{"line":26,"column":31}},"14":{"start":{"line":29,"column":4},"end":{"line":29,"column":33}},"15":{"start":{"line":33,"column":54},"end":{"line":33,"column":56}},"16":{"start":{"line":34,"column":42},"end":{"line":34,"column":44}},"17":{"start":{"line":35,"column":4},"end":{"line":46,"column":5}},"18":{"start":{"line":36,"column":6},"end":{"line":45,"column":7}},"19":{"start":{"line":37,"column":20},"end":{"line":37,"column":43}},"20":{"start":{"line":38,"column":8},"end":{"line":42,"column":9}},"21":{"start":{"line":39,"column":10},"end":{"line":39,"column":24}},"22":{"start":{"line":41,"column":10},"end":{"line":41,"column":34}},"23":{"start":{"line":44,"column":8},"end":{"line":44,"column":23}},"24":{"start":{"line":47,"column":4},"end":{"line":47,"column":72}},"25":{"start":{"line":3,"column":0},"end":{"line":3,"column":21}}},"fnMap":{"0":{"name":"(anonymous_0)","decl":{"start":{"line":4,"column":2},"end":{"line":4,"column":15}},"loc":{"start":{"line":4,"column":63},"end":{"line":9,"column":3}}},"1":{"name":"(anonymous_1)","decl":{"start":{"line":11,"column":2},"end":{"line":11,"column":7}},"loc":{"start":{"line":11,"column":37},"end":{"line":16,"column":3}}},"2":{"name":"(anonymous_2)","decl":{"start":{"line":18,"column":2},"end":{"line":18,"column":8}},"loc":{"start":{"line":18,"column":38},"end":{"line":20,"column":3}}},"3":{"name":"(anonymous_3)","decl":{"start":{"line":22,"column":12},"end":{"line":22,"column":26}},"loc":{"start":{"line":22,"column":55},"end":{"line":30,"column":3}}},"4":{"name":"(anonymous_4)","decl":{"start":{"line":32,"column":2},"end":{"line":32,"column":11}},"loc":{"start":{"line":32,"column":11},"end":{"line":48,"column":3}}}},"branchMap":{"0":{"loc":{"start":{"line":5,"column":4},"end":{"line":7,"column":17}},"type":"if","locations":[{"start":{"line":5,"column":4},"end":{"line":7,"column":17}},{"start":{"line":6,"column":9},"end":{"line":7,"column":17}}]},"1":{"loc":{"start":{"line":6,"column":9},"end":{"line":7,"column":17}},"type":"if","locations":[{"start":{"line":6,"column":9},"end":{"line":7,"column":17}},{"start":{"line":7,"column":9},"end":{"line":7,"column":17}}]},"2":{"loc":{"start":{"line":25,"column":6},"end":{"line":27,"column":7}},"type":"if","locations":[{"start":{"line":25,"column":6},"end":{"line":27,"column":7}}]},"3":{"loc":{"start":{"line":36,"column":6},"end":{"line":45,"column":7}},"type":"if","locations":[{"start":{"line":36,"column":6},"end":{"line":45,"column":7}},{"start":{"line":43,"column":13},"end":{"line":45,"column":7}}]},"4":{"loc":{"start":{"line":38,"column":8},"end":{"line":42,"column":9}},"type":"if","locations":[{"start":{"line":38,"column":8},"end":{"line":42,"column":9}},{"start":{"line":40,"column":15},"end":{"line":42,"column":9}}]}},"s":{"0":1159,"1":317,"2":842,"3":0,"4":842,"5":1159,"6":399,"7":392,"8":399,"9":1,"10":30,"11":30,"12":150,"13":120,"14":30,"15":4,"16":4,"17":4,"18":34,"19":30,"20":30,"21":10,"22":20,"23":4,"24":4,"25":5},"f":{"0":1159,"1":399,"2":1,"3":30,"4":4},"b":{"0":[317,842],"1":[0,842],"2":[120],"3":[30,4],"4":[10,20]}}
}
