TN:
SF:src\rng.ts
FN:98,(anonymous_0)
FN:102,(anonymous_1)
FN:106,(anonymous_2)
FN:110,(anonymous_3)
FN:122,(anonymous_4)
FN:127,(anonymous_5)
FN:133,(anonymous_6)
FN:140,(anonymous_7)
FN:146,(anonymous_8)
FN:150,(anonymous_9)
FN:163,(anonymous_10)
FN:172,(anonymous_11)
FN:176,(anonymous_12)
FN:180,(anonymous_13)
FN:184,(anonymous_14)
FN:190,(anonymous_15)
FN:194,(anonymous_16)
FN:206,(anonymous_17)
FN:213,(anonymous_18)
FN:223,(anonymous_19)
FN:234,(anonymous_20)
FN:242,(anonymous_21)
FN:247,(anonymous_22)
FN:252,(anonymous_23)
FN:306,(anonymous_24)
FN:314,(anonymous_25)
FN:324,(anonymous_26)
FN:357,(anonymous_27)
FN:388,(anonymous_28)
FN:419,(anonymous_29)
FN:431,(anonymous_30)
FN:443,(anonymous_31)
FN:457,(anonymous_32)
FN:500,(anonymous_33)
FN:519,(anonymous_34)
FN:524,(anonymous_35)
FN:550,(anonymous_36)
FN:555,(anonymous_37)
FN:560,(anonymous_38)
FN:578,(anonymous_39)
FN:583,(anonymous_40)
FN:593,(anonymous_41)
FN:603,(anonymous_42)
FN:609,(anonymous_43)
FN:617,(anonymous_44)
FN:624,(anonymous_45)
FN:633,(anonymous_46)
FN:639,(anonymous_47)
FNF:48
FNH:43
FNDA:200,(anonymous_0)
FNDA:1836603,(anonymous_1)
FNDA:0,(anonymous_2)
FNDA:612583,(anonymous_3)
FNDA:2,(anonymous_4)
FNDA:0,(anonymous_5)
FNDA:0,(anonymous_6)
FNDA:1,(anonymous_7)
FNDA:1,(anonymous_8)
FNDA:2,(anonymous_9)
FNDA:2,(anonymous_10)
FNDA:0,(anonymous_11)
FNDA:11,(anonymous_12)
FNDA:10464,(anonymous_13)
FNDA:4,(anonymous_14)
FNDA:4,(anonymous_15)
FNDA:1037,(anonymous_16)
FNDA:2,(anonymous_17)
FNDA:152,(anonymous_18)
FNDA:10575,(anonymous_19)
FNDA:302,(anonymous_20)
FNDA:10910,(anonymous_21)
FNDA:1,(anonymous_22)
FNDA:300408,(anonymous_23)
FNDA:300000,(anonymous_24)
FNDA:402,(anonymous_25)
FNDA:201982,(anonymous_26)
FNDA:11,(anonymous_27)
FNDA:7,(anonymous_28)
FNDA:0,(anonymous_29)
FNDA:1480,(anonymous_30)
FNDA:16,(anonymous_31)
FNDA:38,(anonymous_32)
FNDA:38,(anonymous_33)
FNDA:21,(anonymous_34)
FNDA:33,(anonymous_35)
FNDA:8,(anonymous_36)
FNDA:9,(anonymous_37)
FNDA:21,(anonymous_38)
FNDA:4,(anonymous_39)
FNDA:2,(anonymous_40)
FNDA:4,(anonymous_41)
FNDA:140,(anonymous_42)
FNDA:9,(anonymous_43)
FNDA:1,(anonymous_44)
FNDA:4,(anonymous_45)
FNDA:2,(anonymous_46)
FNDA:612194,(anonymous_47)
DA:1,7
DA:2,7
DA:76,7
DA:77,7
DA:78,7
DA:79,7
DA:96,7
DA:97,200
DA:99,200
DA:103,1836603
DA:107,0
DA:111,612583
DA:112,612400
DA:113,2
DA:115,612400
DA:117,183
DA:119,612400
DA:123,2
DA:124,2
DA:128,0
DA:134,0
DA:135,0
DA:136,0
DA:137,0
DA:141,1
DA:142,1
DA:143,1
DA:147,1
DA:151,2
DA:154,2
DA:155,2
DA:156,6
DA:157,6
DA:158,6
DA:160,2
DA:164,2
DA:165,0
DA:167,2
DA:168,2
DA:169,2
DA:173,0
DA:177,11
DA:181,10464
DA:185,4
DA:186,4
DA:191,4
DA:195,1037
DA:196,1037
DA:197,1037
DA:198,0
DA:200,1037
DA:202,1037
DA:207,2
DA:208,2
DA:209,2
DA:214,152
DA:215,152
DA:216,152
DA:217,152
DA:218,912
DA:220,152
DA:224,10575
DA:225,10575
DA:226,10575
DA:227,0
DA:229,10575
DA:231,10575
DA:235,302
DA:236,301
DA:238,300
DA:239,300
DA:243,10910
DA:244,10908
DA:248,1
DA:253,300408
DA:254,2
DA:256,300406
DA:257,300406
DA:258,300406
DA:259,2
DA:261,300404
DA:262,202
DA:266,300204
DA:267,0
DA:269,300204
DA:272,300204
DA:273,200001
DA:274,200001
DA:275,200000
DA:276,200000
DA:278,1
DA:279,1
DA:282,100203
DA:283,100203
DA:284,100203
DA:287,300204
DA:288,202
DA:296,300002
DA:297,200001
DA:299,300002
DA:300,200001
DA:302,300002
DA:307,300000
DA:308,300000
DA:309,300000
DA:311,300000
DA:315,402
DA:316,400
DA:318,2
DA:319,1
DA:321,2
DA:325,201982
DA:326,1
DA:328,201981
DA:329,200004
DA:331,100000
DA:332,0
DA:334,100000
DA:335,0
DA:337,1
DA:342,0
DA:344,3
DA:351,1977
DA:352,1977
DA:354,0
DA:358,11
DA:359,3
DA:361,8
DA:362,1
DA:364,7
DA:365,7
DA:366,4
DA:369,0
DA:372,7
DA:374,3
DA:375,0
DA:377,0
DA:378,0
DA:380,0
DA:381,0
DA:383,4
DA:389,7
DA:390,3
DA:392,4
DA:393,1
DA:395,3
DA:396,3
DA:397,1
DA:400,0
DA:403,3
DA:405,2
DA:406,0
DA:408,0
DA:409,0
DA:411,0
DA:412,0
DA:414,1
DA:420,0
DA:432,1480
DA:434,1480
DA:436,6
DA:437,0
DA:439,6
DA:440,0
DA:442,6
DA:443,6
DA:444,16
DA:446,6
DA:449,1474
DA:451,17
DA:452,0
DA:454,17
DA:455,0
DA:457,17
DA:458,38
DA:462,1457
DA:463,1457
DA:464,0
DA:466,1457
DA:467,148
DA:469,1309
DA:470,2897
DA:471,1
DA:473,2896
DA:476,1325
DA:478,1325
DA:479,1325
DA:480,17
DA:481,22
DA:482,22
DA:483,17
DA:487,1308
DA:488,1660
DA:489,1660
DA:490,1308
DA:497,0
DA:501,38
DA:502,1
DA:504,37
DA:505,29
DA:507,8
DA:508,8
DA:509,2
DA:511,6
DA:512,6
DA:513,6
DA:516,8
DA:520,21
DA:521,21
DA:526,33
DA:527,13
DA:528,12
DA:529,12
DA:530,12
DA:536,1
DA:537,1
DA:538,1
DA:539,1
DA:547,33
DA:551,8
DA:552,8
DA:556,9
DA:557,9
DA:561,21
DA:562,20
DA:563,19
DA:564,19
DA:565,19
DA:566,1
DA:568,18
DA:569,18
DA:570,24
DA:571,24
DA:573,18
DA:575,1
DA:579,4
DA:580,4
DA:584,2
DA:585,2
DA:587,2
DA:588,2
DA:590,2
DA:594,4
DA:595,4
DA:599,7
DA:602,140
DA:604,140
DA:605,140
DA:606,140
DA:610,9
DA:618,1
DA:619,1
DA:625,4
DA:626,4
DA:627,4
DA:628,4
DA:629,4
DA:630,4
DA:634,2
DA:635,2
DA:636,2
DA:640,612194
DA:641,612194
DA:642,612194
DA:643,612194
DA:644,612194
LF:266
LH:232
BRDA:111,0,0,612400
BRDA:111,0,1,183
BRDA:111,1,0,612583
BRDA:111,1,1,612400
BRDA:112,2,0,2
BRDA:154,3,0,0
BRDA:164,4,0,0
BRDA:180,5,0,10461
BRDA:180,6,0,10461
BRDA:180,7,0,10461
BRDA:184,8,0,0
BRDA:194,9,0,0
BRDA:194,10,0,0
BRDA:194,11,0,1036
BRDA:197,12,0,0
BRDA:197,12,1,1037
BRDA:206,13,0,2
BRDA:206,14,0,2
BRDA:209,15,0,0
BRDA:209,15,1,2
BRDA:213,16,0,2
BRDA:223,17,0,0
BRDA:223,18,0,0
BRDA:223,19,0,111
BRDA:226,20,0,0
BRDA:226,20,1,10575
BRDA:234,21,0,0
BRDA:234,22,0,0
BRDA:235,23,0,1
BRDA:236,24,0,1
BRDA:243,25,0,2
BRDA:243,26,0,10910
BRDA:243,26,1,10909
BRDA:252,27,0,2
BRDA:252,28,0,200004
BRDA:252,29,0,300004
BRDA:252,30,0,300004
BRDA:253,31,0,2
BRDA:253,32,0,300408
BRDA:253,32,1,4
BRDA:258,33,0,2
BRDA:258,33,1,300404
BRDA:261,34,0,202
BRDA:261,35,0,300404
BRDA:261,35,1,300202
BRDA:266,36,0,0
BRDA:266,36,1,300204
BRDA:272,37,0,200001
BRDA:272,37,1,100203
BRDA:274,38,0,200000
BRDA:274,38,1,1
BRDA:274,39,0,200001
BRDA:274,39,1,200000
BRDA:287,40,0,202
BRDA:287,41,0,300204
BRDA:287,41,1,300202
BRDA:287,41,2,200202
BRDA:287,41,3,300202
BRDA:287,41,4,200202
BRDA:296,42,0,200001
BRDA:299,43,0,200001
BRDA:306,44,0,300000
BRDA:306,45,0,300000
BRDA:315,46,0,400
BRDA:318,47,0,1
BRDA:325,48,0,1
BRDA:328,49,0,200004
BRDA:329,50,0,100000
BRDA:329,50,1,100000
BRDA:329,50,2,1
BRDA:329,50,3,3
BRDA:338,51,0,1
BRDA:338,51,1,0
BRDA:339,52,0,1
BRDA:339,52,1,0
BRDA:340,53,0,1
BRDA:340,53,1,1
BRDA:345,54,0,3
BRDA:345,54,1,0
BRDA:346,55,0,3
BRDA:346,55,1,0
BRDA:347,56,0,3
BRDA:347,56,1,3
BRDA:351,57,0,1977
BRDA:358,58,0,3
BRDA:361,59,0,1
BRDA:364,60,0,7
BRDA:365,61,0,4
BRDA:366,62,0,0
BRDA:372,63,0,3
BRDA:372,63,1,0
BRDA:372,63,2,0
BRDA:372,63,3,4
BRDA:374,64,0,3
BRDA:374,64,1,2
BRDA:377,65,0,0
BRDA:377,65,1,0
BRDA:380,66,0,0
BRDA:380,66,1,0
BRDA:383,67,0,4
BRDA:383,67,1,0
BRDA:389,68,0,3
BRDA:392,69,0,1
BRDA:395,70,0,3
BRDA:396,71,0,1
BRDA:397,72,0,0
BRDA:403,73,0,2
BRDA:403,73,1,0
BRDA:403,73,2,0
BRDA:403,73,3,1
BRDA:405,74,0,2
BRDA:405,74,1,1
BRDA:408,75,0,0
BRDA:408,75,1,0
BRDA:411,76,0,0
BRDA:411,76,1,0
BRDA:414,77,0,1
BRDA:414,77,1,0
BRDA:434,78,0,6
BRDA:436,79,0,0
BRDA:439,80,0,0
BRDA:449,81,0,17
BRDA:449,81,1,1457
BRDA:451,82,0,0
BRDA:454,83,0,0
BRDA:463,84,0,0
BRDA:466,85,0,148
BRDA:470,86,0,1
BRDA:479,87,0,17
BRDA:479,87,1,1308
BRDA:482,88,0,17
BRDA:489,89,0,1308
BRDA:500,90,0,0
BRDA:500,91,0,21
BRDA:500,92,0,21
BRDA:501,93,0,1
BRDA:501,94,0,38
BRDA:501,94,1,37
BRDA:501,94,2,37
BRDA:504,95,0,29
BRDA:507,96,0,8
BRDA:508,97,0,2
BRDA:508,97,1,6
BRDA:519,98,0,0
BRDA:519,99,0,0
BRDA:519,100,0,0
BRDA:526,101,0,13
BRDA:527,102,0,12
BRDA:527,102,1,1
BRDA:529,103,0,12
BRDA:531,104,0,12
BRDA:531,104,1,0
BRDA:532,105,0,12
BRDA:532,105,1,0
BRDA:533,106,0,12
BRDA:533,106,1,2
BRDA:536,107,0,1
BRDA:538,108,0,1
BRDA:541,109,0,1
BRDA:541,109,1,0
BRDA:542,110,0,1
BRDA:542,110,1,1
BRDA:550,111,0,0
BRDA:550,112,0,8
BRDA:550,113,0,8
BRDA:555,114,0,0
BRDA:555,115,0,9
BRDA:555,116,0,9
BRDA:560,117,0,0
BRDA:560,118,0,21
BRDA:560,119,0,21
BRDA:562,120,0,19
BRDA:565,121,0,1
BRDA:568,122,0,18
BRDA:568,122,1,2
BRDA:584,123,0,2
BRDA:585,124,0,1
BRDA:585,124,1,1
BRDA:587,125,0,2
BRDA:588,126,0,1
BRDA:588,126,1,1
BRDA:619,127,0,1
BRDA:619,127,1,1
BRDA:619,127,2,1
BRF:184
BRH:136
end_of_record
TN:
SF:src\table.ts
FN:99,(anonymous_0)
FN:109,(anonymous_1)
FN:114,(anonymous_2)
FN:121,(anonymous_3)
FN:125,(anonymous_4)
FN:132,(anonymous_5)
FN:136,(anonymous_6)
FN:140,(anonymous_7)
FN:144,(anonymous_8)
FN:151,(anonymous_9)
FN:156,(anonymous_10)
FN:161,(anonymous_11)
FN:165,(anonymous_12)
FN:170,(anonymous_13)
FN:190,(anonymous_14)
FN:220,(anonymous_15)
FN:250,(anonymous_16)
FN:274,(anonymous_17)
FN:290,(anonymous_18)
FN:292,(anonymous_19)
FN:295,(anonymous_20)
FN:297,(anonymous_21)
FN:300,(anonymous_22)
FN:306,(anonymous_23)
FN:315,(anonymous_24)
FN:367,(anonymous_25)
FN:408,(anonymous_26)
FN:450,(anonymous_27)
FN:491,(anonymous_28)
FNF:29
FNH:28
FNDA:110,(anonymous_0)
FNDA:11,(anonymous_1)
FNDA:22,(anonymous_2)
FNDA:21,(anonymous_3)
FNDA:6,(anonymous_4)
FNDA:181,(anonymous_5)
FNDA:88,(anonymous_6)
FNDA:169,(anonymous_7)
FNDA:172,(anonymous_8)
FNDA:114,(anonymous_9)
FNDA:108,(anonymous_10)
FNDA:6,(anonymous_11)
FNDA:7,(anonymous_12)
FNDA:169,(anonymous_13)
FNDA:76,(anonymous_14)
FNDA:93,(anonymous_15)
FNDA:76,(anonymous_16)
FNDA:93,(anonymous_17)
FNDA:44,(anonymous_18)
FNDA:1,(anonymous_19)
FNDA:42,(anonymous_20)
FNDA:1,(anonymous_21)
FNDA:3,(anonymous_22)
FNDA:2,(anonymous_23)
FNDA:0,(anonymous_24)
FNDA:32,(anonymous_25)
FNDA:67,(anonymous_26)
FNDA:23,(anonymous_27)
FNDA:64,(anonymous_28)
DA:1,5
DA:3,5
DA:6,5
DA:7,5
DA:70,5
DA:83,110
DA:84,110
DA:85,110
DA:94,110
DA:100,110
DA:101,110
DA:102,110
DA:103,110
DA:104,110
DA:105,110
DA:110,11
DA:115,22
DA:122,21
DA:126,6
DA:133,181
DA:137,88
DA:141,169
DA:145,172
DA:146,149
DA:148,23
DA:152,114
DA:153,114
DA:157,108
DA:158,108
DA:162,6
DA:166,7
DA:167,7
DA:176,169
DA:177,169
DA:178,169
DA:179,169
DA:197,76
DA:198,76
DA:199,76
DA:208,72
DA:209,72
DA:227,93
DA:228,93
DA:229,93
DA:230,93
DA:239,89
DA:240,89
DA:258,76
DA:259,76
DA:260,76
DA:261,183
DA:263,72
DA:282,93
DA:283,93
DA:284,93
DA:285,215
DA:287,89
DA:291,44
DA:292,44
DA:296,42
DA:297,42
DA:301,3
DA:302,3
DA:303,3
DA:307,2
DA:308,1
DA:310,1
DA:312,2
DA:316,0
DA:317,0
DA:318,0
DA:319,0
DA:320,0
DA:321,0
DA:323,0
DA:326,0
DA:327,0
DA:328,0
DA:329,0
DA:330,0
DA:333,0
DA:334,0
DA:335,0
DA:336,0
DA:337,0
DA:338,0
DA:341,0
DA:342,0
DA:343,0
DA:351,0
DA:360,0
DA:380,32
DA:381,21
DA:382,21
DA:383,1
DA:386,20
DA:387,20
DA:388,14
DA:389,11
DA:391,3
DA:392,1
DA:394,2
DA:397,6
DA:400,11
DA:421,67
DA:422,20
DA:423,20
DA:424,1
DA:427,19
DA:428,19
DA:429,13
DA:430,10
DA:432,3
DA:433,1
DA:435,2
DA:436,2
DA:439,6
DA:440,6
DA:443,47
DA:463,23
DA:464,20
DA:465,20
DA:466,1
DA:469,19
DA:470,19
DA:471,13
DA:472,10
DA:474,3
DA:475,1
DA:477,2
DA:480,6
DA:483,3
DA:504,64
DA:505,19
DA:506,19
DA:507,1
DA:510,18
DA:511,18
DA:512,12
DA:513,9
DA:515,3
DA:516,1
DA:518,2
DA:519,2
DA:522,6
DA:523,6
DA:526,45
DA:527,45
DA:528,0
DA:530,45
LF:150
LH:126
BRDA:99,0,0,10
BRDA:99,1,0,14
BRDA:104,2,0,110
BRDA:104,2,1,23
BRDA:104,3,0,0
BRDA:104,3,1,23
BRDA:105,4,0,110
BRDA:105,4,1,78
BRDA:122,5,0,21
BRDA:122,5,1,0
BRDA:122,5,2,0
BRDA:122,5,3,0
BRDA:145,6,0,149
BRDA:174,7,0,0
BRDA:176,8,0,169
BRDA:176,8,1,49
BRDA:190,9,0,0
BRDA:193,10,0,26
BRDA:195,11,0,3
BRDA:220,12,0,1
BRDA:223,13,0,31
BRDA:225,14,0,4
BRDA:254,15,0,0
BRDA:256,16,0,0
BRDA:258,17,0,76
BRDA:258,17,1,0
BRDA:278,18,0,0
BRDA:280,19,0,0
BRDA:282,20,0,93
BRDA:282,20,1,0
BRDA:292,21,0,44
BRDA:292,21,1,40
BRDA:292,22,0,1
BRDA:292,22,1,1
BRDA:297,23,0,42
BRDA:297,23,1,38
BRDA:297,24,0,1
BRDA:297,24,1,1
BRDA:307,25,0,1
BRDA:307,25,1,1
BRDA:320,26,0,0
BRDA:320,26,1,0
BRDA:323,27,0,0
BRDA:323,27,1,0
BRDA:330,28,0,0
BRDA:330,28,1,0
BRDA:330,29,0,0
BRDA:330,29,1,0
BRDA:333,30,0,0
BRDA:333,30,1,0
BRDA:336,31,0,0
BRDA:337,32,0,0
BRDA:337,32,1,0
BRDA:346,33,0,0
BRDA:346,33,1,0
BRDA:354,34,0,0
BRDA:354,34,1,0
BRDA:380,35,0,21
BRDA:380,35,1,11
BRDA:382,36,0,1
BRDA:387,37,0,14
BRDA:387,37,1,6
BRDA:388,38,0,11
BRDA:391,39,0,1
BRDA:391,39,1,2
BRDA:421,40,0,20
BRDA:423,41,0,1
BRDA:428,42,0,13
BRDA:428,42,1,6
BRDA:429,43,0,10
BRDA:432,44,0,1
BRDA:432,44,1,2
BRDA:463,45,0,20
BRDA:463,45,1,3
BRDA:465,46,0,1
BRDA:470,47,0,13
BRDA:470,47,1,6
BRDA:471,48,0,10
BRDA:474,49,0,1
BRDA:474,49,1,2
BRDA:504,50,0,19
BRDA:506,51,0,1
BRDA:511,52,0,12
BRDA:511,52,1,6
BRDA:512,53,0,9
BRDA:515,54,0,1
BRDA:515,54,1,2
BRDA:527,55,0,0
BRF:88
BRH:58
end_of_record
TN:
SF:src\ultraloot.ts
FN:149,(anonymous_0)
FN:156,(anonymous_1)
FN:162,(anonymous_2)
FN:169,(anonymous_3)
FN:181,(anonymous_4)
FN:185,(anonymous_5)
FN:192,(anonymous_6)
FN:196,(anonymous_7)
FN:200,(anonymous_8)
FN:204,(anonymous_9)
FN:208,(anonymous_10)
FN:246,(anonymous_11)
FN:254,(anonymous_12)
FN:258,(anonymous_13)
FN:262,(anonymous_14)
FN:266,(anonymous_15)
FN:270,(anonymous_16)
FN:276,(anonymous_17)
FN:282,(anonymous_18)
FN:297,(anonymous_19)
FN:312,(anonymous_20)
FN:330,(anonymous_21)
FN:352,(anonymous_22)
FN:370,(anonymous_23)
FN:408,(anonymous_24)
FN:442,(anonymous_25)
FN:455,(anonymous_26)
FN:471,(anonymous_27)
FN:492,(anonymous_28)
FN:513,(anonymous_29)
FN:531,(anonymous_30)
FN:547,(anonymous_31)
FN:570,(anonymous_32)
FN:574,(anonymous_33)
FN:581,(anonymous_34)
FN:592,(anonymous_35)
FN:672,(anonymous_36)
FN:749,(anonymous_37)
FN:756,(anonymous_38)
FN:765,(anonymous_39)
FN:782,(anonymous_40)
FN:793,(anonymous_41)
FN:794,(anonymous_42)
FN:808,(anonymous_43)
FN:811,(anonymous_44)
FN:811,(anonymous_45)
FN:821,(anonymous_46)
FN:835,(anonymous_47)
FN:860,(anonymous_48)
FN:869,(anonymous_49)
FN:870,(anonymous_50)
FN:913,(anonymous_51)
FN:914,(anonymous_52)
FN:928,(anonymous_53)
FN:930,(anonymous_54)
FN:930,(anonymous_55)
FN:940,(anonymous_56)
FN:949,(anonymous_57)
FN:967,(anonymous_58)
FNF:59
FNH:33
FNDA:75,(anonymous_0)
FNDA:0,(anonymous_1)
FNDA:0,(anonymous_2)
FNDA:0,(anonymous_3)
FNDA:1,(anonymous_4)
FNDA:3,(anonymous_5)
FNDA:91,(anonymous_6)
FNDA:24,(anonymous_7)
FNDA:1,(anonymous_8)
FNDA:3,(anonymous_9)
FNDA:124,(anonymous_10)
FNDA:121,(anonymous_11)
FNDA:11,(anonymous_12)
FNDA:11,(anonymous_13)
FNDA:28,(anonymous_14)
FNDA:26,(anonymous_15)
FNDA:6,(anonymous_16)
FNDA:2,(anonymous_17)
FNDA:29,(anonymous_18)
FNDA:27,(anonymous_19)
FNDA:14,(anonymous_20)
FNDA:13,(anonymous_21)
FNDA:15,(anonymous_22)
FNDA:14,(anonymous_23)
FNDA:89,(anonymous_24)
FNDA:89,(anonymous_25)
FNDA:22,(anonymous_26)
FNDA:88,(anonymous_27)
FNDA:213,(anonymous_28)
FNDA:89,(anonymous_29)
FNDA:60,(anonymous_30)
FNDA:69,(anonymous_31)
FNDA:0,(anonymous_32)
FNDA:0,(anonymous_33)
FNDA:0,(anonymous_34)
FNDA:0,(anonymous_35)
FNDA:14,(anonymous_36)
FNDA:1,(anonymous_37)
FNDA:1,(anonymous_38)
FNDA:0,(anonymous_39)
FNDA:0,(anonymous_40)
FNDA:0,(anonymous_41)
FNDA:0,(anonymous_42)
FNDA:0,(anonymous_43)
FNDA:0,(anonymous_44)
FNDA:0,(anonymous_45)
FNDA:0,(anonymous_46)
FNDA:0,(anonymous_47)
FNDA:0,(anonymous_48)
FNDA:0,(anonymous_49)
FNDA:0,(anonymous_50)
FNDA:0,(anonymous_51)
FNDA:0,(anonymous_52)
FNDA:0,(anonymous_53)
FNDA:0,(anonymous_54)
FNDA:0,(anonymous_55)
FNDA:0,(anonymous_56)
FNDA:0,(anonymous_57)
FNDA:2,(anonymous_58)
DA:1,3
DA:2,3
DA:3,3
DA:4,3
DA:7,3
DA:8,3
DA:9,3
DA:10,3
DA:14,3
DA:15,3
DA:16,3
DA:17,3
DA:18,3
DA:19,3
DA:24,3
DA:91,3
DA:109,3
DA:130,75
DA:137,75
DA:142,75
DA:147,75
DA:150,75
DA:151,75
DA:152,46
DA:157,0
DA:158,0
DA:159,0
DA:163,0
DA:164,0
DA:166,0
DA:170,0
DA:171,0
DA:173,0
DA:182,1
DA:186,3
DA:187,2
DA:189,1
DA:193,91
DA:197,24
DA:201,1
DA:205,3
DA:209,124
DA:210,15
DA:212,109
DA:213,1
DA:215,108
DA:239,108
DA:240,108
DA:241,2376
DA:243,108
DA:247,121
DA:248,106
DA:250,15
DA:251,15
DA:255,11
DA:259,11
DA:263,28
DA:267,26
DA:271,6
DA:272,6
DA:273,6
DA:277,2
DA:278,2
DA:279,2
DA:283,29
DA:284,29
DA:285,4
DA:286,4
DA:287,2
DA:289,2
DA:291,2
DA:293,25
DA:298,27
DA:299,27
DA:300,4
DA:301,4
DA:302,2
DA:304,2
DA:306,2
DA:308,23
DA:325,14
DA:326,12
DA:343,13
DA:344,11
DA:345,11
DA:346,0
DA:348,11
DA:365,15
DA:366,13
DA:383,14
DA:384,12
DA:409,89
DA:410,27
DA:411,1
DA:413,26
DA:415,27
DA:416,27
DA:417,1
DA:419,26
DA:421,27
DA:422,27
DA:423,27
DA:424,62
DA:425,60
DA:426,60
DA:427,0
DA:429,60
DA:431,60
DA:432,60
DA:433,60
DA:435,2
DA:443,89
DA:444,69
DA:445,69
DA:447,20
DA:448,20
DA:456,22
DA:457,7
DA:464,15
DA:472,88
DA:477,1
DA:479,87
DA:480,85
DA:481,84
DA:482,60
DA:486,27
DA:493,213
DA:498,16
DA:500,197
DA:501,61
DA:502,61
DA:503,0
DA:507,197
DA:514,89
DA:519,0
DA:521,89
DA:522,86
DA:523,171
DA:524,20
DA:528,69
DA:532,60
DA:538,60
DA:539,60
DA:540,60
DA:543,60
DA:544,60
DA:548,69
DA:549,69
DA:550,151
DA:551,136
DA:552,1
DA:555,151
DA:557,69
DA:567,69
DA:571,0
DA:575,0
DA:576,0
DA:578,0
DA:582,0
DA:583,0
DA:585,0
DA:586,0
DA:587,0
DA:588,0
DA:589,0
DA:593,0
DA:594,0
DA:595,0
DA:597,0
DA:598,0
DA:673,14
DA:674,14
DA:681,14
DA:682,14
DA:684,14
DA:685,2
DA:688,14
DA:689,14
DA:699,14
DA:700,16
DA:705,16
DA:706,1
DA:708,15
DA:709,15
DA:710,15
DA:711,15
DA:712,15
DA:713,15
DA:716,16
DA:717,7
DA:718,7
DA:719,1
DA:721,6
DA:722,6
DA:723,6
DA:724,4
DA:726,4
DA:727,4
DA:729,13
DA:731,11
DA:734,11
DA:735,11
DA:739,11
DA:750,1
DA:757,1
DA:766,0
DA:767,0
DA:768,0
DA:769,0
DA:770,0
DA:772,0
DA:775,0
DA:783,0
DA:784,0
DA:786,0
DA:787,0
DA:788,0
DA:790,0
DA:792,0
DA:793,0
DA:795,0
DA:796,0
DA:797,0
DA:799,0
DA:802,0
DA:809,0
DA:810,0
DA:811,0
DA:812,0
DA:813,0
DA:815,0
DA:816,0
DA:817,0
DA:819,0
DA:822,0
DA:836,0
DA:837,0
DA:838,0
DA:846,0
DA:847,0
DA:848,0
DA:850,0
DA:853,0
DA:861,0
DA:863,0
DA:864,0
DA:865,0
DA:867,0
DA:868,0
DA:869,0
DA:871,0
DA:872,0
DA:873,0
DA:875,0
DA:877,0
DA:881,0
DA:888,0
DA:889,0
DA:890,0
DA:891,0
DA:896,0
DA:897,0
DA:901,0
DA:908,0
DA:910,0
DA:911,0
DA:912,0
DA:913,0
DA:915,0
DA:916,0
DA:917,0
DA:919,0
DA:922,0
DA:929,0
DA:930,0
DA:931,0
DA:932,0
DA:934,0
DA:935,0
DA:936,0
DA:938,0
DA:941,0
DA:950,0
DA:951,0
DA:952,0
DA:953,0
DA:955,0
DA:958,0
DA:959,0
DA:968,2
DA:975,2
DA:980,2
DA:981,2
DA:982,2
DA:983,3
DA:984,3
DA:985,3
DA:986,3
DA:987,3
DA:988,3
DA:989,1
DA:990,0
DA:991,0
DA:994,0
DA:997,0
DA:999,1
DA:1001,3
DA:1004,3
DA:1005,3
DA:1006,1
DA:1008,3
DA:1011,2
DA:1012,0
DA:1015,2
DA:1019,3
LF:315
LH:197
BRDA:15,0,0,3
BRDA:16,1,0,3
BRDA:17,2,0,3
BRDA:151,3,0,46
BRDA:186,4,0,2
BRDA:193,5,0,91
BRDA:193,5,1,24
BRDA:197,6,0,24
BRDA:197,6,1,15
BRDA:205,7,0,3
BRDA:205,7,1,2
BRDA:209,8,0,15
BRDA:212,9,0,1
BRDA:241,10,0,2376
BRDA:241,10,1,2355
BRDA:247,11,0,106
BRDA:250,12,0,15
BRDA:250,12,1,15
BRDA:284,13,0,4
BRDA:284,13,1,25
BRDA:286,14,0,2
BRDA:286,14,1,2
BRDA:299,15,0,4
BRDA:299,15,1,23
BRDA:301,16,0,2
BRDA:301,16,1,2
BRDA:325,17,0,12
BRDA:343,18,0,11
BRDA:345,19,0,0
BRDA:365,20,0,13
BRDA:383,21,0,12
BRDA:409,22,0,27
BRDA:409,22,1,62
BRDA:409,23,0,89
BRDA:409,23,1,88
BRDA:410,24,0,1
BRDA:410,24,1,26
BRDA:416,25,0,1
BRDA:416,25,1,26
BRDA:417,26,0,1
BRDA:417,26,1,0
BRDA:424,27,0,60
BRDA:424,27,1,2
BRDA:426,28,0,0
BRDA:426,28,1,60
BRDA:427,29,0,0
BRDA:427,29,1,0
BRDA:443,30,0,69
BRDA:443,30,1,20
BRDA:456,31,0,7
BRDA:456,31,1,15
BRDA:472,32,0,1
BRDA:473,33,0,88
BRDA:473,33,1,88
BRDA:473,33,2,87
BRDA:479,34,0,85
BRDA:481,35,0,60
BRDA:493,36,0,16
BRDA:494,37,0,213
BRDA:494,37,1,198
BRDA:494,37,2,197
BRDA:500,38,0,61
BRDA:502,39,0,0
BRDA:514,40,0,0
BRDA:515,41,0,89
BRDA:515,41,1,89
BRDA:515,41,2,89
BRDA:521,42,0,86
BRDA:523,43,0,20
BRDA:533,44,0,60
BRDA:533,44,1,0
BRDA:538,45,0,60
BRDA:549,46,0,69
BRDA:549,46,1,3
BRDA:550,47,0,136
BRDA:551,48,0,1
BRDA:551,49,0,136
BRDA:551,49,1,1
BRDA:570,50,0,0
BRDA:575,51,0,0
BRDA:582,52,0,0
BRDA:586,53,0,0
BRDA:586,53,1,0
BRDA:594,54,0,0
BRDA:672,55,0,5
BRDA:672,56,0,5
BRDA:672,57,0,8
BRDA:681,58,0,14
BRDA:681,58,1,0
BRDA:684,59,0,2
BRDA:685,60,0,2
BRDA:685,60,1,0
BRDA:688,61,0,14
BRDA:688,61,1,0
BRDA:699,62,0,14
BRDA:699,62,1,0
BRDA:705,63,0,1
BRDA:705,63,1,15
BRDA:716,64,0,7
BRDA:717,65,0,7
BRDA:717,65,1,0
BRDA:718,66,0,1
BRDA:721,67,0,6
BRDA:749,68,0,1
BRDA:749,69,0,1
BRDA:756,70,0,1
BRDA:756,71,0,1
BRDA:765,72,0,0
BRDA:765,73,0,0
BRDA:766,74,0,0
BRDA:766,74,1,0
BRDA:766,74,2,0
BRDA:768,75,0,0
BRDA:768,75,1,0
BRDA:769,76,0,0
BRDA:769,76,1,0
BRDA:769,77,0,0
BRDA:769,77,1,0
BRDA:782,78,0,0
BRDA:782,79,0,0
BRDA:783,80,0,0
BRDA:783,80,1,0
BRDA:783,80,2,0
BRDA:787,81,0,0
BRDA:787,81,1,0
BRDA:795,82,0,0
BRDA:808,83,0,0
BRDA:808,84,0,0
BRDA:809,85,0,0
BRDA:809,85,1,0
BRDA:809,85,2,0
BRDA:815,86,0,0
BRDA:835,87,0,0
BRDA:835,88,0,0
BRDA:836,89,0,0
BRDA:836,89,1,0
BRDA:836,89,2,0
BRDA:846,90,0,0
BRDA:846,90,1,0
BRDA:847,91,0,0
BRDA:847,91,1,0
BRDA:847,92,0,0
BRDA:847,92,1,0
BRDA:860,93,0,0
BRDA:860,94,0,0
BRDA:861,95,0,0
BRDA:861,95,1,0
BRDA:861,95,2,0
BRDA:865,96,0,0
BRDA:867,97,0,0
BRDA:867,98,0,0
BRDA:867,98,1,0
BRDA:871,99,0,0
BRDA:890,100,0,0
BRDA:890,101,0,0
BRDA:890,101,1,0
BRDA:896,102,0,0
BRDA:901,103,0,0
BRDA:901,103,1,0
BRDA:902,104,0,0
BRDA:902,104,1,0
BRDA:902,104,2,0
BRDA:911,105,0,0
BRDA:911,106,0,0
BRDA:911,106,1,0
BRDA:915,107,0,0
BRDA:928,108,0,0
BRDA:928,109,0,0
BRDA:929,110,0,0
BRDA:929,110,1,0
BRDA:929,110,2,0
BRDA:934,111,0,0
BRDA:949,112,0,0
BRDA:949,113,0,0
BRDA:950,114,0,0
BRDA:950,114,1,0
BRDA:951,115,0,0
BRDA:951,115,1,0
BRDA:952,116,0,0
BRDA:980,117,0,4
BRDA:980,117,1,2
BRDA:983,118,0,3
BRDA:983,118,1,2
BRDA:986,119,0,3
BRDA:986,119,1,0
BRDA:987,120,0,3
BRDA:987,120,1,0
BRDA:988,121,0,1
BRDA:989,122,0,0
BRDA:990,123,0,0
BRDA:1005,124,0,1
BRDA:1011,125,0,0
BRF:192
BRH:96
end_of_record
TN:
SF:src\utils.ts
FN:9,(anonymous_0)
FN:10,(anonymous_1)
FN:21,(anonymous_2)
FN:44,(anonymous_3)
FNF:4
FNH:4
FNDA:47,(anonymous_0)
FNDA:135,(anonymous_1)
FNDA:5,(anonymous_2)
FNDA:39,(anonymous_3)
DA:9,6
DA:10,135
DA:11,47
DA:21,6
DA:22,5
DA:23,5
DA:24,5
DA:25,7
DA:26,7
DA:27,3
DA:29,7
DA:31,5
DA:44,6
DA:45,39
DA:46,39
DA:47,2
DA:49,37
DA:50,37
DA:51,33
DA:54,37
DA:55,12
DA:56,11
DA:59,1
DA:61,12
DA:64,25
DA:72,6
DA:75,19
DA:79,17
DA:80,2
DA:82,15
DA:83,2
DA:85,13
DA:86,8
DA:90,7
LF:34
LH:34
BRDA:10,0,0,129
BRDA:10,0,1,6
BRDA:11,1,0,6
BRDA:11,1,1,41
BRDA:26,2,0,3
BRDA:44,3,0,3
BRDA:44,4,0,32
BRDA:44,5,0,26
BRDA:46,6,0,2
BRDA:50,7,0,33
BRDA:54,8,0,12
BRDA:55,9,0,11
BRDA:55,9,1,1
BRDA:61,10,0,3
BRDA:61,10,1,9
BRDA:64,11,0,6
BRDA:65,12,0,25
BRDA:65,12,1,16
BRDA:65,12,2,18
BRDA:65,12,3,12
BRDA:75,13,0,17
BRDA:76,14,0,19
BRDA:76,14,1,17
BRDA:79,15,0,2
BRDA:79,16,0,17
BRDA:79,16,1,6
BRDA:82,17,0,2
BRDA:82,18,0,15
BRDA:82,18,1,6
BRDA:85,19,0,8
BRDA:85,20,0,13
BRDA:85,20,1,9
BRDA:90,21,0,3
BRDA:90,21,1,4
BRF:34
BRH:34
end_of_record
TN:
SF:src\default\conditions.ts
FN:54,(anonymous_0)
FN:107,(anonymous_1)
FNF:2
FNH:2
FNDA:2,(anonymous_0)
FNDA:2,(anonymous_1)
DA:2,4
DA:54,4
DA:55,2
DA:107,4
DA:108,2
LF:5
LH:5
BRF:0
BRH:0
end_of_record
TN:
SF:src\default\functions.ts
FN:33,(anonymous_0)
FN:62,(anonymous_1)
FN:91,(anonymous_2)
FNF:3
FNH:3
FNDA:1,(anonymous_0)
FNDA:1,(anonymous_1)
FNDA:1,(anonymous_2)
DA:3,4
DA:33,4
DA:34,1
DA:62,4
DA:63,1
DA:91,4
DA:92,1
DA:93,1
DA:94,1
LF:9
LH:9
BRDA:34,0,0,1
BRDA:34,0,1,1
BRDA:34,1,0,1
BRDA:34,1,1,1
BRDA:63,2,0,1
BRDA:63,2,1,1
BRDA:63,3,0,1
BRDA:63,3,1,1
BRDA:93,4,0,1
BRDA:93,5,0,1
BRDA:93,5,1,1
BRDA:93,5,2,1
BRF:12
BRH:12
end_of_record
TN:
SF:src\rng\predictable.ts
FN:14,(anonymous_0)
FN:21,(anonymous_1)
FN:25,(anonymous_2)
FN:41,(anonymous_3)
FN:50,(anonymous_4)
FN:55,(anonymous_5)
FN:60,(anonymous_6)
FN:65,(anonymous_7)
FNF:8
FNH:8
FNDA:60,(anonymous_0)
FNDA:1508,(anonymous_1)
FNDA:78,(anonymous_2)
FNDA:52,(anonymous_3)
FNDA:52,(anonymous_4)
FNDA:2,(anonymous_5)
FNDA:80,(anonymous_6)
FNDA:751,(anonymous_7)
DA:1,5
DA:11,5
DA:12,60
DA:13,60
DA:15,60
DA:16,60
DA:17,2
DA:22,1508
DA:26,78
DA:27,1
DA:29,77
DA:30,553
DA:31,1
DA:33,552
DA:34,2
DA:37,74
DA:38,74
DA:42,52
DA:43,52
DA:44,361
DA:46,52
DA:47,52
DA:51,52
DA:52,52
DA:56,2
DA:61,80
DA:62,80
DA:66,751
LF:28
LH:28
BRDA:16,0,0,2
BRDA:26,1,0,1
BRDA:30,2,0,1
BRDA:33,3,0,2
BRDA:56,4,0,2
BRDA:56,4,1,2
BRF:6
BRH:6
end_of_record
TN:
SF:src\table\pool.ts
FN:34,(anonymous_0)
FN:58,(anonymous_1)
FN:62,(anonymous_2)
FN:69,(anonymous_3)
FN:75,(anonymous_4)
FN:94,(anonymous_5)
FN:98,(anonymous_6)
FN:112,(anonymous_7)
FN:123,(anonymous_8)
FN:169,(anonymous_9)
FN:215,(anonymous_10)
FN:236,(anonymous_11)
FN:256,(anonymous_12)
FN:294,(anonymous_13)
FNF:14
FNH:14
FNDA:108,(anonymous_0)
FNDA:1707,(anonymous_1)
FNDA:1710,(anonymous_2)
FNDA:148,(anonymous_3)
FNDA:189,(anonymous_4)
FNDA:20,(anonymous_5)
FNDA:398,(anonymous_6)
FNDA:903,(anonymous_7)
FNDA:215,(anonymous_8)
FNDA:183,(anonymous_9)
FNDA:211,(anonymous_10)
FNDA:179,(anonymous_11)
FNDA:218,(anonymous_12)
FNDA:188,(anonymous_13)
DA:1,5
DA:2,5
DA:3,5
DA:4,5
DA:5,5
DA:6,5
DA:19,5
DA:22,108
DA:23,108
DA:24,108
DA:25,108
DA:26,108
DA:27,108
DA:29,5
DA:44,108
DA:45,108
DA:46,108
DA:47,108
DA:48,108
DA:49,108
DA:50,108
DA:51,108
DA:52,108
DA:53,185
DA:59,1707
DA:63,1710
DA:64,2
DA:66,1708
DA:70,148
DA:71,148
DA:72,148
DA:76,189
DA:77,21
DA:86,189
DA:87,45
DA:89,144
DA:91,189
DA:95,20
DA:99,398
DA:101,398
DA:104,398
DA:107,398
DA:108,36
DA:112,398
DA:113,903
DA:114,12
DA:116,891
DA:119,398
DA:120,398
DA:136,215
DA:137,215
DA:139,215
DA:141,244
DA:144,244
DA:145,232
DA:146,232
DA:148,3
DA:149,229
DA:151,229
DA:152,229
DA:153,225
DA:154,225
DA:155,1
DA:159,12
DA:164,211
DA:165,211
DA:166,211
DA:182,183
DA:183,183
DA:185,183
DA:187,201
DA:190,201
DA:191,195
DA:192,195
DA:194,3
DA:195,192
DA:197,192
DA:198,192
DA:199,188
DA:200,188
DA:201,1
DA:205,6
DA:210,179
DA:211,179
DA:212,179
DA:229,211
DA:230,211
DA:231,218
DA:233,211
DA:250,179
DA:251,188
DA:253,179
DA:269,218
DA:270,6
DA:272,218
DA:273,218
DA:274,24
DA:275,24
DA:276,24
DA:277,24
DA:278,9
DA:279,9
DA:282,218
DA:283,218
DA:284,209
DA:285,197
DA:287,12
DA:288,12
DA:307,188
DA:308,6
DA:310,188
DA:311,188
DA:312,24
DA:313,24
DA:314,24
DA:315,24
DA:316,9
DA:317,9
DA:320,188
DA:321,188
DA:322,179
DA:323,167
DA:325,12
DA:326,12
LF:124
LH:124
BRDA:34,0,0,3
BRDA:37,1,0,99
BRDA:38,2,0,103
BRDA:39,3,0,38
BRDA:40,4,0,39
BRDA:41,5,0,7
BRDA:45,6,0,108
BRDA:45,6,1,0
BRDA:46,7,0,108
BRDA:46,7,1,0
BRDA:49,8,0,108
BRDA:49,8,1,72
BRDA:51,9,0,108
BRDA:63,10,0,2
BRDA:70,11,0,148
BRDA:70,11,1,145
BRDA:76,12,0,21
BRDA:78,13,0,21
BRDA:78,13,1,21
BRDA:79,14,0,21
BRDA:79,14,1,21
BRDA:86,15,0,45
BRDA:86,15,1,144
BRDA:107,16,0,36
BRDA:113,17,0,12
BRDA:113,17,1,891
BRDA:116,18,0,891
BRDA:116,18,1,0
BRDA:128,19,0,0
BRDA:144,20,0,232
BRDA:144,20,1,12
BRDA:146,21,0,3
BRDA:146,21,1,229
BRDA:149,22,0,229
BRDA:154,23,0,1
BRDA:174,24,0,0
BRDA:190,25,0,195
BRDA:190,25,1,6
BRDA:192,26,0,3
BRDA:192,26,1,192
BRDA:195,27,0,192
BRDA:200,28,0,1
BRDA:221,29,0,0
BRDA:242,30,0,0
BRDA:261,31,0,0
BRDA:276,32,0,24
BRDA:276,32,1,24
BRDA:277,33,0,9
BRDA:283,34,0,209
BRDA:283,35,0,218
BRDA:283,35,1,209
BRDA:284,36,0,197
BRDA:284,36,1,12
BRDA:299,37,0,0
BRDA:314,38,0,24
BRDA:314,38,1,24
BRDA:315,39,0,9
BRDA:321,40,0,179
BRDA:321,41,0,188
BRDA:321,41,1,179
BRDA:322,42,0,167
BRDA:322,42,1,12
BRF:62
BRH:53
end_of_record
TN:
SF:src\table\pool\entry.ts
FN:42,(anonymous_0)
FN:64,(anonymous_1)
FN:68,(anonymous_2)
FN:75,(anonymous_3)
FN:79,(anonymous_4)
FN:85,(anonymous_5)
FN:103,(anonymous_6)
FN:107,(anonymous_7)
FN:118,(anonymous_8)
FN:123,(anonymous_9)
FN:143,(anonymous_10)
FN:161,(anonymous_11)
FN:181,(anonymous_12)
FN:201,(anonymous_13)
FN:237,(anonymous_14)
FN:257,(anonymous_15)
FN:275,(anonymous_16)
FN:295,(anonymous_17)
FN:315,(anonymous_18)
FNF:19
FNH:19
FNDA:201,(anonymous_0)
FNDA:741,(anonymous_1)
FNDA:744,(anonymous_2)
FNDA:641,(anonymous_3)
FNDA:1,(anonymous_4)
FNDA:313,(anonymous_5)
FNDA:421,(anonymous_6)
FNDA:313,(anonymous_7)
FNDA:313,(anonymous_8)
FNDA:229,(anonymous_9)
FNDA:167,(anonymous_10)
FNDA:62,(anonymous_11)
FNDA:227,(anonymous_12)
FNDA:221,(anonymous_13)
FNDA:192,(anonymous_14)
FNDA:142,(anonymous_15)
FNDA:50,(anonymous_16)
FNDA:190,(anonymous_17)
FNDA:190,(anonymous_18)
DA:1,5
DA:2,5
DA:4,5
DA:5,5
DA:28,5
DA:30,201
DA:31,201
DA:33,201
DA:35,201
DA:53,201
DA:54,201
DA:55,201
DA:56,201
DA:57,201
DA:58,201
DA:59,201
DA:60,201
DA:61,201
DA:65,741
DA:69,744
DA:70,535
DA:72,209
DA:76,641
DA:82,1
DA:86,313
DA:87,0
DA:89,313
DA:90,2
DA:91,1
DA:97,1
DA:99,311
DA:104,421
DA:108,313
DA:115,313
DA:119,313
DA:120,313
DA:136,229
DA:137,62
DA:139,167
DA:156,167
DA:157,167
DA:158,165
DA:175,62
DA:176,60
DA:177,60
DA:178,60
DA:195,227
DA:196,221
DA:198,225
DA:214,221
DA:215,25
DA:217,220
DA:218,220
DA:219,42
DA:220,41
DA:221,13
DA:222,13
DA:225,219
DA:226,219
DA:227,206
DA:228,197
DA:230,9
DA:231,18
DA:250,192
DA:251,50
DA:253,142
DA:270,142
DA:271,142
DA:272,140
DA:289,50
DA:290,48
DA:291,48
DA:292,48
DA:309,190
DA:310,190
DA:312,188
DA:328,190
DA:329,16
DA:331,189
DA:332,189
DA:333,39
DA:334,38
DA:335,12
DA:336,12
DA:339,188
DA:340,188
DA:341,176
DA:342,167
DA:344,9
DA:345,18
LF:90
LH:89
BRDA:42,0,0,0
BRDA:44,1,0,192
BRDA:45,2,0,197
BRDA:47,3,0,67
BRDA:49,4,0,177
BRDA:50,5,0,160
BRDA:51,6,0,173
BRDA:60,7,0,201
BRDA:60,7,1,0
BRDA:61,8,0,201
BRDA:61,8,1,0
BRDA:69,9,0,535
BRDA:76,10,0,641
BRDA:76,10,1,309
BRDA:86,11,0,0
BRDA:89,12,0,2
BRDA:89,12,1,311
BRDA:90,13,0,1
BRDA:128,14,0,229
BRDA:136,15,0,62
BRDA:136,15,1,167
BRDA:148,16,0,0
BRDA:166,17,0,0
BRDA:187,18,0,0
BRDA:206,19,0,0
BRDA:219,20,0,42
BRDA:219,20,1,42
BRDA:220,21,0,13
BRDA:226,22,0,206
BRDA:226,23,0,219
BRDA:226,23,1,206
BRDA:227,24,0,197
BRDA:227,24,1,9
BRDA:242,25,0,192
BRDA:250,26,0,50
BRDA:250,26,1,142
BRDA:262,27,0,0
BRDA:280,28,0,0
BRDA:301,29,0,0
BRDA:320,30,0,0
BRDA:333,31,0,39
BRDA:333,31,1,39
BRDA:334,32,0,12
BRDA:340,33,0,176
BRDA:340,34,0,188
BRDA:340,34,1,176
BRDA:341,35,0,167
BRDA:341,35,1,9
BRDA:341,36,0,176
BRDA:341,36,1,9
BRF:50
BRH:38
end_of_record
TN:
SF:src\table\pool\entry\result.ts
FN:7,(anonymous_0)
FN:27,(anonymous_1)
FN:31,(anonymous_2)
FN:38,(anonymous_3)
FN:42,(anonymous_4)
FN:46,(anonymous_5)
FNF:6
FNH:6
FNDA:396,(anonymous_0)
FNDA:1,(anonymous_1)
FNDA:3,(anonymous_2)
FNDA:1,(anonymous_3)
FNDA:1,(anonymous_4)
FNDA:20,(anonymous_5)
DA:1,5
DA:3,396
DA:20,396
DA:21,396
DA:22,396
DA:23,396
DA:24,396
DA:28,1
DA:32,3
DA:33,2
DA:35,1
DA:39,1
DA:43,1
DA:47,20
LF:14
LH:14
BRDA:7,0,0,0
BRDA:9,1,0,15
BRDA:32,2,0,2
BRF:3
BRH:2
end_of_record
TN:
SF:src\table\pool\entry\results.ts
FN:4,(anonymous_0)
FN:11,(anonymous_1)
FN:18,(anonymous_2)
FN:22,(anonymous_3)
FN:32,(anonymous_4)
FNF:5
FNH:5
FNDA:1201,(anonymous_0)
FNDA:419,(anonymous_1)
FNDA:1,(anonymous_2)
FNDA:30,(anonymous_3)
FNDA:4,(anonymous_4)
DA:3,5
DA:5,1201
DA:6,878
DA:7,878
DA:8,1201
DA:12,419
DA:13,406
DA:15,419
DA:19,1
DA:23,30
DA:24,30
DA:25,150
DA:26,120
DA:29,30
DA:33,4
DA:34,4
DA:35,4
DA:36,34
DA:37,30
DA:38,30
DA:39,10
DA:41,20
DA:44,4
DA:47,4
LF:24
LH:24
BRDA:5,0,0,323
BRDA:5,0,1,878
BRDA:6,1,0,0
BRDA:6,1,1,878
BRDA:25,2,0,120
BRDA:36,3,0,30
BRDA:36,3,1,4
BRDA:38,4,0,10
BRDA:38,4,1,20
BRF:9
BRH:8
end_of_record
