TN:
SF:src\rng.ts
FN:98,(anonymous_0)
FN:102,(anonymous_1)
FN:106,(anonymous_2)
FN:110,(anonymous_3)
FN:122,(anonymous_4)
FN:127,(anonymous_5)
FN:133,(anonymous_6)
FN:140,(anonymous_7)
FN:146,(anonymous_8)
FN:150,(anonymous_9)
FN:163,(anonymous_10)
FN:172,(anonymous_11)
FN:176,(anonymous_12)
FN:180,(anonymous_13)
FN:184,(anonymous_14)
FN:190,(anonymous_15)
FN:194,(anonymous_16)
FN:206,(anonymous_17)
FN:213,(anonymous_18)
FN:223,(anonymous_19)
FN:234,(anonymous_20)
FN:242,(anonymous_21)
FN:247,(anonymous_22)
FN:252,(anonymous_23)
FN:306,(anonymous_24)
FN:314,(anonymous_25)
FN:324,(anonymous_26)
FN:357,(anonymous_27)
FN:388,(anonymous_28)
FN:419,(anonymous_29)
FN:431,(anonymous_30)
FN:436,(anonymous_31)
FN:443,(anonymous_32)
FN:478,(anonymous_33)
FN:497,(anonymous_34)
FN:502,(anonymous_35)
FN:528,(anonymous_36)
FN:533,(anonymous_37)
FN:538,(anonymous_38)
FN:556,(anonymous_39)
FN:561,(anonymous_40)
FN:571,(anonymous_41)
FN:581,(anonymous_42)
FN:587,(anonymous_43)
FN:595,(anonymous_44)
FN:602,(anonymous_45)
FN:611,(anonymous_46)
FN:617,(anonymous_47)
FNF:48
FNH:43
FNDA:197,(anonymous_0)
FNDA:1836603,(anonymous_1)
FNDA:0,(anonymous_2)
FNDA:612577,(anonymous_3)
FNDA:2,(anonymous_4)
FNDA:0,(anonymous_5)
FNDA:0,(anonymous_6)
FNDA:1,(anonymous_7)
FNDA:1,(anonymous_8)
FNDA:2,(anonymous_9)
FNDA:2,(anonymous_10)
FNDA:0,(anonymous_11)
FNDA:11,(anonymous_12)
FNDA:10464,(anonymous_13)
FNDA:4,(anonymous_14)
FNDA:4,(anonymous_15)
FNDA:1013,(anonymous_16)
FNDA:2,(anonymous_17)
FNDA:148,(anonymous_18)
FNDA:10575,(anonymous_19)
FNDA:302,(anonymous_20)
FNDA:10910,(anonymous_21)
FNDA:1,(anonymous_22)
FNDA:300408,(anonymous_23)
FNDA:300000,(anonymous_24)
FNDA:387,(anonymous_25)
FNDA:201880,(anonymous_26)
FNDA:11,(anonymous_27)
FNDA:7,(anonymous_28)
FNDA:0,(anonymous_29)
FNDA:1454,(anonymous_30)
FNDA:16,(anonymous_31)
FNDA:38,(anonymous_32)
FNDA:38,(anonymous_33)
FNDA:21,(anonymous_34)
FNDA:33,(anonymous_35)
FNDA:8,(anonymous_36)
FNDA:9,(anonymous_37)
FNDA:21,(anonymous_38)
FNDA:4,(anonymous_39)
FNDA:2,(anonymous_40)
FNDA:4,(anonymous_41)
FNDA:138,(anonymous_42)
FNDA:9,(anonymous_43)
FNDA:1,(anonymous_44)
FNDA:4,(anonymous_45)
FNDA:2,(anonymous_46)
FNDA:612194,(anonymous_47)
DA:1,7
DA:2,7
DA:76,7
DA:77,7
DA:78,7
DA:79,7
DA:96,7
DA:97,197
DA:99,197
DA:103,1836603
DA:107,0
DA:111,612577
DA:112,612397
DA:113,2
DA:115,612397
DA:117,180
DA:119,612397
DA:123,2
DA:124,2
DA:128,0
DA:134,0
DA:135,0
DA:136,0
DA:137,0
DA:141,1
DA:142,1
DA:143,1
DA:147,1
DA:151,2
DA:154,2
DA:155,2
DA:156,6
DA:157,6
DA:158,6
DA:160,2
DA:164,2
DA:165,0
DA:167,2
DA:168,2
DA:169,2
DA:173,0
DA:177,11
DA:181,10464
DA:185,4
DA:186,4
DA:191,4
DA:195,1013
DA:196,1013
DA:197,1013
DA:198,0
DA:200,1013
DA:202,1013
DA:207,2
DA:208,2
DA:209,2
DA:214,148
DA:215,148
DA:216,148
DA:217,148
DA:218,888
DA:220,148
DA:224,10575
DA:225,10575
DA:226,10575
DA:227,0
DA:229,10575
DA:231,10575
DA:235,302
DA:236,301
DA:238,300
DA:239,300
DA:243,10910
DA:244,10908
DA:248,1
DA:253,300408
DA:254,2
DA:256,300406
DA:257,300406
DA:258,300406
DA:259,2
DA:261,300404
DA:262,202
DA:266,300204
DA:267,0
DA:269,300204
DA:272,300204
DA:273,200001
DA:274,200001
DA:275,200000
DA:276,200000
DA:278,1
DA:279,1
DA:282,100203
DA:283,100203
DA:284,100203
DA:287,300204
DA:288,202
DA:296,300002
DA:297,200001
DA:299,300002
DA:300,200001
DA:302,300002
DA:307,300000
DA:308,300000
DA:309,300000
DA:311,300000
DA:315,387
DA:316,385
DA:318,2
DA:319,1
DA:321,2
DA:325,201880
DA:326,1
DA:328,201879
DA:329,200004
DA:331,100000
DA:332,0
DA:334,100000
DA:335,0
DA:337,1
DA:342,0
DA:344,3
DA:351,1875
DA:352,1875
DA:354,0
DA:358,11
DA:359,3
DA:361,8
DA:362,1
DA:364,7
DA:365,7
DA:366,4
DA:369,0
DA:372,7
DA:374,3
DA:375,0
DA:377,0
DA:378,0
DA:380,0
DA:381,0
DA:383,4
DA:389,7
DA:390,3
DA:392,4
DA:393,1
DA:395,3
DA:396,3
DA:397,1
DA:400,0
DA:403,3
DA:405,2
DA:406,0
DA:408,0
DA:409,0
DA:411,0
DA:412,0
DA:414,1
DA:420,0
DA:432,1454
DA:434,1454
DA:435,6
DA:436,6
DA:437,16
DA:439,6
DA:442,1448
DA:443,17
DA:444,38
DA:447,1431
DA:448,2983
DA:449,1
DA:451,2982
DA:454,1447
DA:456,1447
DA:457,1447
DA:458,17
DA:459,22
DA:460,22
DA:461,17
DA:465,1430
DA:466,1777
DA:467,1777
DA:468,1430
DA:475,0
DA:479,38
DA:480,1
DA:482,37
DA:483,29
DA:485,8
DA:486,8
DA:487,2
DA:489,6
DA:490,6
DA:491,6
DA:494,8
DA:498,21
DA:499,21
DA:504,33
DA:505,13
DA:506,12
DA:507,12
DA:508,12
DA:514,1
DA:515,1
DA:516,1
DA:517,1
DA:525,33
DA:529,8
DA:530,8
DA:534,9
DA:535,9
DA:539,21
DA:540,20
DA:541,19
DA:542,19
DA:543,19
DA:544,1
DA:546,18
DA:547,18
DA:548,24
DA:549,24
DA:551,18
DA:553,1
DA:557,4
DA:558,4
DA:562,2
DA:563,2
DA:565,2
DA:566,2
DA:568,2
DA:572,4
DA:573,4
DA:577,7
DA:580,138
DA:582,138
DA:583,138
DA:584,138
DA:588,9
DA:596,1
DA:597,1
DA:603,4
DA:604,4
DA:605,4
DA:606,4
DA:607,4
DA:608,4
DA:612,2
DA:613,2
DA:614,2
DA:618,612194
DA:619,612194
DA:620,612194
DA:621,612194
DA:622,612194
LF:253
LH:224
BRDA:111,0,0,612397
BRDA:111,0,1,180
BRDA:111,1,0,612577
BRDA:111,1,1,612397
BRDA:112,2,0,2
BRDA:154,3,0,0
BRDA:164,4,0,0
BRDA:180,5,0,10461
BRDA:180,6,0,10461
BRDA:180,7,0,10461
BRDA:184,8,0,0
BRDA:194,9,0,0
BRDA:194,10,0,0
BRDA:194,11,0,1012
BRDA:197,12,0,0
BRDA:197,12,1,1013
BRDA:206,13,0,2
BRDA:206,14,0,2
BRDA:209,15,0,0
BRDA:209,15,1,2
BRDA:213,16,0,2
BRDA:223,17,0,0
BRDA:223,18,0,0
BRDA:223,19,0,111
BRDA:226,20,0,0
BRDA:226,20,1,10575
BRDA:234,21,0,0
BRDA:234,22,0,0
BRDA:235,23,0,1
BRDA:236,24,0,1
BRDA:243,25,0,2
BRDA:243,26,0,10910
BRDA:243,26,1,10909
BRDA:252,27,0,2
BRDA:252,28,0,200004
BRDA:252,29,0,300004
BRDA:252,30,0,300004
BRDA:253,31,0,2
BRDA:253,32,0,300408
BRDA:253,32,1,4
BRDA:258,33,0,2
BRDA:258,33,1,300404
BRDA:261,34,0,202
BRDA:261,35,0,300404
BRDA:261,35,1,300202
BRDA:266,36,0,0
BRDA:266,36,1,300204
BRDA:272,37,0,200001
BRDA:272,37,1,100203
BRDA:274,38,0,200000
BRDA:274,38,1,1
BRDA:274,39,0,200001
BRDA:274,39,1,200000
BRDA:287,40,0,202
BRDA:287,41,0,300204
BRDA:287,41,1,300202
BRDA:287,41,2,200202
BRDA:287,41,3,300202
BRDA:287,41,4,200202
BRDA:296,42,0,200001
BRDA:299,43,0,200001
BRDA:306,44,0,300000
BRDA:306,45,0,300000
BRDA:315,46,0,385
BRDA:318,47,0,1
BRDA:325,48,0,1
BRDA:328,49,0,200004
BRDA:329,50,0,100000
BRDA:329,50,1,100000
BRDA:329,50,2,1
BRDA:329,50,3,3
BRDA:338,51,0,1
BRDA:338,51,1,0
BRDA:339,52,0,1
BRDA:339,52,1,0
BRDA:340,53,0,1
BRDA:340,53,1,1
BRDA:345,54,0,3
BRDA:345,54,1,0
BRDA:346,55,0,3
BRDA:346,55,1,0
BRDA:347,56,0,3
BRDA:347,56,1,3
BRDA:351,57,0,1875
BRDA:358,58,0,3
BRDA:361,59,0,1
BRDA:364,60,0,7
BRDA:365,61,0,4
BRDA:366,62,0,0
BRDA:372,63,0,3
BRDA:372,63,1,0
BRDA:372,63,2,0
BRDA:372,63,3,4
BRDA:374,64,0,3
BRDA:374,64,1,2
BRDA:377,65,0,0
BRDA:377,65,1,0
BRDA:380,66,0,0
BRDA:380,66,1,0
BRDA:383,67,0,4
BRDA:383,67,1,0
BRDA:389,68,0,3
BRDA:392,69,0,1
BRDA:395,70,0,3
BRDA:396,71,0,1
BRDA:397,72,0,0
BRDA:403,73,0,2
BRDA:403,73,1,0
BRDA:403,73,2,0
BRDA:403,73,3,1
BRDA:405,74,0,2
BRDA:405,74,1,1
BRDA:408,75,0,0
BRDA:408,75,1,0
BRDA:411,76,0,0
BRDA:411,76,1,0
BRDA:414,77,0,1
BRDA:414,77,1,0
BRDA:434,78,0,6
BRDA:442,79,0,17
BRDA:442,79,1,1431
BRDA:448,80,0,1
BRDA:457,81,0,17
BRDA:457,81,1,1430
BRDA:460,82,0,17
BRDA:467,83,0,1430
BRDA:478,84,0,0
BRDA:478,85,0,21
BRDA:478,86,0,21
BRDA:479,87,0,1
BRDA:479,88,0,38
BRDA:479,88,1,37
BRDA:479,88,2,37
BRDA:482,89,0,29
BRDA:485,90,0,8
BRDA:486,91,0,2
BRDA:486,91,1,6
BRDA:497,92,0,0
BRDA:497,93,0,0
BRDA:497,94,0,0
BRDA:504,95,0,13
BRDA:505,96,0,12
BRDA:505,96,1,1
BRDA:507,97,0,12
BRDA:509,98,0,12
BRDA:509,98,1,0
BRDA:510,99,0,12
BRDA:510,99,1,0
BRDA:511,100,0,12
BRDA:511,100,1,2
BRDA:514,101,0,1
BRDA:516,102,0,1
BRDA:519,103,0,1
BRDA:519,103,1,0
BRDA:520,104,0,1
BRDA:520,104,1,1
BRDA:528,105,0,0
BRDA:528,106,0,8
BRDA:528,107,0,8
BRDA:533,108,0,0
BRDA:533,109,0,9
BRDA:533,110,0,9
BRDA:538,111,0,0
BRDA:538,112,0,21
BRDA:538,113,0,21
BRDA:540,114,0,19
BRDA:543,115,0,1
BRDA:546,116,0,18
BRDA:546,116,1,2
BRDA:562,117,0,2
BRDA:563,118,0,1
BRDA:563,118,1,1
BRDA:565,119,0,2
BRDA:566,120,0,1
BRDA:566,120,1,1
BRDA:597,121,0,1
BRDA:597,121,1,1
BRDA:597,121,2,1
BRF:178
BRH:135
end_of_record
TN:
SF:src\table.ts
FN:99,(anonymous_0)
FN:109,(anonymous_1)
FN:114,(anonymous_2)
FN:121,(anonymous_3)
FN:125,(anonymous_4)
FN:132,(anonymous_5)
FN:136,(anonymous_6)
FN:140,(anonymous_7)
FN:144,(anonymous_8)
FN:151,(anonymous_9)
FN:156,(anonymous_10)
FN:161,(anonymous_11)
FN:165,(anonymous_12)
FN:170,(anonymous_13)
FN:190,(anonymous_14)
FN:220,(anonymous_15)
FN:250,(anonymous_16)
FN:274,(anonymous_17)
FN:290,(anonymous_18)
FN:292,(anonymous_19)
FN:295,(anonymous_20)
FN:297,(anonymous_21)
FN:300,(anonymous_22)
FN:306,(anonymous_23)
FN:315,(anonymous_24)
FN:367,(anonymous_25)
FN:408,(anonymous_26)
FN:450,(anonymous_27)
FN:491,(anonymous_28)
FNF:29
FNH:28
FNDA:108,(anonymous_0)
FNDA:11,(anonymous_1)
FNDA:22,(anonymous_2)
FNDA:21,(anonymous_3)
FNDA:6,(anonymous_4)
FNDA:151,(anonymous_5)
FNDA:86,(anonymous_6)
FNDA:154,(anonymous_7)
FNDA:157,(anonymous_8)
FNDA:102,(anonymous_9)
FNDA:96,(anonymous_10)
FNDA:6,(anonymous_11)
FNDA:7,(anonymous_12)
FNDA:154,(anonymous_13)
FNDA:75,(anonymous_14)
FNDA:79,(anonymous_15)
FNDA:75,(anonymous_16)
FNDA:79,(anonymous_17)
FNDA:39,(anonymous_18)
FNDA:1,(anonymous_19)
FNDA:37,(anonymous_20)
FNDA:1,(anonymous_21)
FNDA:3,(anonymous_22)
FNDA:2,(anonymous_23)
FNDA:0,(anonymous_24)
FNDA:29,(anonymous_25)
FNDA:64,(anonymous_26)
FNDA:21,(anonymous_27)
FNDA:62,(anonymous_28)
DA:1,5
DA:3,5
DA:6,5
DA:7,5
DA:70,5
DA:83,108
DA:84,108
DA:85,108
DA:94,108
DA:100,108
DA:101,108
DA:102,108
DA:103,108
DA:104,108
DA:105,108
DA:110,11
DA:115,22
DA:122,21
DA:126,6
DA:133,151
DA:137,86
DA:141,154
DA:145,157
DA:146,137
DA:148,20
DA:152,102
DA:153,102
DA:157,96
DA:158,96
DA:162,6
DA:166,7
DA:167,7
DA:176,154
DA:177,154
DA:178,154
DA:179,154
DA:197,75
DA:198,75
DA:199,75
DA:208,71
DA:209,71
DA:227,79
DA:228,79
DA:229,79
DA:230,79
DA:239,75
DA:240,75
DA:258,75
DA:259,75
DA:260,75
DA:261,182
DA:263,71
DA:282,79
DA:283,79
DA:284,79
DA:285,201
DA:287,75
DA:291,39
DA:292,39
DA:296,37
DA:297,37
DA:301,3
DA:302,3
DA:303,3
DA:307,2
DA:308,1
DA:310,1
DA:312,2
DA:316,0
DA:317,0
DA:318,0
DA:319,0
DA:320,0
DA:321,0
DA:323,0
DA:326,0
DA:327,0
DA:328,0
DA:329,0
DA:330,0
DA:333,0
DA:334,0
DA:335,0
DA:336,0
DA:337,0
DA:338,0
DA:341,0
DA:342,0
DA:343,0
DA:351,0
DA:360,0
DA:380,29
DA:381,18
DA:382,18
DA:383,1
DA:386,17
DA:387,17
DA:388,11
DA:389,9
DA:391,2
DA:392,1
DA:394,1
DA:397,6
DA:400,11
DA:421,64
DA:422,17
DA:423,17
DA:424,1
DA:427,16
DA:428,16
DA:429,10
DA:430,8
DA:432,2
DA:433,1
DA:435,1
DA:436,1
DA:439,6
DA:440,6
DA:443,47
DA:463,21
DA:464,18
DA:465,18
DA:466,1
DA:469,17
DA:470,17
DA:471,11
DA:472,9
DA:474,2
DA:475,1
DA:477,1
DA:480,6
DA:483,3
DA:504,62
DA:505,17
DA:506,17
DA:507,1
DA:510,16
DA:511,16
DA:512,10
DA:513,8
DA:515,2
DA:516,1
DA:518,1
DA:519,1
DA:522,6
DA:523,6
DA:526,45
DA:527,45
DA:528,0
DA:530,45
LF:150
LH:126
BRDA:99,0,0,10
BRDA:99,1,0,14
BRDA:104,2,0,108
BRDA:104,2,1,23
BRDA:104,3,0,0
BRDA:104,3,1,23
BRDA:105,4,0,108
BRDA:105,4,1,76
BRDA:122,5,0,21
BRDA:122,5,1,0
BRDA:122,5,2,0
BRDA:122,5,3,0
BRDA:145,6,0,137
BRDA:174,7,0,0
BRDA:176,8,0,154
BRDA:176,8,1,48
BRDA:190,9,0,0
BRDA:193,10,0,25
BRDA:195,11,0,2
BRDA:220,12,0,1
BRDA:223,13,0,29
BRDA:225,14,0,3
BRDA:254,15,0,0
BRDA:256,16,0,0
BRDA:258,17,0,75
BRDA:258,17,1,0
BRDA:278,18,0,0
BRDA:280,19,0,0
BRDA:282,20,0,79
BRDA:282,20,1,0
BRDA:292,21,0,39
BRDA:292,21,1,35
BRDA:292,22,0,1
BRDA:292,22,1,1
BRDA:297,23,0,37
BRDA:297,23,1,33
BRDA:297,24,0,1
BRDA:297,24,1,1
BRDA:307,25,0,1
BRDA:307,25,1,1
BRDA:320,26,0,0
BRDA:320,26,1,0
BRDA:323,27,0,0
BRDA:323,27,1,0
BRDA:330,28,0,0
BRDA:330,28,1,0
BRDA:330,29,0,0
BRDA:330,29,1,0
BRDA:333,30,0,0
BRDA:333,30,1,0
BRDA:336,31,0,0
BRDA:337,32,0,0
BRDA:337,32,1,0
BRDA:346,33,0,0
BRDA:346,33,1,0
BRDA:354,34,0,0
BRDA:354,34,1,0
BRDA:380,35,0,18
BRDA:380,35,1,11
BRDA:382,36,0,1
BRDA:387,37,0,11
BRDA:387,37,1,6
BRDA:388,38,0,9
BRDA:391,39,0,1
BRDA:391,39,1,1
BRDA:421,40,0,17
BRDA:423,41,0,1
BRDA:428,42,0,10
BRDA:428,42,1,6
BRDA:429,43,0,8
BRDA:432,44,0,1
BRDA:432,44,1,1
BRDA:463,45,0,18
BRDA:463,45,1,3
BRDA:465,46,0,1
BRDA:470,47,0,11
BRDA:470,47,1,6
BRDA:471,48,0,9
BRDA:474,49,0,1
BRDA:474,49,1,1
BRDA:504,50,0,17
BRDA:506,51,0,1
BRDA:511,52,0,10
BRDA:511,52,1,6
BRDA:512,53,0,8
BRDA:515,54,0,1
BRDA:515,54,1,1
BRDA:527,55,0,0
BRF:88
BRH:58
end_of_record
TN:
SF:src\ultraloot.ts
FN:149,(anonymous_0)
FN:156,(anonymous_1)
FN:162,(anonymous_2)
FN:169,(anonymous_3)
FN:181,(anonymous_4)
FN:185,(anonymous_5)
FN:192,(anonymous_6)
FN:196,(anonymous_7)
FN:200,(anonymous_8)
FN:204,(anonymous_9)
FN:208,(anonymous_10)
FN:246,(anonymous_11)
FN:254,(anonymous_12)
FN:258,(anonymous_13)
FN:262,(anonymous_14)
FN:266,(anonymous_15)
FN:270,(anonymous_16)
FN:276,(anonymous_17)
FN:282,(anonymous_18)
FN:297,(anonymous_19)
FN:312,(anonymous_20)
FN:330,(anonymous_21)
FN:352,(anonymous_22)
FN:370,(anonymous_23)
FN:408,(anonymous_24)
FN:442,(anonymous_25)
FN:455,(anonymous_26)
FN:471,(anonymous_27)
FN:492,(anonymous_28)
FN:513,(anonymous_29)
FN:531,(anonymous_30)
FN:547,(anonymous_31)
FN:561,(anonymous_32)
FN:565,(anonymous_33)
FN:572,(anonymous_34)
FN:583,(anonymous_35)
FN:663,(anonymous_36)
FN:740,(anonymous_37)
FN:747,(anonymous_38)
FN:756,(anonymous_39)
FN:773,(anonymous_40)
FN:784,(anonymous_41)
FN:785,(anonymous_42)
FN:799,(anonymous_43)
FN:802,(anonymous_44)
FN:802,(anonymous_45)
FN:812,(anonymous_46)
FN:826,(anonymous_47)
FN:851,(anonymous_48)
FN:860,(anonymous_49)
FN:861,(anonymous_50)
FN:904,(anonymous_51)
FN:905,(anonymous_52)
FN:919,(anonymous_53)
FN:921,(anonymous_54)
FN:921,(anonymous_55)
FN:931,(anonymous_56)
FN:940,(anonymous_57)
FN:958,(anonymous_58)
FNF:59
FNH:33
FNDA:74,(anonymous_0)
FNDA:0,(anonymous_1)
FNDA:0,(anonymous_2)
FNDA:0,(anonymous_3)
FNDA:1,(anonymous_4)
FNDA:3,(anonymous_5)
FNDA:89,(anonymous_6)
FNDA:24,(anonymous_7)
FNDA:1,(anonymous_8)
FNDA:3,(anonymous_9)
FNDA:121,(anonymous_10)
FNDA:118,(anonymous_11)
FNDA:11,(anonymous_12)
FNDA:11,(anonymous_13)
FNDA:23,(anonymous_14)
FNDA:21,(anonymous_15)
FNDA:6,(anonymous_16)
FNDA:2,(anonymous_17)
FNDA:26,(anonymous_18)
FNDA:24,(anonymous_19)
FNDA:13,(anonymous_20)
FNDA:12,(anonymous_21)
FNDA:13,(anonymous_22)
FNDA:12,(anonymous_23)
FNDA:87,(anonymous_24)
FNDA:87,(anonymous_25)
FNDA:22,(anonymous_26)
FNDA:86,(anonymous_27)
FNDA:60,(anonymous_28)
FNDA:87,(anonymous_29)
FNDA:58,(anonymous_30)
FNDA:67,(anonymous_31)
FNDA:0,(anonymous_32)
FNDA:0,(anonymous_33)
FNDA:0,(anonymous_34)
FNDA:0,(anonymous_35)
FNDA:14,(anonymous_36)
FNDA:1,(anonymous_37)
FNDA:1,(anonymous_38)
FNDA:0,(anonymous_39)
FNDA:0,(anonymous_40)
FNDA:0,(anonymous_41)
FNDA:0,(anonymous_42)
FNDA:0,(anonymous_43)
FNDA:0,(anonymous_44)
FNDA:0,(anonymous_45)
FNDA:0,(anonymous_46)
FNDA:0,(anonymous_47)
FNDA:0,(anonymous_48)
FNDA:0,(anonymous_49)
FNDA:0,(anonymous_50)
FNDA:0,(anonymous_51)
FNDA:0,(anonymous_52)
FNDA:0,(anonymous_53)
FNDA:0,(anonymous_54)
FNDA:0,(anonymous_55)
FNDA:0,(anonymous_56)
FNDA:0,(anonymous_57)
FNDA:2,(anonymous_58)
DA:1,3
DA:2,3
DA:3,3
DA:4,3
DA:7,3
DA:8,3
DA:9,3
DA:10,3
DA:14,3
DA:15,3
DA:16,3
DA:17,3
DA:18,3
DA:19,3
DA:24,3
DA:91,3
DA:109,3
DA:130,74
DA:137,74
DA:142,74
DA:147,74
DA:150,74
DA:151,74
DA:152,45
DA:157,0
DA:158,0
DA:159,0
DA:163,0
DA:164,0
DA:166,0
DA:170,0
DA:171,0
DA:173,0
DA:182,1
DA:186,3
DA:187,2
DA:189,1
DA:193,89
DA:197,24
DA:201,1
DA:205,3
DA:209,121
DA:210,15
DA:212,106
DA:213,1
DA:215,105
DA:239,105
DA:240,105
DA:241,2310
DA:243,105
DA:247,118
DA:248,103
DA:250,15
DA:251,15
DA:255,11
DA:259,11
DA:263,23
DA:267,21
DA:271,6
DA:272,6
DA:273,6
DA:277,2
DA:278,2
DA:279,2
DA:283,26
DA:284,26
DA:285,4
DA:286,4
DA:287,2
DA:289,2
DA:291,2
DA:293,22
DA:298,24
DA:299,24
DA:300,4
DA:301,4
DA:302,2
DA:304,2
DA:306,2
DA:308,20
DA:325,13
DA:326,11
DA:343,12
DA:344,10
DA:345,10
DA:346,0
DA:348,10
DA:365,13
DA:366,11
DA:383,12
DA:384,10
DA:409,87
DA:410,27
DA:411,1
DA:413,26
DA:415,27
DA:416,27
DA:417,1
DA:419,26
DA:421,27
DA:422,27
DA:423,27
DA:424,60
DA:425,58
DA:426,58
DA:427,0
DA:429,58
DA:431,58
DA:432,58
DA:433,58
DA:435,2
DA:443,87
DA:444,67
DA:445,67
DA:447,20
DA:448,20
DA:456,22
DA:457,7
DA:464,15
DA:472,86
DA:477,1
DA:479,85
DA:480,83
DA:481,82
DA:482,58
DA:486,27
DA:493,60
DA:498,1
DA:500,59
DA:501,58
DA:502,58
DA:503,0
DA:507,59
DA:514,87
DA:519,0
DA:521,87
DA:522,84
DA:523,167
DA:524,20
DA:528,67
DA:532,58
DA:538,58
DA:539,58
DA:540,58
DA:543,58
DA:544,58
DA:548,67
DA:558,67
DA:562,0
DA:566,0
DA:567,0
DA:569,0
DA:573,0
DA:574,0
DA:576,0
DA:577,0
DA:578,0
DA:579,0
DA:580,0
DA:584,0
DA:585,0
DA:586,0
DA:588,0
DA:589,0
DA:664,14
DA:665,14
DA:672,14
DA:673,14
DA:675,14
DA:676,2
DA:679,14
DA:680,14
DA:690,14
DA:691,16
DA:696,16
DA:697,1
DA:699,15
DA:700,15
DA:701,15
DA:702,15
DA:703,15
DA:704,15
DA:707,16
DA:708,7
DA:709,7
DA:710,1
DA:712,6
DA:713,6
DA:714,6
DA:715,4
DA:717,4
DA:718,4
DA:720,13
DA:722,11
DA:725,11
DA:726,11
DA:730,11
DA:741,1
DA:748,1
DA:757,0
DA:758,0
DA:759,0
DA:760,0
DA:761,0
DA:763,0
DA:766,0
DA:774,0
DA:775,0
DA:777,0
DA:778,0
DA:779,0
DA:781,0
DA:783,0
DA:784,0
DA:786,0
DA:787,0
DA:788,0
DA:790,0
DA:793,0
DA:800,0
DA:801,0
DA:802,0
DA:803,0
DA:804,0
DA:806,0
DA:807,0
DA:808,0
DA:810,0
DA:813,0
DA:827,0
DA:828,0
DA:829,0
DA:837,0
DA:838,0
DA:839,0
DA:841,0
DA:844,0
DA:852,0
DA:854,0
DA:855,0
DA:856,0
DA:858,0
DA:859,0
DA:860,0
DA:862,0
DA:863,0
DA:864,0
DA:866,0
DA:868,0
DA:872,0
DA:879,0
DA:880,0
DA:881,0
DA:882,0
DA:887,0
DA:888,0
DA:892,0
DA:899,0
DA:901,0
DA:902,0
DA:903,0
DA:904,0
DA:906,0
DA:907,0
DA:908,0
DA:910,0
DA:913,0
DA:920,0
DA:921,0
DA:922,0
DA:923,0
DA:925,0
DA:926,0
DA:927,0
DA:929,0
DA:932,0
DA:941,0
DA:942,0
DA:943,0
DA:944,0
DA:946,0
DA:949,0
DA:950,0
DA:959,2
DA:966,2
DA:971,2
DA:972,2
DA:973,2
DA:974,3
DA:975,3
DA:976,3
DA:977,3
DA:978,3
DA:979,3
DA:980,1
DA:981,0
DA:982,0
DA:985,0
DA:988,0
DA:990,1
DA:992,3
DA:995,3
DA:996,3
DA:997,1
DA:999,3
DA:1002,2
DA:1003,0
DA:1006,2
DA:1010,3
LF:309
LH:191
BRDA:15,0,0,3
BRDA:16,1,0,3
BRDA:17,2,0,3
BRDA:151,3,0,45
BRDA:186,4,0,2
BRDA:193,5,0,89
BRDA:193,5,1,24
BRDA:197,6,0,24
BRDA:197,6,1,15
BRDA:205,7,0,3
BRDA:205,7,1,2
BRDA:209,8,0,15
BRDA:212,9,0,1
BRDA:241,10,0,2310
BRDA:241,10,1,2289
BRDA:247,11,0,103
BRDA:250,12,0,15
BRDA:250,12,1,15
BRDA:284,13,0,4
BRDA:284,13,1,22
BRDA:286,14,0,2
BRDA:286,14,1,2
BRDA:299,15,0,4
BRDA:299,15,1,20
BRDA:301,16,0,2
BRDA:301,16,1,2
BRDA:325,17,0,11
BRDA:343,18,0,10
BRDA:345,19,0,0
BRDA:365,20,0,11
BRDA:383,21,0,10
BRDA:409,22,0,27
BRDA:409,22,1,60
BRDA:409,23,0,87
BRDA:409,23,1,86
BRDA:410,24,0,1
BRDA:410,24,1,26
BRDA:416,25,0,1
BRDA:416,25,1,26
BRDA:417,26,0,1
BRDA:417,26,1,0
BRDA:424,27,0,58
BRDA:424,27,1,2
BRDA:426,28,0,0
BRDA:426,28,1,58
BRDA:427,29,0,0
BRDA:427,29,1,0
BRDA:443,30,0,67
BRDA:443,30,1,20
BRDA:456,31,0,7
BRDA:456,31,1,15
BRDA:472,32,0,1
BRDA:473,33,0,86
BRDA:473,33,1,86
BRDA:473,33,2,85
BRDA:479,34,0,83
BRDA:481,35,0,58
BRDA:493,36,0,1
BRDA:494,37,0,60
BRDA:494,37,1,60
BRDA:494,37,2,59
BRDA:500,38,0,58
BRDA:502,39,0,0
BRDA:514,40,0,0
BRDA:515,41,0,87
BRDA:515,41,1,87
BRDA:515,41,2,87
BRDA:521,42,0,84
BRDA:523,43,0,20
BRDA:533,44,0,58
BRDA:533,44,1,0
BRDA:538,45,0,58
BRDA:561,46,0,0
BRDA:566,47,0,0
BRDA:573,48,0,0
BRDA:577,49,0,0
BRDA:577,49,1,0
BRDA:585,50,0,0
BRDA:663,51,0,5
BRDA:663,52,0,5
BRDA:663,53,0,8
BRDA:672,54,0,14
BRDA:672,54,1,0
BRDA:675,55,0,2
BRDA:676,56,0,2
BRDA:676,56,1,0
BRDA:679,57,0,14
BRDA:679,57,1,0
BRDA:690,58,0,14
BRDA:690,58,1,0
BRDA:696,59,0,1
BRDA:696,59,1,15
BRDA:707,60,0,7
BRDA:708,61,0,7
BRDA:708,61,1,0
BRDA:709,62,0,1
BRDA:712,63,0,6
BRDA:740,64,0,1
BRDA:740,65,0,1
BRDA:747,66,0,1
BRDA:747,67,0,1
BRDA:756,68,0,0
BRDA:756,69,0,0
BRDA:757,70,0,0
BRDA:757,70,1,0
BRDA:757,70,2,0
BRDA:759,71,0,0
BRDA:759,71,1,0
BRDA:760,72,0,0
BRDA:760,72,1,0
BRDA:760,73,0,0
BRDA:760,73,1,0
BRDA:773,74,0,0
BRDA:773,75,0,0
BRDA:774,76,0,0
BRDA:774,76,1,0
BRDA:774,76,2,0
BRDA:778,77,0,0
BRDA:778,77,1,0
BRDA:786,78,0,0
BRDA:799,79,0,0
BRDA:799,80,0,0
BRDA:800,81,0,0
BRDA:800,81,1,0
BRDA:800,81,2,0
BRDA:806,82,0,0
BRDA:826,83,0,0
BRDA:826,84,0,0
BRDA:827,85,0,0
BRDA:827,85,1,0
BRDA:827,85,2,0
BRDA:837,86,0,0
BRDA:837,86,1,0
BRDA:838,87,0,0
BRDA:838,87,1,0
BRDA:838,88,0,0
BRDA:838,88,1,0
BRDA:851,89,0,0
BRDA:851,90,0,0
BRDA:852,91,0,0
BRDA:852,91,1,0
BRDA:852,91,2,0
BRDA:856,92,0,0
BRDA:858,93,0,0
BRDA:858,94,0,0
BRDA:858,94,1,0
BRDA:862,95,0,0
BRDA:881,96,0,0
BRDA:881,97,0,0
BRDA:881,97,1,0
BRDA:887,98,0,0
BRDA:892,99,0,0
BRDA:892,99,1,0
BRDA:893,100,0,0
BRDA:893,100,1,0
BRDA:893,100,2,0
BRDA:902,101,0,0
BRDA:902,102,0,0
BRDA:902,102,1,0
BRDA:906,103,0,0
BRDA:919,104,0,0
BRDA:919,105,0,0
BRDA:920,106,0,0
BRDA:920,106,1,0
BRDA:920,106,2,0
BRDA:925,107,0,0
BRDA:940,108,0,0
BRDA:940,109,0,0
BRDA:941,110,0,0
BRDA:941,110,1,0
BRDA:942,111,0,0
BRDA:942,111,1,0
BRDA:943,112,0,0
BRDA:971,113,0,4
BRDA:971,113,1,2
BRDA:974,114,0,3
BRDA:974,114,1,2
BRDA:977,115,0,3
BRDA:977,115,1,0
BRDA:978,116,0,3
BRDA:978,116,1,0
BRDA:979,117,0,1
BRDA:980,118,0,0
BRDA:981,119,0,0
BRDA:996,120,0,1
BRDA:1002,121,0,0
BRF:186
BRH:90
end_of_record
TN:
SF:src\utils.ts
FN:9,(anonymous_0)
FN:10,(anonymous_1)
FN:21,(anonymous_2)
FN:44,(anonymous_3)
FNF:4
FNH:4
FNDA:47,(anonymous_0)
FNDA:135,(anonymous_1)
FNDA:5,(anonymous_2)
FNDA:39,(anonymous_3)
DA:9,6
DA:10,135
DA:11,47
DA:21,6
DA:22,5
DA:23,5
DA:24,5
DA:25,7
DA:26,7
DA:27,3
DA:29,7
DA:31,5
DA:44,6
DA:45,39
DA:46,39
DA:47,2
DA:49,37
DA:50,37
DA:51,33
DA:54,37
DA:55,12
DA:56,11
DA:59,1
DA:61,12
DA:64,25
DA:72,6
DA:75,19
DA:79,17
DA:80,2
DA:82,15
DA:83,2
DA:85,13
DA:86,8
DA:90,7
LF:34
LH:34
BRDA:10,0,0,129
BRDA:10,0,1,6
BRDA:11,1,0,6
BRDA:11,1,1,41
BRDA:26,2,0,3
BRDA:44,3,0,3
BRDA:44,4,0,32
BRDA:44,5,0,26
BRDA:46,6,0,2
BRDA:50,7,0,33
BRDA:54,8,0,12
BRDA:55,9,0,11
BRDA:55,9,1,1
BRDA:61,10,0,3
BRDA:61,10,1,9
BRDA:64,11,0,6
BRDA:65,12,0,25
BRDA:65,12,1,16
BRDA:65,12,2,18
BRDA:65,12,3,12
BRDA:75,13,0,17
BRDA:76,14,0,19
BRDA:76,14,1,17
BRDA:79,15,0,2
BRDA:79,16,0,17
BRDA:79,16,1,6
BRDA:82,17,0,2
BRDA:82,18,0,15
BRDA:82,18,1,6
BRDA:85,19,0,8
BRDA:85,20,0,13
BRDA:85,20,1,9
BRDA:90,21,0,3
BRDA:90,21,1,4
BRF:34
BRH:34
end_of_record
TN:
SF:src\default\conditions.ts
FN:54,(anonymous_0)
FN:107,(anonymous_1)
FNF:2
FNH:2
FNDA:2,(anonymous_0)
FNDA:2,(anonymous_1)
DA:2,4
DA:54,4
DA:55,2
DA:107,4
DA:108,2
LF:5
LH:5
BRF:0
BRH:0
end_of_record
TN:
SF:src\default\functions.ts
FN:33,(anonymous_0)
FN:62,(anonymous_1)
FN:91,(anonymous_2)
FNF:3
FNH:3
FNDA:1,(anonymous_0)
FNDA:1,(anonymous_1)
FNDA:1,(anonymous_2)
DA:3,4
DA:33,4
DA:34,1
DA:62,4
DA:63,1
DA:91,4
DA:92,1
DA:93,1
DA:94,1
LF:9
LH:9
BRDA:34,0,0,1
BRDA:34,0,1,1
BRDA:34,1,0,1
BRDA:34,1,1,1
BRDA:63,2,0,1
BRDA:63,2,1,1
BRDA:63,3,0,1
BRDA:63,3,1,1
BRDA:93,4,0,1
BRDA:93,5,0,1
BRDA:93,5,1,1
BRDA:93,5,2,1
BRF:12
BRH:12
end_of_record
TN:
SF:src\rng\predictable.ts
FN:14,(anonymous_0)
FN:21,(anonymous_1)
FN:25,(anonymous_2)
FN:41,(anonymous_3)
FN:50,(anonymous_4)
FN:55,(anonymous_5)
FN:60,(anonymous_6)
FN:65,(anonymous_7)
FNF:8
FNH:8
FNDA:59,(anonymous_0)
FNDA:1704,(anonymous_1)
FNDA:77,(anonymous_2)
FNDA:51,(anonymous_3)
FNDA:51,(anonymous_4)
FNDA:2,(anonymous_5)
FNDA:79,(anonymous_6)
FNDA:849,(anonymous_7)
DA:1,5
DA:11,5
DA:12,59
DA:13,59
DA:15,59
DA:16,59
DA:17,2
DA:22,1704
DA:26,77
DA:27,1
DA:29,76
DA:30,565
DA:31,1
DA:33,564
DA:34,2
DA:37,73
DA:38,73
DA:42,51
DA:43,51
DA:44,374
DA:46,51
DA:47,51
DA:51,51
DA:52,51
DA:56,2
DA:61,79
DA:62,79
DA:66,849
LF:28
LH:28
BRDA:16,0,0,2
BRDA:26,1,0,1
BRDA:30,2,0,1
BRDA:33,3,0,2
BRDA:56,4,0,2
BRDA:56,4,1,2
BRF:6
BRH:6
end_of_record
TN:
SF:src\table\pool.ts
FN:34,(anonymous_0)
FN:58,(anonymous_1)
FN:62,(anonymous_2)
FN:69,(anonymous_3)
FN:75,(anonymous_4)
FN:94,(anonymous_5)
FN:98,(anonymous_6)
FN:112,(anonymous_7)
FN:122,(anonymous_8)
FN:168,(anonymous_9)
FN:214,(anonymous_10)
FN:235,(anonymous_11)
FN:255,(anonymous_12)
FN:293,(anonymous_13)
FNF:14
FNH:14
FNDA:106,(anonymous_0)
FNDA:1256,(anonymous_1)
FNDA:1259,(anonymous_2)
FNDA:145,(anonymous_3)
FNDA:185,(anonymous_4)
FNDA:20,(anonymous_5)
FNDA:383,(anonymous_6)
FNDA:864,(anonymous_7)
FNDA:201,(anonymous_8)
FNDA:182,(anonymous_9)
FNDA:197,(anonymous_10)
FNDA:178,(anonymous_11)
FNDA:205,(anonymous_12)
FNDA:187,(anonymous_13)
DA:1,5
DA:2,5
DA:3,5
DA:4,5
DA:5,5
DA:6,5
DA:19,5
DA:22,106
DA:23,106
DA:24,106
DA:25,106
DA:26,106
DA:27,106
DA:29,5
DA:44,106
DA:45,106
DA:46,106
DA:47,106
DA:48,106
DA:49,106
DA:50,106
DA:51,106
DA:52,106
DA:53,181
DA:59,1256
DA:63,1259
DA:64,2
DA:66,1257
DA:70,145
DA:71,145
DA:72,145
DA:76,185
DA:77,20
DA:86,185
DA:87,44
DA:89,141
DA:91,185
DA:95,20
DA:99,383
DA:101,383
DA:104,383
DA:107,383
DA:108,24
DA:112,383
DA:113,864
DA:114,12
DA:116,852
DA:119,383
DA:135,201
DA:136,201
DA:138,201
DA:140,219
DA:143,219
DA:144,213
DA:145,213
DA:147,2
DA:148,211
DA:150,211
DA:151,211
DA:152,207
DA:153,207
DA:154,1
DA:158,6
DA:163,197
DA:164,197
DA:165,197
DA:181,182
DA:182,182
DA:184,182
DA:186,200
DA:189,200
DA:190,194
DA:191,194
DA:193,2
DA:194,192
DA:196,192
DA:197,192
DA:198,188
DA:199,188
DA:200,1
DA:204,6
DA:209,178
DA:210,178
DA:211,178
DA:228,197
DA:229,197
DA:230,205
DA:232,197
DA:249,178
DA:250,187
DA:252,178
DA:268,205
DA:269,6
DA:271,205
DA:272,205
DA:273,24
DA:274,24
DA:275,24
DA:276,24
DA:277,9
DA:278,9
DA:281,205
DA:282,205
DA:283,196
DA:284,184
DA:286,12
DA:287,12
DA:306,187
DA:307,6
DA:309,187
DA:310,187
DA:311,24
DA:312,24
DA:313,24
DA:314,24
DA:315,9
DA:316,9
DA:319,187
DA:320,187
DA:321,178
DA:322,166
DA:324,12
DA:325,12
LF:123
LH:123
BRDA:34,0,0,3
BRDA:37,1,0,97
BRDA:38,2,0,101
BRDA:39,3,0,38
BRDA:40,4,0,38
BRDA:41,5,0,10
BRDA:45,6,0,106
BRDA:45,6,1,0
BRDA:46,7,0,106
BRDA:46,7,1,0
BRDA:49,8,0,106
BRDA:49,8,1,70
BRDA:51,9,0,106
BRDA:63,10,0,2
BRDA:70,11,0,145
BRDA:70,11,1,142
BRDA:76,12,0,20
BRDA:78,13,0,20
BRDA:78,13,1,20
BRDA:79,14,0,20
BRDA:79,14,1,20
BRDA:86,15,0,44
BRDA:86,15,1,141
BRDA:107,16,0,24
BRDA:113,17,0,12
BRDA:113,17,1,852
BRDA:116,18,0,852
BRDA:116,18,1,0
BRDA:127,19,0,0
BRDA:143,20,0,213
BRDA:143,20,1,6
BRDA:145,21,0,2
BRDA:145,21,1,211
BRDA:148,22,0,211
BRDA:153,23,0,1
BRDA:173,24,0,0
BRDA:189,25,0,194
BRDA:189,25,1,6
BRDA:191,26,0,2
BRDA:191,26,1,192
BRDA:194,27,0,192
BRDA:199,28,0,1
BRDA:220,29,0,0
BRDA:241,30,0,0
BRDA:260,31,0,0
BRDA:275,32,0,24
BRDA:275,32,1,24
BRDA:276,33,0,9
BRDA:282,34,0,196
BRDA:282,35,0,205
BRDA:282,35,1,196
BRDA:283,36,0,184
BRDA:283,36,1,12
BRDA:298,37,0,0
BRDA:313,38,0,24
BRDA:313,38,1,24
BRDA:314,39,0,9
BRDA:320,40,0,178
BRDA:320,41,0,187
BRDA:320,41,1,178
BRDA:321,42,0,166
BRDA:321,42,1,12
BRF:62
BRH:53
end_of_record
TN:
SF:src\table\pool\entry.ts
FN:42,(anonymous_0)
FN:64,(anonymous_1)
FN:68,(anonymous_2)
FN:75,(anonymous_3)
FN:79,(anonymous_4)
FN:85,(anonymous_5)
FN:103,(anonymous_6)
FN:107,(anonymous_7)
FN:118,(anonymous_8)
FN:123,(anonymous_9)
FN:143,(anonymous_10)
FN:161,(anonymous_11)
FN:181,(anonymous_12)
FN:201,(anonymous_13)
FN:237,(anonymous_14)
FN:257,(anonymous_15)
FN:275,(anonymous_16)
FN:295,(anonymous_17)
FN:315,(anonymous_18)
FNF:19
FNH:19
FNDA:197,(anonymous_0)
FNDA:723,(anonymous_1)
FNDA:726,(anonymous_2)
FNDA:599,(anonymous_3)
FNDA:1,(anonymous_4)
FNDA:307,(anonymous_5)
FNDA:403,(anonymous_6)
FNDA:307,(anonymous_7)
FNDA:307,(anonymous_8)
FNDA:211,(anonymous_9)
FNDA:161,(anonymous_10)
FNDA:50,(anonymous_11)
FNDA:209,(anonymous_12)
FNDA:209,(anonymous_13)
FNDA:192,(anonymous_14)
FNDA:142,(anonymous_15)
FNDA:50,(anonymous_16)
FNDA:190,(anonymous_17)
FNDA:190,(anonymous_18)
DA:1,5
DA:2,5
DA:4,5
DA:5,5
DA:28,5
DA:30,197
DA:31,197
DA:33,197
DA:35,197
DA:53,197
DA:54,197
DA:55,197
DA:56,197
DA:57,197
DA:58,197
DA:59,197
DA:60,197
DA:61,197
DA:65,723
DA:69,726
DA:70,523
DA:72,203
DA:76,599
DA:82,1
DA:86,307
DA:87,0
DA:89,307
DA:90,2
DA:91,1
DA:97,1
DA:99,305
DA:104,403
DA:108,307
DA:115,307
DA:119,307
DA:120,307
DA:136,211
DA:137,50
DA:139,161
DA:156,161
DA:157,161
DA:158,159
DA:175,50
DA:176,48
DA:177,48
DA:178,48
DA:195,209
DA:196,209
DA:198,207
DA:214,209
DA:215,22
DA:217,208
DA:218,208
DA:219,39
DA:220,38
DA:221,13
DA:222,13
DA:225,207
DA:226,207
DA:227,194
DA:228,185
DA:230,9
DA:231,18
DA:250,192
DA:251,50
DA:253,142
DA:270,142
DA:271,142
DA:272,140
DA:289,50
DA:290,48
DA:291,48
DA:292,48
DA:309,190
DA:310,190
DA:312,188
DA:328,190
DA:329,14
DA:331,189
DA:332,189
DA:333,37
DA:334,36
DA:335,12
DA:336,12
DA:339,188
DA:340,188
DA:341,176
DA:342,167
DA:344,9
DA:345,18
LF:90
LH:89
BRDA:42,0,0,0
BRDA:44,1,0,188
BRDA:45,2,0,193
BRDA:47,3,0,66
BRDA:49,4,0,173
BRDA:50,5,0,156
BRDA:51,6,0,169
BRDA:60,7,0,197
BRDA:60,7,1,0
BRDA:61,8,0,197
BRDA:61,8,1,0
BRDA:69,9,0,523
BRDA:76,10,0,599
BRDA:76,10,1,303
BRDA:86,11,0,0
BRDA:89,12,0,2
BRDA:89,12,1,305
BRDA:90,13,0,1
BRDA:128,14,0,211
BRDA:136,15,0,50
BRDA:136,15,1,161
BRDA:148,16,0,0
BRDA:166,17,0,0
BRDA:187,18,0,0
BRDA:206,19,0,0
BRDA:219,20,0,39
BRDA:219,20,1,39
BRDA:220,21,0,13
BRDA:226,22,0,194
BRDA:226,23,0,207
BRDA:226,23,1,194
BRDA:227,24,0,185
BRDA:227,24,1,9
BRDA:242,25,0,192
BRDA:250,26,0,50
BRDA:250,26,1,142
BRDA:262,27,0,0
BRDA:280,28,0,0
BRDA:301,29,0,0
BRDA:320,30,0,0
BRDA:333,31,0,37
BRDA:333,31,1,37
BRDA:334,32,0,12
BRDA:340,33,0,176
BRDA:340,34,0,188
BRDA:340,34,1,176
BRDA:341,35,0,167
BRDA:341,35,1,9
BRDA:341,36,0,176
BRDA:341,36,1,9
BRF:50
BRH:38
end_of_record
TN:
SF:src\table\pool\entry\result.ts
FN:7,(anonymous_0)
FN:27,(anonymous_1)
FN:31,(anonymous_2)
FN:38,(anonymous_3)
FN:42,(anonymous_4)
FN:46,(anonymous_5)
FNF:6
FNH:6
FNDA:390,(anonymous_0)
FNDA:1,(anonymous_1)
FNDA:3,(anonymous_2)
FNDA:1,(anonymous_3)
FNDA:1,(anonymous_4)
FNDA:20,(anonymous_5)
DA:1,5
DA:3,390
DA:20,390
DA:21,390
DA:22,390
DA:23,390
DA:24,390
DA:28,1
DA:32,3
DA:33,2
DA:35,1
DA:39,1
DA:43,1
DA:47,20
LF:14
LH:14
BRDA:7,0,0,0
BRDA:9,1,0,15
BRDA:32,2,0,2
BRF:3
BRH:2
end_of_record
TN:
SF:src\table\pool\entry\results.ts
FN:4,(anonymous_0)
FN:11,(anonymous_1)
FN:18,(anonymous_2)
FN:22,(anonymous_3)
FN:32,(anonymous_4)
FNF:5
FNH:5
FNDA:1159,(anonymous_0)
FNDA:399,(anonymous_1)
FNDA:1,(anonymous_2)
FNDA:30,(anonymous_3)
FNDA:4,(anonymous_4)
DA:3,5
DA:5,1159
DA:6,842
DA:7,842
DA:8,1159
DA:12,399
DA:13,392
DA:15,399
DA:19,1
DA:23,30
DA:24,30
DA:25,150
DA:26,120
DA:29,30
DA:33,4
DA:34,4
DA:35,4
DA:36,34
DA:37,30
DA:38,30
DA:39,10
DA:41,20
DA:44,4
DA:47,4
LF:24
LH:24
BRDA:5,0,0,317
BRDA:5,0,1,842
BRDA:6,1,0,0
BRDA:6,1,1,842
BRDA:25,2,0,120
BRDA:36,3,0,30
BRDA:36,3,1,4
BRDA:38,4,0,10
BRDA:38,4,1,20
BRF:9
BRH:8
end_of_record
